2024-12-12T07:28:54.454+10:00 DEBUG 19343 --- [RecordsManagement] [restartedMain] com.zaxxer.hikari.HikariConfig           : Driver class org.h2.Driver found in Thread context class loader org.springframework.boot.devtools.restart.classloader.RestartClassLoader@64db0cdd
2024-12-12T07:28:54.929+10:00 DEBUG 19343 --- [RecordsManagement] [restartedMain] com.zaxxer.hikari.HikariConfig           : HikariPool-1 - configuration:
2024-12-12T07:28:54.934+10:00 DEBUG 19343 --- [RecordsManagement] [restartedMain] com.zaxxer.hikari.HikariConfig           : allowPoolSuspension.............false
2024-12-12T07:28:54.935+10:00 DEBUG 19343 --- [RecordsManagement] [restartedMain] com.zaxxer.hikari.HikariConfig           : autoCommit......................true
2024-12-12T07:28:54.935+10:00 DEBUG 19343 --- [RecordsManagement] [restartedMain] com.zaxxer.hikari.HikariConfig           : catalog.........................none
2024-12-12T07:28:54.935+10:00 DEBUG 19343 --- [RecordsManagement] [restartedMain] com.zaxxer.hikari.HikariConfig           : connectionInitSql...............none
2024-12-12T07:28:54.936+10:00 DEBUG 19343 --- [RecordsManagement] [restartedMain] com.zaxxer.hikari.HikariConfig           : connectionTestQuery.............none
2024-12-12T07:28:54.937+10:00 DEBUG 19343 --- [RecordsManagement] [restartedMain] com.zaxxer.hikari.HikariConfig           : connectionTimeout...............30000
2024-12-12T07:28:54.937+10:00 DEBUG 19343 --- [RecordsManagement] [restartedMain] com.zaxxer.hikari.HikariConfig           : dataSource......................none
2024-12-12T07:28:54.937+10:00 DEBUG 19343 --- [RecordsManagement] [restartedMain] com.zaxxer.hikari.HikariConfig           : dataSourceClassName.............none
2024-12-12T07:28:54.937+10:00 DEBUG 19343 --- [RecordsManagement] [restartedMain] com.zaxxer.hikari.HikariConfig           : dataSourceJNDI..................none
2024-12-12T07:28:54.938+10:00 DEBUG 19343 --- [RecordsManagement] [restartedMain] com.zaxxer.hikari.HikariConfig           : dataSourceProperties............{password=<masked>}
2024-12-12T07:28:54.938+10:00 DEBUG 19343 --- [RecordsManagement] [restartedMain] com.zaxxer.hikari.HikariConfig           : driverClassName................."org.h2.Driver"
2024-12-12T07:28:54.938+10:00 DEBUG 19343 --- [RecordsManagement] [restartedMain] com.zaxxer.hikari.HikariConfig           : exceptionOverrideClassName......none
2024-12-12T07:28:54.939+10:00 DEBUG 19343 --- [RecordsManagement] [restartedMain] com.zaxxer.hikari.HikariConfig           : healthCheckProperties...........{}
2024-12-12T07:28:54.939+10:00 DEBUG 19343 --- [RecordsManagement] [restartedMain] com.zaxxer.hikari.HikariConfig           : healthCheckRegistry.............none
2024-12-12T07:28:54.939+10:00 DEBUG 19343 --- [RecordsManagement] [restartedMain] com.zaxxer.hikari.HikariConfig           : idleTimeout.....................600000
2024-12-12T07:28:54.940+10:00 DEBUG 19343 --- [RecordsManagement] [restartedMain] com.zaxxer.hikari.HikariConfig           : initializationFailTimeout.......1
2024-12-12T07:28:54.940+10:00 DEBUG 19343 --- [RecordsManagement] [restartedMain] com.zaxxer.hikari.HikariConfig           : isolateInternalQueries..........false
2024-12-12T07:28:54.940+10:00 DEBUG 19343 --- [RecordsManagement] [restartedMain] com.zaxxer.hikari.HikariConfig           : jdbcUrl.........................jdbc:h2:mem:records-management
2024-12-12T07:28:54.940+10:00 DEBUG 19343 --- [RecordsManagement] [restartedMain] com.zaxxer.hikari.HikariConfig           : keepaliveTime...................0
2024-12-12T07:28:54.941+10:00 DEBUG 19343 --- [RecordsManagement] [restartedMain] com.zaxxer.hikari.HikariConfig           : leakDetectionThreshold..........0
2024-12-12T07:28:54.941+10:00 DEBUG 19343 --- [RecordsManagement] [restartedMain] com.zaxxer.hikari.HikariConfig           : maxLifetime.....................1800000
2024-12-12T07:28:54.941+10:00 DEBUG 19343 --- [RecordsManagement] [restartedMain] com.zaxxer.hikari.HikariConfig           : maximumPoolSize.................10
2024-12-12T07:28:54.941+10:00 DEBUG 19343 --- [RecordsManagement] [restartedMain] com.zaxxer.hikari.HikariConfig           : metricRegistry..................none
2024-12-12T07:28:54.941+10:00 DEBUG 19343 --- [RecordsManagement] [restartedMain] com.zaxxer.hikari.HikariConfig           : metricsTrackerFactory...........none
2024-12-12T07:28:54.941+10:00 DEBUG 19343 --- [RecordsManagement] [restartedMain] com.zaxxer.hikari.HikariConfig           : minimumIdle.....................10
2024-12-12T07:28:54.942+10:00 DEBUG 19343 --- [RecordsManagement] [restartedMain] com.zaxxer.hikari.HikariConfig           : password........................<masked>
2024-12-12T07:28:54.942+10:00 DEBUG 19343 --- [RecordsManagement] [restartedMain] com.zaxxer.hikari.HikariConfig           : poolName........................"HikariPool-1"
2024-12-12T07:28:54.942+10:00 DEBUG 19343 --- [RecordsManagement] [restartedMain] com.zaxxer.hikari.HikariConfig           : readOnly........................false
2024-12-12T07:28:54.942+10:00 DEBUG 19343 --- [RecordsManagement] [restartedMain] com.zaxxer.hikari.HikariConfig           : registerMbeans..................false
2024-12-12T07:28:54.942+10:00 DEBUG 19343 --- [RecordsManagement] [restartedMain] com.zaxxer.hikari.HikariConfig           : scheduledExecutor...............none
2024-12-12T07:28:54.943+10:00 DEBUG 19343 --- [RecordsManagement] [restartedMain] com.zaxxer.hikari.HikariConfig           : schema..........................none
2024-12-12T07:28:54.943+10:00 DEBUG 19343 --- [RecordsManagement] [restartedMain] com.zaxxer.hikari.HikariConfig           : threadFactory...................internal
2024-12-12T07:28:54.943+10:00 DEBUG 19343 --- [RecordsManagement] [restartedMain] com.zaxxer.hikari.HikariConfig           : transactionIsolation............default
2024-12-12T07:28:54.943+10:00 DEBUG 19343 --- [RecordsManagement] [restartedMain] com.zaxxer.hikari.HikariConfig           : username........................"sa"
2024-12-12T07:28:54.944+10:00 DEBUG 19343 --- [RecordsManagement] [restartedMain] com.zaxxer.hikari.HikariConfig           : validationTimeout...............5000
2024-12-12T07:28:56.517+10:00  WARN 19343 --- [RecordsManagement] [restartedMain] JpaBaseConfiguration$JpaWebConfiguration : spring.jpa.open-in-view is enabled by default. Therefore, database queries may be performed during view rendering. Explicitly configure spring.jpa.open-in-view to disable this warning
2024-12-12T07:29:27.798+10:00  INFO 19343 --- [RecordsManagement] [http-nio-8080-exec-1] o.s.web.servlet.DispatcherServlet        : Initializing Servlet 'dispatcherServlet'
2024-12-12T07:29:27.800+10:00  INFO 19343 --- [RecordsManagement] [http-nio-8080-exec-1] o.s.web.servlet.DispatcherServlet        : Completed initialization in 1 ms
2024-12-12T07:29:42.453+10:00  INFO 19343 --- [RecordsManagement] [http-nio-8080-exec-9] c.m.r.controller.DashboardController     : getDashboard(...)
2024-12-12T07:29:42.453+10:00  INFO 19343 --- [RecordsManagement] [http-nio-8080-exec-9] c.m.r.controller.DashboardController     : getDashboard(...) - optionalUser is Present
2024-12-12T07:29:43.056+10:00  INFO 19343 --- [RecordsManagement] [http-nio-8080-exec-6] c.m.r.controller.PersonController        : getPersonDetails(...)
2024-12-12T07:29:43.060+10:00 DEBUG 19343 --- [RecordsManagement] [http-nio-8080-exec-6] o.s.jdbc.datasource.DataSourceUtils      : Setting JDBC Connection [HikariProxyConnection@1329023751 wrapping conn0: url=jdbc:h2:mem:records-management user=SA] read-only
2024-12-12T07:29:43.063+10:00 DEBUG 19343 --- [RecordsManagement] [http-nio-8080-exec-6] o.s.jdbc.datasource.DataSourceUtils      : Resetting read-only flag of JDBC Connection [HikariProxyConnection@1329023751 wrapping conn0: url=jdbc:h2:mem:records-management user=SA]
2024-12-12T07:29:43.553+10:00  INFO 19343 --- [RecordsManagement] [http-nio-8080-exec-7] c.m.r.controller.StudentController       : getStudentsByPersonId(...)
2024-12-12T07:29:44.785+10:00  INFO 19343 --- [RecordsManagement] [http-nio-8080-exec-8] c.m.r.controller.PersonController        : viewPersonFullDetails(...) - Loading full details view for person ID: 1
2024-12-12T07:29:44.786+10:00 DEBUG 19343 --- [RecordsManagement] [http-nio-8080-exec-8] o.s.jdbc.datasource.DataSourceUtils      : Setting JDBC Connection [HikariProxyConnection@1188963766 wrapping conn0: url=jdbc:h2:mem:records-management user=SA] read-only
2024-12-12T07:29:44.787+10:00 DEBUG 19343 --- [RecordsManagement] [http-nio-8080-exec-8] o.s.jdbc.datasource.DataSourceUtils      : Resetting read-only flag of JDBC Connection [HikariProxyConnection@1188963766 wrapping conn0: url=jdbc:h2:mem:records-management user=SA]
2024-12-12T07:29:50.428+10:00  INFO 19343 --- [RecordsManagement] [http-nio-8080-exec-6] c.m.r.controller.PersonController        : Saving phone for personId: 1, phoneId: null
2024-12-12T07:29:50.428+10:00 DEBUG 19343 --- [RecordsManagement] [http-nio-8080-exec-6] o.s.jdbc.datasource.DataSourceUtils      : Setting JDBC Connection [HikariProxyConnection@2050086598 wrapping conn0: url=jdbc:h2:mem:records-management user=SA] read-only
2024-12-12T07:29:50.430+10:00 DEBUG 19343 --- [RecordsManagement] [http-nio-8080-exec-6] o.s.jdbc.datasource.DataSourceUtils      : Resetting read-only flag of JDBC Connection [HikariProxyConnection@2050086598 wrapping conn0: url=jdbc:h2:mem:records-management user=SA]
2024-12-12T07:29:50.430+10:00  INFO 19343 --- [RecordsManagement] [http-nio-8080-exec-6] c.m.r.controller.PersonController        : Phone number is blank
2024-12-12T07:29:54.409+10:00  INFO 19343 --- [RecordsManagement] [http-nio-8080-exec-7] c.m.r.controller.PersonController        : Saving phone for personId: 1, phoneId: null
2024-12-12T07:29:54.410+10:00 DEBUG 19343 --- [RecordsManagement] [http-nio-8080-exec-7] o.s.jdbc.datasource.DataSourceUtils      : Setting JDBC Connection [HikariProxyConnection@152528185 wrapping conn0: url=jdbc:h2:mem:records-management user=SA] read-only
2024-12-12T07:29:54.411+10:00 DEBUG 19343 --- [RecordsManagement] [http-nio-8080-exec-7] o.s.jdbc.datasource.DataSourceUtils      : Resetting read-only flag of JDBC Connection [HikariProxyConnection@152528185 wrapping conn0: url=jdbc:h2:mem:records-management user=SA]
2024-12-12T07:30:05.545+10:00 DEBUG 19343 --- [RecordsManagement] [http-nio-8080-exec-8] o.s.jdbc.datasource.DataSourceUtils      : Setting JDBC Connection [HikariProxyConnection@1629927586 wrapping conn0: url=jdbc:h2:mem:records-management user=SA] read-only
2024-12-12T07:30:05.547+10:00 DEBUG 19343 --- [RecordsManagement] [http-nio-8080-exec-8] o.s.jdbc.datasource.DataSourceUtils      : Resetting read-only flag of JDBC Connection [HikariProxyConnection@1629927586 wrapping conn0: url=jdbc:h2:mem:records-management user=SA]
2024-12-12T07:30:07.173+10:00  INFO 19343 --- [RecordsManagement] [http-nio-8080-exec-1] c.m.r.controller.PersonController        : Saving phone for personId: 1, phoneId: 1
2024-12-12T07:30:07.173+10:00 DEBUG 19343 --- [RecordsManagement] [http-nio-8080-exec-1] o.s.jdbc.datasource.DataSourceUtils      : Setting JDBC Connection [HikariProxyConnection@1111935665 wrapping conn0: url=jdbc:h2:mem:records-management user=SA] read-only
2024-12-12T07:30:07.174+10:00 DEBUG 19343 --- [RecordsManagement] [http-nio-8080-exec-1] o.s.jdbc.datasource.DataSourceUtils      : Resetting read-only flag of JDBC Connection [HikariProxyConnection@1111935665 wrapping conn0: url=jdbc:h2:mem:records-management user=SA]
2024-12-12T07:30:07.175+10:00  INFO 19343 --- [RecordsManagement] [http-nio-8080-exec-1] c.m.r.controller.PersonController        : Duplicate phone number detected
2024-12-12T07:30:08.718+10:00  INFO 19343 --- [RecordsManagement] [http-nio-8080-exec-2] c.m.r.controller.PersonController        : viewPersonFullDetails(...) - Loading full details view for person ID: 1
2024-12-12T07:30:08.718+10:00 DEBUG 19343 --- [RecordsManagement] [http-nio-8080-exec-2] o.s.jdbc.datasource.DataSourceUtils      : Setting JDBC Connection [HikariProxyConnection@912764857 wrapping conn0: url=jdbc:h2:mem:records-management user=SA] read-only
2024-12-12T07:30:08.719+10:00 DEBUG 19343 --- [RecordsManagement] [http-nio-8080-exec-2] o.s.jdbc.datasource.DataSourceUtils      : Resetting read-only flag of JDBC Connection [HikariProxyConnection@912764857 wrapping conn0: url=jdbc:h2:mem:records-management user=SA]
2024-12-12T08:28:13.665+10:00  WARN 19343 --- [RecordsManagement] [SpringApplicationShutdownHook] o.s.b.f.support.DisposableBeanAdapter    : Invocation of destroy method failed on bean with name 'inMemoryDatabaseShutdownExecutor': org.h2.jdbc.JdbcSQLNonTransientConnectionException: Database is already closed (to disable automatic closing at VM shutdown, add ";DB_CLOSE_ON_EXIT=FALSE" to the db URL) [90121-224]
2024-12-12T10:40:19.764+10:00 DEBUG 5920 --- [RecordsManagement] [main] com.zaxxer.hikari.HikariConfig           : Driver class org.h2.Driver found in Thread context class loader jdk.internal.loader.ClassLoaders$AppClassLoader@43e45247
2024-12-12T10:40:20.225+10:00 DEBUG 5920 --- [RecordsManagement] [main] com.zaxxer.hikari.HikariConfig           : HikariPool-1 - configuration:
2024-12-12T10:40:20.229+10:00 DEBUG 5920 --- [RecordsManagement] [main] com.zaxxer.hikari.HikariConfig           : allowPoolSuspension.............false
2024-12-12T10:40:20.229+10:00 DEBUG 5920 --- [RecordsManagement] [main] com.zaxxer.hikari.HikariConfig           : autoCommit......................true
2024-12-12T10:40:20.229+10:00 DEBUG 5920 --- [RecordsManagement] [main] com.zaxxer.hikari.HikariConfig           : catalog.........................none
2024-12-12T10:40:20.230+10:00 DEBUG 5920 --- [RecordsManagement] [main] com.zaxxer.hikari.HikariConfig           : connectionInitSql...............none
2024-12-12T10:40:20.230+10:00 DEBUG 5920 --- [RecordsManagement] [main] com.zaxxer.hikari.HikariConfig           : connectionTestQuery.............none
2024-12-12T10:40:20.231+10:00 DEBUG 5920 --- [RecordsManagement] [main] com.zaxxer.hikari.HikariConfig           : connectionTimeout...............30000
2024-12-12T10:40:20.231+10:00 DEBUG 5920 --- [RecordsManagement] [main] com.zaxxer.hikari.HikariConfig           : dataSource......................none
2024-12-12T10:40:20.232+10:00 DEBUG 5920 --- [RecordsManagement] [main] com.zaxxer.hikari.HikariConfig           : dataSourceClassName.............none
2024-12-12T10:40:20.232+10:00 DEBUG 5920 --- [RecordsManagement] [main] com.zaxxer.hikari.HikariConfig           : dataSourceJNDI..................none
2024-12-12T10:40:20.232+10:00 DEBUG 5920 --- [RecordsManagement] [main] com.zaxxer.hikari.HikariConfig           : dataSourceProperties............{password=<masked>}
2024-12-12T10:40:20.233+10:00 DEBUG 5920 --- [RecordsManagement] [main] com.zaxxer.hikari.HikariConfig           : driverClassName................."org.h2.Driver"
2024-12-12T10:40:20.233+10:00 DEBUG 5920 --- [RecordsManagement] [main] com.zaxxer.hikari.HikariConfig           : exceptionOverrideClassName......none
2024-12-12T10:40:20.233+10:00 DEBUG 5920 --- [RecordsManagement] [main] com.zaxxer.hikari.HikariConfig           : healthCheckProperties...........{}
2024-12-12T10:40:20.233+10:00 DEBUG 5920 --- [RecordsManagement] [main] com.zaxxer.hikari.HikariConfig           : healthCheckRegistry.............none
2024-12-12T10:40:20.234+10:00 DEBUG 5920 --- [RecordsManagement] [main] com.zaxxer.hikari.HikariConfig           : idleTimeout.....................600000
2024-12-12T10:40:20.234+10:00 DEBUG 5920 --- [RecordsManagement] [main] com.zaxxer.hikari.HikariConfig           : initializationFailTimeout.......1
2024-12-12T10:40:20.235+10:00 DEBUG 5920 --- [RecordsManagement] [main] com.zaxxer.hikari.HikariConfig           : isolateInternalQueries..........false
2024-12-12T10:40:20.235+10:00 DEBUG 5920 --- [RecordsManagement] [main] com.zaxxer.hikari.HikariConfig           : jdbcUrl.........................jdbc:h2:mem:records-management
2024-12-12T10:40:20.235+10:00 DEBUG 5920 --- [RecordsManagement] [main] com.zaxxer.hikari.HikariConfig           : keepaliveTime...................0
2024-12-12T10:40:20.235+10:00 DEBUG 5920 --- [RecordsManagement] [main] com.zaxxer.hikari.HikariConfig           : leakDetectionThreshold..........0
2024-12-12T10:40:20.236+10:00 DEBUG 5920 --- [RecordsManagement] [main] com.zaxxer.hikari.HikariConfig           : maxLifetime.....................1800000
2024-12-12T10:40:20.236+10:00 DEBUG 5920 --- [RecordsManagement] [main] com.zaxxer.hikari.HikariConfig           : maximumPoolSize.................10
2024-12-12T10:40:20.236+10:00 DEBUG 5920 --- [RecordsManagement] [main] com.zaxxer.hikari.HikariConfig           : metricRegistry..................none
2024-12-12T10:40:20.236+10:00 DEBUG 5920 --- [RecordsManagement] [main] com.zaxxer.hikari.HikariConfig           : metricsTrackerFactory...........none
2024-12-12T10:40:20.237+10:00 DEBUG 5920 --- [RecordsManagement] [main] com.zaxxer.hikari.HikariConfig           : minimumIdle.....................10
2024-12-12T10:40:20.237+10:00 DEBUG 5920 --- [RecordsManagement] [main] com.zaxxer.hikari.HikariConfig           : password........................<masked>
2024-12-12T10:40:20.237+10:00 DEBUG 5920 --- [RecordsManagement] [main] com.zaxxer.hikari.HikariConfig           : poolName........................"HikariPool-1"
2024-12-12T10:40:20.237+10:00 DEBUG 5920 --- [RecordsManagement] [main] com.zaxxer.hikari.HikariConfig           : readOnly........................false
2024-12-12T10:40:20.238+10:00 DEBUG 5920 --- [RecordsManagement] [main] com.zaxxer.hikari.HikariConfig           : registerMbeans..................false
2024-12-12T10:40:20.238+10:00 DEBUG 5920 --- [RecordsManagement] [main] com.zaxxer.hikari.HikariConfig           : scheduledExecutor...............none
2024-12-12T10:40:20.239+10:00 DEBUG 5920 --- [RecordsManagement] [main] com.zaxxer.hikari.HikariConfig           : schema..........................none
2024-12-12T10:40:20.239+10:00 DEBUG 5920 --- [RecordsManagement] [main] com.zaxxer.hikari.HikariConfig           : threadFactory...................internal
2024-12-12T10:40:20.239+10:00 DEBUG 5920 --- [RecordsManagement] [main] com.zaxxer.hikari.HikariConfig           : transactionIsolation............default
2024-12-12T10:40:20.239+10:00 DEBUG 5920 --- [RecordsManagement] [main] com.zaxxer.hikari.HikariConfig           : username........................"sa"
2024-12-12T10:40:20.240+10:00 DEBUG 5920 --- [RecordsManagement] [main] com.zaxxer.hikari.HikariConfig           : validationTimeout...............5000
2024-12-12T10:40:21.791+10:00  WARN 5920 --- [RecordsManagement] [main] JpaBaseConfiguration$JpaWebConfiguration : spring.jpa.open-in-view is enabled by default. Therefore, database queries may be performed during view rendering. Explicitly configure spring.jpa.open-in-view to disable this warning
2024-12-12T10:40:31.778+10:00 DEBUG 5947 --- [RecordsManagement] [restartedMain] com.zaxxer.hikari.HikariConfig           : Driver class org.h2.Driver found in Thread context class loader org.springframework.boot.devtools.restart.classloader.RestartClassLoader@3ab4fe5f
2024-12-12T10:40:32.294+10:00 DEBUG 5947 --- [RecordsManagement] [restartedMain] com.zaxxer.hikari.HikariConfig           : HikariPool-1 - configuration:
2024-12-12T10:40:32.298+10:00 DEBUG 5947 --- [RecordsManagement] [restartedMain] com.zaxxer.hikari.HikariConfig           : allowPoolSuspension.............false
2024-12-12T10:40:32.299+10:00 DEBUG 5947 --- [RecordsManagement] [restartedMain] com.zaxxer.hikari.HikariConfig           : autoCommit......................true
2024-12-12T10:40:32.299+10:00 DEBUG 5947 --- [RecordsManagement] [restartedMain] com.zaxxer.hikari.HikariConfig           : catalog.........................none
2024-12-12T10:40:32.299+10:00 DEBUG 5947 --- [RecordsManagement] [restartedMain] com.zaxxer.hikari.HikariConfig           : connectionInitSql...............none
2024-12-12T10:40:32.299+10:00 DEBUG 5947 --- [RecordsManagement] [restartedMain] com.zaxxer.hikari.HikariConfig           : connectionTestQuery.............none
2024-12-12T10:40:32.300+10:00 DEBUG 5947 --- [RecordsManagement] [restartedMain] com.zaxxer.hikari.HikariConfig           : connectionTimeout...............30000
2024-12-12T10:40:32.300+10:00 DEBUG 5947 --- [RecordsManagement] [restartedMain] com.zaxxer.hikari.HikariConfig           : dataSource......................none
2024-12-12T10:40:32.300+10:00 DEBUG 5947 --- [RecordsManagement] [restartedMain] com.zaxxer.hikari.HikariConfig           : dataSourceClassName.............none
2024-12-12T10:40:32.301+10:00 DEBUG 5947 --- [RecordsManagement] [restartedMain] com.zaxxer.hikari.HikariConfig           : dataSourceJNDI..................none
2024-12-12T10:40:32.301+10:00 DEBUG 5947 --- [RecordsManagement] [restartedMain] com.zaxxer.hikari.HikariConfig           : dataSourceProperties............{password=<masked>}
2024-12-12T10:40:32.301+10:00 DEBUG 5947 --- [RecordsManagement] [restartedMain] com.zaxxer.hikari.HikariConfig           : driverClassName................."org.h2.Driver"
2024-12-12T10:40:32.301+10:00 DEBUG 5947 --- [RecordsManagement] [restartedMain] com.zaxxer.hikari.HikariConfig           : exceptionOverrideClassName......none
2024-12-12T10:40:32.302+10:00 DEBUG 5947 --- [RecordsManagement] [restartedMain] com.zaxxer.hikari.HikariConfig           : healthCheckProperties...........{}
2024-12-12T10:40:32.302+10:00 DEBUG 5947 --- [RecordsManagement] [restartedMain] com.zaxxer.hikari.HikariConfig           : healthCheckRegistry.............none
2024-12-12T10:40:32.302+10:00 DEBUG 5947 --- [RecordsManagement] [restartedMain] com.zaxxer.hikari.HikariConfig           : idleTimeout.....................600000
2024-12-12T10:40:32.302+10:00 DEBUG 5947 --- [RecordsManagement] [restartedMain] com.zaxxer.hikari.HikariConfig           : initializationFailTimeout.......1
2024-12-12T10:40:32.303+10:00 DEBUG 5947 --- [RecordsManagement] [restartedMain] com.zaxxer.hikari.HikariConfig           : isolateInternalQueries..........false
2024-12-12T10:40:32.303+10:00 DEBUG 5947 --- [RecordsManagement] [restartedMain] com.zaxxer.hikari.HikariConfig           : jdbcUrl.........................jdbc:h2:mem:records-management
2024-12-12T10:40:32.303+10:00 DEBUG 5947 --- [RecordsManagement] [restartedMain] com.zaxxer.hikari.HikariConfig           : keepaliveTime...................0
2024-12-12T10:40:32.303+10:00 DEBUG 5947 --- [RecordsManagement] [restartedMain] com.zaxxer.hikari.HikariConfig           : leakDetectionThreshold..........0
2024-12-12T10:40:32.303+10:00 DEBUG 5947 --- [RecordsManagement] [restartedMain] com.zaxxer.hikari.HikariConfig           : maxLifetime.....................1800000
2024-12-12T10:40:32.303+10:00 DEBUG 5947 --- [RecordsManagement] [restartedMain] com.zaxxer.hikari.HikariConfig           : maximumPoolSize.................10
2024-12-12T10:40:32.304+10:00 DEBUG 5947 --- [RecordsManagement] [restartedMain] com.zaxxer.hikari.HikariConfig           : metricRegistry..................none
2024-12-12T10:40:32.304+10:00 DEBUG 5947 --- [RecordsManagement] [restartedMain] com.zaxxer.hikari.HikariConfig           : metricsTrackerFactory...........none
2024-12-12T10:40:32.304+10:00 DEBUG 5947 --- [RecordsManagement] [restartedMain] com.zaxxer.hikari.HikariConfig           : minimumIdle.....................10
2024-12-12T10:40:32.304+10:00 DEBUG 5947 --- [RecordsManagement] [restartedMain] com.zaxxer.hikari.HikariConfig           : password........................<masked>
2024-12-12T10:40:32.304+10:00 DEBUG 5947 --- [RecordsManagement] [restartedMain] com.zaxxer.hikari.HikariConfig           : poolName........................"HikariPool-1"
2024-12-12T10:40:32.304+10:00 DEBUG 5947 --- [RecordsManagement] [restartedMain] com.zaxxer.hikari.HikariConfig           : readOnly........................false
2024-12-12T10:40:32.305+10:00 DEBUG 5947 --- [RecordsManagement] [restartedMain] com.zaxxer.hikari.HikariConfig           : registerMbeans..................false
2024-12-12T10:40:32.305+10:00 DEBUG 5947 --- [RecordsManagement] [restartedMain] com.zaxxer.hikari.HikariConfig           : scheduledExecutor...............none
2024-12-12T10:40:32.305+10:00 DEBUG 5947 --- [RecordsManagement] [restartedMain] com.zaxxer.hikari.HikariConfig           : schema..........................none
2024-12-12T10:40:32.305+10:00 DEBUG 5947 --- [RecordsManagement] [restartedMain] com.zaxxer.hikari.HikariConfig           : threadFactory...................internal
2024-12-12T10:40:32.306+10:00 DEBUG 5947 --- [RecordsManagement] [restartedMain] com.zaxxer.hikari.HikariConfig           : transactionIsolation............default
2024-12-12T10:40:32.306+10:00 DEBUG 5947 --- [RecordsManagement] [restartedMain] com.zaxxer.hikari.HikariConfig           : username........................"sa"
2024-12-12T10:40:32.306+10:00 DEBUG 5947 --- [RecordsManagement] [restartedMain] com.zaxxer.hikari.HikariConfig           : validationTimeout...............5000
2024-12-12T10:40:33.877+10:00  WARN 5947 --- [RecordsManagement] [restartedMain] JpaBaseConfiguration$JpaWebConfiguration : spring.jpa.open-in-view is enabled by default. Therefore, database queries may be performed during view rendering. Explicitly configure spring.jpa.open-in-view to disable this warning
2024-12-12T11:28:06.634+10:00  WARN 5947 --- [RecordsManagement] [SpringApplicationShutdownHook] o.s.b.f.support.DisposableBeanAdapter    : Invocation of destroy method failed on bean with name 'inMemoryDatabaseShutdownExecutor': org.h2.jdbc.JdbcSQLNonTransientConnectionException: Database is already closed (to disable automatic closing at VM shutdown, add ";DB_CLOSE_ON_EXIT=FALSE" to the db URL) [90121-224]
