2025-01-30T18:41:15.206+10:00 DEBUG 18662 --- [RecordsManagement] [main] com.zaxxer.hikari.HikariConfig           : Driver class org.h2.Driver found in Thread context class loader jdk.internal.loader.ClassLoaders$AppClassLoader@1cf4f579
2025-01-30T18:41:15.602+10:00 DEBUG 18662 --- [RecordsManagement] [main] com.zaxxer.hikari.HikariConfig           : HikariPool-1 - configuration:
2025-01-30T18:41:15.606+10:00 DEBUG 18662 --- [RecordsManagement] [main] com.zaxxer.hikari.HikariConfig           : allowPoolSuspension.............false
2025-01-30T18:41:15.607+10:00 DEBUG 18662 --- [RecordsManagement] [main] com.zaxxer.hikari.HikariConfig           : autoCommit......................true
2025-01-30T18:41:15.607+10:00 DEBUG 18662 --- [RecordsManagement] [main] com.zaxxer.hikari.HikariConfig           : catalog.........................none
2025-01-30T18:41:15.607+10:00 DEBUG 18662 --- [RecordsManagement] [main] com.zaxxer.hikari.HikariConfig           : connectionInitSql...............none
2025-01-30T18:41:15.607+10:00 DEBUG 18662 --- [RecordsManagement] [main] com.zaxxer.hikari.HikariConfig           : connectionTestQuery.............none
2025-01-30T18:41:15.608+10:00 DEBUG 18662 --- [RecordsManagement] [main] com.zaxxer.hikari.HikariConfig           : connectionTimeout...............30000
2025-01-30T18:41:15.608+10:00 DEBUG 18662 --- [RecordsManagement] [main] com.zaxxer.hikari.HikariConfig           : dataSource......................none
2025-01-30T18:41:15.609+10:00 DEBUG 18662 --- [RecordsManagement] [main] com.zaxxer.hikari.HikariConfig           : dataSourceClassName.............none
2025-01-30T18:41:15.609+10:00 DEBUG 18662 --- [RecordsManagement] [main] com.zaxxer.hikari.HikariConfig           : dataSourceJNDI..................none
2025-01-30T18:41:15.610+10:00 DEBUG 18662 --- [RecordsManagement] [main] com.zaxxer.hikari.HikariConfig           : dataSourceProperties............{password=<masked>}
2025-01-30T18:41:15.610+10:00 DEBUG 18662 --- [RecordsManagement] [main] com.zaxxer.hikari.HikariConfig           : driverClassName................."org.h2.Driver"
2025-01-30T18:41:15.610+10:00 DEBUG 18662 --- [RecordsManagement] [main] com.zaxxer.hikari.HikariConfig           : exceptionOverrideClassName......none
2025-01-30T18:41:15.610+10:00 DEBUG 18662 --- [RecordsManagement] [main] com.zaxxer.hikari.HikariConfig           : healthCheckProperties...........{}
2025-01-30T18:41:15.611+10:00 DEBUG 18662 --- [RecordsManagement] [main] com.zaxxer.hikari.HikariConfig           : healthCheckRegistry.............none
2025-01-30T18:41:15.611+10:00 DEBUG 18662 --- [RecordsManagement] [main] com.zaxxer.hikari.HikariConfig           : idleTimeout.....................600000
2025-01-30T18:41:15.611+10:00 DEBUG 18662 --- [RecordsManagement] [main] com.zaxxer.hikari.HikariConfig           : initializationFailTimeout.......1
2025-01-30T18:41:15.611+10:00 DEBUG 18662 --- [RecordsManagement] [main] com.zaxxer.hikari.HikariConfig           : isolateInternalQueries..........false
2025-01-30T18:41:15.612+10:00 DEBUG 18662 --- [RecordsManagement] [main] com.zaxxer.hikari.HikariConfig           : jdbcUrl.........................jdbc:h2:mem:records-management
2025-01-30T18:41:15.612+10:00 DEBUG 18662 --- [RecordsManagement] [main] com.zaxxer.hikari.HikariConfig           : keepaliveTime...................0
2025-01-30T18:41:15.612+10:00 DEBUG 18662 --- [RecordsManagement] [main] com.zaxxer.hikari.HikariConfig           : leakDetectionThreshold..........0
2025-01-30T18:41:15.612+10:00 DEBUG 18662 --- [RecordsManagement] [main] com.zaxxer.hikari.HikariConfig           : maxLifetime.....................1800000
2025-01-30T18:41:15.612+10:00 DEBUG 18662 --- [RecordsManagement] [main] com.zaxxer.hikari.HikariConfig           : maximumPoolSize.................10
2025-01-30T18:41:15.613+10:00 DEBUG 18662 --- [RecordsManagement] [main] com.zaxxer.hikari.HikariConfig           : metricRegistry..................none
2025-01-30T18:41:15.613+10:00 DEBUG 18662 --- [RecordsManagement] [main] com.zaxxer.hikari.HikariConfig           : metricsTrackerFactory...........none
2025-01-30T18:41:15.613+10:00 DEBUG 18662 --- [RecordsManagement] [main] com.zaxxer.hikari.HikariConfig           : minimumIdle.....................10
2025-01-30T18:41:15.613+10:00 DEBUG 18662 --- [RecordsManagement] [main] com.zaxxer.hikari.HikariConfig           : password........................<masked>
2025-01-30T18:41:15.613+10:00 DEBUG 18662 --- [RecordsManagement] [main] com.zaxxer.hikari.HikariConfig           : poolName........................"HikariPool-1"
2025-01-30T18:41:15.614+10:00 DEBUG 18662 --- [RecordsManagement] [main] com.zaxxer.hikari.HikariConfig           : readOnly........................false
2025-01-30T18:41:15.614+10:00 DEBUG 18662 --- [RecordsManagement] [main] com.zaxxer.hikari.HikariConfig           : registerMbeans..................false
2025-01-30T18:41:15.614+10:00 DEBUG 18662 --- [RecordsManagement] [main] com.zaxxer.hikari.HikariConfig           : scheduledExecutor...............none
2025-01-30T18:41:15.615+10:00 DEBUG 18662 --- [RecordsManagement] [main] com.zaxxer.hikari.HikariConfig           : schema..........................none
2025-01-30T18:41:15.615+10:00 DEBUG 18662 --- [RecordsManagement] [main] com.zaxxer.hikari.HikariConfig           : threadFactory...................internal
2025-01-30T18:41:15.615+10:00 DEBUG 18662 --- [RecordsManagement] [main] com.zaxxer.hikari.HikariConfig           : transactionIsolation............default
2025-01-30T18:41:15.615+10:00 DEBUG 18662 --- [RecordsManagement] [main] com.zaxxer.hikari.HikariConfig           : username........................"sa"
2025-01-30T18:41:15.616+10:00 DEBUG 18662 --- [RecordsManagement] [main] com.zaxxer.hikari.HikariConfig           : validationTimeout...............5000
2025-01-30T18:41:16.906+10:00  WARN 18662 --- [RecordsManagement] [main] JpaBaseConfiguration$JpaWebConfiguration : spring.jpa.open-in-view is enabled by default. Therefore, database queries may be performed during view rendering. Explicitly configure spring.jpa.open-in-view to disable this warning
2025-01-30T18:41:21.509+10:00 DEBUG 18682 --- [RecordsManagement] [restartedMain] com.zaxxer.hikari.HikariConfig           : Driver class org.h2.Driver found in Thread context class loader org.springframework.boot.devtools.restart.classloader.RestartClassLoader@68da7f3f
2025-01-30T18:41:21.816+10:00 DEBUG 18682 --- [RecordsManagement] [restartedMain] com.zaxxer.hikari.HikariConfig           : HikariPool-1 - configuration:
2025-01-30T18:41:21.819+10:00 DEBUG 18682 --- [RecordsManagement] [restartedMain] com.zaxxer.hikari.HikariConfig           : allowPoolSuspension.............false
2025-01-30T18:41:21.819+10:00 DEBUG 18682 --- [RecordsManagement] [restartedMain] com.zaxxer.hikari.HikariConfig           : autoCommit......................true
2025-01-30T18:41:21.819+10:00 DEBUG 18682 --- [RecordsManagement] [restartedMain] com.zaxxer.hikari.HikariConfig           : catalog.........................none
2025-01-30T18:41:21.820+10:00 DEBUG 18682 --- [RecordsManagement] [restartedMain] com.zaxxer.hikari.HikariConfig           : connectionInitSql...............none
2025-01-30T18:41:21.820+10:00 DEBUG 18682 --- [RecordsManagement] [restartedMain] com.zaxxer.hikari.HikariConfig           : connectionTestQuery.............none
2025-01-30T18:41:21.820+10:00 DEBUG 18682 --- [RecordsManagement] [restartedMain] com.zaxxer.hikari.HikariConfig           : connectionTimeout...............30000
2025-01-30T18:41:21.821+10:00 DEBUG 18682 --- [RecordsManagement] [restartedMain] com.zaxxer.hikari.HikariConfig           : dataSource......................none
2025-01-30T18:41:21.821+10:00 DEBUG 18682 --- [RecordsManagement] [restartedMain] com.zaxxer.hikari.HikariConfig           : dataSourceClassName.............none
2025-01-30T18:41:21.821+10:00 DEBUG 18682 --- [RecordsManagement] [restartedMain] com.zaxxer.hikari.HikariConfig           : dataSourceJNDI..................none
2025-01-30T18:41:21.823+10:00 DEBUG 18682 --- [RecordsManagement] [restartedMain] com.zaxxer.hikari.HikariConfig           : dataSourceProperties............{password=<masked>}
2025-01-30T18:41:21.823+10:00 DEBUG 18682 --- [RecordsManagement] [restartedMain] com.zaxxer.hikari.HikariConfig           : driverClassName................."org.h2.Driver"
2025-01-30T18:41:21.823+10:00 DEBUG 18682 --- [RecordsManagement] [restartedMain] com.zaxxer.hikari.HikariConfig           : exceptionOverrideClassName......none
2025-01-30T18:41:21.824+10:00 DEBUG 18682 --- [RecordsManagement] [restartedMain] com.zaxxer.hikari.HikariConfig           : healthCheckProperties...........{}
2025-01-30T18:41:21.827+10:00 DEBUG 18682 --- [RecordsManagement] [restartedMain] com.zaxxer.hikari.HikariConfig           : healthCheckRegistry.............none
2025-01-30T18:41:21.827+10:00 DEBUG 18682 --- [RecordsManagement] [restartedMain] com.zaxxer.hikari.HikariConfig           : idleTimeout.....................600000
2025-01-30T18:41:21.827+10:00 DEBUG 18682 --- [RecordsManagement] [restartedMain] com.zaxxer.hikari.HikariConfig           : initializationFailTimeout.......1
2025-01-30T18:41:21.828+10:00 DEBUG 18682 --- [RecordsManagement] [restartedMain] com.zaxxer.hikari.HikariConfig           : isolateInternalQueries..........false
2025-01-30T18:41:21.830+10:00 DEBUG 18682 --- [RecordsManagement] [restartedMain] com.zaxxer.hikari.HikariConfig           : jdbcUrl.........................jdbc:h2:mem:records-management
2025-01-30T18:41:21.830+10:00 DEBUG 18682 --- [RecordsManagement] [restartedMain] com.zaxxer.hikari.HikariConfig           : keepaliveTime...................0
2025-01-30T18:41:21.831+10:00 DEBUG 18682 --- [RecordsManagement] [restartedMain] com.zaxxer.hikari.HikariConfig           : leakDetectionThreshold..........0
2025-01-30T18:41:21.831+10:00 DEBUG 18682 --- [RecordsManagement] [restartedMain] com.zaxxer.hikari.HikariConfig           : maxLifetime.....................1800000
2025-01-30T18:41:21.833+10:00 DEBUG 18682 --- [RecordsManagement] [restartedMain] com.zaxxer.hikari.HikariConfig           : maximumPoolSize.................10
2025-01-30T18:41:21.833+10:00 DEBUG 18682 --- [RecordsManagement] [restartedMain] com.zaxxer.hikari.HikariConfig           : metricRegistry..................none
2025-01-30T18:41:21.833+10:00 DEBUG 18682 --- [RecordsManagement] [restartedMain] com.zaxxer.hikari.HikariConfig           : metricsTrackerFactory...........none
2025-01-30T18:41:21.833+10:00 DEBUG 18682 --- [RecordsManagement] [restartedMain] com.zaxxer.hikari.HikariConfig           : minimumIdle.....................10
2025-01-30T18:41:21.835+10:00 DEBUG 18682 --- [RecordsManagement] [restartedMain] com.zaxxer.hikari.HikariConfig           : password........................<masked>
2025-01-30T18:41:21.836+10:00 DEBUG 18682 --- [RecordsManagement] [restartedMain] com.zaxxer.hikari.HikariConfig           : poolName........................"HikariPool-1"
2025-01-30T18:41:21.836+10:00 DEBUG 18682 --- [RecordsManagement] [restartedMain] com.zaxxer.hikari.HikariConfig           : readOnly........................false
2025-01-30T18:41:21.836+10:00 DEBUG 18682 --- [RecordsManagement] [restartedMain] com.zaxxer.hikari.HikariConfig           : registerMbeans..................false
2025-01-30T18:41:21.838+10:00 DEBUG 18682 --- [RecordsManagement] [restartedMain] com.zaxxer.hikari.HikariConfig           : scheduledExecutor...............none
2025-01-30T18:41:21.838+10:00 DEBUG 18682 --- [RecordsManagement] [restartedMain] com.zaxxer.hikari.HikariConfig           : schema..........................none
2025-01-30T18:41:21.838+10:00 DEBUG 18682 --- [RecordsManagement] [restartedMain] com.zaxxer.hikari.HikariConfig           : threadFactory...................internal
2025-01-30T18:41:21.838+10:00 DEBUG 18682 --- [RecordsManagement] [restartedMain] com.zaxxer.hikari.HikariConfig           : transactionIsolation............default
2025-01-30T18:41:21.840+10:00 DEBUG 18682 --- [RecordsManagement] [restartedMain] com.zaxxer.hikari.HikariConfig           : username........................"sa"
2025-01-30T18:41:21.840+10:00 DEBUG 18682 --- [RecordsManagement] [restartedMain] com.zaxxer.hikari.HikariConfig           : validationTimeout...............5000
2025-01-30T18:41:23.006+10:00  WARN 18682 --- [RecordsManagement] [restartedMain] JpaBaseConfiguration$JpaWebConfiguration : spring.jpa.open-in-view is enabled by default. Therefore, database queries may be performed during view rendering. Explicitly configure spring.jpa.open-in-view to disable this warning
2025-01-30T18:41:54.884+10:00  INFO 18682 --- [RecordsManagement] [http-nio-8080-exec-1] o.s.web.servlet.DispatcherServlet        : Initializing Servlet 'dispatcherServlet'
2025-01-30T18:41:54.885+10:00  INFO 18682 --- [RecordsManagement] [http-nio-8080-exec-1] o.s.web.servlet.DispatcherServlet        : Completed initialization in 1 ms
2025-01-30T18:42:07.791+10:00  INFO 18682 --- [RecordsManagement] [http-nio-8080-exec-3] c.m.r.controller.DashboardController     : getDashboard(...)
2025-01-30T18:42:07.792+10:00  INFO 18682 --- [RecordsManagement] [http-nio-8080-exec-3] c.m.r.controller.DashboardController     : getDashboard(...) - optionalUser is Present
2025-01-30T18:42:09.940+10:00  INFO 18682 --- [RecordsManagement] [http-nio-8080-exec-3] c.m.r.controller.PersonController        : viewPersonFullDetails(...) - Loading full details view for person ID: 1
2025-01-30T18:42:09.943+10:00 DEBUG 18682 --- [RecordsManagement] [http-nio-8080-exec-3] o.s.jdbc.datasource.DataSourceUtils      : Setting JDBC Connection [HikariProxyConnection@498126301 wrapping conn0: url=jdbc:h2:mem:records-management user=SA] read-only
2025-01-30T18:42:09.947+10:00 DEBUG 18682 --- [RecordsManagement] [http-nio-8080-exec-3] o.s.jdbc.datasource.DataSourceUtils      : Resetting read-only flag of JDBC Connection [HikariProxyConnection@498126301 wrapping conn0: url=jdbc:h2:mem:records-management user=SA]
2025-01-30T18:42:22.338+10:00  INFO 18682 --- [RecordsManagement] [http-nio-8080-exec-5] c.m.r.controller.PersonController        : Saving email for personId: 1, emailId: null
2025-01-30T18:42:22.339+10:00 DEBUG 18682 --- [RecordsManagement] [http-nio-8080-exec-5] o.s.jdbc.datasource.DataSourceUtils      : Setting JDBC Connection [HikariProxyConnection@363508499 wrapping conn0: url=jdbc:h2:mem:records-management user=SA] read-only
2025-01-30T18:42:22.340+10:00 DEBUG 18682 --- [RecordsManagement] [http-nio-8080-exec-5] o.s.jdbc.datasource.DataSourceUtils      : Resetting read-only flag of JDBC Connection [HikariProxyConnection@363508499 wrapping conn0: url=jdbc:h2:mem:records-management user=SA]
2025-01-30T18:42:24.958+10:00  INFO 18682 --- [RecordsManagement] [http-nio-8080-exec-6] c.m.r.controller.PersonController        : viewPersonFullDetails(...) - Loading full details view for person ID: 1
2025-01-30T18:42:24.959+10:00 DEBUG 18682 --- [RecordsManagement] [http-nio-8080-exec-6] o.s.jdbc.datasource.DataSourceUtils      : Setting JDBC Connection [HikariProxyConnection@649748213 wrapping conn0: url=jdbc:h2:mem:records-management user=SA] read-only
2025-01-30T18:42:24.960+10:00 DEBUG 18682 --- [RecordsManagement] [http-nio-8080-exec-6] o.s.jdbc.datasource.DataSourceUtils      : Resetting read-only flag of JDBC Connection [HikariProxyConnection@649748213 wrapping conn0: url=jdbc:h2:mem:records-management user=SA]
2025-01-30T18:42:44.588+10:00  WARN 18682 --- [RecordsManagement] [SpringApplicationShutdownHook] o.s.b.f.support.DisposableBeanAdapter    : Invocation of destroy method failed on bean with name 'inMemoryDatabaseShutdownExecutor': org.h2.jdbc.JdbcSQLNonTransientConnectionException: Database is already closed (to disable automatic closing at VM shutdown, add ";DB_CLOSE_ON_EXIT=FALSE" to the db URL) [90121-224]
