2025-02-02T21:29:49.826+10:00 DEBUG 48663 --- [RecordsManagement] [restartedMain] com.zaxxer.hikari.HikariConfig           : Driver class org.h2.Driver found in Thread context class loader org.springframework.boot.devtools.restart.classloader.RestartClassLoader@68da7f3f
2025-02-02T21:29:50.105+10:00 DEBUG 48663 --- [RecordsManagement] [restartedMain] com.zaxxer.hikari.HikariConfig           : HikariPool-1 - configuration:
2025-02-02T21:29:50.109+10:00 DEBUG 48663 --- [RecordsManagement] [restartedMain] com.zaxxer.hikari.HikariConfig           : allowPoolSuspension.............false
2025-02-02T21:29:50.110+10:00 DEBUG 48663 --- [RecordsManagement] [restartedMain] com.zaxxer.hikari.HikariConfig           : autoCommit......................true
2025-02-02T21:29:50.110+10:00 DEBUG 48663 --- [RecordsManagement] [restartedMain] com.zaxxer.hikari.HikariConfig           : catalog.........................none
2025-02-02T21:29:50.110+10:00 DEBUG 48663 --- [RecordsManagement] [restartedMain] com.zaxxer.hikari.HikariConfig           : connectionInitSql...............none
2025-02-02T21:29:50.111+10:00 DEBUG 48663 --- [RecordsManagement] [restartedMain] com.zaxxer.hikari.HikariConfig           : connectionTestQuery.............none
2025-02-02T21:29:50.112+10:00 DEBUG 48663 --- [RecordsManagement] [restartedMain] com.zaxxer.hikari.HikariConfig           : connectionTimeout...............30000
2025-02-02T21:29:50.112+10:00 DEBUG 48663 --- [RecordsManagement] [restartedMain] com.zaxxer.hikari.HikariConfig           : dataSource......................none
2025-02-02T21:29:50.112+10:00 DEBUG 48663 --- [RecordsManagement] [restartedMain] com.zaxxer.hikari.HikariConfig           : dataSourceClassName.............none
2025-02-02T21:29:50.114+10:00 DEBUG 48663 --- [RecordsManagement] [restartedMain] com.zaxxer.hikari.HikariConfig           : dataSourceJNDI..................none
2025-02-02T21:29:50.114+10:00 DEBUG 48663 --- [RecordsManagement] [restartedMain] com.zaxxer.hikari.HikariConfig           : dataSourceProperties............{password=<masked>}
2025-02-02T21:29:50.114+10:00 DEBUG 48663 --- [RecordsManagement] [restartedMain] com.zaxxer.hikari.HikariConfig           : driverClassName................."org.h2.Driver"
2025-02-02T21:29:50.114+10:00 DEBUG 48663 --- [RecordsManagement] [restartedMain] com.zaxxer.hikari.HikariConfig           : exceptionOverrideClassName......none
2025-02-02T21:29:50.117+10:00 DEBUG 48663 --- [RecordsManagement] [restartedMain] com.zaxxer.hikari.HikariConfig           : healthCheckProperties...........{}
2025-02-02T21:29:50.117+10:00 DEBUG 48663 --- [RecordsManagement] [restartedMain] com.zaxxer.hikari.HikariConfig           : healthCheckRegistry.............none
2025-02-02T21:29:50.117+10:00 DEBUG 48663 --- [RecordsManagement] [restartedMain] com.zaxxer.hikari.HikariConfig           : idleTimeout.....................600000
2025-02-02T21:29:50.117+10:00 DEBUG 48663 --- [RecordsManagement] [restartedMain] com.zaxxer.hikari.HikariConfig           : initializationFailTimeout.......1
2025-02-02T21:29:50.119+10:00 DEBUG 48663 --- [RecordsManagement] [restartedMain] com.zaxxer.hikari.HikariConfig           : isolateInternalQueries..........false
2025-02-02T21:29:50.120+10:00 DEBUG 48663 --- [RecordsManagement] [restartedMain] com.zaxxer.hikari.HikariConfig           : jdbcUrl.........................jdbc:h2:mem:records-management
2025-02-02T21:29:50.120+10:00 DEBUG 48663 --- [RecordsManagement] [restartedMain] com.zaxxer.hikari.HikariConfig           : keepaliveTime...................0
2025-02-02T21:29:50.120+10:00 DEBUG 48663 --- [RecordsManagement] [restartedMain] com.zaxxer.hikari.HikariConfig           : leakDetectionThreshold..........0
2025-02-02T21:29:50.122+10:00 DEBUG 48663 --- [RecordsManagement] [restartedMain] com.zaxxer.hikari.HikariConfig           : maxLifetime.....................1800000
2025-02-02T21:29:50.122+10:00 DEBUG 48663 --- [RecordsManagement] [restartedMain] com.zaxxer.hikari.HikariConfig           : maximumPoolSize.................10
2025-02-02T21:29:50.122+10:00 DEBUG 48663 --- [RecordsManagement] [restartedMain] com.zaxxer.hikari.HikariConfig           : metricRegistry..................none
2025-02-02T21:29:50.122+10:00 DEBUG 48663 --- [RecordsManagement] [restartedMain] com.zaxxer.hikari.HikariConfig           : metricsTrackerFactory...........none
2025-02-02T21:29:50.124+10:00 DEBUG 48663 --- [RecordsManagement] [restartedMain] com.zaxxer.hikari.HikariConfig           : minimumIdle.....................10
2025-02-02T21:29:50.124+10:00 DEBUG 48663 --- [RecordsManagement] [restartedMain] com.zaxxer.hikari.HikariConfig           : password........................<masked>
2025-02-02T21:29:50.124+10:00 DEBUG 48663 --- [RecordsManagement] [restartedMain] com.zaxxer.hikari.HikariConfig           : poolName........................"HikariPool-1"
2025-02-02T21:29:50.124+10:00 DEBUG 48663 --- [RecordsManagement] [restartedMain] com.zaxxer.hikari.HikariConfig           : readOnly........................false
2025-02-02T21:29:50.126+10:00 DEBUG 48663 --- [RecordsManagement] [restartedMain] com.zaxxer.hikari.HikariConfig           : registerMbeans..................false
2025-02-02T21:29:50.127+10:00 DEBUG 48663 --- [RecordsManagement] [restartedMain] com.zaxxer.hikari.HikariConfig           : scheduledExecutor...............none
2025-02-02T21:29:50.127+10:00 DEBUG 48663 --- [RecordsManagement] [restartedMain] com.zaxxer.hikari.HikariConfig           : schema..........................none
2025-02-02T21:29:50.127+10:00 DEBUG 48663 --- [RecordsManagement] [restartedMain] com.zaxxer.hikari.HikariConfig           : threadFactory...................internal
2025-02-02T21:29:50.129+10:00 DEBUG 48663 --- [RecordsManagement] [restartedMain] com.zaxxer.hikari.HikariConfig           : transactionIsolation............default
2025-02-02T21:29:50.129+10:00 DEBUG 48663 --- [RecordsManagement] [restartedMain] com.zaxxer.hikari.HikariConfig           : username........................"sa"
2025-02-02T21:29:50.129+10:00 DEBUG 48663 --- [RecordsManagement] [restartedMain] com.zaxxer.hikari.HikariConfig           : validationTimeout...............5000
2025-02-02T21:29:51.271+10:00  WARN 48663 --- [RecordsManagement] [restartedMain] JpaBaseConfiguration$JpaWebConfiguration : spring.jpa.open-in-view is enabled by default. Therefore, database queries may be performed during view rendering. Explicitly configure spring.jpa.open-in-view to disable this warning
2025-02-02T21:30:13.606+10:00  INFO 48663 --- [RecordsManagement] [http-nio-8080-exec-1] o.s.web.servlet.DispatcherServlet        : Initializing Servlet 'dispatcherServlet'
2025-02-02T21:30:13.607+10:00  INFO 48663 --- [RecordsManagement] [http-nio-8080-exec-1] o.s.web.servlet.DispatcherServlet        : Completed initialization in 0 ms
2025-02-02T21:30:31.057+10:00  INFO 48663 --- [RecordsManagement] [http-nio-8080-exec-2] c.m.r.controller.DashboardController     : getDashboard(...)
2025-02-02T21:30:31.057+10:00  INFO 48663 --- [RecordsManagement] [http-nio-8080-exec-2] c.m.r.controller.DashboardController     : getDashboard(...) - optionalUser is Present
2025-02-02T21:30:42.594+10:00  INFO 48663 --- [RecordsManagement] [http-nio-8080-exec-7] c.m.r.controller.PersonController        : viewPersonFullDetails(...) - Loading full details view for person ID: 1
2025-02-02T21:30:42.597+10:00 DEBUG 48663 --- [RecordsManagement] [http-nio-8080-exec-7] o.s.jdbc.datasource.DataSourceUtils      : Setting JDBC Connection [HikariProxyConnection@952897149 wrapping conn0: url=jdbc:h2:mem:records-management user=SA] read-only
2025-02-02T21:30:42.601+10:00 DEBUG 48663 --- [RecordsManagement] [http-nio-8080-exec-7] o.s.jdbc.datasource.DataSourceUtils      : Resetting read-only flag of JDBC Connection [HikariProxyConnection@952897149 wrapping conn0: url=jdbc:h2:mem:records-management user=SA]
2025-02-02T21:30:49.726+10:00  INFO 48663 --- [RecordsManagement] [http-nio-8080-exec-8] c.m.r.controller.PersonController        : editPersonFullDetails(...) - Loading full details view for person ID: 1
2025-02-02T21:30:49.726+10:00 DEBUG 48663 --- [RecordsManagement] [http-nio-8080-exec-8] o.s.jdbc.datasource.DataSourceUtils      : Setting JDBC Connection [HikariProxyConnection@1531559878 wrapping conn0: url=jdbc:h2:mem:records-management user=SA] read-only
2025-02-02T21:30:49.728+10:00 DEBUG 48663 --- [RecordsManagement] [http-nio-8080-exec-8] o.s.jdbc.datasource.DataSourceUtils      : Resetting read-only flag of JDBC Connection [HikariProxyConnection@1531559878 wrapping conn0: url=jdbc:h2:mem:records-management user=SA]
2025-02-02T21:30:52.373+10:00  INFO 48663 --- [RecordsManagement] [http-nio-8080-exec-5] c.m.r.controller.PersonController        : updatePersonFullDetails(...) - Updating details for person ID: 1
2025-02-02T21:30:52.374+10:00 DEBUG 48663 --- [RecordsManagement] [http-nio-8080-exec-5] o.s.jdbc.datasource.DataSourceUtils      : Setting JDBC Connection [HikariProxyConnection@1948659566 wrapping conn0: url=jdbc:h2:mem:records-management user=SA] read-only
2025-02-02T21:30:52.375+10:00 DEBUG 48663 --- [RecordsManagement] [http-nio-8080-exec-5] o.s.jdbc.datasource.DataSourceUtils      : Resetting read-only flag of JDBC Connection [HikariProxyConnection@1948659566 wrapping conn0: url=jdbc:h2:mem:records-management user=SA]
2025-02-02T21:30:52.376+10:00 DEBUG 48663 --- [RecordsManagement] [http-nio-8080-exec-5] o.s.jdbc.datasource.DataSourceUtils      : Setting JDBC Connection [HikariProxyConnection@1948659566 wrapping conn0: url=jdbc:h2:mem:records-management user=SA] read-only
2025-02-02T21:30:52.377+10:00 DEBUG 48663 --- [RecordsManagement] [http-nio-8080-exec-5] o.s.jdbc.datasource.DataSourceUtils      : Resetting read-only flag of JDBC Connection [HikariProxyConnection@1948659566 wrapping conn0: url=jdbc:h2:mem:records-management user=SA]
2025-02-02T21:30:59.325+10:00  INFO 48663 --- [RecordsManagement] [http-nio-8080-exec-9] c.m.r.controller.PersonController        : Saving email for personId: 1, emailId: null
2025-02-02T21:30:59.325+10:00 DEBUG 48663 --- [RecordsManagement] [http-nio-8080-exec-9] o.s.jdbc.datasource.DataSourceUtils      : Setting JDBC Connection [HikariProxyConnection@187267259 wrapping conn0: url=jdbc:h2:mem:records-management user=SA] read-only
2025-02-02T21:30:59.326+10:00 DEBUG 48663 --- [RecordsManagement] [http-nio-8080-exec-9] o.s.jdbc.datasource.DataSourceUtils      : Resetting read-only flag of JDBC Connection [HikariProxyConnection@187267259 wrapping conn0: url=jdbc:h2:mem:records-management user=SA]
2025-02-02T21:31:02.219+10:00 DEBUG 48663 --- [RecordsManagement] [http-nio-8080-exec-6] o.s.jdbc.datasource.DataSourceUtils      : Setting JDBC Connection [HikariProxyConnection@2060676008 wrapping conn0: url=jdbc:h2:mem:records-management user=SA] read-only
2025-02-02T21:31:02.220+10:00 DEBUG 48663 --- [RecordsManagement] [http-nio-8080-exec-6] o.s.jdbc.datasource.DataSourceUtils      : Resetting read-only flag of JDBC Connection [HikariProxyConnection@2060676008 wrapping conn0: url=jdbc:h2:mem:records-management user=SA]
2025-02-02T21:31:07.943+10:00  INFO 48663 --- [RecordsManagement] [http-nio-8080-exec-10] c.m.r.controller.PersonController        : Updating email for personId: 1, emailId: 1
2025-02-02T21:31:07.943+10:00  INFO 48663 --- [RecordsManagement] [http-nio-8080-exec-10] c.m.r.controller.PersonController        : email address = john.jacobs.2personal@mail.com
2025-02-02T21:31:07.943+10:00 DEBUG 48663 --- [RecordsManagement] [http-nio-8080-exec-10] o.s.jdbc.datasource.DataSourceUtils      : Setting JDBC Connection [HikariProxyConnection@1958248840 wrapping conn0: url=jdbc:h2:mem:records-management user=SA] read-only
2025-02-02T21:31:07.944+10:00 DEBUG 48663 --- [RecordsManagement] [http-nio-8080-exec-10] o.s.jdbc.datasource.DataSourceUtils      : Resetting read-only flag of JDBC Connection [HikariProxyConnection@1958248840 wrapping conn0: url=jdbc:h2:mem:records-management user=SA]
2025-02-02T21:31:10.646+10:00  INFO 48663 --- [RecordsManagement] [http-nio-8080-exec-1] c.m.r.controller.PersonController        : deleteEmail(...) - emailId 3
2025-02-02T21:31:10.654+10:00  INFO 48663 --- [RecordsManagement] [http-nio-8080-exec-1] c.m.r.controller.PersonController        : completed call to delete email
2025-02-02T21:31:20.688+10:00  INFO 48663 --- [RecordsManagement] [http-nio-8080-exec-2] c.m.r.controller.DashboardController     : getDashboard(...)
2025-02-02T21:31:20.688+10:00  INFO 48663 --- [RecordsManagement] [http-nio-8080-exec-2] c.m.r.controller.DashboardController     : getDashboard(...) - optionalUser is Present
2025-02-02T21:31:21.260+10:00  INFO 48663 --- [RecordsManagement] [http-nio-8080-exec-5] c.m.r.controller.PersonController        : getPersonDetails(...)
2025-02-02T21:31:21.261+10:00 DEBUG 48663 --- [RecordsManagement] [http-nio-8080-exec-5] o.s.jdbc.datasource.DataSourceUtils      : Setting JDBC Connection [HikariProxyConnection@78018957 wrapping conn0: url=jdbc:h2:mem:records-management user=SA] read-only
2025-02-02T21:31:21.262+10:00 DEBUG 48663 --- [RecordsManagement] [http-nio-8080-exec-5] o.s.jdbc.datasource.DataSourceUtils      : Resetting read-only flag of JDBC Connection [HikariProxyConnection@78018957 wrapping conn0: url=jdbc:h2:mem:records-management user=SA]
2025-02-02T21:31:21.761+10:00  INFO 48663 --- [RecordsManagement] [http-nio-8080-exec-4] c.m.r.controller.StudentController       : getStudentsByPersonId(...)
2025-02-02T21:31:25.168+10:00  INFO 48663 --- [RecordsManagement] [http-nio-8080-exec-6] c.m.r.controller.DashboardController     : getDashboard(...)
2025-02-02T21:31:25.169+10:00  INFO 48663 --- [RecordsManagement] [http-nio-8080-exec-6] c.m.r.controller.DashboardController     : getDashboard(...) - optionalUser is Present
2025-02-02T21:31:25.713+10:00  INFO 48663 --- [RecordsManagement] [http-nio-8080-exec-3] c.m.r.controller.PersonController        : getPersonDetails(...)
2025-02-02T21:31:25.713+10:00 DEBUG 48663 --- [RecordsManagement] [http-nio-8080-exec-3] o.s.jdbc.datasource.DataSourceUtils      : Setting JDBC Connection [HikariProxyConnection@952355036 wrapping conn0: url=jdbc:h2:mem:records-management user=SA] read-only
2025-02-02T21:31:25.714+10:00 DEBUG 48663 --- [RecordsManagement] [http-nio-8080-exec-3] o.s.jdbc.datasource.DataSourceUtils      : Resetting read-only flag of JDBC Connection [HikariProxyConnection@952355036 wrapping conn0: url=jdbc:h2:mem:records-management user=SA]
2025-02-02T21:31:26.213+10:00  INFO 48663 --- [RecordsManagement] [http-nio-8080-exec-7] c.m.r.controller.StudentController       : getStudentsByPersonId(...)
2025-02-02T21:31:57.328+10:00  WARN 48663 --- [RecordsManagement] [SpringApplicationShutdownHook] o.s.b.f.support.DisposableBeanAdapter    : Invocation of destroy method failed on bean with name 'inMemoryDatabaseShutdownExecutor': org.h2.jdbc.JdbcSQLNonTransientConnectionException: Database is already closed (to disable automatic closing at VM shutdown, add ";DB_CLOSE_ON_EXIT=FALSE" to the db URL) [90121-224]
