2025-01-31T07:08:09.388+10:00 DEBUG 55264 --- [RecordsManagement] [main] com.zaxxer.hikari.HikariConfig           : Driver class org.h2.Driver found in Thread context class loader jdk.internal.loader.ClassLoaders$AppClassLoader@1cf4f579
2025-01-31T07:08:09.774+10:00 DEBUG 55264 --- [RecordsManagement] [main] com.zaxxer.hikari.HikariConfig           : HikariPool-1 - configuration:
2025-01-31T07:08:09.778+10:00 DEBUG 55264 --- [RecordsManagement] [main] com.zaxxer.hikari.HikariConfig           : allowPoolSuspension.............false
2025-01-31T07:08:09.778+10:00 DEBUG 55264 --- [RecordsManagement] [main] com.zaxxer.hikari.HikariConfig           : autoCommit......................true
2025-01-31T07:08:09.778+10:00 DEBUG 55264 --- [RecordsManagement] [main] com.zaxxer.hikari.HikariConfig           : catalog.........................none
2025-01-31T07:08:09.778+10:00 DEBUG 55264 --- [RecordsManagement] [main] com.zaxxer.hikari.HikariConfig           : connectionInitSql...............none
2025-01-31T07:08:09.778+10:00 DEBUG 55264 --- [RecordsManagement] [main] com.zaxxer.hikari.HikariConfig           : connectionTestQuery.............none
2025-01-31T07:08:09.779+10:00 DEBUG 55264 --- [RecordsManagement] [main] com.zaxxer.hikari.HikariConfig           : connectionTimeout...............30000
2025-01-31T07:08:09.780+10:00 DEBUG 55264 --- [RecordsManagement] [main] com.zaxxer.hikari.HikariConfig           : dataSource......................none
2025-01-31T07:08:09.780+10:00 DEBUG 55264 --- [RecordsManagement] [main] com.zaxxer.hikari.HikariConfig           : dataSourceClassName.............none
2025-01-31T07:08:09.780+10:00 DEBUG 55264 --- [RecordsManagement] [main] com.zaxxer.hikari.HikariConfig           : dataSourceJNDI..................none
2025-01-31T07:08:09.780+10:00 DEBUG 55264 --- [RecordsManagement] [main] com.zaxxer.hikari.HikariConfig           : dataSourceProperties............{password=<masked>}
2025-01-31T07:08:09.780+10:00 DEBUG 55264 --- [RecordsManagement] [main] com.zaxxer.hikari.HikariConfig           : driverClassName................."org.h2.Driver"
2025-01-31T07:08:09.781+10:00 DEBUG 55264 --- [RecordsManagement] [main] com.zaxxer.hikari.HikariConfig           : exceptionOverrideClassName......none
2025-01-31T07:08:09.781+10:00 DEBUG 55264 --- [RecordsManagement] [main] com.zaxxer.hikari.HikariConfig           : healthCheckProperties...........{}
2025-01-31T07:08:09.781+10:00 DEBUG 55264 --- [RecordsManagement] [main] com.zaxxer.hikari.HikariConfig           : healthCheckRegistry.............none
2025-01-31T07:08:09.781+10:00 DEBUG 55264 --- [RecordsManagement] [main] com.zaxxer.hikari.HikariConfig           : idleTimeout.....................600000
2025-01-31T07:08:09.782+10:00 DEBUG 55264 --- [RecordsManagement] [main] com.zaxxer.hikari.HikariConfig           : initializationFailTimeout.......1
2025-01-31T07:08:09.782+10:00 DEBUG 55264 --- [RecordsManagement] [main] com.zaxxer.hikari.HikariConfig           : isolateInternalQueries..........false
2025-01-31T07:08:09.782+10:00 DEBUG 55264 --- [RecordsManagement] [main] com.zaxxer.hikari.HikariConfig           : jdbcUrl.........................jdbc:h2:mem:records-management
2025-01-31T07:08:09.782+10:00 DEBUG 55264 --- [RecordsManagement] [main] com.zaxxer.hikari.HikariConfig           : keepaliveTime...................0
2025-01-31T07:08:09.782+10:00 DEBUG 55264 --- [RecordsManagement] [main] com.zaxxer.hikari.HikariConfig           : leakDetectionThreshold..........0
2025-01-31T07:08:09.783+10:00 DEBUG 55264 --- [RecordsManagement] [main] com.zaxxer.hikari.HikariConfig           : maxLifetime.....................1800000
2025-01-31T07:08:09.783+10:00 DEBUG 55264 --- [RecordsManagement] [main] com.zaxxer.hikari.HikariConfig           : maximumPoolSize.................10
2025-01-31T07:08:09.783+10:00 DEBUG 55264 --- [RecordsManagement] [main] com.zaxxer.hikari.HikariConfig           : metricRegistry..................none
2025-01-31T07:08:09.783+10:00 DEBUG 55264 --- [RecordsManagement] [main] com.zaxxer.hikari.HikariConfig           : metricsTrackerFactory...........none
2025-01-31T07:08:09.784+10:00 DEBUG 55264 --- [RecordsManagement] [main] com.zaxxer.hikari.HikariConfig           : minimumIdle.....................10
2025-01-31T07:08:09.784+10:00 DEBUG 55264 --- [RecordsManagement] [main] com.zaxxer.hikari.HikariConfig           : password........................<masked>
2025-01-31T07:08:09.784+10:00 DEBUG 55264 --- [RecordsManagement] [main] com.zaxxer.hikari.HikariConfig           : poolName........................"HikariPool-1"
2025-01-31T07:08:09.784+10:00 DEBUG 55264 --- [RecordsManagement] [main] com.zaxxer.hikari.HikariConfig           : readOnly........................false
2025-01-31T07:08:09.784+10:00 DEBUG 55264 --- [RecordsManagement] [main] com.zaxxer.hikari.HikariConfig           : registerMbeans..................false
2025-01-31T07:08:09.785+10:00 DEBUG 55264 --- [RecordsManagement] [main] com.zaxxer.hikari.HikariConfig           : scheduledExecutor...............none
2025-01-31T07:08:09.785+10:00 DEBUG 55264 --- [RecordsManagement] [main] com.zaxxer.hikari.HikariConfig           : schema..........................none
2025-01-31T07:08:09.785+10:00 DEBUG 55264 --- [RecordsManagement] [main] com.zaxxer.hikari.HikariConfig           : threadFactory...................internal
2025-01-31T07:08:09.785+10:00 DEBUG 55264 --- [RecordsManagement] [main] com.zaxxer.hikari.HikariConfig           : transactionIsolation............default
2025-01-31T07:08:09.785+10:00 DEBUG 55264 --- [RecordsManagement] [main] com.zaxxer.hikari.HikariConfig           : username........................"sa"
2025-01-31T07:08:09.786+10:00 DEBUG 55264 --- [RecordsManagement] [main] com.zaxxer.hikari.HikariConfig           : validationTimeout...............5000
2025-01-31T07:08:11.156+10:00  WARN 55264 --- [RecordsManagement] [main] JpaBaseConfiguration$JpaWebConfiguration : spring.jpa.open-in-view is enabled by default. Therefore, database queries may be performed during view rendering. Explicitly configure spring.jpa.open-in-view to disable this warning
2025-01-31T07:08:15.702+10:00 DEBUG 55268 --- [RecordsManagement] [restartedMain] com.zaxxer.hikari.HikariConfig           : Driver class org.h2.Driver found in Thread context class loader org.springframework.boot.devtools.restart.classloader.RestartClassLoader@68da7f3f
2025-01-31T07:08:16.011+10:00 DEBUG 55268 --- [RecordsManagement] [restartedMain] com.zaxxer.hikari.HikariConfig           : HikariPool-1 - configuration:
2025-01-31T07:08:16.013+10:00 DEBUG 55268 --- [RecordsManagement] [restartedMain] com.zaxxer.hikari.HikariConfig           : allowPoolSuspension.............false
2025-01-31T07:08:16.014+10:00 DEBUG 55268 --- [RecordsManagement] [restartedMain] com.zaxxer.hikari.HikariConfig           : autoCommit......................true
2025-01-31T07:08:16.014+10:00 DEBUG 55268 --- [RecordsManagement] [restartedMain] com.zaxxer.hikari.HikariConfig           : catalog.........................none
2025-01-31T07:08:16.014+10:00 DEBUG 55268 --- [RecordsManagement] [restartedMain] com.zaxxer.hikari.HikariConfig           : connectionInitSql...............none
2025-01-31T07:08:16.014+10:00 DEBUG 55268 --- [RecordsManagement] [restartedMain] com.zaxxer.hikari.HikariConfig           : connectionTestQuery.............none
2025-01-31T07:08:16.015+10:00 DEBUG 55268 --- [RecordsManagement] [restartedMain] com.zaxxer.hikari.HikariConfig           : connectionTimeout...............30000
2025-01-31T07:08:16.016+10:00 DEBUG 55268 --- [RecordsManagement] [restartedMain] com.zaxxer.hikari.HikariConfig           : dataSource......................none
2025-01-31T07:08:16.016+10:00 DEBUG 55268 --- [RecordsManagement] [restartedMain] com.zaxxer.hikari.HikariConfig           : dataSourceClassName.............none
2025-01-31T07:08:16.016+10:00 DEBUG 55268 --- [RecordsManagement] [restartedMain] com.zaxxer.hikari.HikariConfig           : dataSourceJNDI..................none
2025-01-31T07:08:16.021+10:00 DEBUG 55268 --- [RecordsManagement] [restartedMain] com.zaxxer.hikari.HikariConfig           : dataSourceProperties............{password=<masked>}
2025-01-31T07:08:16.021+10:00 DEBUG 55268 --- [RecordsManagement] [restartedMain] com.zaxxer.hikari.HikariConfig           : driverClassName................."org.h2.Driver"
2025-01-31T07:08:16.022+10:00 DEBUG 55268 --- [RecordsManagement] [restartedMain] com.zaxxer.hikari.HikariConfig           : exceptionOverrideClassName......none
2025-01-31T07:08:16.022+10:00 DEBUG 55268 --- [RecordsManagement] [restartedMain] com.zaxxer.hikari.HikariConfig           : healthCheckProperties...........{}
2025-01-31T07:08:16.024+10:00 DEBUG 55268 --- [RecordsManagement] [restartedMain] com.zaxxer.hikari.HikariConfig           : healthCheckRegistry.............none
2025-01-31T07:08:16.025+10:00 DEBUG 55268 --- [RecordsManagement] [restartedMain] com.zaxxer.hikari.HikariConfig           : idleTimeout.....................600000
2025-01-31T07:08:16.028+10:00 DEBUG 55268 --- [RecordsManagement] [restartedMain] com.zaxxer.hikari.HikariConfig           : initializationFailTimeout.......1
2025-01-31T07:08:16.029+10:00 DEBUG 55268 --- [RecordsManagement] [restartedMain] com.zaxxer.hikari.HikariConfig           : isolateInternalQueries..........false
2025-01-31T07:08:16.029+10:00 DEBUG 55268 --- [RecordsManagement] [restartedMain] com.zaxxer.hikari.HikariConfig           : jdbcUrl.........................jdbc:h2:mem:records-management
2025-01-31T07:08:16.029+10:00 DEBUG 55268 --- [RecordsManagement] [restartedMain] com.zaxxer.hikari.HikariConfig           : keepaliveTime...................0
2025-01-31T07:08:16.030+10:00 DEBUG 55268 --- [RecordsManagement] [restartedMain] com.zaxxer.hikari.HikariConfig           : leakDetectionThreshold..........0
2025-01-31T07:08:16.030+10:00 DEBUG 55268 --- [RecordsManagement] [restartedMain] com.zaxxer.hikari.HikariConfig           : maxLifetime.....................1800000
2025-01-31T07:08:16.030+10:00 DEBUG 55268 --- [RecordsManagement] [restartedMain] com.zaxxer.hikari.HikariConfig           : maximumPoolSize.................10
2025-01-31T07:08:16.030+10:00 DEBUG 55268 --- [RecordsManagement] [restartedMain] com.zaxxer.hikari.HikariConfig           : metricRegistry..................none
2025-01-31T07:08:16.034+10:00 DEBUG 55268 --- [RecordsManagement] [restartedMain] com.zaxxer.hikari.HikariConfig           : metricsTrackerFactory...........none
2025-01-31T07:08:16.034+10:00 DEBUG 55268 --- [RecordsManagement] [restartedMain] com.zaxxer.hikari.HikariConfig           : minimumIdle.....................10
2025-01-31T07:08:16.034+10:00 DEBUG 55268 --- [RecordsManagement] [restartedMain] com.zaxxer.hikari.HikariConfig           : password........................<masked>
2025-01-31T07:08:16.034+10:00 DEBUG 55268 --- [RecordsManagement] [restartedMain] com.zaxxer.hikari.HikariConfig           : poolName........................"HikariPool-1"
2025-01-31T07:08:16.037+10:00 DEBUG 55268 --- [RecordsManagement] [restartedMain] com.zaxxer.hikari.HikariConfig           : readOnly........................false
2025-01-31T07:08:16.037+10:00 DEBUG 55268 --- [RecordsManagement] [restartedMain] com.zaxxer.hikari.HikariConfig           : registerMbeans..................false
2025-01-31T07:08:16.038+10:00 DEBUG 55268 --- [RecordsManagement] [restartedMain] com.zaxxer.hikari.HikariConfig           : scheduledExecutor...............none
2025-01-31T07:08:16.038+10:00 DEBUG 55268 --- [RecordsManagement] [restartedMain] com.zaxxer.hikari.HikariConfig           : schema..........................none
2025-01-31T07:08:16.040+10:00 DEBUG 55268 --- [RecordsManagement] [restartedMain] com.zaxxer.hikari.HikariConfig           : threadFactory...................internal
2025-01-31T07:08:16.040+10:00 DEBUG 55268 --- [RecordsManagement] [restartedMain] com.zaxxer.hikari.HikariConfig           : transactionIsolation............default
2025-01-31T07:08:16.040+10:00 DEBUG 55268 --- [RecordsManagement] [restartedMain] com.zaxxer.hikari.HikariConfig           : username........................"sa"
2025-01-31T07:08:16.040+10:00 DEBUG 55268 --- [RecordsManagement] [restartedMain] com.zaxxer.hikari.HikariConfig           : validationTimeout...............5000
2025-01-31T07:08:17.229+10:00  WARN 55268 --- [RecordsManagement] [restartedMain] JpaBaseConfiguration$JpaWebConfiguration : spring.jpa.open-in-view is enabled by default. Therefore, database queries may be performed during view rendering. Explicitly configure spring.jpa.open-in-view to disable this warning
2025-01-31T07:08:25.971+10:00  INFO 55268 --- [RecordsManagement] [http-nio-8080-exec-1] o.s.web.servlet.DispatcherServlet        : Initializing Servlet 'dispatcherServlet'
2025-01-31T07:08:25.972+10:00  INFO 55268 --- [RecordsManagement] [http-nio-8080-exec-1] o.s.web.servlet.DispatcherServlet        : Completed initialization in 1 ms
2025-01-31T07:08:38.557+10:00  INFO 55268 --- [RecordsManagement] [http-nio-8080-exec-9] c.m.r.controller.DashboardController     : getDashboard(...)
2025-01-31T07:08:38.557+10:00  INFO 55268 --- [RecordsManagement] [http-nio-8080-exec-9] c.m.r.controller.DashboardController     : getDashboard(...) - optionalUser is Present
2025-01-31T07:08:41.650+10:00  INFO 55268 --- [RecordsManagement] [http-nio-8080-exec-3] c.m.r.controller.PersonController        : getPersonDetails(...)
2025-01-31T07:08:41.654+10:00 DEBUG 55268 --- [RecordsManagement] [http-nio-8080-exec-3] o.s.jdbc.datasource.DataSourceUtils      : Setting JDBC Connection [HikariProxyConnection@2118601175 wrapping conn0: url=jdbc:h2:mem:records-management user=SA] read-only
2025-01-31T07:08:41.657+10:00 DEBUG 55268 --- [RecordsManagement] [http-nio-8080-exec-3] o.s.jdbc.datasource.DataSourceUtils      : Resetting read-only flag of JDBC Connection [HikariProxyConnection@2118601175 wrapping conn0: url=jdbc:h2:mem:records-management user=SA]
2025-01-31T07:08:42.649+10:00  INFO 55268 --- [RecordsManagement] [http-nio-8080-exec-6] c.m.r.controller.StudentController       : getStudentsByPersonId(...)
2025-01-31T07:08:43.456+10:00  INFO 55268 --- [RecordsManagement] [http-nio-8080-exec-5] c.m.r.controller.PersonController        : viewPersonFullDetails(...) - Loading full details view for person ID: 1
2025-01-31T07:08:43.456+10:00 DEBUG 55268 --- [RecordsManagement] [http-nio-8080-exec-5] o.s.jdbc.datasource.DataSourceUtils      : Setting JDBC Connection [HikariProxyConnection@2071518749 wrapping conn0: url=jdbc:h2:mem:records-management user=SA] read-only
2025-01-31T07:08:43.457+10:00 DEBUG 55268 --- [RecordsManagement] [http-nio-8080-exec-5] o.s.jdbc.datasource.DataSourceUtils      : Resetting read-only flag of JDBC Connection [HikariProxyConnection@2071518749 wrapping conn0: url=jdbc:h2:mem:records-management user=SA]
2025-01-31T07:08:47.898+10:00  INFO 55268 --- [RecordsManagement] [http-nio-8080-exec-8] c.m.r.controller.PersonController        : viewPersonFullDetails(...) - Loading full details view for person ID: 1
2025-01-31T07:08:47.899+10:00 DEBUG 55268 --- [RecordsManagement] [http-nio-8080-exec-8] o.s.jdbc.datasource.DataSourceUtils      : Setting JDBC Connection [HikariProxyConnection@1278256195 wrapping conn0: url=jdbc:h2:mem:records-management user=SA] read-only
2025-01-31T07:08:47.900+10:00 DEBUG 55268 --- [RecordsManagement] [http-nio-8080-exec-8] o.s.jdbc.datasource.DataSourceUtils      : Resetting read-only flag of JDBC Connection [HikariProxyConnection@1278256195 wrapping conn0: url=jdbc:h2:mem:records-management user=SA]
2025-01-31T07:09:01.321+10:00  INFO 55268 --- [RecordsManagement] [http-nio-8080-exec-10] c.m.r.controller.PersonController        : Saving email for personId: 1, emailId: null
2025-01-31T07:09:01.321+10:00 DEBUG 55268 --- [RecordsManagement] [http-nio-8080-exec-10] o.s.jdbc.datasource.DataSourceUtils      : Setting JDBC Connection [HikariProxyConnection@565029731 wrapping conn0: url=jdbc:h2:mem:records-management user=SA] read-only
2025-01-31T07:09:01.323+10:00 DEBUG 55268 --- [RecordsManagement] [http-nio-8080-exec-10] o.s.jdbc.datasource.DataSourceUtils      : Resetting read-only flag of JDBC Connection [HikariProxyConnection@565029731 wrapping conn0: url=jdbc:h2:mem:records-management user=SA]
2025-01-31T07:09:09.426+10:00  INFO 55268 --- [RecordsManagement] [http-nio-8080-exec-2] c.m.r.controller.PersonController        : editPersonFullDetails(...) - Loading full details view for person ID: 1
2025-01-31T07:09:09.426+10:00 DEBUG 55268 --- [RecordsManagement] [http-nio-8080-exec-2] o.s.jdbc.datasource.DataSourceUtils      : Setting JDBC Connection [HikariProxyConnection@1384503023 wrapping conn0: url=jdbc:h2:mem:records-management user=SA] read-only
2025-01-31T07:09:09.427+10:00 DEBUG 55268 --- [RecordsManagement] [http-nio-8080-exec-2] o.s.jdbc.datasource.DataSourceUtils      : Resetting read-only flag of JDBC Connection [HikariProxyConnection@1384503023 wrapping conn0: url=jdbc:h2:mem:records-management user=SA]
2025-01-31T07:09:11.681+10:00  INFO 55268 --- [RecordsManagement] [http-nio-8080-exec-1] c.m.r.controller.PersonController        : updatePersonFullDetails(...) - Updating details for person ID: 1
2025-01-31T07:09:11.682+10:00 DEBUG 55268 --- [RecordsManagement] [http-nio-8080-exec-1] o.s.jdbc.datasource.DataSourceUtils      : Setting JDBC Connection [HikariProxyConnection@645798692 wrapping conn0: url=jdbc:h2:mem:records-management user=SA] read-only
2025-01-31T07:09:11.683+10:00 DEBUG 55268 --- [RecordsManagement] [http-nio-8080-exec-1] o.s.jdbc.datasource.DataSourceUtils      : Resetting read-only flag of JDBC Connection [HikariProxyConnection@645798692 wrapping conn0: url=jdbc:h2:mem:records-management user=SA]
2025-01-31T07:09:11.693+10:00  INFO 55268 --- [RecordsManagement] [http-nio-8080-exec-4] c.m.r.controller.PersonController        : viewPersonFullDetails(...) - Loading full details view for person ID: 1
2025-01-31T07:09:11.694+10:00 DEBUG 55268 --- [RecordsManagement] [http-nio-8080-exec-4] o.s.jdbc.datasource.DataSourceUtils      : Setting JDBC Connection [HikariProxyConnection@1628813685 wrapping conn0: url=jdbc:h2:mem:records-management user=SA] read-only
2025-01-31T07:09:11.695+10:00 DEBUG 55268 --- [RecordsManagement] [http-nio-8080-exec-4] o.s.jdbc.datasource.DataSourceUtils      : Resetting read-only flag of JDBC Connection [HikariProxyConnection@1628813685 wrapping conn0: url=jdbc:h2:mem:records-management user=SA]
2025-01-31T07:09:23.025+10:00  INFO 55268 --- [RecordsManagement] [http-nio-8080-exec-3] c.m.r.controller.PersonController        : editPersonFullDetails(...) - Loading full details view for person ID: 1
2025-01-31T07:09:23.026+10:00 DEBUG 55268 --- [RecordsManagement] [http-nio-8080-exec-3] o.s.jdbc.datasource.DataSourceUtils      : Setting JDBC Connection [HikariProxyConnection@1390992341 wrapping conn0: url=jdbc:h2:mem:records-management user=SA] read-only
2025-01-31T07:09:23.027+10:00 DEBUG 55268 --- [RecordsManagement] [http-nio-8080-exec-3] o.s.jdbc.datasource.DataSourceUtils      : Resetting read-only flag of JDBC Connection [HikariProxyConnection@1390992341 wrapping conn0: url=jdbc:h2:mem:records-management user=SA]
2025-01-31T07:38:39.282+10:00  WARN 55268 --- [RecordsManagement] [SpringApplicationShutdownHook] o.s.b.f.support.DisposableBeanAdapter    : Invocation of destroy method failed on bean with name 'inMemoryDatabaseShutdownExecutor': org.h2.jdbc.JdbcSQLNonTransientConnectionException: Database is already closed (to disable automatic closing at VM shutdown, add ";DB_CLOSE_ON_EXIT=FALSE" to the db URL) [90121-224]
