2024-10-31T05:50:47.903+10:00  WARN 84076 --- [RecordsManagement] [SpringApplicationShutdownHook] o.s.b.f.support.DisposableBeanAdapter    : Invocation of destroy method failed on bean with name 'inMemoryDatabaseShutdownExecutor': org.h2.jdbc.JdbcSQLNonTransientConnectionException: Database is already closed (to disable automatic closing at VM shutdown, add ";DB_CLOSE_ON_EXIT=FALSE" to the db URL) [90121-224]
2024-10-31T05:50:52.943+10:00 DEBUG 33563 --- [RecordsManagement] [restartedMain] com.zaxxer.hikari.HikariConfig           : Driver class org.h2.Driver found in Thread context class loader org.springframework.boot.devtools.restart.classloader.RestartClassLoader@64db0cdd
2024-10-31T05:50:53.364+10:00 DEBUG 33563 --- [RecordsManagement] [restartedMain] com.zaxxer.hikari.HikariConfig           : HikariPool-1 - configuration:
2024-10-31T05:50:53.367+10:00 DEBUG 33563 --- [RecordsManagement] [restartedMain] com.zaxxer.hikari.HikariConfig           : allowPoolSuspension.............false
2024-10-31T05:50:53.367+10:00 DEBUG 33563 --- [RecordsManagement] [restartedMain] com.zaxxer.hikari.HikariConfig           : autoCommit......................true
2024-10-31T05:50:53.368+10:00 DEBUG 33563 --- [RecordsManagement] [restartedMain] com.zaxxer.hikari.HikariConfig           : catalog.........................none
2024-10-31T05:50:53.368+10:00 DEBUG 33563 --- [RecordsManagement] [restartedMain] com.zaxxer.hikari.HikariConfig           : connectionInitSql...............none
2024-10-31T05:50:53.368+10:00 DEBUG 33563 --- [RecordsManagement] [restartedMain] com.zaxxer.hikari.HikariConfig           : connectionTestQuery.............none
2024-10-31T05:50:53.369+10:00 DEBUG 33563 --- [RecordsManagement] [restartedMain] com.zaxxer.hikari.HikariConfig           : connectionTimeout...............30000
2024-10-31T05:50:53.370+10:00 DEBUG 33563 --- [RecordsManagement] [restartedMain] com.zaxxer.hikari.HikariConfig           : dataSource......................none
2024-10-31T05:50:53.370+10:00 DEBUG 33563 --- [RecordsManagement] [restartedMain] com.zaxxer.hikari.HikariConfig           : dataSourceClassName.............none
2024-10-31T05:50:53.370+10:00 DEBUG 33563 --- [RecordsManagement] [restartedMain] com.zaxxer.hikari.HikariConfig           : dataSourceJNDI..................none
2024-10-31T05:50:53.371+10:00 DEBUG 33563 --- [RecordsManagement] [restartedMain] com.zaxxer.hikari.HikariConfig           : dataSourceProperties............{password=<masked>}
2024-10-31T05:50:53.371+10:00 DEBUG 33563 --- [RecordsManagement] [restartedMain] com.zaxxer.hikari.HikariConfig           : driverClassName................."org.h2.Driver"
2024-10-31T05:50:53.372+10:00 DEBUG 33563 --- [RecordsManagement] [restartedMain] com.zaxxer.hikari.HikariConfig           : exceptionOverrideClassName......none
2024-10-31T05:50:53.372+10:00 DEBUG 33563 --- [RecordsManagement] [restartedMain] com.zaxxer.hikari.HikariConfig           : healthCheckProperties...........{}
2024-10-31T05:50:53.372+10:00 DEBUG 33563 --- [RecordsManagement] [restartedMain] com.zaxxer.hikari.HikariConfig           : healthCheckRegistry.............none
2024-10-31T05:50:53.372+10:00 DEBUG 33563 --- [RecordsManagement] [restartedMain] com.zaxxer.hikari.HikariConfig           : idleTimeout.....................600000
2024-10-31T05:50:53.373+10:00 DEBUG 33563 --- [RecordsManagement] [restartedMain] com.zaxxer.hikari.HikariConfig           : initializationFailTimeout.......1
2024-10-31T05:50:53.373+10:00 DEBUG 33563 --- [RecordsManagement] [restartedMain] com.zaxxer.hikari.HikariConfig           : isolateInternalQueries..........false
2024-10-31T05:50:53.373+10:00 DEBUG 33563 --- [RecordsManagement] [restartedMain] com.zaxxer.hikari.HikariConfig           : jdbcUrl.........................jdbc:h2:mem:records-management
2024-10-31T05:50:53.373+10:00 DEBUG 33563 --- [RecordsManagement] [restartedMain] com.zaxxer.hikari.HikariConfig           : keepaliveTime...................0
2024-10-31T05:50:53.373+10:00 DEBUG 33563 --- [RecordsManagement] [restartedMain] com.zaxxer.hikari.HikariConfig           : leakDetectionThreshold..........0
2024-10-31T05:50:53.374+10:00 DEBUG 33563 --- [RecordsManagement] [restartedMain] com.zaxxer.hikari.HikariConfig           : maxLifetime.....................1800000
2024-10-31T05:50:53.374+10:00 DEBUG 33563 --- [RecordsManagement] [restartedMain] com.zaxxer.hikari.HikariConfig           : maximumPoolSize.................10
2024-10-31T05:50:53.374+10:00 DEBUG 33563 --- [RecordsManagement] [restartedMain] com.zaxxer.hikari.HikariConfig           : metricRegistry..................none
2024-10-31T05:50:53.374+10:00 DEBUG 33563 --- [RecordsManagement] [restartedMain] com.zaxxer.hikari.HikariConfig           : metricsTrackerFactory...........none
2024-10-31T05:50:53.374+10:00 DEBUG 33563 --- [RecordsManagement] [restartedMain] com.zaxxer.hikari.HikariConfig           : minimumIdle.....................10
2024-10-31T05:50:53.375+10:00 DEBUG 33563 --- [RecordsManagement] [restartedMain] com.zaxxer.hikari.HikariConfig           : password........................<masked>
2024-10-31T05:50:53.375+10:00 DEBUG 33563 --- [RecordsManagement] [restartedMain] com.zaxxer.hikari.HikariConfig           : poolName........................"HikariPool-1"
2024-10-31T05:50:53.375+10:00 DEBUG 33563 --- [RecordsManagement] [restartedMain] com.zaxxer.hikari.HikariConfig           : readOnly........................false
2024-10-31T05:50:53.375+10:00 DEBUG 33563 --- [RecordsManagement] [restartedMain] com.zaxxer.hikari.HikariConfig           : registerMbeans..................false
2024-10-31T05:50:53.375+10:00 DEBUG 33563 --- [RecordsManagement] [restartedMain] com.zaxxer.hikari.HikariConfig           : scheduledExecutor...............none
2024-10-31T05:50:53.376+10:00 DEBUG 33563 --- [RecordsManagement] [restartedMain] com.zaxxer.hikari.HikariConfig           : schema..........................none
2024-10-31T05:50:53.376+10:00 DEBUG 33563 --- [RecordsManagement] [restartedMain] com.zaxxer.hikari.HikariConfig           : threadFactory...................internal
2024-10-31T05:50:53.376+10:00 DEBUG 33563 --- [RecordsManagement] [restartedMain] com.zaxxer.hikari.HikariConfig           : transactionIsolation............default
2024-10-31T05:50:53.376+10:00 DEBUG 33563 --- [RecordsManagement] [restartedMain] com.zaxxer.hikari.HikariConfig           : username........................"sa"
2024-10-31T05:50:53.376+10:00 DEBUG 33563 --- [RecordsManagement] [restartedMain] com.zaxxer.hikari.HikariConfig           : validationTimeout...............5000
2024-10-31T05:50:55.012+10:00  WARN 33563 --- [RecordsManagement] [restartedMain] JpaBaseConfiguration$JpaWebConfiguration : spring.jpa.open-in-view is enabled by default. Therefore, database queries may be performed during view rendering. Explicitly configure spring.jpa.open-in-view to disable this warning
2024-10-31T05:50:56.739+10:00  INFO 33563 --- [RecordsManagement] [http-nio-8080-exec-1] o.s.web.servlet.DispatcherServlet        : Initializing Servlet 'dispatcherServlet'
2024-10-31T05:50:56.740+10:00  INFO 33563 --- [RecordsManagement] [http-nio-8080-exec-1] o.s.web.servlet.DispatcherServlet        : Completed initialization in 1 ms
2024-10-31T05:51:11.317+10:00  INFO 33563 --- [RecordsManagement] [http-nio-8080-exec-8] c.m.r.controller.DashboardController     : getDashboard(...)
2024-10-31T05:51:11.318+10:00  INFO 33563 --- [RecordsManagement] [http-nio-8080-exec-8] c.m.r.controller.DashboardController     : getDashboard(...) - optionalUser is Present
2024-10-31T05:51:13.595+10:00  INFO 33563 --- [RecordsManagement] [http-nio-8080-exec-4] c.m.r.controller.PersonController        : viewPersonFullDetails(...) - Loading full details view for person ID: 1
2024-10-31T05:51:13.598+10:00 DEBUG 33563 --- [RecordsManagement] [http-nio-8080-exec-4] o.s.jdbc.datasource.DataSourceUtils      : Setting JDBC Connection [HikariProxyConnection@1854216463 wrapping conn0: url=jdbc:h2:mem:records-management user=SA] read-only
2024-10-31T05:51:13.602+10:00 DEBUG 33563 --- [RecordsManagement] [http-nio-8080-exec-4] o.s.jdbc.datasource.DataSourceUtils      : Resetting read-only flag of JDBC Connection [HikariProxyConnection@1854216463 wrapping conn0: url=jdbc:h2:mem:records-management user=SA]
2024-10-31T05:51:29.119+10:00  INFO 33563 --- [RecordsManagement] [http-nio-8080-exec-5] c.m.r.controller.PersonController        : Saving email for personId: 1, emailId: null
2024-10-31T05:51:29.120+10:00 DEBUG 33563 --- [RecordsManagement] [http-nio-8080-exec-5] o.s.jdbc.datasource.DataSourceUtils      : Setting JDBC Connection [HikariProxyConnection@1333266883 wrapping conn0: url=jdbc:h2:mem:records-management user=SA] read-only
2024-10-31T05:51:29.121+10:00 DEBUG 33563 --- [RecordsManagement] [http-nio-8080-exec-5] o.s.jdbc.datasource.DataSourceUtils      : Resetting read-only flag of JDBC Connection [HikariProxyConnection@1333266883 wrapping conn0: url=jdbc:h2:mem:records-management user=SA]
2024-10-31T05:54:03.901+10:00  INFO 33563 --- [RecordsManagement] [http-nio-8080-exec-7] c.m.r.controller.DashboardController     : getDashboard(...)
2024-10-31T05:54:03.901+10:00  INFO 33563 --- [RecordsManagement] [http-nio-8080-exec-7] c.m.r.controller.DashboardController     : getDashboard(...) - optionalUser is Present
2024-10-31T05:54:06.954+10:00  INFO 33563 --- [RecordsManagement] [http-nio-8080-exec-10] c.m.r.controller.PersonController        : getPersonDetails(...)
2024-10-31T05:54:06.955+10:00 DEBUG 33563 --- [RecordsManagement] [http-nio-8080-exec-10] o.s.jdbc.datasource.DataSourceUtils      : Setting JDBC Connection [HikariProxyConnection@1849802663 wrapping conn0: url=jdbc:h2:mem:records-management user=SA] read-only
2024-10-31T05:54:06.957+10:00 DEBUG 33563 --- [RecordsManagement] [http-nio-8080-exec-10] o.s.jdbc.datasource.DataSourceUtils      : Resetting read-only flag of JDBC Connection [HikariProxyConnection@1849802663 wrapping conn0: url=jdbc:h2:mem:records-management user=SA]
2024-10-31T05:54:07.954+10:00  INFO 33563 --- [RecordsManagement] [http-nio-8080-exec-3] c.m.r.controller.StudentController       : getStudentsByPersonId(...)
2024-10-31T05:54:08.490+10:00  INFO 33563 --- [RecordsManagement] [http-nio-8080-exec-2] c.m.r.controller.PersonController        : viewPersonFullDetails(...) - Loading full details view for person ID: 1
2024-10-31T05:54:08.490+10:00 DEBUG 33563 --- [RecordsManagement] [http-nio-8080-exec-2] o.s.jdbc.datasource.DataSourceUtils      : Setting JDBC Connection [HikariProxyConnection@1598300423 wrapping conn0: url=jdbc:h2:mem:records-management user=SA] read-only
2024-10-31T05:54:08.491+10:00 DEBUG 33563 --- [RecordsManagement] [http-nio-8080-exec-2] o.s.jdbc.datasource.DataSourceUtils      : Resetting read-only flag of JDBC Connection [HikariProxyConnection@1598300423 wrapping conn0: url=jdbc:h2:mem:records-management user=SA]
2024-10-31T05:54:17.891+10:00  INFO 33563 --- [RecordsManagement] [http-nio-8080-exec-9] c.m.r.controller.PersonController        : Saving email for personId: 1, emailId: null
2024-10-31T05:54:17.891+10:00 DEBUG 33563 --- [RecordsManagement] [http-nio-8080-exec-9] o.s.jdbc.datasource.DataSourceUtils      : Setting JDBC Connection [HikariProxyConnection@2049718117 wrapping conn0: url=jdbc:h2:mem:records-management user=SA] read-only
2024-10-31T05:54:17.892+10:00 DEBUG 33563 --- [RecordsManagement] [http-nio-8080-exec-9] o.s.jdbc.datasource.DataSourceUtils      : Resetting read-only flag of JDBC Connection [HikariProxyConnection@2049718117 wrapping conn0: url=jdbc:h2:mem:records-management user=SA]
2024-10-31T08:06:49.980+10:00  WARN 33563 --- [RecordsManagement] [SpringApplicationShutdownHook] o.s.b.f.support.DisposableBeanAdapter    : Invocation of destroy method failed on bean with name 'inMemoryDatabaseShutdownExecutor': org.h2.jdbc.JdbcSQLNonTransientConnectionException: Database is already closed (to disable automatic closing at VM shutdown, add ";DB_CLOSE_ON_EXIT=FALSE" to the db URL) [90121-224]
