2024-11-07T00:15:10.996+10:00  WARN 34958 --- [RecordsManagement] [HikariPool-1 housekeeper] com.zaxxer.hikari.pool.HikariPool        : HikariPool-1 - Thread starvation or clock leap detected (housekeeper delta=1h1m8s55ms).
2024-11-07T01:16:19.024+10:00  WARN 34958 --- [RecordsManagement] [HikariPool-1 housekeeper] com.zaxxer.hikari.pool.HikariPool        : HikariPool-1 - Thread starvation or clock leap detected (housekeeper delta=1h1m8s57ms).
2024-11-07T02:17:28.004+10:00  WARN 34958 --- [RecordsManagement] [HikariPool-1 housekeeper] com.zaxxer.hikari.pool.HikariPool        : HikariPool-1 - Thread starvation or clock leap detected (housekeeper delta=1h1m8s892ms).
2024-11-07T03:18:37.958+10:00  WARN 34958 --- [RecordsManagement] [HikariPool-1 housekeeper] com.zaxxer.hikari.pool.HikariPool        : HikariPool-1 - Thread starvation or clock leap detected (housekeeper delta=1h1m9s957ms).
2024-11-07T03:46:09.945+10:00  WARN 34958 --- [RecordsManagement] [HikariPool-1 housekeeper] com.zaxxer.hikari.pool.HikariPool        : HikariPool-1 - Thread starvation or clock leap detected (housekeeper delta=27m32s50ms).
2024-11-07T04:19:46.538+10:00  WARN 34958 --- [RecordsManagement] [HikariPool-1 housekeeper] com.zaxxer.hikari.pool.HikariPool        : HikariPool-1 - Thread starvation or clock leap detected (housekeeper delta=33m36s616ms).
2024-11-07T05:12:04.471+10:00  WARN 34958 --- [RecordsManagement] [HikariPool-1 housekeeper] com.zaxxer.hikari.pool.HikariPool        : HikariPool-1 - Thread starvation or clock leap detected (housekeeper delta=52m17s933ms).
2024-11-07T05:20:55.998+10:00  WARN 34958 --- [RecordsManagement] [HikariPool-1 housekeeper] com.zaxxer.hikari.pool.HikariPool        : HikariPool-1 - Thread starvation or clock leap detected (housekeeper delta=8m51s527ms).
2024-11-07T06:22:01.586+10:00  WARN 34958 --- [RecordsManagement] [HikariPool-1 housekeeper] com.zaxxer.hikari.pool.HikariPool        : HikariPool-1 - Thread starvation or clock leap detected (housekeeper delta=1h1m5s588ms).
2024-11-07T06:23:00.875+10:00  WARN 34958 --- [RecordsManagement] [HikariPool-1 housekeeper] com.zaxxer.hikari.pool.HikariPool        : HikariPool-1 - Thread starvation or clock leap detected (housekeeper delta=59s289ms).
2024-11-07T06:32:30.559+10:00  WARN 34958 --- [RecordsManagement] [HikariPool-1 housekeeper] com.zaxxer.hikari.pool.HikariPool        : HikariPool-1 - Retrograde clock change detected (housekeeper delta=29s629ms), soft-evicting connections from pool.
2024-11-07T10:56:08.209+10:00  WARN 34958 --- [RecordsManagement] [HikariPool-1 housekeeper] com.zaxxer.hikari.pool.HikariPool        : HikariPool-1 - Thread starvation or clock leap detected (housekeeper delta=3m35s21ms).
2024-11-07T11:16:54.610+10:00  WARN 34958 --- [RecordsManagement] [HikariPool-1 housekeeper] com.zaxxer.hikari.pool.HikariPool        : HikariPool-1 - Thread starvation or clock leap detected (housekeeper delta=19m46s351ms).
2024-11-07T11:21:31.109+10:00  WARN 34958 --- [RecordsManagement] [HikariPool-1 housekeeper] com.zaxxer.hikari.pool.HikariPool        : HikariPool-1 - Thread starvation or clock leap detected (housekeeper delta=4m36s499ms).
2024-11-07T11:38:06.222+10:00  INFO 34958 --- [RecordsManagement] [http-nio-8080-exec-9] c.m.r.controller.DashboardController     : getDashboard(...)
2024-11-07T11:38:06.222+10:00  INFO 34958 --- [RecordsManagement] [http-nio-8080-exec-9] c.m.r.controller.DashboardController     : getDashboard(...) - optionalUser is Present
2024-11-07T11:38:17.690+10:00  INFO 34958 --- [RecordsManagement] [http-nio-8080-exec-3] c.m.r.controller.PersonController        : viewPersonFullDetails(...) - Loading full details view for person ID: 1
2024-11-07T11:38:17.691+10:00 DEBUG 34958 --- [RecordsManagement] [http-nio-8080-exec-3] o.s.jdbc.datasource.DataSourceUtils      : Setting JDBC Connection [HikariProxyConnection@538760750 wrapping conn130: url=jdbc:h2:mem:records-management user=SA] read-only
2024-11-07T11:38:17.693+10:00 DEBUG 34958 --- [RecordsManagement] [http-nio-8080-exec-3] o.s.jdbc.datasource.DataSourceUtils      : Resetting read-only flag of JDBC Connection [HikariProxyConnection@538760750 wrapping conn130: url=jdbc:h2:mem:records-management user=SA]
2024-11-07T11:38:40.635+10:00  WARN 34958 --- [RecordsManagement] [SpringApplicationShutdownHook] o.s.b.f.support.DisposableBeanAdapter    : Invocation of destroy method failed on bean with name 'inMemoryDatabaseShutdownExecutor': org.h2.jdbc.JdbcSQLNonTransientConnectionException: Database is already closed (to disable automatic closing at VM shutdown, add ";DB_CLOSE_ON_EXIT=FALSE" to the db URL) [90121-224]
2024-11-07T11:38:45.349+10:00 DEBUG 62139 --- [RecordsManagement] [restartedMain] com.zaxxer.hikari.HikariConfig           : Driver class org.h2.Driver found in Thread context class loader org.springframework.boot.devtools.restart.classloader.RestartClassLoader@64db0cdd
2024-11-07T11:38:45.757+10:00 DEBUG 62139 --- [RecordsManagement] [restartedMain] com.zaxxer.hikari.HikariConfig           : HikariPool-1 - configuration:
2024-11-07T11:38:45.762+10:00 DEBUG 62139 --- [RecordsManagement] [restartedMain] com.zaxxer.hikari.HikariConfig           : allowPoolSuspension.............false
2024-11-07T11:38:45.763+10:00 DEBUG 62139 --- [RecordsManagement] [restartedMain] com.zaxxer.hikari.HikariConfig           : autoCommit......................true
2024-11-07T11:38:45.763+10:00 DEBUG 62139 --- [RecordsManagement] [restartedMain] com.zaxxer.hikari.HikariConfig           : catalog.........................none
2024-11-07T11:38:45.763+10:00 DEBUG 62139 --- [RecordsManagement] [restartedMain] com.zaxxer.hikari.HikariConfig           : connectionInitSql...............none
2024-11-07T11:38:45.763+10:00 DEBUG 62139 --- [RecordsManagement] [restartedMain] com.zaxxer.hikari.HikariConfig           : connectionTestQuery.............none
2024-11-07T11:38:45.764+10:00 DEBUG 62139 --- [RecordsManagement] [restartedMain] com.zaxxer.hikari.HikariConfig           : connectionTimeout...............30000
2024-11-07T11:38:45.764+10:00 DEBUG 62139 --- [RecordsManagement] [restartedMain] com.zaxxer.hikari.HikariConfig           : dataSource......................none
2024-11-07T11:38:45.764+10:00 DEBUG 62139 --- [RecordsManagement] [restartedMain] com.zaxxer.hikari.HikariConfig           : dataSourceClassName.............none
2024-11-07T11:38:45.765+10:00 DEBUG 62139 --- [RecordsManagement] [restartedMain] com.zaxxer.hikari.HikariConfig           : dataSourceJNDI..................none
2024-11-07T11:38:45.765+10:00 DEBUG 62139 --- [RecordsManagement] [restartedMain] com.zaxxer.hikari.HikariConfig           : dataSourceProperties............{password=<masked>}
2024-11-07T11:38:45.765+10:00 DEBUG 62139 --- [RecordsManagement] [restartedMain] com.zaxxer.hikari.HikariConfig           : driverClassName................."org.h2.Driver"
2024-11-07T11:38:45.766+10:00 DEBUG 62139 --- [RecordsManagement] [restartedMain] com.zaxxer.hikari.HikariConfig           : exceptionOverrideClassName......none
2024-11-07T11:38:45.766+10:00 DEBUG 62139 --- [RecordsManagement] [restartedMain] com.zaxxer.hikari.HikariConfig           : healthCheckProperties...........{}
2024-11-07T11:38:45.766+10:00 DEBUG 62139 --- [RecordsManagement] [restartedMain] com.zaxxer.hikari.HikariConfig           : healthCheckRegistry.............none
2024-11-07T11:38:45.766+10:00 DEBUG 62139 --- [RecordsManagement] [restartedMain] com.zaxxer.hikari.HikariConfig           : idleTimeout.....................600000
2024-11-07T11:38:45.767+10:00 DEBUG 62139 --- [RecordsManagement] [restartedMain] com.zaxxer.hikari.HikariConfig           : initializationFailTimeout.......1
2024-11-07T11:38:45.767+10:00 DEBUG 62139 --- [RecordsManagement] [restartedMain] com.zaxxer.hikari.HikariConfig           : isolateInternalQueries..........false
2024-11-07T11:38:45.767+10:00 DEBUG 62139 --- [RecordsManagement] [restartedMain] com.zaxxer.hikari.HikariConfig           : jdbcUrl.........................jdbc:h2:mem:records-management
2024-11-07T11:38:45.767+10:00 DEBUG 62139 --- [RecordsManagement] [restartedMain] com.zaxxer.hikari.HikariConfig           : keepaliveTime...................0
2024-11-07T11:38:45.767+10:00 DEBUG 62139 --- [RecordsManagement] [restartedMain] com.zaxxer.hikari.HikariConfig           : leakDetectionThreshold..........0
2024-11-07T11:38:45.768+10:00 DEBUG 62139 --- [RecordsManagement] [restartedMain] com.zaxxer.hikari.HikariConfig           : maxLifetime.....................1800000
2024-11-07T11:38:45.768+10:00 DEBUG 62139 --- [RecordsManagement] [restartedMain] com.zaxxer.hikari.HikariConfig           : maximumPoolSize.................10
2024-11-07T11:38:45.768+10:00 DEBUG 62139 --- [RecordsManagement] [restartedMain] com.zaxxer.hikari.HikariConfig           : metricRegistry..................none
2024-11-07T11:38:45.768+10:00 DEBUG 62139 --- [RecordsManagement] [restartedMain] com.zaxxer.hikari.HikariConfig           : metricsTrackerFactory...........none
2024-11-07T11:38:45.768+10:00 DEBUG 62139 --- [RecordsManagement] [restartedMain] com.zaxxer.hikari.HikariConfig           : minimumIdle.....................10
2024-11-07T11:38:45.768+10:00 DEBUG 62139 --- [RecordsManagement] [restartedMain] com.zaxxer.hikari.HikariConfig           : password........................<masked>
2024-11-07T11:38:45.769+10:00 DEBUG 62139 --- [RecordsManagement] [restartedMain] com.zaxxer.hikari.HikariConfig           : poolName........................"HikariPool-1"
2024-11-07T11:38:45.769+10:00 DEBUG 62139 --- [RecordsManagement] [restartedMain] com.zaxxer.hikari.HikariConfig           : readOnly........................false
2024-11-07T11:38:45.769+10:00 DEBUG 62139 --- [RecordsManagement] [restartedMain] com.zaxxer.hikari.HikariConfig           : registerMbeans..................false
2024-11-07T11:38:45.769+10:00 DEBUG 62139 --- [RecordsManagement] [restartedMain] com.zaxxer.hikari.HikariConfig           : scheduledExecutor...............none
2024-11-07T11:38:45.769+10:00 DEBUG 62139 --- [RecordsManagement] [restartedMain] com.zaxxer.hikari.HikariConfig           : schema..........................none
2024-11-07T11:38:45.769+10:00 DEBUG 62139 --- [RecordsManagement] [restartedMain] com.zaxxer.hikari.HikariConfig           : threadFactory...................internal
2024-11-07T11:38:45.769+10:00 DEBUG 62139 --- [RecordsManagement] [restartedMain] com.zaxxer.hikari.HikariConfig           : transactionIsolation............default
2024-11-07T11:38:45.770+10:00 DEBUG 62139 --- [RecordsManagement] [restartedMain] com.zaxxer.hikari.HikariConfig           : username........................"sa"
2024-11-07T11:38:45.770+10:00 DEBUG 62139 --- [RecordsManagement] [restartedMain] com.zaxxer.hikari.HikariConfig           : validationTimeout...............5000
2024-11-07T11:38:47.192+10:00  WARN 62139 --- [RecordsManagement] [restartedMain] JpaBaseConfiguration$JpaWebConfiguration : spring.jpa.open-in-view is enabled by default. Therefore, database queries may be performed during view rendering. Explicitly configure spring.jpa.open-in-view to disable this warning
2024-11-07T11:38:49.432+10:00  INFO 62139 --- [RecordsManagement] [http-nio-8080-exec-1] o.s.web.servlet.DispatcherServlet        : Initializing Servlet 'dispatcherServlet'
2024-11-07T11:38:49.433+10:00  INFO 62139 --- [RecordsManagement] [http-nio-8080-exec-1] o.s.web.servlet.DispatcherServlet        : Completed initialization in 0 ms
2024-11-07T11:38:49.520+10:00  INFO 62139 --- [RecordsManagement] [http-nio-8080-exec-1] c.m.r.controller.DashboardController     : getDashboard(...)
2024-11-07T11:38:49.521+10:00  INFO 62139 --- [RecordsManagement] [http-nio-8080-exec-1] c.m.r.controller.DashboardController     : getDashboard(...) - optionalUser is Present
2024-11-07T11:38:53.292+10:00  INFO 62139 --- [RecordsManagement] [http-nio-8080-exec-1] c.m.r.controller.PersonController        : viewPersonFullDetails(...) - Loading full details view for person ID: 1
2024-11-07T11:38:53.295+10:00 DEBUG 62139 --- [RecordsManagement] [http-nio-8080-exec-1] o.s.jdbc.datasource.DataSourceUtils      : Setting JDBC Connection [HikariProxyConnection@1646549665 wrapping conn0: url=jdbc:h2:mem:records-management user=SA] read-only
2024-11-07T11:38:53.300+10:00 DEBUG 62139 --- [RecordsManagement] [http-nio-8080-exec-1] o.s.jdbc.datasource.DataSourceUtils      : Resetting read-only flag of JDBC Connection [HikariProxyConnection@1646549665 wrapping conn0: url=jdbc:h2:mem:records-management user=SA]
2024-11-07T11:38:59.523+10:00  INFO 62139 --- [RecordsManagement] [http-nio-8080-exec-3] c.m.r.controller.PersonController        : deleteEmail(...) - emailId 2
2024-11-07T11:38:59.531+10:00  INFO 62139 --- [RecordsManagement] [http-nio-8080-exec-3] c.m.r.controller.PersonController        : completed call to delete email
2024-11-07T11:39:02.660+10:00  INFO 62139 --- [RecordsManagement] [http-nio-8080-exec-8] c.m.r.controller.DashboardController     : getDashboard(...)
2024-11-07T11:39:02.661+10:00  INFO 62139 --- [RecordsManagement] [http-nio-8080-exec-8] c.m.r.controller.DashboardController     : getDashboard(...) - optionalUser is Present
2024-11-07T11:39:03.242+10:00  INFO 62139 --- [RecordsManagement] [http-nio-8080-exec-2] c.m.r.controller.PersonController        : getPersonDetails(...)
2024-11-07T11:39:03.242+10:00 DEBUG 62139 --- [RecordsManagement] [http-nio-8080-exec-2] o.s.jdbc.datasource.DataSourceUtils      : Setting JDBC Connection [HikariProxyConnection@325764621 wrapping conn0: url=jdbc:h2:mem:records-management user=SA] read-only
2024-11-07T11:39:03.244+10:00 DEBUG 62139 --- [RecordsManagement] [http-nio-8080-exec-2] o.s.jdbc.datasource.DataSourceUtils      : Resetting read-only flag of JDBC Connection [HikariProxyConnection@325764621 wrapping conn0: url=jdbc:h2:mem:records-management user=SA]
2024-11-07T11:39:03.741+10:00  INFO 62139 --- [RecordsManagement] [http-nio-8080-exec-5] c.m.r.controller.StudentController       : getStudentsByPersonId(...)
2024-11-07T11:39:06.422+10:00  INFO 62139 --- [RecordsManagement] [http-nio-8080-exec-4] c.m.r.controller.PersonController        : viewPersonFullDetails(...) - Loading full details view for person ID: 1
2024-11-07T11:39:06.422+10:00 DEBUG 62139 --- [RecordsManagement] [http-nio-8080-exec-4] o.s.jdbc.datasource.DataSourceUtils      : Setting JDBC Connection [HikariProxyConnection@534645890 wrapping conn0: url=jdbc:h2:mem:records-management user=SA] read-only
2024-11-07T11:39:06.424+10:00 DEBUG 62139 --- [RecordsManagement] [http-nio-8080-exec-4] o.s.jdbc.datasource.DataSourceUtils      : Resetting read-only flag of JDBC Connection [HikariProxyConnection@534645890 wrapping conn0: url=jdbc:h2:mem:records-management user=SA]
2024-11-07T11:39:11.590+10:00  INFO 62139 --- [RecordsManagement] [http-nio-8080-exec-7] c.m.r.controller.PersonController        : deleteEmail(...) - emailId 1
2024-11-07T11:39:11.594+10:00  INFO 62139 --- [RecordsManagement] [http-nio-8080-exec-7] c.m.r.controller.PersonController        : completed call to delete email
2024-11-07T11:39:15.611+10:00  INFO 62139 --- [RecordsManagement] [http-nio-8080-exec-9] c.m.r.controller.DashboardController     : getDashboard(...)
2024-11-07T11:39:15.611+10:00  INFO 62139 --- [RecordsManagement] [http-nio-8080-exec-9] c.m.r.controller.DashboardController     : getDashboard(...) - optionalUser is Present
2024-11-07T11:39:18.174+10:00  INFO 62139 --- [RecordsManagement] [http-nio-8080-exec-1] c.m.r.controller.PersonController        : viewPersonFullDetails(...) - Loading full details view for person ID: 1
2024-11-07T11:39:18.174+10:00 DEBUG 62139 --- [RecordsManagement] [http-nio-8080-exec-1] o.s.jdbc.datasource.DataSourceUtils      : Setting JDBC Connection [HikariProxyConnection@1720183585 wrapping conn0: url=jdbc:h2:mem:records-management user=SA] read-only
2024-11-07T11:39:18.176+10:00 DEBUG 62139 --- [RecordsManagement] [http-nio-8080-exec-1] o.s.jdbc.datasource.DataSourceUtils      : Resetting read-only flag of JDBC Connection [HikariProxyConnection@1720183585 wrapping conn0: url=jdbc:h2:mem:records-management user=SA]
2024-11-07T11:39:29.412+10:00  INFO 62139 --- [RecordsManagement] [http-nio-8080-exec-8] c.m.r.controller.PersonController        : Saving email for personId: 1, emailId: null
2024-11-07T11:39:29.413+10:00 DEBUG 62139 --- [RecordsManagement] [http-nio-8080-exec-8] o.s.jdbc.datasource.DataSourceUtils      : Setting JDBC Connection [HikariProxyConnection@1587583973 wrapping conn0: url=jdbc:h2:mem:records-management user=SA] read-only
2024-11-07T11:39:29.414+10:00 DEBUG 62139 --- [RecordsManagement] [http-nio-8080-exec-8] o.s.jdbc.datasource.DataSourceUtils      : Resetting read-only flag of JDBC Connection [HikariProxyConnection@1587583973 wrapping conn0: url=jdbc:h2:mem:records-management user=SA]
2024-11-07T11:39:39.292+10:00  INFO 62139 --- [RecordsManagement] [http-nio-8080-exec-10] c.m.r.controller.DashboardController     : getDashboard(...)
2024-11-07T11:39:39.293+10:00  INFO 62139 --- [RecordsManagement] [http-nio-8080-exec-10] c.m.r.controller.DashboardController     : getDashboard(...) - optionalUser is Present
2024-11-07T11:39:39.856+10:00  INFO 62139 --- [RecordsManagement] [http-nio-8080-exec-5] c.m.r.controller.PersonController        : getPersonDetails(...)
2024-11-07T11:39:39.857+10:00 DEBUG 62139 --- [RecordsManagement] [http-nio-8080-exec-5] o.s.jdbc.datasource.DataSourceUtils      : Setting JDBC Connection [HikariProxyConnection@692288554 wrapping conn0: url=jdbc:h2:mem:records-management user=SA] read-only
2024-11-07T11:39:39.859+10:00 DEBUG 62139 --- [RecordsManagement] [http-nio-8080-exec-5] o.s.jdbc.datasource.DataSourceUtils      : Resetting read-only flag of JDBC Connection [HikariProxyConnection@692288554 wrapping conn0: url=jdbc:h2:mem:records-management user=SA]
2024-11-07T11:39:40.355+10:00  INFO 62139 --- [RecordsManagement] [http-nio-8080-exec-3] c.m.r.controller.StudentController       : getStudentsByPersonId(...)
2024-11-07T11:39:44.357+10:00  INFO 62139 --- [RecordsManagement] [http-nio-8080-exec-2] c.m.r.controller.PersonController        : viewPersonFullDetails(...) - Loading full details view for person ID: 1
2024-11-07T11:39:44.357+10:00 DEBUG 62139 --- [RecordsManagement] [http-nio-8080-exec-2] o.s.jdbc.datasource.DataSourceUtils      : Setting JDBC Connection [HikariProxyConnection@837316358 wrapping conn0: url=jdbc:h2:mem:records-management user=SA] read-only
2024-11-07T11:39:44.358+10:00 DEBUG 62139 --- [RecordsManagement] [http-nio-8080-exec-2] o.s.jdbc.datasource.DataSourceUtils      : Resetting read-only flag of JDBC Connection [HikariProxyConnection@837316358 wrapping conn0: url=jdbc:h2:mem:records-management user=SA]
2024-11-07T12:27:37.251+10:00  WARN 62139 --- [RecordsManagement] [SpringApplicationShutdownHook] o.s.b.f.support.DisposableBeanAdapter    : Invocation of destroy method failed on bean with name 'inMemoryDatabaseShutdownExecutor': org.h2.jdbc.JdbcSQLNonTransientConnectionException: Database is already closed (to disable automatic closing at VM shutdown, add ";DB_CLOSE_ON_EXIT=FALSE" to the db URL) [90121-224]
