2024-11-21T06:44:21.844+10:00  WARN 48515 --- [RecordsManagement] [SpringApplicationShutdownHook] o.s.b.f.support.DisposableBeanAdapter    : Invocation of destroy method failed on bean with name 'inMemoryDatabaseShutdownExecutor': org.h2.jdbc.JdbcSQLNonTransientConnectionException: Database is already closed (to disable automatic closing at VM shutdown, add ";DB_CLOSE_ON_EXIT=FALSE" to the db URL) [90121-224]
2024-11-21T06:59:56.925+10:00 DEBUG 91210 --- [RecordsManagement] [main] com.zaxxer.hikari.HikariConfig           : Driver class org.h2.Driver found in Thread context class loader jdk.internal.loader.ClassLoaders$AppClassLoader@43e45247
2024-11-21T06:59:57.356+10:00 DEBUG 91210 --- [RecordsManagement] [main] com.zaxxer.hikari.HikariConfig           : HikariPool-1 - configuration:
2024-11-21T06:59:57.360+10:00 DEBUG 91210 --- [RecordsManagement] [main] com.zaxxer.hikari.HikariConfig           : allowPoolSuspension.............false
2024-11-21T06:59:57.360+10:00 DEBUG 91210 --- [RecordsManagement] [main] com.zaxxer.hikari.HikariConfig           : autoCommit......................true
2024-11-21T06:59:57.361+10:00 DEBUG 91210 --- [RecordsManagement] [main] com.zaxxer.hikari.HikariConfig           : catalog.........................none
2024-11-21T06:59:57.361+10:00 DEBUG 91210 --- [RecordsManagement] [main] com.zaxxer.hikari.HikariConfig           : connectionInitSql...............none
2024-11-21T06:59:57.361+10:00 DEBUG 91210 --- [RecordsManagement] [main] com.zaxxer.hikari.HikariConfig           : connectionTestQuery.............none
2024-11-21T06:59:57.362+10:00 DEBUG 91210 --- [RecordsManagement] [main] com.zaxxer.hikari.HikariConfig           : connectionTimeout...............30000
2024-11-21T06:59:57.362+10:00 DEBUG 91210 --- [RecordsManagement] [main] com.zaxxer.hikari.HikariConfig           : dataSource......................none
2024-11-21T06:59:57.362+10:00 DEBUG 91210 --- [RecordsManagement] [main] com.zaxxer.hikari.HikariConfig           : dataSourceClassName.............none
2024-11-21T06:59:57.362+10:00 DEBUG 91210 --- [RecordsManagement] [main] com.zaxxer.hikari.HikariConfig           : dataSourceJNDI..................none
2024-11-21T06:59:57.363+10:00 DEBUG 91210 --- [RecordsManagement] [main] com.zaxxer.hikari.HikariConfig           : dataSourceProperties............{password=<masked>}
2024-11-21T06:59:57.363+10:00 DEBUG 91210 --- [RecordsManagement] [main] com.zaxxer.hikari.HikariConfig           : driverClassName................."org.h2.Driver"
2024-11-21T06:59:57.363+10:00 DEBUG 91210 --- [RecordsManagement] [main] com.zaxxer.hikari.HikariConfig           : exceptionOverrideClassName......none
2024-11-21T06:59:57.363+10:00 DEBUG 91210 --- [RecordsManagement] [main] com.zaxxer.hikari.HikariConfig           : healthCheckProperties...........{}
2024-11-21T06:59:57.364+10:00 DEBUG 91210 --- [RecordsManagement] [main] com.zaxxer.hikari.HikariConfig           : healthCheckRegistry.............none
2024-11-21T06:59:57.364+10:00 DEBUG 91210 --- [RecordsManagement] [main] com.zaxxer.hikari.HikariConfig           : idleTimeout.....................600000
2024-11-21T06:59:57.364+10:00 DEBUG 91210 --- [RecordsManagement] [main] com.zaxxer.hikari.HikariConfig           : initializationFailTimeout.......1
2024-11-21T06:59:57.364+10:00 DEBUG 91210 --- [RecordsManagement] [main] com.zaxxer.hikari.HikariConfig           : isolateInternalQueries..........false
2024-11-21T06:59:57.364+10:00 DEBUG 91210 --- [RecordsManagement] [main] com.zaxxer.hikari.HikariConfig           : jdbcUrl.........................jdbc:h2:mem:records-management
2024-11-21T06:59:57.365+10:00 DEBUG 91210 --- [RecordsManagement] [main] com.zaxxer.hikari.HikariConfig           : keepaliveTime...................0
2024-11-21T06:59:57.365+10:00 DEBUG 91210 --- [RecordsManagement] [main] com.zaxxer.hikari.HikariConfig           : leakDetectionThreshold..........0
2024-11-21T06:59:57.365+10:00 DEBUG 91210 --- [RecordsManagement] [main] com.zaxxer.hikari.HikariConfig           : maxLifetime.....................1800000
2024-11-21T06:59:57.365+10:00 DEBUG 91210 --- [RecordsManagement] [main] com.zaxxer.hikari.HikariConfig           : maximumPoolSize.................10
2024-11-21T06:59:57.366+10:00 DEBUG 91210 --- [RecordsManagement] [main] com.zaxxer.hikari.HikariConfig           : metricRegistry..................none
2024-11-21T06:59:57.366+10:00 DEBUG 91210 --- [RecordsManagement] [main] com.zaxxer.hikari.HikariConfig           : metricsTrackerFactory...........none
2024-11-21T06:59:57.366+10:00 DEBUG 91210 --- [RecordsManagement] [main] com.zaxxer.hikari.HikariConfig           : minimumIdle.....................10
2024-11-21T06:59:57.366+10:00 DEBUG 91210 --- [RecordsManagement] [main] com.zaxxer.hikari.HikariConfig           : password........................<masked>
2024-11-21T06:59:57.367+10:00 DEBUG 91210 --- [RecordsManagement] [main] com.zaxxer.hikari.HikariConfig           : poolName........................"HikariPool-1"
2024-11-21T06:59:57.367+10:00 DEBUG 91210 --- [RecordsManagement] [main] com.zaxxer.hikari.HikariConfig           : readOnly........................false
2024-11-21T06:59:57.367+10:00 DEBUG 91210 --- [RecordsManagement] [main] com.zaxxer.hikari.HikariConfig           : registerMbeans..................false
2024-11-21T06:59:57.367+10:00 DEBUG 91210 --- [RecordsManagement] [main] com.zaxxer.hikari.HikariConfig           : scheduledExecutor...............none
2024-11-21T06:59:57.368+10:00 DEBUG 91210 --- [RecordsManagement] [main] com.zaxxer.hikari.HikariConfig           : schema..........................none
2024-11-21T06:59:57.368+10:00 DEBUG 91210 --- [RecordsManagement] [main] com.zaxxer.hikari.HikariConfig           : threadFactory...................internal
2024-11-21T06:59:57.368+10:00 DEBUG 91210 --- [RecordsManagement] [main] com.zaxxer.hikari.HikariConfig           : transactionIsolation............default
2024-11-21T06:59:57.368+10:00 DEBUG 91210 --- [RecordsManagement] [main] com.zaxxer.hikari.HikariConfig           : username........................"sa"
2024-11-21T06:59:57.369+10:00 DEBUG 91210 --- [RecordsManagement] [main] com.zaxxer.hikari.HikariConfig           : validationTimeout...............5000
2024-11-21T06:59:58.850+10:00  WARN 91210 --- [RecordsManagement] [main] JpaBaseConfiguration$JpaWebConfiguration : spring.jpa.open-in-view is enabled by default. Therefore, database queries may be performed during view rendering. Explicitly configure spring.jpa.open-in-view to disable this warning
2024-11-21T09:25:16.945+10:00 DEBUG 1446 --- [RecordsManagement] [main] com.zaxxer.hikari.HikariConfig           : Driver class org.h2.Driver found in Thread context class loader jdk.internal.loader.ClassLoaders$AppClassLoader@43e45247
2024-11-21T09:25:17.366+10:00 DEBUG 1446 --- [RecordsManagement] [main] com.zaxxer.hikari.HikariConfig           : HikariPool-1 - configuration:
2024-11-21T09:25:17.370+10:00 DEBUG 1446 --- [RecordsManagement] [main] com.zaxxer.hikari.HikariConfig           : allowPoolSuspension.............false
2024-11-21T09:25:17.371+10:00 DEBUG 1446 --- [RecordsManagement] [main] com.zaxxer.hikari.HikariConfig           : autoCommit......................true
2024-11-21T09:25:17.371+10:00 DEBUG 1446 --- [RecordsManagement] [main] com.zaxxer.hikari.HikariConfig           : catalog.........................none
2024-11-21T09:25:17.371+10:00 DEBUG 1446 --- [RecordsManagement] [main] com.zaxxer.hikari.HikariConfig           : connectionInitSql...............none
2024-11-21T09:25:17.371+10:00 DEBUG 1446 --- [RecordsManagement] [main] com.zaxxer.hikari.HikariConfig           : connectionTestQuery.............none
2024-11-21T09:25:17.372+10:00 DEBUG 1446 --- [RecordsManagement] [main] com.zaxxer.hikari.HikariConfig           : connectionTimeout...............30000
2024-11-21T09:25:17.372+10:00 DEBUG 1446 --- [RecordsManagement] [main] com.zaxxer.hikari.HikariConfig           : dataSource......................none
2024-11-21T09:25:17.372+10:00 DEBUG 1446 --- [RecordsManagement] [main] com.zaxxer.hikari.HikariConfig           : dataSourceClassName.............none
2024-11-21T09:25:17.373+10:00 DEBUG 1446 --- [RecordsManagement] [main] com.zaxxer.hikari.HikariConfig           : dataSourceJNDI..................none
2024-11-21T09:25:17.373+10:00 DEBUG 1446 --- [RecordsManagement] [main] com.zaxxer.hikari.HikariConfig           : dataSourceProperties............{password=<masked>}
2024-11-21T09:25:17.373+10:00 DEBUG 1446 --- [RecordsManagement] [main] com.zaxxer.hikari.HikariConfig           : driverClassName................."org.h2.Driver"
2024-11-21T09:25:17.374+10:00 DEBUG 1446 --- [RecordsManagement] [main] com.zaxxer.hikari.HikariConfig           : exceptionOverrideClassName......none
2024-11-21T09:25:17.374+10:00 DEBUG 1446 --- [RecordsManagement] [main] com.zaxxer.hikari.HikariConfig           : healthCheckProperties...........{}
2024-11-21T09:25:17.374+10:00 DEBUG 1446 --- [RecordsManagement] [main] com.zaxxer.hikari.HikariConfig           : healthCheckRegistry.............none
2024-11-21T09:25:17.374+10:00 DEBUG 1446 --- [RecordsManagement] [main] com.zaxxer.hikari.HikariConfig           : idleTimeout.....................600000
2024-11-21T09:25:17.374+10:00 DEBUG 1446 --- [RecordsManagement] [main] com.zaxxer.hikari.HikariConfig           : initializationFailTimeout.......1
2024-11-21T09:25:17.375+10:00 DEBUG 1446 --- [RecordsManagement] [main] com.zaxxer.hikari.HikariConfig           : isolateInternalQueries..........false
2024-11-21T09:25:17.375+10:00 DEBUG 1446 --- [RecordsManagement] [main] com.zaxxer.hikari.HikariConfig           : jdbcUrl.........................jdbc:h2:mem:records-management
2024-11-21T09:25:17.375+10:00 DEBUG 1446 --- [RecordsManagement] [main] com.zaxxer.hikari.HikariConfig           : keepaliveTime...................0
2024-11-21T09:25:17.375+10:00 DEBUG 1446 --- [RecordsManagement] [main] com.zaxxer.hikari.HikariConfig           : leakDetectionThreshold..........0
2024-11-21T09:25:17.375+10:00 DEBUG 1446 --- [RecordsManagement] [main] com.zaxxer.hikari.HikariConfig           : maxLifetime.....................1800000
2024-11-21T09:25:17.376+10:00 DEBUG 1446 --- [RecordsManagement] [main] com.zaxxer.hikari.HikariConfig           : maximumPoolSize.................10
2024-11-21T09:25:17.376+10:00 DEBUG 1446 --- [RecordsManagement] [main] com.zaxxer.hikari.HikariConfig           : metricRegistry..................none
2024-11-21T09:25:17.376+10:00 DEBUG 1446 --- [RecordsManagement] [main] com.zaxxer.hikari.HikariConfig           : metricsTrackerFactory...........none
2024-11-21T09:25:17.376+10:00 DEBUG 1446 --- [RecordsManagement] [main] com.zaxxer.hikari.HikariConfig           : minimumIdle.....................10
2024-11-21T09:25:17.376+10:00 DEBUG 1446 --- [RecordsManagement] [main] com.zaxxer.hikari.HikariConfig           : password........................<masked>
2024-11-21T09:25:17.377+10:00 DEBUG 1446 --- [RecordsManagement] [main] com.zaxxer.hikari.HikariConfig           : poolName........................"HikariPool-1"
2024-11-21T09:25:17.377+10:00 DEBUG 1446 --- [RecordsManagement] [main] com.zaxxer.hikari.HikariConfig           : readOnly........................false
2024-11-21T09:25:17.377+10:00 DEBUG 1446 --- [RecordsManagement] [main] com.zaxxer.hikari.HikariConfig           : registerMbeans..................false
2024-11-21T09:25:17.377+10:00 DEBUG 1446 --- [RecordsManagement] [main] com.zaxxer.hikari.HikariConfig           : scheduledExecutor...............none
2024-11-21T09:25:17.378+10:00 DEBUG 1446 --- [RecordsManagement] [main] com.zaxxer.hikari.HikariConfig           : schema..........................none
2024-11-21T09:25:17.378+10:00 DEBUG 1446 --- [RecordsManagement] [main] com.zaxxer.hikari.HikariConfig           : threadFactory...................internal
2024-11-21T09:25:17.378+10:00 DEBUG 1446 --- [RecordsManagement] [main] com.zaxxer.hikari.HikariConfig           : transactionIsolation............default
2024-11-21T09:25:17.378+10:00 DEBUG 1446 --- [RecordsManagement] [main] com.zaxxer.hikari.HikariConfig           : username........................"sa"
2024-11-21T09:25:17.378+10:00 DEBUG 1446 --- [RecordsManagement] [main] com.zaxxer.hikari.HikariConfig           : validationTimeout...............5000
2024-11-21T09:25:18.965+10:00  WARN 1446 --- [RecordsManagement] [main] JpaBaseConfiguration$JpaWebConfiguration : spring.jpa.open-in-view is enabled by default. Therefore, database queries may be performed during view rendering. Explicitly configure spring.jpa.open-in-view to disable this warning
2024-11-21T09:25:34.129+10:00 DEBUG 1509 --- [RecordsManagement] [restartedMain] com.zaxxer.hikari.HikariConfig           : Driver class org.h2.Driver found in Thread context class loader org.springframework.boot.devtools.restart.classloader.RestartClassLoader@5e38a26e
2024-11-21T09:25:34.566+10:00 DEBUG 1509 --- [RecordsManagement] [restartedMain] com.zaxxer.hikari.HikariConfig           : HikariPool-1 - configuration:
2024-11-21T09:25:34.569+10:00 DEBUG 1509 --- [RecordsManagement] [restartedMain] com.zaxxer.hikari.HikariConfig           : allowPoolSuspension.............false
2024-11-21T09:25:34.570+10:00 DEBUG 1509 --- [RecordsManagement] [restartedMain] com.zaxxer.hikari.HikariConfig           : autoCommit......................true
2024-11-21T09:25:34.570+10:00 DEBUG 1509 --- [RecordsManagement] [restartedMain] com.zaxxer.hikari.HikariConfig           : catalog.........................none
2024-11-21T09:25:34.570+10:00 DEBUG 1509 --- [RecordsManagement] [restartedMain] com.zaxxer.hikari.HikariConfig           : connectionInitSql...............none
2024-11-21T09:25:34.570+10:00 DEBUG 1509 --- [RecordsManagement] [restartedMain] com.zaxxer.hikari.HikariConfig           : connectionTestQuery.............none
2024-11-21T09:25:34.571+10:00 DEBUG 1509 --- [RecordsManagement] [restartedMain] com.zaxxer.hikari.HikariConfig           : connectionTimeout...............30000
2024-11-21T09:25:34.571+10:00 DEBUG 1509 --- [RecordsManagement] [restartedMain] com.zaxxer.hikari.HikariConfig           : dataSource......................none
2024-11-21T09:25:34.571+10:00 DEBUG 1509 --- [RecordsManagement] [restartedMain] com.zaxxer.hikari.HikariConfig           : dataSourceClassName.............none
2024-11-21T09:25:34.571+10:00 DEBUG 1509 --- [RecordsManagement] [restartedMain] com.zaxxer.hikari.HikariConfig           : dataSourceJNDI..................none
2024-11-21T09:25:34.572+10:00 DEBUG 1509 --- [RecordsManagement] [restartedMain] com.zaxxer.hikari.HikariConfig           : dataSourceProperties............{password=<masked>}
2024-11-21T09:25:34.572+10:00 DEBUG 1509 --- [RecordsManagement] [restartedMain] com.zaxxer.hikari.HikariConfig           : driverClassName................."org.h2.Driver"
2024-11-21T09:25:34.572+10:00 DEBUG 1509 --- [RecordsManagement] [restartedMain] com.zaxxer.hikari.HikariConfig           : exceptionOverrideClassName......none
2024-11-21T09:25:34.572+10:00 DEBUG 1509 --- [RecordsManagement] [restartedMain] com.zaxxer.hikari.HikariConfig           : healthCheckProperties...........{}
2024-11-21T09:25:34.572+10:00 DEBUG 1509 --- [RecordsManagement] [restartedMain] com.zaxxer.hikari.HikariConfig           : healthCheckRegistry.............none
2024-11-21T09:25:34.573+10:00 DEBUG 1509 --- [RecordsManagement] [restartedMain] com.zaxxer.hikari.HikariConfig           : idleTimeout.....................600000
2024-11-21T09:25:34.573+10:00 DEBUG 1509 --- [RecordsManagement] [restartedMain] com.zaxxer.hikari.HikariConfig           : initializationFailTimeout.......1
2024-11-21T09:25:34.573+10:00 DEBUG 1509 --- [RecordsManagement] [restartedMain] com.zaxxer.hikari.HikariConfig           : isolateInternalQueries..........false
2024-11-21T09:25:34.573+10:00 DEBUG 1509 --- [RecordsManagement] [restartedMain] com.zaxxer.hikari.HikariConfig           : jdbcUrl.........................jdbc:h2:mem:records-management
2024-11-21T09:25:34.573+10:00 DEBUG 1509 --- [RecordsManagement] [restartedMain] com.zaxxer.hikari.HikariConfig           : keepaliveTime...................0
2024-11-21T09:25:34.573+10:00 DEBUG 1509 --- [RecordsManagement] [restartedMain] com.zaxxer.hikari.HikariConfig           : leakDetectionThreshold..........0
2024-11-21T09:25:34.574+10:00 DEBUG 1509 --- [RecordsManagement] [restartedMain] com.zaxxer.hikari.HikariConfig           : maxLifetime.....................1800000
2024-11-21T09:25:34.574+10:00 DEBUG 1509 --- [RecordsManagement] [restartedMain] com.zaxxer.hikari.HikariConfig           : maximumPoolSize.................10
2024-11-21T09:25:34.574+10:00 DEBUG 1509 --- [RecordsManagement] [restartedMain] com.zaxxer.hikari.HikariConfig           : metricRegistry..................none
2024-11-21T09:25:34.574+10:00 DEBUG 1509 --- [RecordsManagement] [restartedMain] com.zaxxer.hikari.HikariConfig           : metricsTrackerFactory...........none
2024-11-21T09:25:34.574+10:00 DEBUG 1509 --- [RecordsManagement] [restartedMain] com.zaxxer.hikari.HikariConfig           : minimumIdle.....................10
2024-11-21T09:25:34.574+10:00 DEBUG 1509 --- [RecordsManagement] [restartedMain] com.zaxxer.hikari.HikariConfig           : password........................<masked>
2024-11-21T09:25:34.575+10:00 DEBUG 1509 --- [RecordsManagement] [restartedMain] com.zaxxer.hikari.HikariConfig           : poolName........................"HikariPool-1"
2024-11-21T09:25:34.575+10:00 DEBUG 1509 --- [RecordsManagement] [restartedMain] com.zaxxer.hikari.HikariConfig           : readOnly........................false
2024-11-21T09:25:34.575+10:00 DEBUG 1509 --- [RecordsManagement] [restartedMain] com.zaxxer.hikari.HikariConfig           : registerMbeans..................false
2024-11-21T09:25:34.575+10:00 DEBUG 1509 --- [RecordsManagement] [restartedMain] com.zaxxer.hikari.HikariConfig           : scheduledExecutor...............none
2024-11-21T09:25:34.575+10:00 DEBUG 1509 --- [RecordsManagement] [restartedMain] com.zaxxer.hikari.HikariConfig           : schema..........................none
2024-11-21T09:25:34.576+10:00 DEBUG 1509 --- [RecordsManagement] [restartedMain] com.zaxxer.hikari.HikariConfig           : threadFactory...................internal
2024-11-21T09:25:34.576+10:00 DEBUG 1509 --- [RecordsManagement] [restartedMain] com.zaxxer.hikari.HikariConfig           : transactionIsolation............default
2024-11-21T09:25:34.576+10:00 DEBUG 1509 --- [RecordsManagement] [restartedMain] com.zaxxer.hikari.HikariConfig           : username........................"sa"
2024-11-21T09:25:34.576+10:00 DEBUG 1509 --- [RecordsManagement] [restartedMain] com.zaxxer.hikari.HikariConfig           : validationTimeout...............5000
2024-11-21T09:25:36.183+10:00  WARN 1509 --- [RecordsManagement] [restartedMain] JpaBaseConfiguration$JpaWebConfiguration : spring.jpa.open-in-view is enabled by default. Therefore, database queries may be performed during view rendering. Explicitly configure spring.jpa.open-in-view to disable this warning
2024-11-21T09:27:21.850+10:00  INFO 1509 --- [RecordsManagement] [http-nio-8080-exec-1] o.s.web.servlet.DispatcherServlet        : Initializing Servlet 'dispatcherServlet'
2024-11-21T09:27:21.851+10:00  INFO 1509 --- [RecordsManagement] [http-nio-8080-exec-1] o.s.web.servlet.DispatcherServlet        : Completed initialization in 0 ms
2024-11-21T09:27:31.665+10:00  INFO 1509 --- [RecordsManagement] [http-nio-8080-exec-9] c.m.r.controller.DashboardController     : getDashboard(...)
2024-11-21T09:27:31.666+10:00  INFO 1509 --- [RecordsManagement] [http-nio-8080-exec-9] c.m.r.controller.DashboardController     : getDashboard(...) - optionalUser is Present
2024-11-21T09:27:32.268+10:00  INFO 1509 --- [RecordsManagement] [http-nio-8080-exec-6] c.m.r.controller.PersonController        : getPersonDetails(...)
2024-11-21T09:27:32.271+10:00 DEBUG 1509 --- [RecordsManagement] [http-nio-8080-exec-6] o.s.jdbc.datasource.DataSourceUtils      : Setting JDBC Connection [HikariProxyConnection@1049123780 wrapping conn0: url=jdbc:h2:mem:records-management user=SA] read-only
2024-11-21T09:27:32.275+10:00 DEBUG 1509 --- [RecordsManagement] [http-nio-8080-exec-6] o.s.jdbc.datasource.DataSourceUtils      : Resetting read-only flag of JDBC Connection [HikariProxyConnection@1049123780 wrapping conn0: url=jdbc:h2:mem:records-management user=SA]
2024-11-21T09:27:32.764+10:00  INFO 1509 --- [RecordsManagement] [http-nio-8080-exec-7] c.m.r.controller.StudentController       : getStudentsByPersonId(...)
2024-11-21T09:28:02.770+10:00  INFO 1509 --- [RecordsManagement] [http-nio-8080-exec-8] c.m.r.controller.DashboardController     : getDashboard(...)
2024-11-21T09:28:02.770+10:00  INFO 1509 --- [RecordsManagement] [http-nio-8080-exec-8] c.m.r.controller.DashboardController     : getDashboard(...) - optionalUser is Present
2024-11-21T09:28:03.338+10:00  INFO 1509 --- [RecordsManagement] [http-nio-8080-exec-5] c.m.r.controller.PersonController        : getPersonDetails(...)
2024-11-21T09:28:03.338+10:00 DEBUG 1509 --- [RecordsManagement] [http-nio-8080-exec-5] o.s.jdbc.datasource.DataSourceUtils      : Setting JDBC Connection [HikariProxyConnection@1395086842 wrapping conn0: url=jdbc:h2:mem:records-management user=SA] read-only
2024-11-21T09:28:03.340+10:00 DEBUG 1509 --- [RecordsManagement] [http-nio-8080-exec-5] o.s.jdbc.datasource.DataSourceUtils      : Resetting read-only flag of JDBC Connection [HikariProxyConnection@1395086842 wrapping conn0: url=jdbc:h2:mem:records-management user=SA]
2024-11-21T09:28:03.837+10:00  INFO 1509 --- [RecordsManagement] [http-nio-8080-exec-6] c.m.r.controller.StudentController       : getStudentsByPersonId(...)
