2024-10-31T05:50:47.903+10:00  WARN 84076 --- [RecordsManagement] [SpringApplicationShutdownHook] o.s.b.f.support.DisposableBeanAdapter    : Invocation of destroy method failed on bean with name 'inMemoryDatabaseShutdownExecutor': org.h2.jdbc.JdbcSQLNonTransientConnectionException: Database is already closed (to disable automatic closing at VM shutdown, add ";DB_CLOSE_ON_EXIT=FALSE" to the db URL) [90121-224]
2024-10-31T05:50:52.943+10:00 DEBUG 33563 --- [RecordsManagement] [restartedMain] com.zaxxer.hikari.HikariConfig           : Driver class org.h2.Driver found in Thread context class loader org.springframework.boot.devtools.restart.classloader.RestartClassLoader@64db0cdd
2024-10-31T05:50:53.364+10:00 DEBUG 33563 --- [RecordsManagement] [restartedMain] com.zaxxer.hikari.HikariConfig           : HikariPool-1 - configuration:
2024-10-31T05:50:53.367+10:00 DEBUG 33563 --- [RecordsManagement] [restartedMain] com.zaxxer.hikari.HikariConfig           : allowPoolSuspension.............false
2024-10-31T05:50:53.367+10:00 DEBUG 33563 --- [RecordsManagement] [restartedMain] com.zaxxer.hikari.HikariConfig           : autoCommit......................true
2024-10-31T05:50:53.368+10:00 DEBUG 33563 --- [RecordsManagement] [restartedMain] com.zaxxer.hikari.HikariConfig           : catalog.........................none
2024-10-31T05:50:53.368+10:00 DEBUG 33563 --- [RecordsManagement] [restartedMain] com.zaxxer.hikari.HikariConfig           : connectionInitSql...............none
2024-10-31T05:50:53.368+10:00 DEBUG 33563 --- [RecordsManagement] [restartedMain] com.zaxxer.hikari.HikariConfig           : connectionTestQuery.............none
2024-10-31T05:50:53.369+10:00 DEBUG 33563 --- [RecordsManagement] [restartedMain] com.zaxxer.hikari.HikariConfig           : connectionTimeout...............30000
2024-10-31T05:50:53.370+10:00 DEBUG 33563 --- [RecordsManagement] [restartedMain] com.zaxxer.hikari.HikariConfig           : dataSource......................none
2024-10-31T05:50:53.370+10:00 DEBUG 33563 --- [RecordsManagement] [restartedMain] com.zaxxer.hikari.HikariConfig           : dataSourceClassName.............none
2024-10-31T05:50:53.370+10:00 DEBUG 33563 --- [RecordsManagement] [restartedMain] com.zaxxer.hikari.HikariConfig           : dataSourceJNDI..................none
2024-10-31T05:50:53.371+10:00 DEBUG 33563 --- [RecordsManagement] [restartedMain] com.zaxxer.hikari.HikariConfig           : dataSourceProperties............{password=<masked>}
2024-10-31T05:50:53.371+10:00 DEBUG 33563 --- [RecordsManagement] [restartedMain] com.zaxxer.hikari.HikariConfig           : driverClassName................."org.h2.Driver"
2024-10-31T05:50:53.372+10:00 DEBUG 33563 --- [RecordsManagement] [restartedMain] com.zaxxer.hikari.HikariConfig           : exceptionOverrideClassName......none
2024-10-31T05:50:53.372+10:00 DEBUG 33563 --- [RecordsManagement] [restartedMain] com.zaxxer.hikari.HikariConfig           : healthCheckProperties...........{}
2024-10-31T05:50:53.372+10:00 DEBUG 33563 --- [RecordsManagement] [restartedMain] com.zaxxer.hikari.HikariConfig           : healthCheckRegistry.............none
2024-10-31T05:50:53.372+10:00 DEBUG 33563 --- [RecordsManagement] [restartedMain] com.zaxxer.hikari.HikariConfig           : idleTimeout.....................600000
2024-10-31T05:50:53.373+10:00 DEBUG 33563 --- [RecordsManagement] [restartedMain] com.zaxxer.hikari.HikariConfig           : initializationFailTimeout.......1
2024-10-31T05:50:53.373+10:00 DEBUG 33563 --- [RecordsManagement] [restartedMain] com.zaxxer.hikari.HikariConfig           : isolateInternalQueries..........false
2024-10-31T05:50:53.373+10:00 DEBUG 33563 --- [RecordsManagement] [restartedMain] com.zaxxer.hikari.HikariConfig           : jdbcUrl.........................jdbc:h2:mem:records-management
2024-10-31T05:50:53.373+10:00 DEBUG 33563 --- [RecordsManagement] [restartedMain] com.zaxxer.hikari.HikariConfig           : keepaliveTime...................0
2024-10-31T05:50:53.373+10:00 DEBUG 33563 --- [RecordsManagement] [restartedMain] com.zaxxer.hikari.HikariConfig           : leakDetectionThreshold..........0
2024-10-31T05:50:53.374+10:00 DEBUG 33563 --- [RecordsManagement] [restartedMain] com.zaxxer.hikari.HikariConfig           : maxLifetime.....................1800000
2024-10-31T05:50:53.374+10:00 DEBUG 33563 --- [RecordsManagement] [restartedMain] com.zaxxer.hikari.HikariConfig           : maximumPoolSize.................10
2024-10-31T05:50:53.374+10:00 DEBUG 33563 --- [RecordsManagement] [restartedMain] com.zaxxer.hikari.HikariConfig           : metricRegistry..................none
2024-10-31T05:50:53.374+10:00 DEBUG 33563 --- [RecordsManagement] [restartedMain] com.zaxxer.hikari.HikariConfig           : metricsTrackerFactory...........none
2024-10-31T05:50:53.374+10:00 DEBUG 33563 --- [RecordsManagement] [restartedMain] com.zaxxer.hikari.HikariConfig           : minimumIdle.....................10
2024-10-31T05:50:53.375+10:00 DEBUG 33563 --- [RecordsManagement] [restartedMain] com.zaxxer.hikari.HikariConfig           : password........................<masked>
2024-10-31T05:50:53.375+10:00 DEBUG 33563 --- [RecordsManagement] [restartedMain] com.zaxxer.hikari.HikariConfig           : poolName........................"HikariPool-1"
2024-10-31T05:50:53.375+10:00 DEBUG 33563 --- [RecordsManagement] [restartedMain] com.zaxxer.hikari.HikariConfig           : readOnly........................false
2024-10-31T05:50:53.375+10:00 DEBUG 33563 --- [RecordsManagement] [restartedMain] com.zaxxer.hikari.HikariConfig           : registerMbeans..................false
2024-10-31T05:50:53.375+10:00 DEBUG 33563 --- [RecordsManagement] [restartedMain] com.zaxxer.hikari.HikariConfig           : scheduledExecutor...............none
2024-10-31T05:50:53.376+10:00 DEBUG 33563 --- [RecordsManagement] [restartedMain] com.zaxxer.hikari.HikariConfig           : schema..........................none
2024-10-31T05:50:53.376+10:00 DEBUG 33563 --- [RecordsManagement] [restartedMain] com.zaxxer.hikari.HikariConfig           : threadFactory...................internal
2024-10-31T05:50:53.376+10:00 DEBUG 33563 --- [RecordsManagement] [restartedMain] com.zaxxer.hikari.HikariConfig           : transactionIsolation............default
2024-10-31T05:50:53.376+10:00 DEBUG 33563 --- [RecordsManagement] [restartedMain] com.zaxxer.hikari.HikariConfig           : username........................"sa"
2024-10-31T05:50:53.376+10:00 DEBUG 33563 --- [RecordsManagement] [restartedMain] com.zaxxer.hikari.HikariConfig           : validationTimeout...............5000
2024-10-31T05:50:55.012+10:00  WARN 33563 --- [RecordsManagement] [restartedMain] JpaBaseConfiguration$JpaWebConfiguration : spring.jpa.open-in-view is enabled by default. Therefore, database queries may be performed during view rendering. Explicitly configure spring.jpa.open-in-view to disable this warning
2024-10-31T05:50:56.739+10:00  INFO 33563 --- [RecordsManagement] [http-nio-8080-exec-1] o.s.web.servlet.DispatcherServlet        : Initializing Servlet 'dispatcherServlet'
2024-10-31T05:50:56.740+10:00  INFO 33563 --- [RecordsManagement] [http-nio-8080-exec-1] o.s.web.servlet.DispatcherServlet        : Completed initialization in 1 ms
2024-10-31T05:51:11.317+10:00  INFO 33563 --- [RecordsManagement] [http-nio-8080-exec-8] c.m.r.controller.DashboardController     : getDashboard(...)
2024-10-31T05:51:11.318+10:00  INFO 33563 --- [RecordsManagement] [http-nio-8080-exec-8] c.m.r.controller.DashboardController     : getDashboard(...) - optionalUser is Present
2024-10-31T05:51:13.595+10:00  INFO 33563 --- [RecordsManagement] [http-nio-8080-exec-4] c.m.r.controller.PersonController        : viewPersonFullDetails(...) - Loading full details view for person ID: 1
2024-10-31T05:51:13.598+10:00 DEBUG 33563 --- [RecordsManagement] [http-nio-8080-exec-4] o.s.jdbc.datasource.DataSourceUtils      : Setting JDBC Connection [HikariProxyConnection@1854216463 wrapping conn0: url=jdbc:h2:mem:records-management user=SA] read-only
2024-10-31T05:51:13.602+10:00 DEBUG 33563 --- [RecordsManagement] [http-nio-8080-exec-4] o.s.jdbc.datasource.DataSourceUtils      : Resetting read-only flag of JDBC Connection [HikariProxyConnection@1854216463 wrapping conn0: url=jdbc:h2:mem:records-management user=SA]
2024-10-31T05:51:29.119+10:00  INFO 33563 --- [RecordsManagement] [http-nio-8080-exec-5] c.m.r.controller.PersonController        : Saving email for personId: 1, emailId: null
2024-10-31T05:51:29.120+10:00 DEBUG 33563 --- [RecordsManagement] [http-nio-8080-exec-5] o.s.jdbc.datasource.DataSourceUtils      : Setting JDBC Connection [HikariProxyConnection@1333266883 wrapping conn0: url=jdbc:h2:mem:records-management user=SA] read-only
2024-10-31T05:51:29.121+10:00 DEBUG 33563 --- [RecordsManagement] [http-nio-8080-exec-5] o.s.jdbc.datasource.DataSourceUtils      : Resetting read-only flag of JDBC Connection [HikariProxyConnection@1333266883 wrapping conn0: url=jdbc:h2:mem:records-management user=SA]
2024-10-31T05:54:03.901+10:00  INFO 33563 --- [RecordsManagement] [http-nio-8080-exec-7] c.m.r.controller.DashboardController     : getDashboard(...)
2024-10-31T05:54:03.901+10:00  INFO 33563 --- [RecordsManagement] [http-nio-8080-exec-7] c.m.r.controller.DashboardController     : getDashboard(...) - optionalUser is Present
2024-10-31T05:54:06.954+10:00  INFO 33563 --- [RecordsManagement] [http-nio-8080-exec-10] c.m.r.controller.PersonController        : getPersonDetails(...)
2024-10-31T05:54:06.955+10:00 DEBUG 33563 --- [RecordsManagement] [http-nio-8080-exec-10] o.s.jdbc.datasource.DataSourceUtils      : Setting JDBC Connection [HikariProxyConnection@1849802663 wrapping conn0: url=jdbc:h2:mem:records-management user=SA] read-only
2024-10-31T05:54:06.957+10:00 DEBUG 33563 --- [RecordsManagement] [http-nio-8080-exec-10] o.s.jdbc.datasource.DataSourceUtils      : Resetting read-only flag of JDBC Connection [HikariProxyConnection@1849802663 wrapping conn0: url=jdbc:h2:mem:records-management user=SA]
2024-10-31T05:54:07.954+10:00  INFO 33563 --- [RecordsManagement] [http-nio-8080-exec-3] c.m.r.controller.StudentController       : getStudentsByPersonId(...)
2024-10-31T05:54:08.490+10:00  INFO 33563 --- [RecordsManagement] [http-nio-8080-exec-2] c.m.r.controller.PersonController        : viewPersonFullDetails(...) - Loading full details view for person ID: 1
2024-10-31T05:54:08.490+10:00 DEBUG 33563 --- [RecordsManagement] [http-nio-8080-exec-2] o.s.jdbc.datasource.DataSourceUtils      : Setting JDBC Connection [HikariProxyConnection@1598300423 wrapping conn0: url=jdbc:h2:mem:records-management user=SA] read-only
2024-10-31T05:54:08.491+10:00 DEBUG 33563 --- [RecordsManagement] [http-nio-8080-exec-2] o.s.jdbc.datasource.DataSourceUtils      : Resetting read-only flag of JDBC Connection [HikariProxyConnection@1598300423 wrapping conn0: url=jdbc:h2:mem:records-management user=SA]
2024-10-31T05:54:17.891+10:00  INFO 33563 --- [RecordsManagement] [http-nio-8080-exec-9] c.m.r.controller.PersonController        : Saving email for personId: 1, emailId: null
2024-10-31T05:54:17.891+10:00 DEBUG 33563 --- [RecordsManagement] [http-nio-8080-exec-9] o.s.jdbc.datasource.DataSourceUtils      : Setting JDBC Connection [HikariProxyConnection@2049718117 wrapping conn0: url=jdbc:h2:mem:records-management user=SA] read-only
2024-10-31T05:54:17.892+10:00 DEBUG 33563 --- [RecordsManagement] [http-nio-8080-exec-9] o.s.jdbc.datasource.DataSourceUtils      : Resetting read-only flag of JDBC Connection [HikariProxyConnection@2049718117 wrapping conn0: url=jdbc:h2:mem:records-management user=SA]
2024-10-31T08:06:49.980+10:00  WARN 33563 --- [RecordsManagement] [SpringApplicationShutdownHook] o.s.b.f.support.DisposableBeanAdapter    : Invocation of destroy method failed on bean with name 'inMemoryDatabaseShutdownExecutor': org.h2.jdbc.JdbcSQLNonTransientConnectionException: Database is already closed (to disable automatic closing at VM shutdown, add ";DB_CLOSE_ON_EXIT=FALSE" to the db URL) [90121-224]
2024-10-31T08:25:28.521+10:00 DEBUG 43980 --- [RecordsManagement] [restartedMain] com.zaxxer.hikari.HikariConfig           : Driver class org.h2.Driver found in Thread context class loader org.springframework.boot.devtools.restart.classloader.RestartClassLoader@64db0cdd
2024-10-31T08:25:28.951+10:00 DEBUG 43980 --- [RecordsManagement] [restartedMain] com.zaxxer.hikari.HikariConfig           : HikariPool-1 - configuration:
2024-10-31T08:25:28.955+10:00 DEBUG 43980 --- [RecordsManagement] [restartedMain] com.zaxxer.hikari.HikariConfig           : allowPoolSuspension.............false
2024-10-31T08:25:28.956+10:00 DEBUG 43980 --- [RecordsManagement] [restartedMain] com.zaxxer.hikari.HikariConfig           : autoCommit......................true
2024-10-31T08:25:28.956+10:00 DEBUG 43980 --- [RecordsManagement] [restartedMain] com.zaxxer.hikari.HikariConfig           : catalog.........................none
2024-10-31T08:25:28.956+10:00 DEBUG 43980 --- [RecordsManagement] [restartedMain] com.zaxxer.hikari.HikariConfig           : connectionInitSql...............none
2024-10-31T08:25:28.957+10:00 DEBUG 43980 --- [RecordsManagement] [restartedMain] com.zaxxer.hikari.HikariConfig           : connectionTestQuery.............none
2024-10-31T08:25:28.958+10:00 DEBUG 43980 --- [RecordsManagement] [restartedMain] com.zaxxer.hikari.HikariConfig           : connectionTimeout...............30000
2024-10-31T08:25:28.958+10:00 DEBUG 43980 --- [RecordsManagement] [restartedMain] com.zaxxer.hikari.HikariConfig           : dataSource......................none
2024-10-31T08:25:28.958+10:00 DEBUG 43980 --- [RecordsManagement] [restartedMain] com.zaxxer.hikari.HikariConfig           : dataSourceClassName.............none
2024-10-31T08:25:28.958+10:00 DEBUG 43980 --- [RecordsManagement] [restartedMain] com.zaxxer.hikari.HikariConfig           : dataSourceJNDI..................none
2024-10-31T08:25:28.959+10:00 DEBUG 43980 --- [RecordsManagement] [restartedMain] com.zaxxer.hikari.HikariConfig           : dataSourceProperties............{password=<masked>}
2024-10-31T08:25:28.959+10:00 DEBUG 43980 --- [RecordsManagement] [restartedMain] com.zaxxer.hikari.HikariConfig           : driverClassName................."org.h2.Driver"
2024-10-31T08:25:28.960+10:00 DEBUG 43980 --- [RecordsManagement] [restartedMain] com.zaxxer.hikari.HikariConfig           : exceptionOverrideClassName......none
2024-10-31T08:25:28.960+10:00 DEBUG 43980 --- [RecordsManagement] [restartedMain] com.zaxxer.hikari.HikariConfig           : healthCheckProperties...........{}
2024-10-31T08:25:28.960+10:00 DEBUG 43980 --- [RecordsManagement] [restartedMain] com.zaxxer.hikari.HikariConfig           : healthCheckRegistry.............none
2024-10-31T08:25:28.960+10:00 DEBUG 43980 --- [RecordsManagement] [restartedMain] com.zaxxer.hikari.HikariConfig           : idleTimeout.....................600000
2024-10-31T08:25:28.960+10:00 DEBUG 43980 --- [RecordsManagement] [restartedMain] com.zaxxer.hikari.HikariConfig           : initializationFailTimeout.......1
2024-10-31T08:25:28.961+10:00 DEBUG 43980 --- [RecordsManagement] [restartedMain] com.zaxxer.hikari.HikariConfig           : isolateInternalQueries..........false
2024-10-31T08:25:28.961+10:00 DEBUG 43980 --- [RecordsManagement] [restartedMain] com.zaxxer.hikari.HikariConfig           : jdbcUrl.........................jdbc:h2:mem:records-management
2024-10-31T08:25:28.961+10:00 DEBUG 43980 --- [RecordsManagement] [restartedMain] com.zaxxer.hikari.HikariConfig           : keepaliveTime...................0
2024-10-31T08:25:28.961+10:00 DEBUG 43980 --- [RecordsManagement] [restartedMain] com.zaxxer.hikari.HikariConfig           : leakDetectionThreshold..........0
2024-10-31T08:25:28.962+10:00 DEBUG 43980 --- [RecordsManagement] [restartedMain] com.zaxxer.hikari.HikariConfig           : maxLifetime.....................1800000
2024-10-31T08:25:28.962+10:00 DEBUG 43980 --- [RecordsManagement] [restartedMain] com.zaxxer.hikari.HikariConfig           : maximumPoolSize.................10
2024-10-31T08:25:28.962+10:00 DEBUG 43980 --- [RecordsManagement] [restartedMain] com.zaxxer.hikari.HikariConfig           : metricRegistry..................none
2024-10-31T08:25:28.962+10:00 DEBUG 43980 --- [RecordsManagement] [restartedMain] com.zaxxer.hikari.HikariConfig           : metricsTrackerFactory...........none
2024-10-31T08:25:28.962+10:00 DEBUG 43980 --- [RecordsManagement] [restartedMain] com.zaxxer.hikari.HikariConfig           : minimumIdle.....................10
2024-10-31T08:25:28.963+10:00 DEBUG 43980 --- [RecordsManagement] [restartedMain] com.zaxxer.hikari.HikariConfig           : password........................<masked>
2024-10-31T08:25:28.963+10:00 DEBUG 43980 --- [RecordsManagement] [restartedMain] com.zaxxer.hikari.HikariConfig           : poolName........................"HikariPool-1"
2024-10-31T08:25:28.963+10:00 DEBUG 43980 --- [RecordsManagement] [restartedMain] com.zaxxer.hikari.HikariConfig           : readOnly........................false
2024-10-31T08:25:28.963+10:00 DEBUG 43980 --- [RecordsManagement] [restartedMain] com.zaxxer.hikari.HikariConfig           : registerMbeans..................false
2024-10-31T08:25:28.963+10:00 DEBUG 43980 --- [RecordsManagement] [restartedMain] com.zaxxer.hikari.HikariConfig           : scheduledExecutor...............none
2024-10-31T08:25:28.964+10:00 DEBUG 43980 --- [RecordsManagement] [restartedMain] com.zaxxer.hikari.HikariConfig           : schema..........................none
2024-10-31T08:25:28.964+10:00 DEBUG 43980 --- [RecordsManagement] [restartedMain] com.zaxxer.hikari.HikariConfig           : threadFactory...................internal
2024-10-31T08:25:28.964+10:00 DEBUG 43980 --- [RecordsManagement] [restartedMain] com.zaxxer.hikari.HikariConfig           : transactionIsolation............default
2024-10-31T08:25:28.964+10:00 DEBUG 43980 --- [RecordsManagement] [restartedMain] com.zaxxer.hikari.HikariConfig           : username........................"sa"
2024-10-31T08:25:28.964+10:00 DEBUG 43980 --- [RecordsManagement] [restartedMain] com.zaxxer.hikari.HikariConfig           : validationTimeout...............5000
2024-10-31T08:25:30.434+10:00  WARN 43980 --- [RecordsManagement] [restartedMain] JpaBaseConfiguration$JpaWebConfiguration : spring.jpa.open-in-view is enabled by default. Therefore, database queries may be performed during view rendering. Explicitly configure spring.jpa.open-in-view to disable this warning
2024-10-31T08:26:04.570+10:00  INFO 43980 --- [RecordsManagement] [http-nio-8080-exec-1] o.s.web.servlet.DispatcherServlet        : Initializing Servlet 'dispatcherServlet'
2024-10-31T08:26:04.572+10:00  INFO 43980 --- [RecordsManagement] [http-nio-8080-exec-1] o.s.web.servlet.DispatcherServlet        : Completed initialization in 2 ms
2024-10-31T08:26:14.843+10:00  INFO 43980 --- [RecordsManagement] [http-nio-8080-exec-8] c.m.r.controller.DashboardController     : getDashboard(...)
2024-10-31T08:26:14.844+10:00  INFO 43980 --- [RecordsManagement] [http-nio-8080-exec-8] c.m.r.controller.DashboardController     : getDashboard(...) - optionalUser is Present
2024-10-31T08:26:17.989+10:00  INFO 43980 --- [RecordsManagement] [http-nio-8080-exec-2] c.m.r.controller.PersonController        : getPersonDetails(...)
2024-10-31T08:26:17.994+10:00 DEBUG 43980 --- [RecordsManagement] [http-nio-8080-exec-2] o.s.jdbc.datasource.DataSourceUtils      : Setting JDBC Connection [HikariProxyConnection@126845888 wrapping conn0: url=jdbc:h2:mem:records-management user=SA] read-only
2024-10-31T08:26:17.998+10:00 DEBUG 43980 --- [RecordsManagement] [http-nio-8080-exec-2] o.s.jdbc.datasource.DataSourceUtils      : Resetting read-only flag of JDBC Connection [HikariProxyConnection@126845888 wrapping conn0: url=jdbc:h2:mem:records-management user=SA]
2024-10-31T08:26:18.986+10:00  INFO 43980 --- [RecordsManagement] [http-nio-8080-exec-3] c.m.r.controller.StudentController       : getStudentsByPersonId(...)
2024-10-31T08:26:19.497+10:00  INFO 43980 --- [RecordsManagement] [http-nio-8080-exec-4] c.m.r.controller.PersonController        : viewPersonFullDetails(...) - Loading full details view for person ID: 1
2024-10-31T08:26:19.497+10:00 DEBUG 43980 --- [RecordsManagement] [http-nio-8080-exec-4] o.s.jdbc.datasource.DataSourceUtils      : Setting JDBC Connection [HikariProxyConnection@666393470 wrapping conn0: url=jdbc:h2:mem:records-management user=SA] read-only
2024-10-31T08:26:19.498+10:00 DEBUG 43980 --- [RecordsManagement] [http-nio-8080-exec-4] o.s.jdbc.datasource.DataSourceUtils      : Resetting read-only flag of JDBC Connection [HikariProxyConnection@666393470 wrapping conn0: url=jdbc:h2:mem:records-management user=SA]
2024-10-31T08:26:34.261+10:00  INFO 43980 --- [RecordsManagement] [http-nio-8080-exec-9] c.m.r.controller.DashboardController     : getDashboard(...)
2024-10-31T08:26:34.261+10:00  INFO 43980 --- [RecordsManagement] [http-nio-8080-exec-9] c.m.r.controller.DashboardController     : getDashboard(...) - optionalUser is Present
2024-10-31T08:26:37.323+10:00  INFO 43980 --- [RecordsManagement] [http-nio-8080-exec-3] c.m.r.controller.PersonController        : getPersonDetails(...)
2024-10-31T08:26:37.324+10:00 DEBUG 43980 --- [RecordsManagement] [http-nio-8080-exec-3] o.s.jdbc.datasource.DataSourceUtils      : Setting JDBC Connection [HikariProxyConnection@339236378 wrapping conn0: url=jdbc:h2:mem:records-management user=SA] read-only
2024-10-31T08:26:37.325+10:00 DEBUG 43980 --- [RecordsManagement] [http-nio-8080-exec-3] o.s.jdbc.datasource.DataSourceUtils      : Resetting read-only flag of JDBC Connection [HikariProxyConnection@339236378 wrapping conn0: url=jdbc:h2:mem:records-management user=SA]
2024-10-31T08:26:38.322+10:00  INFO 43980 --- [RecordsManagement] [http-nio-8080-exec-4] c.m.r.controller.StudentController       : getStudentsByPersonId(...)
2024-10-31T08:26:40.298+10:00  INFO 43980 --- [RecordsManagement] [http-nio-8080-exec-6] c.m.r.controller.PersonController        : viewPersonFullDetails(...) - Loading full details view for person ID: 1
2024-10-31T08:26:40.298+10:00 DEBUG 43980 --- [RecordsManagement] [http-nio-8080-exec-6] o.s.jdbc.datasource.DataSourceUtils      : Setting JDBC Connection [HikariProxyConnection@1298300720 wrapping conn0: url=jdbc:h2:mem:records-management user=SA] read-only
2024-10-31T08:26:40.300+10:00 DEBUG 43980 --- [RecordsManagement] [http-nio-8080-exec-6] o.s.jdbc.datasource.DataSourceUtils      : Resetting read-only flag of JDBC Connection [HikariProxyConnection@1298300720 wrapping conn0: url=jdbc:h2:mem:records-management user=SA]
2024-10-31T08:26:49.938+10:00  INFO 43980 --- [RecordsManagement] [http-nio-8080-exec-1] c.m.r.controller.PersonController        : Saving email for personId: 1, emailId: null
2024-10-31T08:26:49.939+10:00 DEBUG 43980 --- [RecordsManagement] [http-nio-8080-exec-1] o.s.jdbc.datasource.DataSourceUtils      : Setting JDBC Connection [HikariProxyConnection@1197703534 wrapping conn0: url=jdbc:h2:mem:records-management user=SA] read-only
2024-10-31T08:26:49.940+10:00 DEBUG 43980 --- [RecordsManagement] [http-nio-8080-exec-1] o.s.jdbc.datasource.DataSourceUtils      : Resetting read-only flag of JDBC Connection [HikariProxyConnection@1197703534 wrapping conn0: url=jdbc:h2:mem:records-management user=SA]
2024-10-31T08:33:36.801+10:00  INFO 43980 --- [RecordsManagement] [http-nio-8080-exec-10] c.m.r.controller.DashboardController     : getDashboard(...)
2024-10-31T08:33:36.802+10:00  INFO 43980 --- [RecordsManagement] [http-nio-8080-exec-10] c.m.r.controller.DashboardController     : getDashboard(...) - optionalUser is Present
2024-10-31T08:34:03.466+10:00  INFO 43980 --- [RecordsManagement] [http-nio-8080-exec-10] c.m.r.controller.PersonController        : viewPersonFullDetails(...) - Loading full details view for person ID: 1
2024-10-31T08:34:03.466+10:00 DEBUG 43980 --- [RecordsManagement] [http-nio-8080-exec-10] o.s.jdbc.datasource.DataSourceUtils      : Setting JDBC Connection [HikariProxyConnection@454222516 wrapping conn0: url=jdbc:h2:mem:records-management user=SA] read-only
2024-10-31T08:34:03.468+10:00 DEBUG 43980 --- [RecordsManagement] [http-nio-8080-exec-10] o.s.jdbc.datasource.DataSourceUtils      : Resetting read-only flag of JDBC Connection [HikariProxyConnection@454222516 wrapping conn0: url=jdbc:h2:mem:records-management user=SA]
2024-10-31T08:34:36.019+10:00  INFO 43980 --- [RecordsManagement] [http-nio-8080-exec-7] c.m.r.controller.PersonController        : Saving email for personId: 1, emailId: null
2024-10-31T08:34:36.020+10:00 DEBUG 43980 --- [RecordsManagement] [http-nio-8080-exec-7] o.s.jdbc.datasource.DataSourceUtils      : Setting JDBC Connection [HikariProxyConnection@499725697 wrapping conn0: url=jdbc:h2:mem:records-management user=SA] read-only
2024-10-31T08:34:36.021+10:00 DEBUG 43980 --- [RecordsManagement] [http-nio-8080-exec-7] o.s.jdbc.datasource.DataSourceUtils      : Resetting read-only flag of JDBC Connection [HikariProxyConnection@499725697 wrapping conn0: url=jdbc:h2:mem:records-management user=SA]
2024-10-31T08:37:59.382+10:00  INFO 43980 --- [RecordsManagement] [http-nio-8080-exec-2] c.m.r.controller.DashboardController     : getDashboard(...)
2024-10-31T08:37:59.382+10:00  INFO 43980 --- [RecordsManagement] [http-nio-8080-exec-2] c.m.r.controller.DashboardController     : getDashboard(...) - optionalUser is Present
2024-10-31T08:38:01.723+10:00  INFO 43980 --- [RecordsManagement] [http-nio-8080-exec-2] c.m.r.controller.PersonController        : viewPersonFullDetails(...) - Loading full details view for person ID: 1
2024-10-31T08:38:01.723+10:00 DEBUG 43980 --- [RecordsManagement] [http-nio-8080-exec-2] o.s.jdbc.datasource.DataSourceUtils      : Setting JDBC Connection [HikariProxyConnection@1342159240 wrapping conn0: url=jdbc:h2:mem:records-management user=SA] read-only
2024-10-31T08:38:01.725+10:00 DEBUG 43980 --- [RecordsManagement] [http-nio-8080-exec-2] o.s.jdbc.datasource.DataSourceUtils      : Resetting read-only flag of JDBC Connection [HikariProxyConnection@1342159240 wrapping conn0: url=jdbc:h2:mem:records-management user=SA]
2024-10-31T08:38:11.648+10:00  INFO 43980 --- [RecordsManagement] [http-nio-8080-exec-1] c.m.r.controller.PersonController        : Saving email for personId: 1, emailId: null
2024-10-31T08:38:11.648+10:00 DEBUG 43980 --- [RecordsManagement] [http-nio-8080-exec-1] o.s.jdbc.datasource.DataSourceUtils      : Setting JDBC Connection [HikariProxyConnection@1714983173 wrapping conn0: url=jdbc:h2:mem:records-management user=SA] read-only
2024-10-31T08:38:11.649+10:00 DEBUG 43980 --- [RecordsManagement] [http-nio-8080-exec-1] o.s.jdbc.datasource.DataSourceUtils      : Resetting read-only flag of JDBC Connection [HikariProxyConnection@1714983173 wrapping conn0: url=jdbc:h2:mem:records-management user=SA]
2024-10-31T08:41:06.308+10:00  INFO 43980 --- [RecordsManagement] [http-nio-8080-exec-6] c.m.r.controller.DashboardController     : getDashboard(...)
2024-10-31T08:41:06.308+10:00  INFO 43980 --- [RecordsManagement] [http-nio-8080-exec-6] c.m.r.controller.DashboardController     : getDashboard(...) - optionalUser is Present
2024-10-31T08:41:09.368+10:00  INFO 43980 --- [RecordsManagement] [http-nio-8080-exec-8] c.m.r.controller.PersonController        : getPersonDetails(...)
2024-10-31T08:41:09.368+10:00 DEBUG 43980 --- [RecordsManagement] [http-nio-8080-exec-8] o.s.jdbc.datasource.DataSourceUtils      : Setting JDBC Connection [HikariProxyConnection@823484365 wrapping conn0: url=jdbc:h2:mem:records-management user=SA] read-only
2024-10-31T08:41:09.370+10:00 DEBUG 43980 --- [RecordsManagement] [http-nio-8080-exec-8] o.s.jdbc.datasource.DataSourceUtils      : Resetting read-only flag of JDBC Connection [HikariProxyConnection@823484365 wrapping conn0: url=jdbc:h2:mem:records-management user=SA]
2024-10-31T08:41:10.365+10:00  INFO 43980 --- [RecordsManagement] [http-nio-8080-exec-10] c.m.r.controller.StudentController       : getStudentsByPersonId(...)
2024-10-31T08:41:12.111+10:00  INFO 43980 --- [RecordsManagement] [http-nio-8080-exec-4] c.m.r.controller.PersonController        : viewPersonFullDetails(...) - Loading full details view for person ID: 1
2024-10-31T08:41:12.111+10:00 DEBUG 43980 --- [RecordsManagement] [http-nio-8080-exec-4] o.s.jdbc.datasource.DataSourceUtils      : Setting JDBC Connection [HikariProxyConnection@1341387727 wrapping conn0: url=jdbc:h2:mem:records-management user=SA] read-only
2024-10-31T08:41:12.113+10:00 DEBUG 43980 --- [RecordsManagement] [http-nio-8080-exec-4] o.s.jdbc.datasource.DataSourceUtils      : Resetting read-only flag of JDBC Connection [HikariProxyConnection@1341387727 wrapping conn0: url=jdbc:h2:mem:records-management user=SA]
2024-10-31T08:42:16.829+10:00  INFO 43980 --- [RecordsManagement] [http-nio-8080-exec-8] c.m.r.controller.PersonController        : Saving email for personId: 1, emailId: null
2024-10-31T08:42:16.829+10:00 DEBUG 43980 --- [RecordsManagement] [http-nio-8080-exec-8] o.s.jdbc.datasource.DataSourceUtils      : Setting JDBC Connection [HikariProxyConnection@2067568387 wrapping conn0: url=jdbc:h2:mem:records-management user=SA] read-only
2024-10-31T08:42:16.830+10:00 DEBUG 43980 --- [RecordsManagement] [http-nio-8080-exec-8] o.s.jdbc.datasource.DataSourceUtils      : Resetting read-only flag of JDBC Connection [HikariProxyConnection@2067568387 wrapping conn0: url=jdbc:h2:mem:records-management user=SA]
2024-10-31T15:50:05.745+10:00  WARN 43980 --- [RecordsManagement] [SpringApplicationShutdownHook] o.s.b.f.support.DisposableBeanAdapter    : Invocation of destroy method failed on bean with name 'inMemoryDatabaseShutdownExecutor': org.h2.jdbc.JdbcSQLNonTransientConnectionException: Database is already closed (to disable automatic closing at VM shutdown, add ";DB_CLOSE_ON_EXIT=FALSE" to the db URL) [90121-224]
2024-10-31T15:50:09.802+10:00 DEBUG 72882 --- [RecordsManagement] [restartedMain] com.zaxxer.hikari.HikariConfig           : Driver class org.h2.Driver found in Thread context class loader org.springframework.boot.devtools.restart.classloader.RestartClassLoader@64db0cdd
2024-10-31T15:50:10.265+10:00 DEBUG 72882 --- [RecordsManagement] [restartedMain] com.zaxxer.hikari.HikariConfig           : HikariPool-1 - configuration:
2024-10-31T15:50:10.269+10:00 DEBUG 72882 --- [RecordsManagement] [restartedMain] com.zaxxer.hikari.HikariConfig           : allowPoolSuspension.............false
2024-10-31T15:50:10.269+10:00 DEBUG 72882 --- [RecordsManagement] [restartedMain] com.zaxxer.hikari.HikariConfig           : autoCommit......................true
2024-10-31T15:50:10.269+10:00 DEBUG 72882 --- [RecordsManagement] [restartedMain] com.zaxxer.hikari.HikariConfig           : catalog.........................none
2024-10-31T15:50:10.269+10:00 DEBUG 72882 --- [RecordsManagement] [restartedMain] com.zaxxer.hikari.HikariConfig           : connectionInitSql...............none
2024-10-31T15:50:10.269+10:00 DEBUG 72882 --- [RecordsManagement] [restartedMain] com.zaxxer.hikari.HikariConfig           : connectionTestQuery.............none
2024-10-31T15:50:10.270+10:00 DEBUG 72882 --- [RecordsManagement] [restartedMain] com.zaxxer.hikari.HikariConfig           : connectionTimeout...............30000
2024-10-31T15:50:10.270+10:00 DEBUG 72882 --- [RecordsManagement] [restartedMain] com.zaxxer.hikari.HikariConfig           : dataSource......................none
2024-10-31T15:50:10.271+10:00 DEBUG 72882 --- [RecordsManagement] [restartedMain] com.zaxxer.hikari.HikariConfig           : dataSourceClassName.............none
2024-10-31T15:50:10.271+10:00 DEBUG 72882 --- [RecordsManagement] [restartedMain] com.zaxxer.hikari.HikariConfig           : dataSourceJNDI..................none
2024-10-31T15:50:10.271+10:00 DEBUG 72882 --- [RecordsManagement] [restartedMain] com.zaxxer.hikari.HikariConfig           : dataSourceProperties............{password=<masked>}
2024-10-31T15:50:10.272+10:00 DEBUG 72882 --- [RecordsManagement] [restartedMain] com.zaxxer.hikari.HikariConfig           : driverClassName................."org.h2.Driver"
2024-10-31T15:50:10.272+10:00 DEBUG 72882 --- [RecordsManagement] [restartedMain] com.zaxxer.hikari.HikariConfig           : exceptionOverrideClassName......none
2024-10-31T15:50:10.272+10:00 DEBUG 72882 --- [RecordsManagement] [restartedMain] com.zaxxer.hikari.HikariConfig           : healthCheckProperties...........{}
2024-10-31T15:50:10.272+10:00 DEBUG 72882 --- [RecordsManagement] [restartedMain] com.zaxxer.hikari.HikariConfig           : healthCheckRegistry.............none
2024-10-31T15:50:10.273+10:00 DEBUG 72882 --- [RecordsManagement] [restartedMain] com.zaxxer.hikari.HikariConfig           : idleTimeout.....................600000
2024-10-31T15:50:10.273+10:00 DEBUG 72882 --- [RecordsManagement] [restartedMain] com.zaxxer.hikari.HikariConfig           : initializationFailTimeout.......1
2024-10-31T15:50:10.273+10:00 DEBUG 72882 --- [RecordsManagement] [restartedMain] com.zaxxer.hikari.HikariConfig           : isolateInternalQueries..........false
2024-10-31T15:50:10.273+10:00 DEBUG 72882 --- [RecordsManagement] [restartedMain] com.zaxxer.hikari.HikariConfig           : jdbcUrl.........................jdbc:h2:mem:records-management
2024-10-31T15:50:10.273+10:00 DEBUG 72882 --- [RecordsManagement] [restartedMain] com.zaxxer.hikari.HikariConfig           : keepaliveTime...................0
2024-10-31T15:50:10.274+10:00 DEBUG 72882 --- [RecordsManagement] [restartedMain] com.zaxxer.hikari.HikariConfig           : leakDetectionThreshold..........0
2024-10-31T15:50:10.274+10:00 DEBUG 72882 --- [RecordsManagement] [restartedMain] com.zaxxer.hikari.HikariConfig           : maxLifetime.....................1800000
2024-10-31T15:50:10.274+10:00 DEBUG 72882 --- [RecordsManagement] [restartedMain] com.zaxxer.hikari.HikariConfig           : maximumPoolSize.................10
2024-10-31T15:50:10.274+10:00 DEBUG 72882 --- [RecordsManagement] [restartedMain] com.zaxxer.hikari.HikariConfig           : metricRegistry..................none
2024-10-31T15:50:10.274+10:00 DEBUG 72882 --- [RecordsManagement] [restartedMain] com.zaxxer.hikari.HikariConfig           : metricsTrackerFactory...........none
2024-10-31T15:50:10.274+10:00 DEBUG 72882 --- [RecordsManagement] [restartedMain] com.zaxxer.hikari.HikariConfig           : minimumIdle.....................10
2024-10-31T15:50:10.275+10:00 DEBUG 72882 --- [RecordsManagement] [restartedMain] com.zaxxer.hikari.HikariConfig           : password........................<masked>
2024-10-31T15:50:10.275+10:00 DEBUG 72882 --- [RecordsManagement] [restartedMain] com.zaxxer.hikari.HikariConfig           : poolName........................"HikariPool-1"
2024-10-31T15:50:10.275+10:00 DEBUG 72882 --- [RecordsManagement] [restartedMain] com.zaxxer.hikari.HikariConfig           : readOnly........................false
2024-10-31T15:50:10.275+10:00 DEBUG 72882 --- [RecordsManagement] [restartedMain] com.zaxxer.hikari.HikariConfig           : registerMbeans..................false
2024-10-31T15:50:10.275+10:00 DEBUG 72882 --- [RecordsManagement] [restartedMain] com.zaxxer.hikari.HikariConfig           : scheduledExecutor...............none
2024-10-31T15:50:10.276+10:00 DEBUG 72882 --- [RecordsManagement] [restartedMain] com.zaxxer.hikari.HikariConfig           : schema..........................none
2024-10-31T15:50:10.276+10:00 DEBUG 72882 --- [RecordsManagement] [restartedMain] com.zaxxer.hikari.HikariConfig           : threadFactory...................internal
2024-10-31T15:50:10.276+10:00 DEBUG 72882 --- [RecordsManagement] [restartedMain] com.zaxxer.hikari.HikariConfig           : transactionIsolation............default
2024-10-31T15:50:10.276+10:00 DEBUG 72882 --- [RecordsManagement] [restartedMain] com.zaxxer.hikari.HikariConfig           : username........................"sa"
2024-10-31T15:50:10.276+10:00 DEBUG 72882 --- [RecordsManagement] [restartedMain] com.zaxxer.hikari.HikariConfig           : validationTimeout...............5000
2024-10-31T15:50:11.995+10:00  WARN 72882 --- [RecordsManagement] [restartedMain] JpaBaseConfiguration$JpaWebConfiguration : spring.jpa.open-in-view is enabled by default. Therefore, database queries may be performed during view rendering. Explicitly configure spring.jpa.open-in-view to disable this warning
2024-10-31T15:50:34.675+10:00  INFO 72882 --- [RecordsManagement] [http-nio-8080-exec-1] o.s.web.servlet.DispatcherServlet        : Initializing Servlet 'dispatcherServlet'
2024-10-31T15:50:34.676+10:00  INFO 72882 --- [RecordsManagement] [http-nio-8080-exec-1] o.s.web.servlet.DispatcherServlet        : Completed initialization in 0 ms
2024-10-31T15:50:48.388+10:00  INFO 72882 --- [RecordsManagement] [http-nio-8080-exec-9] c.m.r.controller.DashboardController     : getDashboard(...)
2024-10-31T15:50:48.388+10:00  INFO 72882 --- [RecordsManagement] [http-nio-8080-exec-9] c.m.r.controller.DashboardController     : getDashboard(...) - optionalUser is Present
2024-10-31T15:50:51.490+10:00  INFO 72882 --- [RecordsManagement] [http-nio-8080-exec-4] c.m.r.controller.PersonController        : getPersonDetails(...)
2024-10-31T15:50:51.494+10:00 DEBUG 72882 --- [RecordsManagement] [http-nio-8080-exec-4] o.s.jdbc.datasource.DataSourceUtils      : Setting JDBC Connection [HikariProxyConnection@290920468 wrapping conn0: url=jdbc:h2:mem:records-management user=SA] read-only
2024-10-31T15:50:51.498+10:00 DEBUG 72882 --- [RecordsManagement] [http-nio-8080-exec-4] o.s.jdbc.datasource.DataSourceUtils      : Resetting read-only flag of JDBC Connection [HikariProxyConnection@290920468 wrapping conn0: url=jdbc:h2:mem:records-management user=SA]
2024-10-31T15:50:52.487+10:00  INFO 72882 --- [RecordsManagement] [http-nio-8080-exec-3] c.m.r.controller.StudentController       : getStudentsByPersonId(...)
2024-10-31T15:50:53.231+10:00  INFO 72882 --- [RecordsManagement] [http-nio-8080-exec-6] c.m.r.controller.PersonController        : viewPersonFullDetails(...) - Loading full details view for person ID: 1
2024-10-31T15:50:53.231+10:00 DEBUG 72882 --- [RecordsManagement] [http-nio-8080-exec-6] o.s.jdbc.datasource.DataSourceUtils      : Setting JDBC Connection [HikariProxyConnection@1049428142 wrapping conn0: url=jdbc:h2:mem:records-management user=SA] read-only
2024-10-31T15:50:53.233+10:00 DEBUG 72882 --- [RecordsManagement] [http-nio-8080-exec-6] o.s.jdbc.datasource.DataSourceUtils      : Resetting read-only flag of JDBC Connection [HikariProxyConnection@1049428142 wrapping conn0: url=jdbc:h2:mem:records-management user=SA]
2024-10-31T15:51:03.470+10:00  INFO 72882 --- [RecordsManagement] [http-nio-8080-exec-10] c.m.r.controller.PersonController        : Saving email for personId: 1, emailId: null
2024-10-31T15:51:03.470+10:00 DEBUG 72882 --- [RecordsManagement] [http-nio-8080-exec-10] o.s.jdbc.datasource.DataSourceUtils      : Setting JDBC Connection [HikariProxyConnection@1348883704 wrapping conn0: url=jdbc:h2:mem:records-management user=SA] read-only
2024-10-31T15:51:03.472+10:00 DEBUG 72882 --- [RecordsManagement] [http-nio-8080-exec-10] o.s.jdbc.datasource.DataSourceUtils      : Resetting read-only flag of JDBC Connection [HikariProxyConnection@1348883704 wrapping conn0: url=jdbc:h2:mem:records-management user=SA]
2024-10-31T15:52:07.436+10:00  INFO 72882 --- [RecordsManagement] [http-nio-8080-exec-6] c.m.r.controller.DashboardController     : getDashboard(...)
2024-10-31T15:52:07.436+10:00  INFO 72882 --- [RecordsManagement] [http-nio-8080-exec-6] c.m.r.controller.DashboardController     : getDashboard(...) - optionalUser is Present
2024-10-31T15:52:10.492+10:00  INFO 72882 --- [RecordsManagement] [http-nio-8080-exec-9] c.m.r.controller.PersonController        : getPersonDetails(...)
2024-10-31T15:52:10.492+10:00 DEBUG 72882 --- [RecordsManagement] [http-nio-8080-exec-9] o.s.jdbc.datasource.DataSourceUtils      : Setting JDBC Connection [HikariProxyConnection@1926276169 wrapping conn0: url=jdbc:h2:mem:records-management user=SA] read-only
2024-10-31T15:52:10.494+10:00 DEBUG 72882 --- [RecordsManagement] [http-nio-8080-exec-9] o.s.jdbc.datasource.DataSourceUtils      : Resetting read-only flag of JDBC Connection [HikariProxyConnection@1926276169 wrapping conn0: url=jdbc:h2:mem:records-management user=SA]
2024-10-31T15:52:11.492+10:00  INFO 72882 --- [RecordsManagement] [http-nio-8080-exec-10] c.m.r.controller.StudentController       : getStudentsByPersonId(...)
2024-10-31T15:52:12.559+10:00  INFO 72882 --- [RecordsManagement] [http-nio-8080-exec-2] c.m.r.controller.PersonController        : viewPersonFullDetails(...) - Loading full details view for person ID: 1
2024-10-31T15:52:12.559+10:00 DEBUG 72882 --- [RecordsManagement] [http-nio-8080-exec-2] o.s.jdbc.datasource.DataSourceUtils      : Setting JDBC Connection [HikariProxyConnection@302116474 wrapping conn0: url=jdbc:h2:mem:records-management user=SA] read-only
2024-10-31T15:52:12.560+10:00 DEBUG 72882 --- [RecordsManagement] [http-nio-8080-exec-2] o.s.jdbc.datasource.DataSourceUtils      : Resetting read-only flag of JDBC Connection [HikariProxyConnection@302116474 wrapping conn0: url=jdbc:h2:mem:records-management user=SA]
2024-10-31T15:52:46.905+10:00  INFO 72882 --- [RecordsManagement] [http-nio-8080-exec-7] c.m.r.controller.DashboardController     : getDashboard(...)
2024-10-31T15:52:46.905+10:00  INFO 72882 --- [RecordsManagement] [http-nio-8080-exec-7] c.m.r.controller.DashboardController     : getDashboard(...) - optionalUser is Present
2024-10-31T15:52:49.966+10:00  INFO 72882 --- [RecordsManagement] [http-nio-8080-exec-10] c.m.r.controller.PersonController        : getPersonDetails(...)
2024-10-31T15:52:49.967+10:00 DEBUG 72882 --- [RecordsManagement] [http-nio-8080-exec-10] o.s.jdbc.datasource.DataSourceUtils      : Setting JDBC Connection [HikariProxyConnection@144154383 wrapping conn0: url=jdbc:h2:mem:records-management user=SA] read-only
2024-10-31T15:52:49.969+10:00 DEBUG 72882 --- [RecordsManagement] [http-nio-8080-exec-10] o.s.jdbc.datasource.DataSourceUtils      : Resetting read-only flag of JDBC Connection [HikariProxyConnection@144154383 wrapping conn0: url=jdbc:h2:mem:records-management user=SA]
2024-10-31T15:52:51.054+10:00  INFO 72882 --- [RecordsManagement] [http-nio-8080-exec-2] c.m.r.controller.StudentController       : getStudentsByPersonId(...)
2024-10-31T15:52:52.732+10:00  INFO 72882 --- [RecordsManagement] [http-nio-8080-exec-4] c.m.r.controller.PersonController        : viewPersonFullDetails(...) - Loading full details view for person ID: 1
2024-10-31T15:52:52.732+10:00 DEBUG 72882 --- [RecordsManagement] [http-nio-8080-exec-4] o.s.jdbc.datasource.DataSourceUtils      : Setting JDBC Connection [HikariProxyConnection@1366989304 wrapping conn0: url=jdbc:h2:mem:records-management user=SA] read-only
2024-10-31T15:52:52.734+10:00 DEBUG 72882 --- [RecordsManagement] [http-nio-8080-exec-4] o.s.jdbc.datasource.DataSourceUtils      : Resetting read-only flag of JDBC Connection [HikariProxyConnection@1366989304 wrapping conn0: url=jdbc:h2:mem:records-management user=SA]
2024-10-31T15:53:35.725+10:00  INFO 72882 --- [RecordsManagement] [http-nio-8080-exec-9] c.m.r.controller.DashboardController     : getDashboard(...)
2024-10-31T15:53:35.725+10:00  INFO 72882 --- [RecordsManagement] [http-nio-8080-exec-9] c.m.r.controller.DashboardController     : getDashboard(...) - optionalUser is Present
2024-10-31T15:53:40.471+10:00  INFO 72882 --- [RecordsManagement] [http-nio-8080-exec-9] c.m.r.controller.PersonController        : viewPersonFullDetails(...) - Loading full details view for person ID: 1
2024-10-31T15:53:40.471+10:00 DEBUG 72882 --- [RecordsManagement] [http-nio-8080-exec-9] o.s.jdbc.datasource.DataSourceUtils      : Setting JDBC Connection [HikariProxyConnection@923077126 wrapping conn0: url=jdbc:h2:mem:records-management user=SA] read-only
2024-10-31T15:53:40.472+10:00 DEBUG 72882 --- [RecordsManagement] [http-nio-8080-exec-9] o.s.jdbc.datasource.DataSourceUtils      : Resetting read-only flag of JDBC Connection [HikariProxyConnection@923077126 wrapping conn0: url=jdbc:h2:mem:records-management user=SA]
2024-10-31T16:00:03.237+10:00  INFO 72882 --- [RecordsManagement] [http-nio-8080-exec-2] c.m.r.controller.DashboardController     : getDashboard(...)
2024-10-31T16:00:03.237+10:00  INFO 72882 --- [RecordsManagement] [http-nio-8080-exec-2] c.m.r.controller.DashboardController     : getDashboard(...) - optionalUser is Present
2024-10-31T16:00:06.187+10:00  INFO 72882 --- [RecordsManagement] [http-nio-8080-exec-1] c.m.r.controller.DashboardController     : getDashboard(...)
2024-10-31T16:00:06.188+10:00  INFO 72882 --- [RecordsManagement] [http-nio-8080-exec-1] c.m.r.controller.DashboardController     : getDashboard(...) - optionalUser is Present
2024-10-31T16:00:20.037+10:00  INFO 72882 --- [RecordsManagement] [http-nio-8080-exec-9] c.m.r.controller.PersonController        : viewPersonFullDetails(...) - Loading full details view for person ID: 1
2024-10-31T16:00:20.037+10:00 DEBUG 72882 --- [RecordsManagement] [http-nio-8080-exec-9] o.s.jdbc.datasource.DataSourceUtils      : Setting JDBC Connection [HikariProxyConnection@869440117 wrapping conn0: url=jdbc:h2:mem:records-management user=SA] read-only
2024-10-31T16:00:20.038+10:00 DEBUG 72882 --- [RecordsManagement] [http-nio-8080-exec-9] o.s.jdbc.datasource.DataSourceUtils      : Resetting read-only flag of JDBC Connection [HikariProxyConnection@869440117 wrapping conn0: url=jdbc:h2:mem:records-management user=SA]
2024-10-31T16:00:28.686+10:00  INFO 72882 --- [RecordsManagement] [http-nio-8080-exec-3] c.m.r.controller.PersonController        : viewPersonFullDetails(...) - Loading full details view for person ID: 1
2024-10-31T16:00:28.687+10:00 DEBUG 72882 --- [RecordsManagement] [http-nio-8080-exec-3] o.s.jdbc.datasource.DataSourceUtils      : Setting JDBC Connection [HikariProxyConnection@202819681 wrapping conn0: url=jdbc:h2:mem:records-management user=SA] read-only
2024-10-31T16:00:28.688+10:00 DEBUG 72882 --- [RecordsManagement] [http-nio-8080-exec-3] o.s.jdbc.datasource.DataSourceUtils      : Resetting read-only flag of JDBC Connection [HikariProxyConnection@202819681 wrapping conn0: url=jdbc:h2:mem:records-management user=SA]
2024-10-31T16:00:42.212+10:00  INFO 72882 --- [RecordsManagement] [http-nio-8080-exec-8] c.m.r.controller.PersonController        : Saving email for personId: 1, emailId: null
2024-10-31T16:00:42.228+10:00 DEBUG 72882 --- [RecordsManagement] [http-nio-8080-exec-8] o.s.jdbc.datasource.DataSourceUtils      : Setting JDBC Connection [HikariProxyConnection@2078026195 wrapping conn0: url=jdbc:h2:mem:records-management user=SA] read-only
2024-10-31T16:00:42.232+10:00 DEBUG 72882 --- [RecordsManagement] [http-nio-8080-exec-8] o.s.jdbc.datasource.DataSourceUtils      : Resetting read-only flag of JDBC Connection [HikariProxyConnection@2078026195 wrapping conn0: url=jdbc:h2:mem:records-management user=SA]
2024-10-31T16:02:53.615+10:00  WARN 72882 --- [RecordsManagement] [SpringApplicationShutdownHook] o.s.b.f.support.DisposableBeanAdapter    : Invocation of destroy method failed on bean with name 'inMemoryDatabaseShutdownExecutor': org.h2.jdbc.JdbcSQLNonTransientConnectionException: Database is already closed (to disable automatic closing at VM shutdown, add ";DB_CLOSE_ON_EXIT=FALSE" to the db URL) [90121-224]
2024-10-31T16:02:57.086+10:00 DEBUG 73742 --- [RecordsManagement] [restartedMain] com.zaxxer.hikari.HikariConfig           : Driver class org.h2.Driver found in Thread context class loader org.springframework.boot.devtools.restart.classloader.RestartClassLoader@3ab4fe5f
2024-10-31T16:02:57.493+10:00 DEBUG 73742 --- [RecordsManagement] [restartedMain] com.zaxxer.hikari.HikariConfig           : HikariPool-1 - configuration:
2024-10-31T16:02:57.497+10:00 DEBUG 73742 --- [RecordsManagement] [restartedMain] com.zaxxer.hikari.HikariConfig           : allowPoolSuspension.............false
2024-10-31T16:02:57.498+10:00 DEBUG 73742 --- [RecordsManagement] [restartedMain] com.zaxxer.hikari.HikariConfig           : autoCommit......................true
2024-10-31T16:02:57.498+10:00 DEBUG 73742 --- [RecordsManagement] [restartedMain] com.zaxxer.hikari.HikariConfig           : catalog.........................none
2024-10-31T16:02:57.498+10:00 DEBUG 73742 --- [RecordsManagement] [restartedMain] com.zaxxer.hikari.HikariConfig           : connectionInitSql...............none
2024-10-31T16:02:57.498+10:00 DEBUG 73742 --- [RecordsManagement] [restartedMain] com.zaxxer.hikari.HikariConfig           : connectionTestQuery.............none
2024-10-31T16:02:57.499+10:00 DEBUG 73742 --- [RecordsManagement] [restartedMain] com.zaxxer.hikari.HikariConfig           : connectionTimeout...............30000
2024-10-31T16:02:57.499+10:00 DEBUG 73742 --- [RecordsManagement] [restartedMain] com.zaxxer.hikari.HikariConfig           : dataSource......................none
2024-10-31T16:02:57.499+10:00 DEBUG 73742 --- [RecordsManagement] [restartedMain] com.zaxxer.hikari.HikariConfig           : dataSourceClassName.............none
2024-10-31T16:02:57.499+10:00 DEBUG 73742 --- [RecordsManagement] [restartedMain] com.zaxxer.hikari.HikariConfig           : dataSourceJNDI..................none
2024-10-31T16:02:57.500+10:00 DEBUG 73742 --- [RecordsManagement] [restartedMain] com.zaxxer.hikari.HikariConfig           : dataSourceProperties............{password=<masked>}
2024-10-31T16:02:57.500+10:00 DEBUG 73742 --- [RecordsManagement] [restartedMain] com.zaxxer.hikari.HikariConfig           : driverClassName................."org.h2.Driver"
2024-10-31T16:02:57.500+10:00 DEBUG 73742 --- [RecordsManagement] [restartedMain] com.zaxxer.hikari.HikariConfig           : exceptionOverrideClassName......none
2024-10-31T16:02:57.500+10:00 DEBUG 73742 --- [RecordsManagement] [restartedMain] com.zaxxer.hikari.HikariConfig           : healthCheckProperties...........{}
2024-10-31T16:02:57.500+10:00 DEBUG 73742 --- [RecordsManagement] [restartedMain] com.zaxxer.hikari.HikariConfig           : healthCheckRegistry.............none
2024-10-31T16:02:57.501+10:00 DEBUG 73742 --- [RecordsManagement] [restartedMain] com.zaxxer.hikari.HikariConfig           : idleTimeout.....................600000
2024-10-31T16:02:57.501+10:00 DEBUG 73742 --- [RecordsManagement] [restartedMain] com.zaxxer.hikari.HikariConfig           : initializationFailTimeout.......1
2024-10-31T16:02:57.501+10:00 DEBUG 73742 --- [RecordsManagement] [restartedMain] com.zaxxer.hikari.HikariConfig           : isolateInternalQueries..........false
2024-10-31T16:02:57.501+10:00 DEBUG 73742 --- [RecordsManagement] [restartedMain] com.zaxxer.hikari.HikariConfig           : jdbcUrl.........................jdbc:h2:mem:records-management
2024-10-31T16:02:57.501+10:00 DEBUG 73742 --- [RecordsManagement] [restartedMain] com.zaxxer.hikari.HikariConfig           : keepaliveTime...................0
2024-10-31T16:02:57.501+10:00 DEBUG 73742 --- [RecordsManagement] [restartedMain] com.zaxxer.hikari.HikariConfig           : leakDetectionThreshold..........0
2024-10-31T16:02:57.501+10:00 DEBUG 73742 --- [RecordsManagement] [restartedMain] com.zaxxer.hikari.HikariConfig           : maxLifetime.....................1800000
2024-10-31T16:02:57.502+10:00 DEBUG 73742 --- [RecordsManagement] [restartedMain] com.zaxxer.hikari.HikariConfig           : maximumPoolSize.................10
2024-10-31T16:02:57.502+10:00 DEBUG 73742 --- [RecordsManagement] [restartedMain] com.zaxxer.hikari.HikariConfig           : metricRegistry..................none
2024-10-31T16:02:57.502+10:00 DEBUG 73742 --- [RecordsManagement] [restartedMain] com.zaxxer.hikari.HikariConfig           : metricsTrackerFactory...........none
2024-10-31T16:02:57.502+10:00 DEBUG 73742 --- [RecordsManagement] [restartedMain] com.zaxxer.hikari.HikariConfig           : minimumIdle.....................10
2024-10-31T16:02:57.502+10:00 DEBUG 73742 --- [RecordsManagement] [restartedMain] com.zaxxer.hikari.HikariConfig           : password........................<masked>
2024-10-31T16:02:57.502+10:00 DEBUG 73742 --- [RecordsManagement] [restartedMain] com.zaxxer.hikari.HikariConfig           : poolName........................"HikariPool-1"
2024-10-31T16:02:57.503+10:00 DEBUG 73742 --- [RecordsManagement] [restartedMain] com.zaxxer.hikari.HikariConfig           : readOnly........................false
2024-10-31T16:02:57.503+10:00 DEBUG 73742 --- [RecordsManagement] [restartedMain] com.zaxxer.hikari.HikariConfig           : registerMbeans..................false
2024-10-31T16:02:57.503+10:00 DEBUG 73742 --- [RecordsManagement] [restartedMain] com.zaxxer.hikari.HikariConfig           : scheduledExecutor...............none
2024-10-31T16:02:57.503+10:00 DEBUG 73742 --- [RecordsManagement] [restartedMain] com.zaxxer.hikari.HikariConfig           : schema..........................none
2024-10-31T16:02:57.503+10:00 DEBUG 73742 --- [RecordsManagement] [restartedMain] com.zaxxer.hikari.HikariConfig           : threadFactory...................internal
2024-10-31T16:02:57.504+10:00 DEBUG 73742 --- [RecordsManagement] [restartedMain] com.zaxxer.hikari.HikariConfig           : transactionIsolation............default
2024-10-31T16:02:57.504+10:00 DEBUG 73742 --- [RecordsManagement] [restartedMain] com.zaxxer.hikari.HikariConfig           : username........................"sa"
2024-10-31T16:02:57.504+10:00 DEBUG 73742 --- [RecordsManagement] [restartedMain] com.zaxxer.hikari.HikariConfig           : validationTimeout...............5000
2024-10-31T16:02:59.078+10:00  WARN 73742 --- [RecordsManagement] [restartedMain] JpaBaseConfiguration$JpaWebConfiguration : spring.jpa.open-in-view is enabled by default. Therefore, database queries may be performed during view rendering. Explicitly configure spring.jpa.open-in-view to disable this warning
2024-10-31T16:03:13.571+10:00  INFO 73742 --- [RecordsManagement] [http-nio-8080-exec-1] o.s.web.servlet.DispatcherServlet        : Initializing Servlet 'dispatcherServlet'
2024-10-31T16:03:13.572+10:00  INFO 73742 --- [RecordsManagement] [http-nio-8080-exec-1] o.s.web.servlet.DispatcherServlet        : Completed initialization in 1 ms
2024-10-31T16:03:13.673+10:00  INFO 73742 --- [RecordsManagement] [http-nio-8080-exec-1] c.m.r.controller.DashboardController     : getDashboard(...)
2024-10-31T16:03:13.673+10:00  INFO 73742 --- [RecordsManagement] [http-nio-8080-exec-1] c.m.r.controller.DashboardController     : getDashboard(...) - optionalUser is Present
2024-10-31T16:03:17.638+10:00  INFO 73742 --- [RecordsManagement] [http-nio-8080-exec-6] c.m.r.controller.PersonController        : getPersonDetails(...)
2024-10-31T16:03:17.641+10:00 DEBUG 73742 --- [RecordsManagement] [http-nio-8080-exec-6] o.s.jdbc.datasource.DataSourceUtils      : Setting JDBC Connection [HikariProxyConnection@2147311085 wrapping conn0: url=jdbc:h2:mem:records-management user=SA] read-only
2024-10-31T16:03:17.645+10:00 DEBUG 73742 --- [RecordsManagement] [http-nio-8080-exec-6] o.s.jdbc.datasource.DataSourceUtils      : Resetting read-only flag of JDBC Connection [HikariProxyConnection@2147311085 wrapping conn0: url=jdbc:h2:mem:records-management user=SA]
2024-10-31T16:03:18.634+10:00  INFO 73742 --- [RecordsManagement] [http-nio-8080-exec-7] c.m.r.controller.StudentController       : getStudentsByPersonId(...)
2024-10-31T16:03:20.071+10:00  INFO 73742 --- [RecordsManagement] [http-nio-8080-exec-8] c.m.r.controller.PersonController        : viewPersonFullDetails(...) - Loading full details view for person ID: 1
2024-10-31T16:03:20.071+10:00 DEBUG 73742 --- [RecordsManagement] [http-nio-8080-exec-8] o.s.jdbc.datasource.DataSourceUtils      : Setting JDBC Connection [HikariProxyConnection@742812606 wrapping conn0: url=jdbc:h2:mem:records-management user=SA] read-only
2024-10-31T16:03:20.073+10:00 DEBUG 73742 --- [RecordsManagement] [http-nio-8080-exec-8] o.s.jdbc.datasource.DataSourceUtils      : Resetting read-only flag of JDBC Connection [HikariProxyConnection@742812606 wrapping conn0: url=jdbc:h2:mem:records-management user=SA]
2024-10-31T16:03:38.845+10:00  INFO 73742 --- [RecordsManagement] [http-nio-8080-exec-4] c.m.r.controller.DashboardController     : getDashboard(...)
2024-10-31T16:03:38.845+10:00  INFO 73742 --- [RecordsManagement] [http-nio-8080-exec-4] c.m.r.controller.DashboardController     : getDashboard(...) - optionalUser is Present
2024-10-31T16:03:41.818+10:00  INFO 73742 --- [RecordsManagement] [http-nio-8080-exec-4] c.m.r.controller.PersonController        : viewPersonFullDetails(...) - Loading full details view for person ID: 1
2024-10-31T16:03:41.819+10:00 DEBUG 73742 --- [RecordsManagement] [http-nio-8080-exec-4] o.s.jdbc.datasource.DataSourceUtils      : Setting JDBC Connection [HikariProxyConnection@366950222 wrapping conn0: url=jdbc:h2:mem:records-management user=SA] read-only
2024-10-31T16:03:41.820+10:00 DEBUG 73742 --- [RecordsManagement] [http-nio-8080-exec-4] o.s.jdbc.datasource.DataSourceUtils      : Resetting read-only flag of JDBC Connection [HikariProxyConnection@366950222 wrapping conn0: url=jdbc:h2:mem:records-management user=SA]
2024-10-31T16:07:18.335+10:00  INFO 73742 --- [RecordsManagement] [http-nio-8080-exec-5] c.m.r.controller.DashboardController     : getDashboard(...)
2024-10-31T16:07:18.335+10:00  INFO 73742 --- [RecordsManagement] [http-nio-8080-exec-5] c.m.r.controller.DashboardController     : getDashboard(...) - optionalUser is Present
2024-10-31T16:07:20.214+10:00  INFO 73742 --- [RecordsManagement] [http-nio-8080-exec-5] c.m.r.controller.PersonController        : viewPersonFullDetails(...) - Loading full details view for person ID: 1
2024-10-31T16:07:20.214+10:00 DEBUG 73742 --- [RecordsManagement] [http-nio-8080-exec-5] o.s.jdbc.datasource.DataSourceUtils      : Setting JDBC Connection [HikariProxyConnection@1526527104 wrapping conn0: url=jdbc:h2:mem:records-management user=SA] read-only
2024-10-31T16:07:20.216+10:00 DEBUG 73742 --- [RecordsManagement] [http-nio-8080-exec-5] o.s.jdbc.datasource.DataSourceUtils      : Resetting read-only flag of JDBC Connection [HikariProxyConnection@1526527104 wrapping conn0: url=jdbc:h2:mem:records-management user=SA]
2024-10-31T16:07:51.635+10:00  INFO 73742 --- [RecordsManagement] [http-nio-8080-exec-1] c.m.r.controller.DashboardController     : getDashboard(...)
2024-10-31T16:07:51.636+10:00  INFO 73742 --- [RecordsManagement] [http-nio-8080-exec-1] c.m.r.controller.DashboardController     : getDashboard(...) - optionalUser is Present
2024-10-31T16:07:54.021+10:00  INFO 73742 --- [RecordsManagement] [http-nio-8080-exec-1] c.m.r.controller.PersonController        : viewPersonFullDetails(...) - Loading full details view for person ID: 1
2024-10-31T16:07:54.021+10:00 DEBUG 73742 --- [RecordsManagement] [http-nio-8080-exec-1] o.s.jdbc.datasource.DataSourceUtils      : Setting JDBC Connection [HikariProxyConnection@156205205 wrapping conn0: url=jdbc:h2:mem:records-management user=SA] read-only
2024-10-31T16:07:54.023+10:00 DEBUG 73742 --- [RecordsManagement] [http-nio-8080-exec-1] o.s.jdbc.datasource.DataSourceUtils      : Resetting read-only flag of JDBC Connection [HikariProxyConnection@156205205 wrapping conn0: url=jdbc:h2:mem:records-management user=SA]
2024-10-31T16:08:02.571+10:00  INFO 73742 --- [RecordsManagement] [http-nio-8080-exec-7] c.m.r.controller.DashboardController     : getDashboard(...)
2024-10-31T16:08:02.572+10:00  INFO 73742 --- [RecordsManagement] [http-nio-8080-exec-7] c.m.r.controller.DashboardController     : getDashboard(...) - optionalUser is Present
2024-10-31T16:08:04.821+10:00  INFO 73742 --- [RecordsManagement] [http-nio-8080-exec-7] c.m.r.controller.PersonController        : viewPersonFullDetails(...) - Loading full details view for person ID: 1
2024-10-31T16:08:04.822+10:00 DEBUG 73742 --- [RecordsManagement] [http-nio-8080-exec-7] o.s.jdbc.datasource.DataSourceUtils      : Setting JDBC Connection [HikariProxyConnection@1712923704 wrapping conn0: url=jdbc:h2:mem:records-management user=SA] read-only
2024-10-31T16:08:04.823+10:00 DEBUG 73742 --- [RecordsManagement] [http-nio-8080-exec-7] o.s.jdbc.datasource.DataSourceUtils      : Resetting read-only flag of JDBC Connection [HikariProxyConnection@1712923704 wrapping conn0: url=jdbc:h2:mem:records-management user=SA]
2024-10-31T16:08:07.454+10:00  INFO 73742 --- [RecordsManagement] [http-nio-8080-exec-8] c.m.r.controller.DashboardController     : getDashboard(...)
2024-10-31T16:08:07.454+10:00  INFO 73742 --- [RecordsManagement] [http-nio-8080-exec-8] c.m.r.controller.DashboardController     : getDashboard(...) - optionalUser is Present
2024-10-31T16:08:08.715+10:00  INFO 73742 --- [RecordsManagement] [http-nio-8080-exec-8] c.m.r.controller.PersonController        : viewPersonFullDetails(...) - Loading full details view for person ID: 1
2024-10-31T16:08:08.715+10:00 DEBUG 73742 --- [RecordsManagement] [http-nio-8080-exec-8] o.s.jdbc.datasource.DataSourceUtils      : Setting JDBC Connection [HikariProxyConnection@1751402004 wrapping conn0: url=jdbc:h2:mem:records-management user=SA] read-only
2024-10-31T16:08:08.717+10:00 DEBUG 73742 --- [RecordsManagement] [http-nio-8080-exec-8] o.s.jdbc.datasource.DataSourceUtils      : Resetting read-only flag of JDBC Connection [HikariProxyConnection@1751402004 wrapping conn0: url=jdbc:h2:mem:records-management user=SA]
2024-10-31T16:09:42.540+10:00  INFO 73742 --- [RecordsManagement] [http-nio-8080-exec-7] c.m.r.controller.DashboardController     : getDashboard(...)
2024-10-31T16:09:42.540+10:00  INFO 73742 --- [RecordsManagement] [http-nio-8080-exec-7] c.m.r.controller.DashboardController     : getDashboard(...) - optionalUser is Present
2024-10-31T16:09:44.867+10:00  INFO 73742 --- [RecordsManagement] [http-nio-8080-exec-7] c.m.r.controller.PersonController        : viewPersonFullDetails(...) - Loading full details view for person ID: 1
2024-10-31T16:09:44.868+10:00 DEBUG 73742 --- [RecordsManagement] [http-nio-8080-exec-7] o.s.jdbc.datasource.DataSourceUtils      : Setting JDBC Connection [HikariProxyConnection@799239425 wrapping conn0: url=jdbc:h2:mem:records-management user=SA] read-only
2024-10-31T16:09:44.869+10:00 DEBUG 73742 --- [RecordsManagement] [http-nio-8080-exec-7] o.s.jdbc.datasource.DataSourceUtils      : Resetting read-only flag of JDBC Connection [HikariProxyConnection@799239425 wrapping conn0: url=jdbc:h2:mem:records-management user=SA]
2024-10-31T22:22:02.166+10:00  WARN 73742 --- [RecordsManagement] [HikariPool-1 housekeeper] com.zaxxer.hikari.pool.HikariPool        : HikariPool-1 - Retrograde clock change detected (housekeeper delta=29s814ms), soft-evicting connections from pool.
