2025-02-08T08:22:00.517+10:00  WARN 72568 --- [RecordsManagement] [HikariPool-1 housekeeper] com.zaxxer.hikari.pool.HikariPool        : HikariPool-1 - Thread starvation or clock leap detected (housekeeper delta=1m7s64ms).
2025-02-08T08:53:16.891+10:00  WARN 72568 --- [RecordsManagement] [HikariPool-1 housekeeper] com.zaxxer.hikari.pool.HikariPool        : HikariPool-1 - Thread starvation or clock leap detected (housekeeper delta=31m16s375ms).
2025-02-08T12:04:33.974+10:00  WARN 6496 --- [RecordsManagement] [restartedMain] JpaBaseConfiguration$JpaWebConfiguration : spring.jpa.open-in-view is enabled by default. Therefore, database queries may be performed during view rendering. Explicitly configure spring.jpa.open-in-view to disable this warning
2025-02-08T14:16:03.997+10:00  INFO 6496 --- [RecordsManagement] [http-nio-8080-exec-1] o.s.web.servlet.DispatcherServlet        : Initializing Servlet 'dispatcherServlet'
2025-02-08T14:16:03.999+10:00  INFO 6496 --- [RecordsManagement] [http-nio-8080-exec-1] o.s.web.servlet.DispatcherServlet        : Completed initialization in 1 ms
2025-02-08T14:16:19.390+10:00  INFO 6496 --- [RecordsManagement] [http-nio-8080-exec-8] c.m.r.controller.DashboardController     : getDashboard(...)
2025-02-08T14:16:19.391+10:00  INFO 6496 --- [RecordsManagement] [http-nio-8080-exec-8] c.m.r.controller.DashboardController     : getDashboard(...) - optionalUser is Present
2025-02-08T14:16:23.046+10:00  INFO 6496 --- [RecordsManagement] [http-nio-8080-exec-8] c.m.r.controller.PersonController        : viewPersonFullDetails(...) - Loading full details view for person ID: 1
2025-02-08T14:16:29.489+10:00  INFO 6496 --- [RecordsManagement] [http-nio-8080-exec-9] c.m.r.controller.PersonController        : deleteEmail(...) - emailId 1
2025-02-08T14:16:29.501+10:00  INFO 6496 --- [RecordsManagement] [http-nio-8080-exec-9] c.m.r.controller.PersonController        : completed call to delete email
2025-02-08T14:16:35.110+10:00  INFO 6496 --- [RecordsManagement] [http-nio-8080-exec-2] c.m.r.controller.PersonController        : deleteEmail(...) - emailId 2
2025-02-08T14:16:35.115+10:00  INFO 6496 --- [RecordsManagement] [http-nio-8080-exec-2] c.m.r.controller.PersonController        : completed call to delete email
2025-02-08T14:16:47.845+10:00  INFO 6496 --- [RecordsManagement] [http-nio-8080-exec-4] c.m.r.controller.PersonController        : Saving email for personId: 1, emailId: null
2025-02-08T14:16:47.860+10:00  INFO 6496 --- [RecordsManagement] [http-nio-8080-exec-7] c.m.r.controller.PersonController        : viewPersonFullDetails(...) - Loading full details view for person ID: 1
2025-02-08T14:54:40.985+10:00  WARN 6496 --- [RecordsManagement] [SpringApplicationShutdownHook] o.s.b.f.support.DisposableBeanAdapter    : Invocation of destroy method failed on bean with name 'inMemoryDatabaseShutdownExecutor': org.h2.jdbc.JdbcSQLNonTransientConnectionException: Database is already closed (to disable automatic closing at VM shutdown, add ";DB_CLOSE_ON_EXIT=FALSE" to the db URL) [90121-232]
2025-02-08T14:54:53.152+10:00  WARN 14599 --- [RecordsManagement] [restartedMain] JpaBaseConfiguration$JpaWebConfiguration : spring.jpa.open-in-view is enabled by default. Therefore, database queries may be performed during view rendering. Explicitly configure spring.jpa.open-in-view to disable this warning
2025-02-08T14:55:19.679+10:00  INFO 14599 --- [RecordsManagement] [http-nio-8080-exec-1] o.s.web.servlet.DispatcherServlet        : Initializing Servlet 'dispatcherServlet'
2025-02-08T14:55:19.680+10:00  INFO 14599 --- [RecordsManagement] [http-nio-8080-exec-1] o.s.web.servlet.DispatcherServlet        : Completed initialization in 1 ms
2025-02-08T14:55:30.258+10:00  INFO 14599 --- [RecordsManagement] [http-nio-8080-exec-8] c.m.r.controller.DashboardController     : getDashboard(...)
2025-02-08T14:55:30.259+10:00  INFO 14599 --- [RecordsManagement] [http-nio-8080-exec-8] c.m.r.controller.DashboardController     : getDashboard(...) - optionalUser is Present
2025-02-08T14:55:30.857+10:00  INFO 14599 --- [RecordsManagement] [http-nio-8080-exec-4] c.m.r.controller.PersonController        : getPersonDetails(...)
2025-02-08T14:55:31.355+10:00  INFO 14599 --- [RecordsManagement] [http-nio-8080-exec-5] c.m.r.controller.StudentController       : getStudentsByPersonId(...) - personId:1
2025-02-08T14:55:32.231+10:00  INFO 14599 --- [RecordsManagement] [http-nio-8080-exec-6] c.m.r.controller.PersonController        : viewPersonFullDetails(...) - Loading full details view for person ID: 1
2025-02-08T14:55:37.171+10:00  INFO 14599 --- [RecordsManagement] [http-nio-8080-exec-10] c.m.r.controller.PersonController        : deleteEmail(...) - phoneId 1
2025-02-08T14:55:41.699+10:00  INFO 14599 --- [RecordsManagement] [http-nio-8080-exec-9] c.m.r.controller.PersonController        : deleteEmail(...) - phoneId 2
2025-02-08T14:55:53.393+10:00  INFO 14599 --- [RecordsManagement] [http-nio-8080-exec-4] c.m.r.controller.PersonController        : Saving phone for personId: 1, phoneId: null
2025-02-08T14:55:59.102+10:00  INFO 14599 --- [RecordsManagement] [http-nio-8080-exec-5] c.m.r.controller.PersonController        : deleteEmail(...) - phoneId 3
2025-02-08T14:56:10.535+10:00  WARN 14599 --- [RecordsManagement] [SpringApplicationShutdownHook] o.s.b.f.support.DisposableBeanAdapter    : Invocation of destroy method failed on bean with name 'inMemoryDatabaseShutdownExecutor': org.h2.jdbc.JdbcSQLNonTransientConnectionException: Database is already closed (to disable automatic closing at VM shutdown, add ";DB_CLOSE_ON_EXIT=FALSE" to the db URL) [90121-232]
