2024-12-03T18:35:32.023+10:00  WARN 22089 --- [RecordsManagement] [restartedMain] JpaBaseConfiguration$JpaWebConfiguration : spring.jpa.open-in-view is enabled by default. Therefore, database queries may be performed during view rendering. Explicitly configure spring.jpa.open-in-view to disable this warning
2024-12-03T18:35:53.936+10:00  INFO 22089 --- [RecordsManagement] [http-nio-8080-exec-1] o.s.web.servlet.DispatcherServlet        : Initializing Servlet 'dispatcherServlet'
2024-12-03T18:35:53.937+10:00  INFO 22089 --- [RecordsManagement] [http-nio-8080-exec-1] o.s.web.servlet.DispatcherServlet        : Completed initialization in 1 ms
2024-12-03T18:36:05.058+10:00  INFO 22089 --- [RecordsManagement] [http-nio-8080-exec-4] c.m.r.controller.DashboardController     : getDashboard(...)
2024-12-03T18:36:05.059+10:00  INFO 22089 --- [RecordsManagement] [http-nio-8080-exec-4] c.m.r.controller.DashboardController     : getDashboard(...) - optionalUser is Present
2024-12-03T18:36:09.279+10:00  INFO 22089 --- [RecordsManagement] [http-nio-8080-exec-9] c.m.r.controller.StudentController       : viewStudentFullDetails(...) - studentId: 1
2024-12-03T18:36:21.596+10:00  INFO 22089 --- [RecordsManagement] [http-nio-8080-exec-4] c.m.r.controller.StudentController       : viewStudentFullDetails(...) - studentId: 1
2024-12-03T18:36:54.575+10:00  INFO 22089 --- [RecordsManagement] [http-nio-8080-exec-2] c.m.r.controller.DashboardController     : getDashboard(...)
2024-12-03T18:36:54.575+10:00  INFO 22089 --- [RecordsManagement] [http-nio-8080-exec-2] c.m.r.controller.DashboardController     : getDashboard(...) - optionalUser is Present
2024-12-03T18:36:55.161+10:00  INFO 22089 --- [RecordsManagement] [http-nio-8080-exec-7] c.m.r.controller.PersonController        : getPersonDetails(...)
2024-12-03T18:36:55.662+10:00  INFO 22089 --- [RecordsManagement] [http-nio-8080-exec-6] c.m.r.controller.StudentController       : getStudentsByPersonId(...) - personId:1
2024-12-03T18:36:59.115+10:00  INFO 22089 --- [RecordsManagement] [http-nio-8080-exec-10] c.m.r.controller.PersonController        : viewPersonFullDetails(...) - Loading full details view for person ID: 1
2024-12-03T18:37:04.280+10:00  INFO 22089 --- [RecordsManagement] [http-nio-8080-exec-9] c.m.r.controller.PersonController        : editPersonFullDetails(...) - Loading full details view for person ID: 1
2024-12-03T18:37:08.013+10:00  INFO 22089 --- [RecordsManagement] [http-nio-8080-exec-6] c.m.r.controller.PersonController        : updatePersonFullDetails(...) - Updating details for person ID: 1
2024-12-03T18:37:08.024+10:00  INFO 22089 --- [RecordsManagement] [http-nio-8080-exec-10] c.m.r.controller.PersonController        : viewPersonFullDetails(...) - Loading full details view for person ID: 1
2024-12-03T18:37:22.959+10:00  INFO 22089 --- [RecordsManagement] [http-nio-8080-exec-9] c.m.r.controller.DashboardController     : getDashboard(...)
2024-12-03T18:37:22.959+10:00  INFO 22089 --- [RecordsManagement] [http-nio-8080-exec-9] c.m.r.controller.DashboardController     : getDashboard(...) - optionalUser is Present
2024-12-03T18:37:23.548+10:00  INFO 22089 --- [RecordsManagement] [http-nio-8080-exec-1] c.m.r.controller.PersonController        : getPersonDetails(...)
2024-12-03T18:37:24.047+10:00  INFO 22089 --- [RecordsManagement] [http-nio-8080-exec-8] c.m.r.controller.StudentController       : getStudentsByPersonId(...) - personId:1
2024-12-03T18:37:26.554+10:00  INFO 22089 --- [RecordsManagement] [http-nio-8080-exec-3] c.m.r.controller.StudentController       : viewStudentFullDetails(...) - studentId: 2
2024-12-03T18:37:38.651+10:00  INFO 22089 --- [RecordsManagement] [http-nio-8080-exec-1] c.m.r.controller.StudentController       : updateStudent(...) - studentId: 2
2024-12-03T18:37:53.979+10:00  INFO 22089 --- [RecordsManagement] [http-nio-8080-exec-3] c.m.r.controller.StudentController       : viewStudentFullDetails(...) - studentId: 2
2024-12-03T18:38:07.230+10:00  INFO 22089 --- [RecordsManagement] [http-nio-8080-exec-1] c.m.r.controller.PriorSchoolController   : savePriorSchool(...) - studentId: 2
2024-12-03T18:38:07.233+10:00  INFO 22089 --- [RecordsManagement] [http-nio-8080-exec-1] c.m.r.controller.PriorSchoolController   : saved prior school information
2024-12-03T18:38:13.231+10:00  INFO 22089 --- [RecordsManagement] [http-nio-8080-exec-8] c.m.r.controller.StudentController       : viewStudentFullDetails(...) - studentId: 2
2024-12-03T18:40:38.631+10:00  WARN 22089 --- [RecordsManagement] [SpringApplicationShutdownHook] o.s.b.f.support.DisposableBeanAdapter    : Invocation of destroy method failed on bean with name 'inMemoryDatabaseShutdownExecutor': org.h2.jdbc.JdbcSQLNonTransientConnectionException: Database is already closed (to disable automatic closing at VM shutdown, add ";DB_CLOSE_ON_EXIT=FALSE" to the db URL) [90121-224]
2024-12-03T18:40:46.626+10:00  WARN 22454 --- [RecordsManagement] [restartedMain] JpaBaseConfiguration$JpaWebConfiguration : spring.jpa.open-in-view is enabled by default. Therefore, database queries may be performed during view rendering. Explicitly configure spring.jpa.open-in-view to disable this warning
2024-12-03T18:40:57.425+10:00  INFO 22454 --- [RecordsManagement] [http-nio-8080-exec-1] o.s.web.servlet.DispatcherServlet        : Initializing Servlet 'dispatcherServlet'
2024-12-03T18:40:57.426+10:00  INFO 22454 --- [RecordsManagement] [http-nio-8080-exec-1] o.s.web.servlet.DispatcherServlet        : Completed initialization in 1 ms
2024-12-03T18:40:57.464+10:00  INFO 22454 --- [RecordsManagement] [http-nio-8080-exec-1] c.m.r.controller.StudentController       : viewStudentFullDetails(...) - studentId: 2
2024-12-03T18:41:02.327+10:00  INFO 22454 --- [RecordsManagement] [http-nio-8080-exec-2] c.m.r.controller.DashboardController     : getDashboard(...)
2024-12-03T18:41:02.327+10:00  INFO 22454 --- [RecordsManagement] [http-nio-8080-exec-2] c.m.r.controller.DashboardController     : getDashboard(...) - optionalUser is Present
2024-12-03T18:41:02.936+10:00  INFO 22454 --- [RecordsManagement] [http-nio-8080-exec-9] c.m.r.controller.PersonController        : getPersonDetails(...)
2024-12-03T18:41:03.435+10:00  INFO 22454 --- [RecordsManagement] [http-nio-8080-exec-6] c.m.r.controller.StudentController       : getStudentsByPersonId(...) - personId:1
2024-12-03T18:41:04.700+10:00  INFO 22454 --- [RecordsManagement] [http-nio-8080-exec-1] c.m.r.controller.StudentController       : viewStudentFullDetails(...) - studentId: 2
2024-12-03T18:41:30.075+10:00  INFO 22454 --- [RecordsManagement] [http-nio-8080-exec-9] c.m.r.controller.PriorSchoolController   : savePriorSchool(...) - studentId: 2
2024-12-03T18:41:30.079+10:00  INFO 22454 --- [RecordsManagement] [http-nio-8080-exec-9] c.m.r.controller.PriorSchoolController   : saved prior school information
2024-12-03T18:41:39.935+10:00  INFO 22454 --- [RecordsManagement] [http-nio-8080-exec-6] c.m.r.controller.StudentController       : viewStudentFullDetails(...) - studentId: 2
2024-12-03T18:47:33.762+10:00  INFO 22454 --- [RecordsManagement] [http-nio-8080-exec-9] c.m.r.controller.PriorSchoolController   : savePriorSchool(...) - studentId: 2
2024-12-03T18:47:33.765+10:00  INFO 22454 --- [RecordsManagement] [http-nio-8080-exec-9] c.m.r.controller.PriorSchoolController   : saved prior school information
2024-12-03T18:47:39.990+10:00  INFO 22454 --- [RecordsManagement] [http-nio-8080-exec-6] c.m.r.controller.StudentController       : viewStudentFullDetails(...) - studentId: 2
2024-12-03T18:47:52.990+10:00  INFO 22454 --- [RecordsManagement] [http-nio-8080-exec-3] c.m.r.controller.StudentController       : updateStudent(...) - studentId: 2
2024-12-03T18:48:00.712+10:00  INFO 22454 --- [RecordsManagement] [http-nio-8080-exec-2] c.m.r.controller.StudentController       : viewStudentFullDetails(...) - studentId: 2
2024-12-03T18:55:57.074+10:00  WARN 22454 --- [RecordsManagement] [SpringApplicationShutdownHook] o.s.b.f.support.DisposableBeanAdapter    : Invocation of destroy method failed on bean with name 'inMemoryDatabaseShutdownExecutor': org.h2.jdbc.JdbcSQLNonTransientConnectionException: Database is already closed (to disable automatic closing at VM shutdown, add ";DB_CLOSE_ON_EXIT=FALSE" to the db URL) [90121-224]
2024-12-03T18:59:15.338+10:00  WARN 23688 --- [RecordsManagement] [restartedMain] JpaBaseConfiguration$JpaWebConfiguration : spring.jpa.open-in-view is enabled by default. Therefore, database queries may be performed during view rendering. Explicitly configure spring.jpa.open-in-view to disable this warning
2024-12-03T18:59:18.645+10:00  INFO 23688 --- [RecordsManagement] [http-nio-8080-exec-1] o.s.web.servlet.DispatcherServlet        : Initializing Servlet 'dispatcherServlet'
2024-12-03T18:59:18.646+10:00  INFO 23688 --- [RecordsManagement] [http-nio-8080-exec-1] o.s.web.servlet.DispatcherServlet        : Completed initialization in 1 ms
2024-12-03T18:59:18.722+10:00  INFO 23688 --- [RecordsManagement] [http-nio-8080-exec-1] c.m.r.controller.DashboardController     : getDashboard(...)
2024-12-03T18:59:18.723+10:00  INFO 23688 --- [RecordsManagement] [http-nio-8080-exec-1] c.m.r.controller.DashboardController     : getDashboard(...) - optionalUser is Present
2024-12-03T18:59:20.153+10:00  INFO 23688 --- [RecordsManagement] [http-nio-8080-exec-8] c.m.r.controller.PersonController        : getPersonDetails(...)
2024-12-03T18:59:20.652+10:00  INFO 23688 --- [RecordsManagement] [http-nio-8080-exec-9] c.m.r.controller.StudentController       : getStudentsByPersonId(...) - personId:1
2024-12-03T18:59:22.606+10:00  INFO 23688 --- [RecordsManagement] [http-nio-8080-exec-10] c.m.r.controller.StudentController       : showAddStudentForm(...) - personId:1
2024-12-03T18:59:38.886+10:00  INFO 23688 --- [RecordsManagement] [http-nio-8080-exec-1] c.m.r.controller.StudentController       : saveStudent(...) - personId:1
2024-12-03T18:59:45.939+10:00  INFO 23688 --- [RecordsManagement] [http-nio-8080-exec-3] c.m.r.controller.StudentController       : viewStudentFullDetails(...) - studentId: 4
2024-12-03T19:03:01.859+10:00  INFO 23688 --- [RecordsManagement] [http-nio-8080-exec-9] c.m.r.controller.PersonController        : getPersonDetails(...)
2024-12-03T19:03:02.359+10:00  INFO 23688 --- [RecordsManagement] [http-nio-8080-exec-10] c.m.r.controller.StudentController       : getStudentsByPersonId(...) - personId:1
2024-12-03T19:03:03.462+10:00  INFO 23688 --- [RecordsManagement] [http-nio-8080-exec-1] c.m.r.controller.StudentController       : viewStudentFullDetails(...) - studentId: 4
2024-12-03T19:03:14.155+10:00  INFO 23688 --- [RecordsManagement] [http-nio-8080-exec-9] c.m.r.controller.PriorSchoolController   : savePriorSchool(...) - studentId: 4
2024-12-03T19:03:14.158+10:00  INFO 23688 --- [RecordsManagement] [http-nio-8080-exec-9] c.m.r.controller.PriorSchoolController   : saved prior school information
2024-12-03T19:03:57.699+10:00  INFO 23688 --- [RecordsManagement] [http-nio-8080-exec-1] c.m.r.controller.PriorSchoolController   : savePriorSchool(...) - studentId: 4
2024-12-03T19:03:57.702+10:00  INFO 23688 --- [RecordsManagement] [http-nio-8080-exec-1] c.m.r.controller.PriorSchoolController   : saved prior school information
2024-12-03T19:04:02.018+10:00  INFO 23688 --- [RecordsManagement] [http-nio-8080-exec-7] c.m.r.controller.StudentController       : viewStudentFullDetails(...) - studentId: 4
2024-12-03T19:04:28.125+10:00  INFO 23688 --- [RecordsManagement] [http-nio-8080-exec-3] c.m.r.controller.PriorSchoolController   : savePriorSchool(...) - studentId: 4
2024-12-03T19:04:28.128+10:00  INFO 23688 --- [RecordsManagement] [http-nio-8080-exec-3] c.m.r.controller.PriorSchoolController   : saved prior school information
2024-12-03T19:04:35.315+10:00  INFO 23688 --- [RecordsManagement] [http-nio-8080-exec-6] c.m.r.controller.DashboardController     : getDashboard(...)
2024-12-03T19:04:35.316+10:00  INFO 23688 --- [RecordsManagement] [http-nio-8080-exec-6] c.m.r.controller.DashboardController     : getDashboard(...) - optionalUser is Present
2024-12-03T19:04:35.901+10:00  INFO 23688 --- [RecordsManagement] [http-nio-8080-exec-1] c.m.r.controller.PersonController        : getPersonDetails(...)
2024-12-03T19:04:36.401+10:00  INFO 23688 --- [RecordsManagement] [http-nio-8080-exec-4] c.m.r.controller.StudentController       : getStudentsByPersonId(...) - personId:1
2024-12-03T19:04:38.364+10:00  INFO 23688 --- [RecordsManagement] [http-nio-8080-exec-3] c.m.r.controller.StudentController       : viewStudentFullDetails(...) - studentId: 4
2024-12-03T19:04:42.672+10:00  INFO 23688 --- [RecordsManagement] [http-nio-8080-exec-2] c.m.r.controller.DashboardController     : getDashboard(...)
2024-12-03T19:04:42.672+10:00  INFO 23688 --- [RecordsManagement] [http-nio-8080-exec-2] c.m.r.controller.DashboardController     : getDashboard(...) - optionalUser is Present
2024-12-03T19:04:43.253+10:00  INFO 23688 --- [RecordsManagement] [http-nio-8080-exec-9] c.m.r.controller.PersonController        : getPersonDetails(...)
2024-12-03T19:04:43.752+10:00  INFO 23688 --- [RecordsManagement] [http-nio-8080-exec-10] c.m.r.controller.StudentController       : getStudentsByPersonId(...) - personId:1
2024-12-03T19:04:46.683+10:00  INFO 23688 --- [RecordsManagement] [http-nio-8080-exec-7] c.m.r.controller.StudentController       : viewStudentFullDetails(...) - studentId: 4
2024-12-03T19:12:08.959+10:00  WARN 23688 --- [RecordsManagement] [SpringApplicationShutdownHook] o.s.b.f.support.DisposableBeanAdapter    : Invocation of destroy method failed on bean with name 'inMemoryDatabaseShutdownExecutor': org.h2.jdbc.JdbcSQLNonTransientConnectionException: Database is already closed (to disable automatic closing at VM shutdown, add ";DB_CLOSE_ON_EXIT=FALSE" to the db URL) [90121-224]
2024-12-03T19:43:25.479+10:00  WARN 26966 --- [RecordsManagement] [main] JpaBaseConfiguration$JpaWebConfiguration : spring.jpa.open-in-view is enabled by default. Therefore, database queries may be performed during view rendering. Explicitly configure spring.jpa.open-in-view to disable this warning
2024-12-03T19:44:00.524+10:00  WARN 27002 --- [RecordsManagement] [restartedMain] JpaBaseConfiguration$JpaWebConfiguration : spring.jpa.open-in-view is enabled by default. Therefore, database queries may be performed during view rendering. Explicitly configure spring.jpa.open-in-view to disable this warning
2024-12-03T19:44:51.263+10:00  WARN 27002 --- [RecordsManagement] [SpringApplicationShutdownHook] o.s.b.f.support.DisposableBeanAdapter    : Invocation of destroy method failed on bean with name 'inMemoryDatabaseShutdownExecutor': org.h2.jdbc.JdbcSQLNonTransientConnectionException: Database is already closed (to disable automatic closing at VM shutdown, add ";DB_CLOSE_ON_EXIT=FALSE" to the db URL) [90121-224]
2024-12-03T19:44:56.834+10:00  WARN 27078 --- [RecordsManagement] [restartedMain] JpaBaseConfiguration$JpaWebConfiguration : spring.jpa.open-in-view is enabled by default. Therefore, database queries may be performed during view rendering. Explicitly configure spring.jpa.open-in-view to disable this warning
2024-12-03T19:46:56.877+10:00  WARN 27078 --- [RecordsManagement] [SpringApplicationShutdownHook] o.s.b.f.support.DisposableBeanAdapter    : Invocation of destroy method failed on bean with name 'inMemoryDatabaseShutdownExecutor': org.h2.jdbc.JdbcSQLNonTransientConnectionException: Database is already closed (to disable automatic closing at VM shutdown, add ";DB_CLOSE_ON_EXIT=FALSE" to the db URL) [90121-224]
2024-12-03T20:02:36.968+10:00  WARN 28265 --- [RecordsManagement] [restartedMain] JpaBaseConfiguration$JpaWebConfiguration : spring.jpa.open-in-view is enabled by default. Therefore, database queries may be performed during view rendering. Explicitly configure spring.jpa.open-in-view to disable this warning
2024-12-03T20:12:11.044+10:00  INFO 28265 --- [RecordsManagement] [http-nio-8080-exec-1] o.s.web.servlet.DispatcherServlet        : Initializing Servlet 'dispatcherServlet'
2024-12-03T20:12:11.045+10:00  INFO 28265 --- [RecordsManagement] [http-nio-8080-exec-1] o.s.web.servlet.DispatcherServlet        : Completed initialization in 1 ms
2024-12-03T20:12:20.185+10:00  INFO 28265 --- [RecordsManagement] [http-nio-8080-exec-9] c.m.r.controller.DashboardController     : getDashboard(...)
2024-12-03T20:12:20.186+10:00  INFO 28265 --- [RecordsManagement] [http-nio-8080-exec-9] c.m.r.controller.DashboardController     : getDashboard(...) - optionalUser is Present
2024-12-03T20:12:20.799+10:00  INFO 28265 --- [RecordsManagement] [http-nio-8080-exec-6] c.m.r.controller.PersonController        : getPersonDetails(...)
2024-12-03T20:12:21.298+10:00  INFO 28265 --- [RecordsManagement] [http-nio-8080-exec-7] c.m.r.controller.StudentController       : getStudentsByPersonId(...) - personId:1
2024-12-03T20:12:23.621+10:00  INFO 28265 --- [RecordsManagement] [http-nio-8080-exec-8] c.m.r.controller.StudentController       : viewStudentFullDetails(...) - studentId: 1
2024-12-03T20:23:54.570+10:00  WARN 28265 --- [RecordsManagement] [SpringApplicationShutdownHook] o.s.b.f.support.DisposableBeanAdapter    : Invocation of destroy method failed on bean with name 'inMemoryDatabaseShutdownExecutor': org.h2.jdbc.JdbcSQLNonTransientConnectionException: Database is already closed (to disable automatic closing at VM shutdown, add ";DB_CLOSE_ON_EXIT=FALSE" to the db URL) [90121-224]
2024-12-03T20:24:00.147+10:00  WARN 29667 --- [RecordsManagement] [restartedMain] JpaBaseConfiguration$JpaWebConfiguration : spring.jpa.open-in-view is enabled by default. Therefore, database queries may be performed during view rendering. Explicitly configure spring.jpa.open-in-view to disable this warning
2024-12-03T20:24:14.923+10:00  INFO 29667 --- [RecordsManagement] [http-nio-8080-exec-1] o.s.web.servlet.DispatcherServlet        : Initializing Servlet 'dispatcherServlet'
2024-12-03T20:24:14.924+10:00  INFO 29667 --- [RecordsManagement] [http-nio-8080-exec-1] o.s.web.servlet.DispatcherServlet        : Completed initialization in 1 ms
2024-12-03T20:24:14.968+10:00  INFO 29667 --- [RecordsManagement] [http-nio-8080-exec-1] c.m.r.controller.StudentController       : viewStudentFullDetails(...) - studentId: 1
2024-12-03T20:24:29.701+10:00  INFO 29667 --- [RecordsManagement] [http-nio-8080-exec-4] c.m.r.controller.PriorSchoolController   : savePriorSchool(...) - studentId: 1
2024-12-03T20:24:29.707+10:00  INFO 29667 --- [RecordsManagement] [http-nio-8080-exec-4] c.m.r.controller.PriorSchoolController   : saved prior school information
2024-12-03T20:27:26.008+10:00  WARN 29667 --- [RecordsManagement] [SpringApplicationShutdownHook] o.s.b.f.support.DisposableBeanAdapter    : Invocation of destroy method failed on bean with name 'inMemoryDatabaseShutdownExecutor': org.h2.jdbc.JdbcSQLNonTransientConnectionException: Database is already closed (to disable automatic closing at VM shutdown, add ";DB_CLOSE_ON_EXIT=FALSE" to the db URL) [90121-224]
2024-12-03T20:27:31.662+10:00  WARN 29918 --- [RecordsManagement] [restartedMain] JpaBaseConfiguration$JpaWebConfiguration : spring.jpa.open-in-view is enabled by default. Therefore, database queries may be performed during view rendering. Explicitly configure spring.jpa.open-in-view to disable this warning
2024-12-03T20:27:49.080+10:00  INFO 29918 --- [RecordsManagement] [http-nio-8080-exec-1] o.s.web.servlet.DispatcherServlet        : Initializing Servlet 'dispatcherServlet'
2024-12-03T20:27:49.081+10:00  INFO 29918 --- [RecordsManagement] [http-nio-8080-exec-1] o.s.web.servlet.DispatcherServlet        : Completed initialization in 1 ms
2024-12-03T20:27:49.120+10:00  INFO 29918 --- [RecordsManagement] [http-nio-8080-exec-1] c.m.r.controller.StudentController       : viewStudentFullDetails(...) - studentId: 1
2024-12-03T20:27:56.934+10:00  INFO 29918 --- [RecordsManagement] [http-nio-8080-exec-5] c.m.r.controller.PriorSchoolController   : savePriorSchool(...) - studentId: 1
2024-12-03T20:27:56.940+10:00  INFO 29918 --- [RecordsManagement] [http-nio-8080-exec-5] c.m.r.controller.PriorSchoolController   : saved prior school information
2024-12-03T20:29:49.596+10:00  INFO 29918 --- [RecordsManagement] [http-nio-8080-exec-1] c.m.r.controller.StudentController       : viewStudentFullDetails(...) - studentId: 1
2024-12-03T20:29:58.462+10:00  INFO 29918 --- [RecordsManagement] [http-nio-8080-exec-2] c.m.r.controller.PriorSchoolController   : savePriorSchool(...) - studentId: 1
2024-12-03T20:29:58.465+10:00  INFO 29918 --- [RecordsManagement] [http-nio-8080-exec-2] c.m.r.controller.PriorSchoolController   : saved prior school information
2024-12-03T20:30:04.791+10:00  INFO 29918 --- [RecordsManagement] [http-nio-8080-exec-6] c.m.r.controller.StudentController       : viewStudentFullDetails(...) - studentId: 1
2024-12-03T20:30:05.379+10:00  INFO 29918 --- [RecordsManagement] [http-nio-8080-exec-1] c.m.r.controller.StudentController       : viewStudentFullDetails(...) - studentId: 1
2024-12-03T20:30:05.955+10:00  INFO 29918 --- [RecordsManagement] [http-nio-8080-exec-4] c.m.r.controller.StudentController       : viewStudentFullDetails(...) - studentId: 1
2024-12-03T20:30:06.547+10:00  INFO 29918 --- [RecordsManagement] [http-nio-8080-exec-10] c.m.r.controller.StudentController       : viewStudentFullDetails(...) - studentId: 1
2024-12-03T20:30:07.076+10:00  INFO 29918 --- [RecordsManagement] [http-nio-8080-exec-7] c.m.r.controller.StudentController       : viewStudentFullDetails(...) - studentId: 1
2024-12-03T20:30:15.048+10:00  WARN 29918 --- [RecordsManagement] [SpringApplicationShutdownHook] o.s.b.f.support.DisposableBeanAdapter    : Invocation of destroy method failed on bean with name 'inMemoryDatabaseShutdownExecutor': org.h2.jdbc.JdbcSQLNonTransientConnectionException: Database is already closed (to disable automatic closing at VM shutdown, add ";DB_CLOSE_ON_EXIT=FALSE" to the db URL) [90121-224]
2024-12-03T20:30:20.385+10:00  WARN 30109 --- [RecordsManagement] [restartedMain] JpaBaseConfiguration$JpaWebConfiguration : spring.jpa.open-in-view is enabled by default. Therefore, database queries may be performed during view rendering. Explicitly configure spring.jpa.open-in-view to disable this warning
2024-12-03T20:31:50.133+10:00  WARN 30109 --- [RecordsManagement] [SpringApplicationShutdownHook] o.s.b.f.support.DisposableBeanAdapter    : Invocation of destroy method failed on bean with name 'inMemoryDatabaseShutdownExecutor': org.h2.jdbc.JdbcSQLNonTransientConnectionException: Database is already closed (to disable automatic closing at VM shutdown, add ";DB_CLOSE_ON_EXIT=FALSE" to the db URL) [90121-224]
2024-12-03T20:31:55.669+10:00  WARN 30220 --- [RecordsManagement] [restartedMain] JpaBaseConfiguration$JpaWebConfiguration : spring.jpa.open-in-view is enabled by default. Therefore, database queries may be performed during view rendering. Explicitly configure spring.jpa.open-in-view to disable this warning
2024-12-03T20:32:18.955+10:00  INFO 30220 --- [RecordsManagement] [http-nio-8080-exec-1] o.s.web.servlet.DispatcherServlet        : Initializing Servlet 'dispatcherServlet'
2024-12-03T20:32:18.957+10:00  INFO 30220 --- [RecordsManagement] [http-nio-8080-exec-1] o.s.web.servlet.DispatcherServlet        : Completed initialization in 1 ms
2024-12-03T20:32:19.000+10:00  INFO 30220 --- [RecordsManagement] [http-nio-8080-exec-1] c.m.r.controller.StudentController       : viewStudentFullDetails(...) - studentId: 1
2024-12-03T20:32:44.723+10:00  INFO 30220 --- [RecordsManagement] [http-nio-8080-exec-6] c.m.r.controller.StudentController       : viewStudentFullDetails(...) - studentId: 1
2024-12-03T20:32:56.895+10:00  INFO 30220 --- [RecordsManagement] [http-nio-8080-exec-2] c.m.r.controller.PriorSchoolController   : savePriorSchool(...) - studentId: 1
2024-12-03T20:32:56.900+10:00  INFO 30220 --- [RecordsManagement] [http-nio-8080-exec-2] c.m.r.controller.PriorSchoolController   : saved prior school information
2024-12-03T20:34:02.597+10:00  WARN 30220 --- [RecordsManagement] [SpringApplicationShutdownHook] o.s.b.f.support.DisposableBeanAdapter    : Invocation of destroy method failed on bean with name 'inMemoryDatabaseShutdownExecutor': org.h2.jdbc.JdbcSQLNonTransientConnectionException: Database is already closed (to disable automatic closing at VM shutdown, add ";DB_CLOSE_ON_EXIT=FALSE" to the db URL) [90121-224]
2024-12-03T20:34:08.954+10:00  WARN 30360 --- [RecordsManagement] [restartedMain] JpaBaseConfiguration$JpaWebConfiguration : spring.jpa.open-in-view is enabled by default. Therefore, database queries may be performed during view rendering. Explicitly configure spring.jpa.open-in-view to disable this warning
2024-12-03T20:34:31.101+10:00  INFO 30360 --- [RecordsManagement] [http-nio-8080-exec-1] o.s.web.servlet.DispatcherServlet        : Initializing Servlet 'dispatcherServlet'
2024-12-03T20:34:31.102+10:00  INFO 30360 --- [RecordsManagement] [http-nio-8080-exec-1] o.s.web.servlet.DispatcherServlet        : Completed initialization in 1 ms
2024-12-03T20:34:31.142+10:00  INFO 30360 --- [RecordsManagement] [http-nio-8080-exec-1] c.m.r.controller.StudentController       : viewStudentFullDetails(...) - studentId: 1
2024-12-03T20:34:38.181+10:00  INFO 30360 --- [RecordsManagement] [http-nio-8080-exec-7] c.m.r.controller.PriorSchoolController   : savePriorSchool(...) - studentId: 1
2024-12-03T20:34:38.186+10:00  INFO 30360 --- [RecordsManagement] [http-nio-8080-exec-7] c.m.r.controller.PriorSchoolController   : saved prior school information
2024-12-03T20:36:42.752+10:00  INFO 30360 --- [RecordsManagement] [http-nio-8080-exec-10] c.m.r.controller.StudentController       : viewStudentFullDetails(...) - studentId: 1
2024-12-03T20:36:44.902+10:00  INFO 30360 --- [RecordsManagement] [http-nio-8080-exec-7] c.m.r.controller.StudentController       : viewStudentFullDetails(...) - studentId: 1
2024-12-03T20:36:50.036+10:00  INFO 30360 --- [RecordsManagement] [http-nio-8080-exec-1] c.m.r.controller.PriorSchoolController   : savePriorSchool(...) - studentId: 1
2024-12-03T20:36:50.041+10:00  INFO 30360 --- [RecordsManagement] [http-nio-8080-exec-1] c.m.r.controller.PriorSchoolController   : saved prior school information
2024-12-03T20:36:56.265+10:00  INFO 30360 --- [RecordsManagement] [http-nio-8080-exec-4] c.m.r.controller.StudentController       : viewStudentFullDetails(...) - studentId: 1
2024-12-03T20:36:56.603+10:00  INFO 30360 --- [RecordsManagement] [http-nio-8080-exec-7] c.m.r.controller.StudentController       : viewStudentFullDetails(...) - studentId: 1
2024-12-03T20:36:56.848+10:00  INFO 30360 --- [RecordsManagement] [http-nio-8080-exec-9] c.m.r.controller.StudentController       : viewStudentFullDetails(...) - studentId: 1
2024-12-03T20:36:57.011+10:00  INFO 30360 --- [RecordsManagement] [http-nio-8080-exec-1] c.m.r.controller.StudentController       : viewStudentFullDetails(...) - studentId: 1
2024-12-03T20:36:57.186+10:00  INFO 30360 --- [RecordsManagement] [http-nio-8080-exec-2] c.m.r.controller.StudentController       : viewStudentFullDetails(...) - studentId: 1
2024-12-03T20:36:57.378+10:00  INFO 30360 --- [RecordsManagement] [http-nio-8080-exec-8] c.m.r.controller.StudentController       : viewStudentFullDetails(...) - studentId: 1
2024-12-03T20:36:57.559+10:00  INFO 30360 --- [RecordsManagement] [http-nio-8080-exec-3] c.m.r.controller.StudentController       : viewStudentFullDetails(...) - studentId: 1
2024-12-03T20:36:57.749+10:00  INFO 30360 --- [RecordsManagement] [http-nio-8080-exec-9] c.m.r.controller.StudentController       : viewStudentFullDetails(...) - studentId: 1
2024-12-03T20:36:58.132+10:00  INFO 30360 --- [RecordsManagement] [http-nio-8080-exec-1] c.m.r.controller.StudentController       : viewStudentFullDetails(...) - studentId: 1
2024-12-03T20:37:00.476+10:00  WARN 30360 --- [RecordsManagement] [SpringApplicationShutdownHook] o.s.b.f.support.DisposableBeanAdapter    : Invocation of destroy method failed on bean with name 'inMemoryDatabaseShutdownExecutor': org.h2.jdbc.JdbcSQLNonTransientConnectionException: Database is already closed (to disable automatic closing at VM shutdown, add ";DB_CLOSE_ON_EXIT=FALSE" to the db URL) [90121-224]
2024-12-03T20:37:05.846+10:00  WARN 30589 --- [RecordsManagement] [restartedMain] JpaBaseConfiguration$JpaWebConfiguration : spring.jpa.open-in-view is enabled by default. Therefore, database queries may be performed during view rendering. Explicitly configure spring.jpa.open-in-view to disable this warning
2024-12-03T20:37:22.360+10:00  INFO 30589 --- [RecordsManagement] [http-nio-8080-exec-1] o.s.web.servlet.DispatcherServlet        : Initializing Servlet 'dispatcherServlet'
2024-12-03T20:37:22.362+10:00  INFO 30589 --- [RecordsManagement] [http-nio-8080-exec-1] o.s.web.servlet.DispatcherServlet        : Completed initialization in 1 ms
2024-12-03T20:37:22.406+10:00  INFO 30589 --- [RecordsManagement] [http-nio-8080-exec-1] c.m.r.controller.StudentController       : viewStudentFullDetails(...) - studentId: 1
2024-12-03T20:37:26.287+10:00  INFO 30589 --- [RecordsManagement] [http-nio-8080-exec-2] c.m.r.controller.StudentController       : viewStudentFullDetails(...) - studentId: 1
2024-12-03T20:37:32.692+10:00  INFO 30589 --- [RecordsManagement] [http-nio-8080-exec-6] c.m.r.controller.PriorSchoolController   : savePriorSchool(...) - studentId: 1
2024-12-03T20:37:32.696+10:00  INFO 30589 --- [RecordsManagement] [http-nio-8080-exec-6] c.m.r.controller.PriorSchoolController   : saved prior school information
2024-12-03T20:40:26.341+10:00  INFO 30589 --- [RecordsManagement] [http-nio-8080-exec-3] c.m.r.controller.StudentController       : viewStudentFullDetails(...) - studentId: 1
2024-12-03T20:40:32.185+10:00  INFO 30589 --- [RecordsManagement] [http-nio-8080-exec-5] c.m.r.controller.StudentController       : viewStudentFullDetails(...) - studentId: 1
2024-12-03T20:43:09.898+10:00  WARN 30589 --- [RecordsManagement] [SpringApplicationShutdownHook] o.s.b.f.support.DisposableBeanAdapter    : Invocation of destroy method failed on bean with name 'inMemoryDatabaseShutdownExecutor': org.h2.jdbc.JdbcSQLNonTransientConnectionException: Database is already closed (to disable automatic closing at VM shutdown, add ";DB_CLOSE_ON_EXIT=FALSE" to the db URL) [90121-224]
2024-12-03T20:43:15.692+10:00  WARN 30996 --- [RecordsManagement] [restartedMain] JpaBaseConfiguration$JpaWebConfiguration : spring.jpa.open-in-view is enabled by default. Therefore, database queries may be performed during view rendering. Explicitly configure spring.jpa.open-in-view to disable this warning
2024-12-03T20:43:19.775+10:00  INFO 30996 --- [RecordsManagement] [http-nio-8080-exec-1] o.s.web.servlet.DispatcherServlet        : Initializing Servlet 'dispatcherServlet'
2024-12-03T20:43:19.776+10:00  INFO 30996 --- [RecordsManagement] [http-nio-8080-exec-1] o.s.web.servlet.DispatcherServlet        : Completed initialization in 1 ms
2024-12-03T20:43:19.813+10:00  INFO 30996 --- [RecordsManagement] [http-nio-8080-exec-1] c.m.r.controller.StudentController       : viewStudentFullDetails(...) - studentId: 1
2024-12-03T20:43:46.703+10:00  INFO 30996 --- [RecordsManagement] [http-nio-8080-exec-5] c.m.r.controller.StudentController       : viewStudentFullDetails(...) - studentId: 1
2024-12-03T20:43:47.099+10:00  INFO 30996 --- [RecordsManagement] [http-nio-8080-exec-8] c.m.r.controller.StudentController       : viewStudentFullDetails(...) - studentId: 1
2024-12-03T20:43:47.294+10:00  INFO 30996 --- [RecordsManagement] [http-nio-8080-exec-1] c.m.r.controller.StudentController       : viewStudentFullDetails(...) - studentId: 1
2024-12-03T20:43:47.498+10:00  INFO 30996 --- [RecordsManagement] [http-nio-8080-exec-5] c.m.r.controller.StudentController       : viewStudentFullDetails(...) - studentId: 1
2024-12-03T20:43:47.669+10:00  INFO 30996 --- [RecordsManagement] [http-nio-8080-exec-2] c.m.r.controller.StudentController       : viewStudentFullDetails(...) - studentId: 1
2024-12-03T20:43:47.845+10:00  INFO 30996 --- [RecordsManagement] [http-nio-8080-exec-4] c.m.r.controller.StudentController       : viewStudentFullDetails(...) - studentId: 1
2024-12-03T20:43:48.036+10:00  INFO 30996 --- [RecordsManagement] [http-nio-8080-exec-9] c.m.r.controller.StudentController       : viewStudentFullDetails(...) - studentId: 1
2024-12-03T20:43:48.212+10:00  INFO 30996 --- [RecordsManagement] [http-nio-8080-exec-3] c.m.r.controller.StudentController       : viewStudentFullDetails(...) - studentId: 1
2024-12-03T20:43:48.380+10:00  INFO 30996 --- [RecordsManagement] [http-nio-8080-exec-6] c.m.r.controller.StudentController       : viewStudentFullDetails(...) - studentId: 1
2024-12-03T20:43:48.545+10:00  INFO 30996 --- [RecordsManagement] [http-nio-8080-exec-10] c.m.r.controller.StudentController       : viewStudentFullDetails(...) - studentId: 1
2024-12-03T20:44:23.186+10:00  WARN 30996 --- [RecordsManagement] [SpringApplicationShutdownHook] o.s.b.f.support.DisposableBeanAdapter    : Invocation of destroy method failed on bean with name 'inMemoryDatabaseShutdownExecutor': org.h2.jdbc.JdbcSQLNonTransientConnectionException: Database is already closed (to disable automatic closing at VM shutdown, add ";DB_CLOSE_ON_EXIT=FALSE" to the db URL) [90121-224]
2024-12-03T20:44:29.029+10:00  WARN 31081 --- [RecordsManagement] [restartedMain] JpaBaseConfiguration$JpaWebConfiguration : spring.jpa.open-in-view is enabled by default. Therefore, database queries may be performed during view rendering. Explicitly configure spring.jpa.open-in-view to disable this warning
2024-12-03T20:44:33.930+10:00  INFO 31081 --- [RecordsManagement] [http-nio-8080-exec-1] o.s.web.servlet.DispatcherServlet        : Initializing Servlet 'dispatcherServlet'
2024-12-03T20:44:33.931+10:00  INFO 31081 --- [RecordsManagement] [http-nio-8080-exec-1] o.s.web.servlet.DispatcherServlet        : Completed initialization in 0 ms
2024-12-03T20:44:33.967+10:00  INFO 31081 --- [RecordsManagement] [http-nio-8080-exec-1] c.m.r.controller.StudentController       : viewStudentFullDetails(...) - studentId: 1
2024-12-03T20:44:38.196+10:00  INFO 31081 --- [RecordsManagement] [http-nio-8080-exec-2] c.m.r.controller.StudentController       : viewStudentFullDetails(...) - studentId: 1
2024-12-03T20:44:44.493+10:00  INFO 31081 --- [RecordsManagement] [http-nio-8080-exec-10] c.m.r.controller.PriorSchoolController   : savePriorSchool(...) - studentId: 1
2024-12-03T20:44:44.497+10:00  INFO 31081 --- [RecordsManagement] [http-nio-8080-exec-10] c.m.r.controller.PriorSchoolController   : saved prior school information
2024-12-03T20:58:46.504+10:00  WARN 31081 --- [RecordsManagement] [SpringApplicationShutdownHook] o.s.b.f.support.DisposableBeanAdapter    : Invocation of destroy method failed on bean with name 'inMemoryDatabaseShutdownExecutor': org.h2.jdbc.JdbcSQLNonTransientConnectionException: Database is already closed (to disable automatic closing at VM shutdown, add ";DB_CLOSE_ON_EXIT=FALSE" to the db URL) [90121-224]
2024-12-03T20:58:52.992+10:00  WARN 31998 --- [RecordsManagement] [restartedMain] JpaBaseConfiguration$JpaWebConfiguration : spring.jpa.open-in-view is enabled by default. Therefore, database queries may be performed during view rendering. Explicitly configure spring.jpa.open-in-view to disable this warning
2024-12-03T20:58:56.082+10:00  INFO 31998 --- [RecordsManagement] [http-nio-8080-exec-1] o.s.web.servlet.DispatcherServlet        : Initializing Servlet 'dispatcherServlet'
2024-12-03T20:58:56.084+10:00  INFO 31998 --- [RecordsManagement] [http-nio-8080-exec-1] o.s.web.servlet.DispatcherServlet        : Completed initialization in 0 ms
2024-12-03T20:58:56.123+10:00  INFO 31998 --- [RecordsManagement] [http-nio-8080-exec-1] c.m.r.controller.StudentController       : viewStudentFullDetails(...) - studentId: 1
2024-12-03T20:58:59.712+10:00  INFO 31998 --- [RecordsManagement] [http-nio-8080-exec-5] c.m.r.controller.StudentController       : viewStudentFullDetails(...) - studentId: 1
2024-12-03T20:59:00.354+10:00  INFO 31998 --- [RecordsManagement] [http-nio-8080-exec-9] c.m.r.controller.StudentController       : viewStudentFullDetails(...) - studentId: 1
2024-12-03T20:59:00.887+10:00  INFO 31998 --- [RecordsManagement] [http-nio-8080-exec-10] c.m.r.controller.StudentController       : viewStudentFullDetails(...) - studentId: 1
2024-12-03T20:59:12.065+10:00  INFO 31998 --- [RecordsManagement] [http-nio-8080-exec-8] c.m.r.controller.PriorSchoolController   : savePriorSchool(...) - studentId: 1
2024-12-03T20:59:12.071+10:00  INFO 31998 --- [RecordsManagement] [http-nio-8080-exec-8] c.m.r.controller.PriorSchoolController   : saved prior school information
2024-12-03T21:24:34.942+10:00  WARN 31998 --- [RecordsManagement] [SpringApplicationShutdownHook] o.s.b.f.support.DisposableBeanAdapter    : Invocation of destroy method failed on bean with name 'inMemoryDatabaseShutdownExecutor': org.h2.jdbc.JdbcSQLNonTransientConnectionException: Database is already closed (to disable automatic closing at VM shutdown, add ";DB_CLOSE_ON_EXIT=FALSE" to the db URL) [90121-224]
2024-12-03T21:24:40.421+10:00  WARN 33685 --- [RecordsManagement] [restartedMain] JpaBaseConfiguration$JpaWebConfiguration : spring.jpa.open-in-view is enabled by default. Therefore, database queries may be performed during view rendering. Explicitly configure spring.jpa.open-in-view to disable this warning
2024-12-03T21:25:07.576+10:00  INFO 33685 --- [RecordsManagement] [http-nio-8080-exec-1] o.s.web.servlet.DispatcherServlet        : Initializing Servlet 'dispatcherServlet'
2024-12-03T21:25:07.577+10:00  INFO 33685 --- [RecordsManagement] [http-nio-8080-exec-1] o.s.web.servlet.DispatcherServlet        : Completed initialization in 1 ms
2024-12-03T21:25:07.613+10:00  INFO 33685 --- [RecordsManagement] [http-nio-8080-exec-1] c.m.r.controller.StudentController       : viewStudentFullDetails(...) - studentId: 1
2024-12-03T21:25:23.783+10:00  INFO 33685 --- [RecordsManagement] [http-nio-8080-exec-6] c.m.r.controller.PriorSchoolController   : savePriorSchool(...) - studentId: 1
2024-12-03T21:27:31.442+10:00  WARN 33685 --- [RecordsManagement] [SpringApplicationShutdownHook] o.s.b.f.support.DisposableBeanAdapter    : Invocation of destroy method failed on bean with name 'inMemoryDatabaseShutdownExecutor': org.h2.jdbc.JdbcSQLNonTransientConnectionException: Database is already closed (to disable automatic closing at VM shutdown, add ";DB_CLOSE_ON_EXIT=FALSE" to the db URL) [90121-224]
2024-12-03T21:27:37.266+10:00  WARN 33893 --- [RecordsManagement] [restartedMain] JpaBaseConfiguration$JpaWebConfiguration : spring.jpa.open-in-view is enabled by default. Therefore, database queries may be performed during view rendering. Explicitly configure spring.jpa.open-in-view to disable this warning
2024-12-03T21:27:38.217+10:00  INFO 33893 --- [RecordsManagement] [http-nio-8080-exec-1] o.s.web.servlet.DispatcherServlet        : Initializing Servlet 'dispatcherServlet'
2024-12-03T21:27:38.218+10:00  INFO 33893 --- [RecordsManagement] [http-nio-8080-exec-1] o.s.web.servlet.DispatcherServlet        : Completed initialization in 1 ms
2024-12-03T21:27:38.259+10:00  INFO 33893 --- [RecordsManagement] [http-nio-8080-exec-1] c.m.r.controller.StudentController       : viewStudentFullDetails(...) - studentId: 1
2024-12-03T21:27:44.934+10:00  INFO 33893 --- [RecordsManagement] [http-nio-8080-exec-2] c.m.r.controller.PriorSchoolController   : savePriorSchool(...) - studentId: 1
2024-12-03T21:27:52.726+10:00  INFO 33893 --- [RecordsManagement] [http-nio-8080-exec-6] c.m.r.controller.StudentController       : viewStudentFullDetails(...) - studentId: 1
2024-12-03T21:28:00.877+10:00  INFO 33893 --- [RecordsManagement] [http-nio-8080-exec-1] c.m.r.controller.PriorSchoolController   : savePriorSchool(...) - studentId: 1
2024-12-03T21:28:52.634+10:00  WARN 33893 --- [RecordsManagement] [SpringApplicationShutdownHook] o.s.b.f.support.DisposableBeanAdapter    : Invocation of destroy method failed on bean with name 'inMemoryDatabaseShutdownExecutor': org.h2.jdbc.JdbcSQLNonTransientConnectionException: Database is already closed (to disable automatic closing at VM shutdown, add ";DB_CLOSE_ON_EXIT=FALSE" to the db URL) [90121-224]
2024-12-03T21:28:58.203+10:00  WARN 33994 --- [RecordsManagement] [restartedMain] JpaBaseConfiguration$JpaWebConfiguration : spring.jpa.open-in-view is enabled by default. Therefore, database queries may be performed during view rendering. Explicitly configure spring.jpa.open-in-view to disable this warning
2024-12-03T21:28:58.854+10:00  INFO 33994 --- [RecordsManagement] [http-nio-8080-exec-1] o.s.web.servlet.DispatcherServlet        : Initializing Servlet 'dispatcherServlet'
2024-12-03T21:28:58.856+10:00  INFO 33994 --- [RecordsManagement] [http-nio-8080-exec-1] o.s.web.servlet.DispatcherServlet        : Completed initialization in 1 ms
2024-12-03T21:28:58.907+10:00  INFO 33994 --- [RecordsManagement] [http-nio-8080-exec-1] c.m.r.controller.StudentController       : viewStudentFullDetails(...) - studentId: 1
2024-12-03T21:28:58.924+10:00 ERROR 33994 --- [RecordsManagement] [http-nio-8080-exec-1] c.m.r.handler.GlobalExceptionHandler     : An unexpected error occurred: 

java.lang.NullPointerException: Cannot invoke "com.mdrsolutions.records_management.entity.Student.getGuardians()" because "student" is null
	at com.mdrsolutions.records_management.controller.StudentController.viewStudentFullDetails(StudentController.java:53)
	at java.base/jdk.internal.reflect.DirectMethodHandleAccessor.invoke(DirectMethodHandleAccessor.java:103)
	at java.base/java.lang.reflect.Method.invoke(Method.java:580)
	at org.springframework.web.method.support.InvocableHandlerMethod.doInvoke(InvocableHandlerMethod.java:255)
	at org.springframework.web.method.support.InvocableHandlerMethod.invokeForRequest(InvocableHandlerMethod.java:188)
	at org.springframework.web.servlet.mvc.method.annotation.ServletInvocableHandlerMethod.invokeAndHandle(ServletInvocableHandlerMethod.java:118)
	at org.springframework.web.servlet.mvc.method.annotation.RequestMappingHandlerAdapter.invokeHandlerMethod(RequestMappingHandlerAdapter.java:926)
	at org.springframework.web.servlet.mvc.method.annotation.RequestMappingHandlerAdapter.handleInternal(RequestMappingHandlerAdapter.java:831)
	at org.springframework.web.servlet.mvc.method.AbstractHandlerMethodAdapter.handle(AbstractHandlerMethodAdapter.java:87)
	at org.springframework.web.servlet.DispatcherServlet.doDispatch(DispatcherServlet.java:1089)
	at org.springframework.web.servlet.DispatcherServlet.doService(DispatcherServlet.java:979)
	at org.springframework.web.servlet.FrameworkServlet.processRequest(FrameworkServlet.java:1014)
	at org.springframework.web.servlet.FrameworkServlet.doGet(FrameworkServlet.java:903)
	at jakarta.servlet.http.HttpServlet.service(HttpServlet.java:564)
	at org.springframework.web.servlet.FrameworkServlet.service(FrameworkServlet.java:885)
	at jakarta.servlet.http.HttpServlet.service(HttpServlet.java:658)
	at org.apache.catalina.core.ApplicationFilterChain.internalDoFilter(ApplicationFilterChain.java:195)
	at org.apache.catalina.core.ApplicationFilterChain.doFilter(ApplicationFilterChain.java:140)
	at org.apache.tomcat.websocket.server.WsFilter.doFilter(WsFilter.java:51)
	at org.apache.catalina.core.ApplicationFilterChain.internalDoFilter(ApplicationFilterChain.java:164)
	at org.apache.catalina.core.ApplicationFilterChain.doFilter(ApplicationFilterChain.java:140)
	at org.springframework.web.filter.FormContentFilter.doFilterInternal(FormContentFilter.java:93)
	at org.springframework.web.filter.OncePerRequestFilter.doFilter(OncePerRequestFilter.java:116)
	at org.apache.catalina.core.ApplicationFilterChain.internalDoFilter(ApplicationFilterChain.java:164)
	at org.apache.catalina.core.ApplicationFilterChain.doFilter(ApplicationFilterChain.java:140)
	at org.springframework.web.filter.CompositeFilter$VirtualFilterChain.doFilter(CompositeFilter.java:108)
	at org.springframework.security.web.FilterChainProxy.lambda$doFilterInternal$3(FilterChainProxy.java:231)
	at org.springframework.security.web.FilterChainProxy$VirtualFilterChain.doFilter(FilterChainProxy.java:365)
	at org.springframework.security.web.access.intercept.AuthorizationFilter.doFilter(AuthorizationFilter.java:100)
	at org.springframework.security.web.FilterChainProxy$VirtualFilterChain.doFilter(FilterChainProxy.java:374)
	at org.springframework.security.web.access.ExceptionTranslationFilter.doFilter(ExceptionTranslationFilter.java:126)
	at org.springframework.security.web.access.ExceptionTranslationFilter.doFilter(ExceptionTranslationFilter.java:120)
	at org.springframework.security.web.FilterChainProxy$VirtualFilterChain.doFilter(FilterChainProxy.java:374)
	at org.springframework.security.web.authentication.AnonymousAuthenticationFilter.doFilter(AnonymousAuthenticationFilter.java:100)
	at org.springframework.security.web.FilterChainProxy$VirtualFilterChain.doFilter(FilterChainProxy.java:374)
	at org.springframework.security.web.servletapi.SecurityContextHolderAwareRequestFilter.doFilter(SecurityContextHolderAwareRequestFilter.java:179)
	at org.springframework.security.web.FilterChainProxy$VirtualFilterChain.doFilter(FilterChainProxy.java:374)
	at org.springframework.security.web.savedrequest.RequestCacheAwareFilter.doFilter(RequestCacheAwareFilter.java:63)
	at org.springframework.security.web.FilterChainProxy$VirtualFilterChain.doFilter(FilterChainProxy.java:374)
	at org.springframework.security.web.authentication.AbstractAuthenticationProcessingFilter.doFilter(AbstractAuthenticationProcessingFilter.java:227)
	at org.springframework.security.web.authentication.AbstractAuthenticationProcessingFilter.doFilter(AbstractAuthenticationProcessingFilter.java:221)
	at org.springframework.security.web.FilterChainProxy$VirtualFilterChain.doFilter(FilterChainProxy.java:374)
	at org.springframework.security.web.authentication.logout.LogoutFilter.doFilter(LogoutFilter.java:107)
	at org.springframework.security.web.authentication.logout.LogoutFilter.doFilter(LogoutFilter.java:93)
	at org.springframework.security.web.FilterChainProxy$VirtualFilterChain.doFilter(FilterChainProxy.java:374)
	at org.springframework.security.web.csrf.CsrfFilter.doFilterInternal(CsrfFilter.java:117)
	at org.springframework.web.filter.OncePerRequestFilter.doFilter(OncePerRequestFilter.java:116)
	at org.springframework.security.web.FilterChainProxy$VirtualFilterChain.doFilter(FilterChainProxy.java:374)
	at org.springframework.security.web.header.HeaderWriterFilter.doHeadersAfter(HeaderWriterFilter.java:90)
	at org.springframework.security.web.header.HeaderWriterFilter.doFilterInternal(HeaderWriterFilter.java:75)
	at org.springframework.web.filter.OncePerRequestFilter.doFilter(OncePerRequestFilter.java:116)
	at org.springframework.security.web.FilterChainProxy$VirtualFilterChain.doFilter(FilterChainProxy.java:374)
	at org.springframework.security.web.context.SecurityContextHolderFilter.doFilter(SecurityContextHolderFilter.java:82)
	at org.springframework.security.web.context.SecurityContextHolderFilter.doFilter(SecurityContextHolderFilter.java:69)
	at org.springframework.security.web.FilterChainProxy$VirtualFilterChain.doFilter(FilterChainProxy.java:374)
	at org.springframework.security.web.context.request.async.WebAsyncManagerIntegrationFilter.doFilterInternal(WebAsyncManagerIntegrationFilter.java:62)
	at org.springframework.web.filter.OncePerRequestFilter.doFilter(OncePerRequestFilter.java:116)
	at org.springframework.security.web.FilterChainProxy$VirtualFilterChain.doFilter(FilterChainProxy.java:374)
	at org.springframework.security.web.session.DisableEncodeUrlFilter.doFilterInternal(DisableEncodeUrlFilter.java:42)
	at org.springframework.web.filter.OncePerRequestFilter.doFilter(OncePerRequestFilter.java:116)
	at org.springframework.security.web.FilterChainProxy$VirtualFilterChain.doFilter(FilterChainProxy.java:374)
	at org.springframework.security.web.FilterChainProxy.doFilterInternal(FilterChainProxy.java:233)
	at org.springframework.security.web.FilterChainProxy.doFilter(FilterChainProxy.java:191)
	at org.springframework.web.filter.CompositeFilter$VirtualFilterChain.doFilter(CompositeFilter.java:113)
	at org.springframework.web.servlet.handler.HandlerMappingIntrospector.lambda$createCacheFilter$3(HandlerMappingIntrospector.java:195)
	at org.springframework.web.filter.CompositeFilter$VirtualFilterChain.doFilter(CompositeFilter.java:113)
	at org.springframework.web.filter.CompositeFilter.doFilter(CompositeFilter.java:74)
	at org.springframework.security.config.annotation.web.configuration.WebMvcSecurityConfiguration$CompositeFilterChainProxy.doFilter(WebMvcSecurityConfiguration.java:230)
	at org.springframework.web.filter.DelegatingFilterProxy.invokeDelegate(DelegatingFilterProxy.java:362)
	at org.springframework.web.filter.DelegatingFilterProxy.doFilter(DelegatingFilterProxy.java:278)
	at org.apache.catalina.core.ApplicationFilterChain.internalDoFilter(ApplicationFilterChain.java:164)
	at org.apache.catalina.core.ApplicationFilterChain.doFilter(ApplicationFilterChain.java:140)
	at org.springframework.web.filter.RequestContextFilter.doFilterInternal(RequestContextFilter.java:100)
	at org.springframework.web.filter.OncePerRequestFilter.doFilter(OncePerRequestFilter.java:116)
	at org.apache.catalina.core.ApplicationFilterChain.internalDoFilter(ApplicationFilterChain.java:164)
	at org.apache.catalina.core.ApplicationFilterChain.doFilter(ApplicationFilterChain.java:140)
	at org.springframework.web.filter.HiddenHttpMethodFilter.doFilterInternal(HiddenHttpMethodFilter.java:91)
	at org.springframework.web.filter.OncePerRequestFilter.doFilter(OncePerRequestFilter.java:116)
	at org.apache.catalina.core.ApplicationFilterChain.internalDoFilter(ApplicationFilterChain.java:164)
	at org.apache.catalina.core.ApplicationFilterChain.doFilter(ApplicationFilterChain.java:140)
	at org.springframework.web.filter.CharacterEncodingFilter.doFilterInternal(CharacterEncodingFilter.java:201)
	at org.springframework.web.filter.OncePerRequestFilter.doFilter(OncePerRequestFilter.java:116)
	at org.apache.catalina.core.ApplicationFilterChain.internalDoFilter(ApplicationFilterChain.java:164)
	at org.apache.catalina.core.ApplicationFilterChain.doFilter(ApplicationFilterChain.java:140)
	at org.apache.catalina.core.StandardWrapperValve.invoke(StandardWrapperValve.java:167)
	at org.apache.catalina.core.StandardContextValve.invoke(StandardContextValve.java:90)
	at org.apache.catalina.authenticator.AuthenticatorBase.invoke(AuthenticatorBase.java:483)
	at org.apache.catalina.core.StandardHostValve.invoke(StandardHostValve.java:115)
	at org.apache.catalina.valves.ErrorReportValve.invoke(ErrorReportValve.java:93)
	at org.apache.catalina.core.StandardEngineValve.invoke(StandardEngineValve.java:74)
	at org.apache.catalina.connector.CoyoteAdapter.service(CoyoteAdapter.java:344)
	at org.apache.coyote.http11.Http11Processor.service(Http11Processor.java:384)
	at org.apache.coyote.AbstractProcessorLight.process(AbstractProcessorLight.java:63)
	at org.apache.coyote.AbstractProtocol$ConnectionHandler.process(AbstractProtocol.java:905)
	at org.apache.tomcat.util.net.NioEndpoint$SocketProcessor.doRun(NioEndpoint.java:1741)
	at org.apache.tomcat.util.net.SocketProcessorBase.run(SocketProcessorBase.java:52)
	at org.apache.tomcat.util.threads.ThreadPoolExecutor.runWorker(ThreadPoolExecutor.java:1190)
	at org.apache.tomcat.util.threads.ThreadPoolExecutor$Worker.run(ThreadPoolExecutor.java:659)
	at org.apache.tomcat.util.threads.TaskThread$WrappingRunnable.run(TaskThread.java:63)
	at java.base/java.lang.Thread.run(Thread.java:1570)

2024-12-03T21:28:58.931+10:00  WARN 33994 --- [RecordsManagement] [http-nio-8080-exec-1] .m.m.a.ExceptionHandlerExceptionResolver : Resolved [java.lang.NullPointerException: Cannot invoke "com.mdrsolutions.records_management.entity.Student.getGuardians()" because "student" is null]
2024-12-03T21:29:01.479+10:00  INFO 33994 --- [RecordsManagement] [http-nio-8080-exec-3] c.m.r.controller.StudentController       : viewStudentFullDetails(...) - studentId: 1
2024-12-03T21:29:10.119+10:00  INFO 33994 --- [RecordsManagement] [http-nio-8080-exec-3] c.m.r.controller.PriorSchoolController   : savePriorSchool(...) - studentId: 1
2024-12-03T21:30:09.115+10:00  WARN 33994 --- [RecordsManagement] [SpringApplicationShutdownHook] o.s.b.f.support.DisposableBeanAdapter    : Invocation of destroy method failed on bean with name 'inMemoryDatabaseShutdownExecutor': org.h2.jdbc.JdbcSQLNonTransientConnectionException: Database is already closed (to disable automatic closing at VM shutdown, add ";DB_CLOSE_ON_EXIT=FALSE" to the db URL) [90121-224]
2024-12-03T21:30:14.869+10:00  WARN 34088 --- [RecordsManagement] [restartedMain] JpaBaseConfiguration$JpaWebConfiguration : spring.jpa.open-in-view is enabled by default. Therefore, database queries may be performed during view rendering. Explicitly configure spring.jpa.open-in-view to disable this warning
2024-12-03T21:30:30.325+10:00  INFO 34088 --- [RecordsManagement] [http-nio-8080-exec-1] o.s.web.servlet.DispatcherServlet        : Initializing Servlet 'dispatcherServlet'
2024-12-03T21:30:30.327+10:00  INFO 34088 --- [RecordsManagement] [http-nio-8080-exec-1] o.s.web.servlet.DispatcherServlet        : Completed initialization in 1 ms
2024-12-03T21:30:30.370+10:00  INFO 34088 --- [RecordsManagement] [http-nio-8080-exec-1] c.m.r.controller.StudentController       : viewStudentFullDetails(...) - studentId: 1
2024-12-03T21:30:40.405+10:00  INFO 34088 --- [RecordsManagement] [http-nio-8080-exec-2] c.m.r.controller.PriorSchoolController   : savePriorSchool(...) - studentId: 1
2024-12-03T21:32:49.787+10:00  WARN 34088 --- [RecordsManagement] [SpringApplicationShutdownHook] o.s.b.f.support.DisposableBeanAdapter    : Invocation of destroy method failed on bean with name 'inMemoryDatabaseShutdownExecutor': org.h2.jdbc.JdbcSQLNonTransientConnectionException: Database is already closed (to disable automatic closing at VM shutdown, add ";DB_CLOSE_ON_EXIT=FALSE" to the db URL) [90121-224]
2024-12-03T21:32:55.402+10:00  WARN 34262 --- [RecordsManagement] [restartedMain] JpaBaseConfiguration$JpaWebConfiguration : spring.jpa.open-in-view is enabled by default. Therefore, database queries may be performed during view rendering. Explicitly configure spring.jpa.open-in-view to disable this warning
2024-12-03T21:33:29.077+10:00  INFO 34262 --- [RecordsManagement] [http-nio-8080-exec-1] o.s.web.servlet.DispatcherServlet        : Initializing Servlet 'dispatcherServlet'
2024-12-03T21:33:29.078+10:00  INFO 34262 --- [RecordsManagement] [http-nio-8080-exec-1] o.s.web.servlet.DispatcherServlet        : Completed initialization in 1 ms
2024-12-03T21:33:29.112+10:00  INFO 34262 --- [RecordsManagement] [http-nio-8080-exec-1] c.m.r.controller.StudentController       : viewStudentFullDetails(...) - studentId: 1
2024-12-03T21:33:32.480+10:00  INFO 34262 --- [RecordsManagement] [http-nio-8080-exec-10] c.m.r.controller.StudentController       : viewStudentFullDetails(...) - studentId: 1
2024-12-03T21:33:40.899+10:00  INFO 34262 --- [RecordsManagement] [http-nio-8080-exec-1] c.m.r.controller.StudentController       : viewStudentFullDetails(...) - studentId: 1
2024-12-03T21:33:41.456+10:00  INFO 34262 --- [RecordsManagement] [http-nio-8080-exec-1] c.m.r.controller.StudentController       : viewStudentFullDetails(...) - studentId: 1
2024-12-03T21:33:41.714+10:00  INFO 34262 --- [RecordsManagement] [http-nio-8080-exec-1] c.m.r.controller.StudentController       : viewStudentFullDetails(...) - studentId: 1
2024-12-03T21:33:41.973+10:00  INFO 34262 --- [RecordsManagement] [http-nio-8080-exec-1] c.m.r.controller.StudentController       : viewStudentFullDetails(...) - studentId: 1
2024-12-03T21:34:34.078+10:00  INFO 34262 --- [RecordsManagement] [http-nio-8080-exec-6] c.m.r.controller.StudentController       : viewStudentFullDetails(...) - studentId: 1
2024-12-03T21:34:34.771+10:00  INFO 34262 --- [RecordsManagement] [http-nio-8080-exec-1] c.m.r.controller.StudentController       : viewStudentFullDetails(...) - studentId: 1
2024-12-03T21:34:35.721+10:00  INFO 34262 --- [RecordsManagement] [http-nio-8080-exec-8] c.m.r.controller.StudentController       : viewStudentFullDetails(...) - studentId: 1
2024-12-03T21:34:42.234+10:00  INFO 34262 --- [RecordsManagement] [http-nio-8080-exec-4] c.m.r.controller.StudentController       : viewStudentFullDetails(...) - studentId: 1
2024-12-03T21:34:42.649+10:00  INFO 34262 --- [RecordsManagement] [http-nio-8080-exec-10] c.m.r.controller.StudentController       : viewStudentFullDetails(...) - studentId: 1
2024-12-03T21:34:42.882+10:00  INFO 34262 --- [RecordsManagement] [http-nio-8080-exec-8] c.m.r.controller.StudentController       : viewStudentFullDetails(...) - studentId: 1
2024-12-03T21:34:43.083+10:00  INFO 34262 --- [RecordsManagement] [http-nio-8080-exec-1] c.m.r.controller.StudentController       : viewStudentFullDetails(...) - studentId: 1
2024-12-03T21:34:43.240+10:00  INFO 34262 --- [RecordsManagement] [http-nio-8080-exec-4] c.m.r.controller.StudentController       : viewStudentFullDetails(...) - studentId: 1
2024-12-03T21:34:43.443+10:00  INFO 34262 --- [RecordsManagement] [http-nio-8080-exec-8] c.m.r.controller.StudentController       : viewStudentFullDetails(...) - studentId: 1
2024-12-03T21:34:43.635+10:00  INFO 34262 --- [RecordsManagement] [http-nio-8080-exec-9] c.m.r.controller.StudentController       : viewStudentFullDetails(...) - studentId: 1
2024-12-03T21:34:43.850+10:00  INFO 34262 --- [RecordsManagement] [http-nio-8080-exec-3] c.m.r.controller.StudentController       : viewStudentFullDetails(...) - studentId: 1
2024-12-03T21:35:49.230+10:00  INFO 34262 --- [RecordsManagement] [http-nio-8080-exec-9] c.m.r.controller.StudentController       : viewStudentFullDetails(...) - studentId: 1
2024-12-03T21:35:49.452+10:00  INFO 34262 --- [RecordsManagement] [http-nio-8080-exec-2] c.m.r.controller.StudentController       : viewStudentFullDetails(...) - studentId: 1
2024-12-03T21:35:49.677+10:00  INFO 34262 --- [RecordsManagement] [http-nio-8080-exec-5] c.m.r.controller.StudentController       : viewStudentFullDetails(...) - studentId: 1
2024-12-03T21:35:49.975+10:00  INFO 34262 --- [RecordsManagement] [http-nio-8080-exec-8] c.m.r.controller.StudentController       : viewStudentFullDetails(...) - studentId: 1
2024-12-03T21:35:50.142+10:00  INFO 34262 --- [RecordsManagement] [http-nio-8080-exec-1] c.m.r.controller.StudentController       : viewStudentFullDetails(...) - studentId: 1
2024-12-03T21:35:50.698+10:00  INFO 34262 --- [RecordsManagement] [http-nio-8080-exec-4] c.m.r.controller.StudentController       : viewStudentFullDetails(...) - studentId: 1
2024-12-03T21:35:57.990+10:00  INFO 34262 --- [RecordsManagement] [http-nio-8080-exec-10] c.m.r.controller.StudentController       : viewStudentFullDetails(...) - studentId: 1
2024-12-03T21:35:58.705+10:00  INFO 34262 --- [RecordsManagement] [http-nio-8080-exec-3] c.m.r.controller.StudentController       : viewStudentFullDetails(...) - studentId: 1
2024-12-03T21:35:59.340+10:00  INFO 34262 --- [RecordsManagement] [http-nio-8080-exec-4] c.m.r.controller.StudentController       : viewStudentFullDetails(...) - studentId: 1
2024-12-03T21:35:59.973+10:00  INFO 34262 --- [RecordsManagement] [http-nio-8080-exec-5] c.m.r.controller.StudentController       : viewStudentFullDetails(...) - studentId: 1
2024-12-03T21:36:03.601+10:00  WARN 34262 --- [RecordsManagement] [SpringApplicationShutdownHook] o.s.b.f.support.DisposableBeanAdapter    : Invocation of destroy method failed on bean with name 'inMemoryDatabaseShutdownExecutor': org.h2.jdbc.JdbcSQLNonTransientConnectionException: Database is already closed (to disable automatic closing at VM shutdown, add ";DB_CLOSE_ON_EXIT=FALSE" to the db URL) [90121-224]
2024-12-03T21:36:08.968+10:00  WARN 34515 --- [RecordsManagement] [restartedMain] JpaBaseConfiguration$JpaWebConfiguration : spring.jpa.open-in-view is enabled by default. Therefore, database queries may be performed during view rendering. Explicitly configure spring.jpa.open-in-view to disable this warning
2024-12-03T21:36:09.942+10:00  INFO 34515 --- [RecordsManagement] [http-nio-8080-exec-1] o.s.web.servlet.DispatcherServlet        : Initializing Servlet 'dispatcherServlet'
2024-12-03T21:36:09.943+10:00  INFO 34515 --- [RecordsManagement] [http-nio-8080-exec-1] o.s.web.servlet.DispatcherServlet        : Completed initialization in 1 ms
2024-12-03T21:36:09.979+10:00  INFO 34515 --- [RecordsManagement] [http-nio-8080-exec-1] c.m.r.controller.StudentController       : viewStudentFullDetails(...) - studentId: 1
2024-12-03T21:36:19.827+10:00  INFO 34515 --- [RecordsManagement] [http-nio-8080-exec-5] c.m.r.controller.PriorSchoolController   : savePriorSchool(...) - studentId: 1
2024-12-03T21:41:59.742+10:00  WARN 34515 --- [RecordsManagement] [SpringApplicationShutdownHook] o.s.b.f.support.DisposableBeanAdapter    : Invocation of destroy method failed on bean with name 'inMemoryDatabaseShutdownExecutor': org.h2.jdbc.JdbcSQLNonTransientConnectionException: Database is already closed (to disable automatic closing at VM shutdown, add ";DB_CLOSE_ON_EXIT=FALSE" to the db URL) [90121-224]
2024-12-03T21:42:05.179+10:00  WARN 34920 --- [RecordsManagement] [restartedMain] JpaBaseConfiguration$JpaWebConfiguration : spring.jpa.open-in-view is enabled by default. Therefore, database queries may be performed during view rendering. Explicitly configure spring.jpa.open-in-view to disable this warning
2024-12-03T21:42:08.565+10:00  INFO 34920 --- [RecordsManagement] [http-nio-8080-exec-1] o.s.web.servlet.DispatcherServlet        : Initializing Servlet 'dispatcherServlet'
2024-12-03T21:42:08.566+10:00  INFO 34920 --- [RecordsManagement] [http-nio-8080-exec-1] o.s.web.servlet.DispatcherServlet        : Completed initialization in 1 ms
2024-12-03T21:42:08.600+10:00  INFO 34920 --- [RecordsManagement] [http-nio-8080-exec-1] c.m.r.controller.StudentController       : viewStudentFullDetails(...) - studentId: 1
2024-12-03T21:42:18.006+10:00  INFO 34920 --- [RecordsManagement] [http-nio-8080-exec-4] c.m.r.controller.PriorSchoolController   : savePriorSchool(...) - studentId: 1
2024-12-03T21:54:36.539+10:00  INFO 34920 --- [RecordsManagement] [http-nio-8080-exec-2] c.m.r.controller.StudentController       : viewStudentFullDetails(...) - studentId: 1
2024-12-03T21:54:38.475+10:00  INFO 34920 --- [RecordsManagement] [http-nio-8080-exec-6] c.m.r.controller.StudentController       : viewStudentFullDetails(...) - studentId: 1
2024-12-03T21:54:40.590+10:00  WARN 34920 --- [RecordsManagement] [SpringApplicationShutdownHook] o.s.b.f.support.DisposableBeanAdapter    : Invocation of destroy method failed on bean with name 'inMemoryDatabaseShutdownExecutor': org.h2.jdbc.JdbcSQLNonTransientConnectionException: Database is already closed (to disable automatic closing at VM shutdown, add ";DB_CLOSE_ON_EXIT=FALSE" to the db URL) [90121-224]
2024-12-03T21:54:45.937+10:00  WARN 35742 --- [RecordsManagement] [restartedMain] JpaBaseConfiguration$JpaWebConfiguration : spring.jpa.open-in-view is enabled by default. Therefore, database queries may be performed during view rendering. Explicitly configure spring.jpa.open-in-view to disable this warning
2024-12-03T21:54:48.651+10:00  INFO 35742 --- [RecordsManagement] [http-nio-8080-exec-1] o.s.web.servlet.DispatcherServlet        : Initializing Servlet 'dispatcherServlet'
2024-12-03T21:54:48.652+10:00  INFO 35742 --- [RecordsManagement] [http-nio-8080-exec-1] o.s.web.servlet.DispatcherServlet        : Completed initialization in 1 ms
2024-12-03T21:54:48.697+10:00  INFO 35742 --- [RecordsManagement] [http-nio-8080-exec-1] c.m.r.controller.StudentController       : viewStudentFullDetails(...) - studentId: 1
2024-12-03T21:54:57.253+10:00  INFO 35742 --- [RecordsManagement] [http-nio-8080-exec-2] c.m.r.controller.PriorSchoolController   : savePriorSchool(...) - studentId: 1
2024-12-03T21:55:11.225+10:00  INFO 35742 --- [RecordsManagement] [http-nio-8080-exec-5] c.m.r.controller.StudentController       : viewStudentFullDetails(...) - studentId: 1
2024-12-03T22:01:09.906+10:00  WARN 35742 --- [RecordsManagement] [SpringApplicationShutdownHook] o.s.b.f.support.DisposableBeanAdapter    : Invocation of destroy method failed on bean with name 'inMemoryDatabaseShutdownExecutor': org.h2.jdbc.JdbcSQLNonTransientConnectionException: Database is already closed (to disable automatic closing at VM shutdown, add ";DB_CLOSE_ON_EXIT=FALSE" to the db URL) [90121-224]
