2024-10-28T07:07:20.470+10:00  WARN 34850 --- [RecordsManagement] [HikariPool-1 housekeeper] com.zaxxer.hikari.pool.HikariPool        : HikariPool-1 - Thread starvation or clock leap detected (housekeeper delta=10m40s150ms).
2024-10-28T07:15:21.701+10:00  WARN 34850 --- [RecordsManagement] [HikariPool-1 housekeeper] com.zaxxer.hikari.pool.HikariPool        : HikariPool-1 - Thread starvation or clock leap detected (housekeeper delta=8m1s231ms).
2024-10-28T07:16:15.497+10:00  WARN 34850 --- [RecordsManagement] [HikariPool-1 housekeeper] com.zaxxer.hikari.pool.HikariPool        : HikariPool-1 - Thread starvation or clock leap detected (housekeeper delta=53s796ms).
2024-10-28T07:37:26.657+10:00  WARN 34850 --- [RecordsManagement] [HikariPool-1 housekeeper] com.zaxxer.hikari.pool.HikariPool        : HikariPool-1 - Thread starvation or clock leap detected (housekeeper delta=21m11s160ms).
2024-10-28T07:49:04.578+10:00  INFO 34850 --- [RecordsManagement] [http-nio-8080-exec-1] o.s.web.servlet.DispatcherServlet        : Initializing Servlet 'dispatcherServlet'
2024-10-28T07:49:04.582+10:00  INFO 34850 --- [RecordsManagement] [http-nio-8080-exec-1] o.s.web.servlet.DispatcherServlet        : Completed initialization in 3 ms
2024-10-28T07:49:18.681+10:00  INFO 34850 --- [RecordsManagement] [http-nio-8080-exec-8] c.m.r.controller.DashboardController     : getDashboard(...)
2024-10-28T07:49:18.682+10:00  INFO 34850 --- [RecordsManagement] [http-nio-8080-exec-8] c.m.r.controller.DashboardController     : getDashboard(...) - optionalUser is Present
2024-10-28T07:49:25.213+10:00  INFO 34850 --- [RecordsManagement] [http-nio-8080-exec-6] c.m.r.controller.PersonController        : viewPersonFullDetails(...) - Loading full details view for person ID: 1
2024-10-28T07:49:25.216+10:00 DEBUG 34850 --- [RecordsManagement] [http-nio-8080-exec-6] o.s.jdbc.datasource.DataSourceUtils      : Setting JDBC Connection [HikariProxyConnection@1775466671 wrapping conn911: url=jdbc:h2:mem:records-management user=SA] read-only
2024-10-28T07:49:25.219+10:00 DEBUG 34850 --- [RecordsManagement] [http-nio-8080-exec-6] o.s.jdbc.datasource.DataSourceUtils      : Resetting read-only flag of JDBC Connection [HikariProxyConnection@1775466671 wrapping conn911: url=jdbc:h2:mem:records-management user=SA]
2024-10-28T07:50:02.384+10:00  INFO 34850 --- [RecordsManagement] [http-nio-8080-exec-2] c.m.r.controller.PersonController        : editPersonFullDetails(...) - Loading full details view for person ID: 1
2024-10-28T07:50:02.384+10:00 DEBUG 34850 --- [RecordsManagement] [http-nio-8080-exec-2] o.s.jdbc.datasource.DataSourceUtils      : Setting JDBC Connection [HikariProxyConnection@1452692286 wrapping conn911: url=jdbc:h2:mem:records-management user=SA] read-only
2024-10-28T07:50:02.386+10:00 DEBUG 34850 --- [RecordsManagement] [http-nio-8080-exec-2] o.s.jdbc.datasource.DataSourceUtils      : Resetting read-only flag of JDBC Connection [HikariProxyConnection@1452692286 wrapping conn911: url=jdbc:h2:mem:records-management user=SA]
2024-10-28T07:50:06.753+10:00  INFO 34850 --- [RecordsManagement] [http-nio-8080-exec-4] c.m.r.controller.PersonController        : viewPersonFullDetails(...) - Loading full details view for person ID: 1
2024-10-28T07:50:06.754+10:00 DEBUG 34850 --- [RecordsManagement] [http-nio-8080-exec-4] o.s.jdbc.datasource.DataSourceUtils      : Setting JDBC Connection [HikariProxyConnection@1200249604 wrapping conn912: url=jdbc:h2:mem:records-management user=SA] read-only
2024-10-28T07:50:06.759+10:00 DEBUG 34850 --- [RecordsManagement] [http-nio-8080-exec-4] o.s.jdbc.datasource.DataSourceUtils      : Resetting read-only flag of JDBC Connection [HikariProxyConnection@1200249604 wrapping conn912: url=jdbc:h2:mem:records-management user=SA]
2024-10-28T07:50:43.994+10:00  INFO 34850 --- [RecordsManagement] [http-nio-8080-exec-8] c.m.r.controller.PersonController        : editPersonFullDetails(...) - Loading full details view for person ID: 1
2024-10-28T07:50:43.994+10:00 DEBUG 34850 --- [RecordsManagement] [http-nio-8080-exec-8] o.s.jdbc.datasource.DataSourceUtils      : Setting JDBC Connection [HikariProxyConnection@23347720 wrapping conn912: url=jdbc:h2:mem:records-management user=SA] read-only
2024-10-28T07:50:43.995+10:00 DEBUG 34850 --- [RecordsManagement] [http-nio-8080-exec-8] o.s.jdbc.datasource.DataSourceUtils      : Resetting read-only flag of JDBC Connection [HikariProxyConnection@23347720 wrapping conn912: url=jdbc:h2:mem:records-management user=SA]
2024-10-28T07:51:00.627+10:00  INFO 34850 --- [RecordsManagement] [http-nio-8080-exec-9] c.m.r.controller.PersonController        : viewPersonFullDetails(...) - Loading full details view for person ID: 1
2024-10-28T07:51:00.627+10:00 DEBUG 34850 --- [RecordsManagement] [http-nio-8080-exec-9] o.s.jdbc.datasource.DataSourceUtils      : Setting JDBC Connection [HikariProxyConnection@1269388501 wrapping conn912: url=jdbc:h2:mem:records-management user=SA] read-only
2024-10-28T07:51:00.628+10:00 DEBUG 34850 --- [RecordsManagement] [http-nio-8080-exec-9] o.s.jdbc.datasource.DataSourceUtils      : Resetting read-only flag of JDBC Connection [HikariProxyConnection@1269388501 wrapping conn912: url=jdbc:h2:mem:records-management user=SA]
2024-10-28T07:52:00.956+10:00  WARN 34850 --- [RecordsManagement] [SpringApplicationShutdownHook] o.s.b.f.support.DisposableBeanAdapter    : Invocation of destroy method failed on bean with name 'inMemoryDatabaseShutdownExecutor': org.h2.jdbc.JdbcSQLNonTransientConnectionException: Database is already closed (to disable automatic closing at VM shutdown, add ";DB_CLOSE_ON_EXIT=FALSE" to the db URL) [90121-224]
