2025-02-03T09:04:47.840+10:00 DEBUG 83060 --- [RecordsManagement] [restartedMain] com.zaxxer.hikari.HikariConfig           : Driver class org.h2.Driver found in Thread context class loader org.springframework.boot.devtools.restart.classloader.RestartClassLoader@68da7f3f
2025-02-03T09:04:48.137+10:00 DEBUG 83060 --- [RecordsManagement] [restartedMain] com.zaxxer.hikari.HikariConfig           : HikariPool-1 - configuration:
2025-02-03T09:04:48.141+10:00 DEBUG 83060 --- [RecordsManagement] [restartedMain] com.zaxxer.hikari.HikariConfig           : allowPoolSuspension.............false
2025-02-03T09:04:48.142+10:00 DEBUG 83060 --- [RecordsManagement] [restartedMain] com.zaxxer.hikari.HikariConfig           : autoCommit......................true
2025-02-03T09:04:48.142+10:00 DEBUG 83060 --- [RecordsManagement] [restartedMain] com.zaxxer.hikari.HikariConfig           : catalog.........................none
2025-02-03T09:04:48.143+10:00 DEBUG 83060 --- [RecordsManagement] [restartedMain] com.zaxxer.hikari.HikariConfig           : connectionInitSql...............none
2025-02-03T09:04:48.143+10:00 DEBUG 83060 --- [RecordsManagement] [restartedMain] com.zaxxer.hikari.HikariConfig           : connectionTestQuery.............none
2025-02-03T09:04:48.144+10:00 DEBUG 83060 --- [RecordsManagement] [restartedMain] com.zaxxer.hikari.HikariConfig           : connectionTimeout...............30000
2025-02-03T09:04:48.144+10:00 DEBUG 83060 --- [RecordsManagement] [restartedMain] com.zaxxer.hikari.HikariConfig           : dataSource......................none
2025-02-03T09:04:48.144+10:00 DEBUG 83060 --- [RecordsManagement] [restartedMain] com.zaxxer.hikari.HikariConfig           : dataSourceClassName.............none
2025-02-03T09:04:48.145+10:00 DEBUG 83060 --- [RecordsManagement] [restartedMain] com.zaxxer.hikari.HikariConfig           : dataSourceJNDI..................none
2025-02-03T09:04:48.150+10:00 DEBUG 83060 --- [RecordsManagement] [restartedMain] com.zaxxer.hikari.HikariConfig           : dataSourceProperties............{password=<masked>}
2025-02-03T09:04:48.151+10:00 DEBUG 83060 --- [RecordsManagement] [restartedMain] com.zaxxer.hikari.HikariConfig           : driverClassName................."org.h2.Driver"
2025-02-03T09:04:48.151+10:00 DEBUG 83060 --- [RecordsManagement] [restartedMain] com.zaxxer.hikari.HikariConfig           : exceptionOverrideClassName......none
2025-02-03T09:04:48.151+10:00 DEBUG 83060 --- [RecordsManagement] [restartedMain] com.zaxxer.hikari.HikariConfig           : healthCheckProperties...........{}
2025-02-03T09:04:48.153+10:00 DEBUG 83060 --- [RecordsManagement] [restartedMain] com.zaxxer.hikari.HikariConfig           : healthCheckRegistry.............none
2025-02-03T09:04:48.154+10:00 DEBUG 83060 --- [RecordsManagement] [restartedMain] com.zaxxer.hikari.HikariConfig           : idleTimeout.....................600000
2025-02-03T09:04:48.154+10:00 DEBUG 83060 --- [RecordsManagement] [restartedMain] com.zaxxer.hikari.HikariConfig           : initializationFailTimeout.......1
2025-02-03T09:04:48.154+10:00 DEBUG 83060 --- [RecordsManagement] [restartedMain] com.zaxxer.hikari.HikariConfig           : isolateInternalQueries..........false
2025-02-03T09:04:48.157+10:00 DEBUG 83060 --- [RecordsManagement] [restartedMain] com.zaxxer.hikari.HikariConfig           : jdbcUrl.........................jdbc:h2:mem:records-management
2025-02-03T09:04:48.157+10:00 DEBUG 83060 --- [RecordsManagement] [restartedMain] com.zaxxer.hikari.HikariConfig           : keepaliveTime...................0
2025-02-03T09:04:48.157+10:00 DEBUG 83060 --- [RecordsManagement] [restartedMain] com.zaxxer.hikari.HikariConfig           : leakDetectionThreshold..........0
2025-02-03T09:04:48.157+10:00 DEBUG 83060 --- [RecordsManagement] [restartedMain] com.zaxxer.hikari.HikariConfig           : maxLifetime.....................1800000
2025-02-03T09:04:48.160+10:00 DEBUG 83060 --- [RecordsManagement] [restartedMain] com.zaxxer.hikari.HikariConfig           : maximumPoolSize.................10
2025-02-03T09:04:48.160+10:00 DEBUG 83060 --- [RecordsManagement] [restartedMain] com.zaxxer.hikari.HikariConfig           : metricRegistry..................none
2025-02-03T09:04:48.160+10:00 DEBUG 83060 --- [RecordsManagement] [restartedMain] com.zaxxer.hikari.HikariConfig           : metricsTrackerFactory...........none
2025-02-03T09:04:48.161+10:00 DEBUG 83060 --- [RecordsManagement] [restartedMain] com.zaxxer.hikari.HikariConfig           : minimumIdle.....................10
2025-02-03T09:04:48.163+10:00 DEBUG 83060 --- [RecordsManagement] [restartedMain] com.zaxxer.hikari.HikariConfig           : password........................<masked>
2025-02-03T09:04:48.163+10:00 DEBUG 83060 --- [RecordsManagement] [restartedMain] com.zaxxer.hikari.HikariConfig           : poolName........................"HikariPool-1"
2025-02-03T09:04:48.163+10:00 DEBUG 83060 --- [RecordsManagement] [restartedMain] com.zaxxer.hikari.HikariConfig           : readOnly........................false
2025-02-03T09:04:48.163+10:00 DEBUG 83060 --- [RecordsManagement] [restartedMain] com.zaxxer.hikari.HikariConfig           : registerMbeans..................false
2025-02-03T09:04:48.166+10:00 DEBUG 83060 --- [RecordsManagement] [restartedMain] com.zaxxer.hikari.HikariConfig           : scheduledExecutor...............none
2025-02-03T09:04:48.166+10:00 DEBUG 83060 --- [RecordsManagement] [restartedMain] com.zaxxer.hikari.HikariConfig           : schema..........................none
2025-02-03T09:04:48.167+10:00 DEBUG 83060 --- [RecordsManagement] [restartedMain] com.zaxxer.hikari.HikariConfig           : threadFactory...................internal
2025-02-03T09:04:48.167+10:00 DEBUG 83060 --- [RecordsManagement] [restartedMain] com.zaxxer.hikari.HikariConfig           : transactionIsolation............default
2025-02-03T09:04:48.171+10:00 DEBUG 83060 --- [RecordsManagement] [restartedMain] com.zaxxer.hikari.HikariConfig           : username........................"sa"
2025-02-03T09:04:48.171+10:00 DEBUG 83060 --- [RecordsManagement] [restartedMain] com.zaxxer.hikari.HikariConfig           : validationTimeout...............5000
2025-02-03T09:04:49.270+10:00  WARN 83060 --- [RecordsManagement] [restartedMain] JpaBaseConfiguration$JpaWebConfiguration : spring.jpa.open-in-view is enabled by default. Therefore, database queries may be performed during view rendering. Explicitly configure spring.jpa.open-in-view to disable this warning
2025-02-03T09:05:18.290+10:00  INFO 83060 --- [RecordsManagement] [http-nio-8080-exec-1] o.s.web.servlet.DispatcherServlet        : Initializing Servlet 'dispatcherServlet'
2025-02-03T09:05:18.291+10:00  INFO 83060 --- [RecordsManagement] [http-nio-8080-exec-1] o.s.web.servlet.DispatcherServlet        : Completed initialization in 1 ms
2025-02-03T09:05:34.055+10:00  INFO 83060 --- [RecordsManagement] [http-nio-8080-exec-3] c.m.r.controller.DashboardController     : getDashboard(...)
2025-02-03T09:05:34.056+10:00  INFO 83060 --- [RecordsManagement] [http-nio-8080-exec-3] c.m.r.controller.DashboardController     : getDashboard(...) - optionalUser is Present
2025-02-03T09:05:41.045+10:00  INFO 83060 --- [RecordsManagement] [http-nio-8080-exec-6] c.m.r.controller.DashboardController     : getDashboard(...)
2025-02-03T09:05:41.045+10:00  INFO 83060 --- [RecordsManagement] [http-nio-8080-exec-6] c.m.r.controller.DashboardController     : getDashboard(...) - optionalUser is Present
2025-02-03T09:05:41.602+10:00  INFO 83060 --- [RecordsManagement] [http-nio-8080-exec-3] c.m.r.controller.PersonController        : getPersonDetails(...)
2025-02-03T09:05:41.605+10:00 DEBUG 83060 --- [RecordsManagement] [http-nio-8080-exec-3] o.s.jdbc.datasource.DataSourceUtils      : Setting JDBC Connection [HikariProxyConnection@197203138 wrapping conn0: url=jdbc:h2:mem:records-management user=SA] read-only
2025-02-03T09:05:41.608+10:00 DEBUG 83060 --- [RecordsManagement] [http-nio-8080-exec-3] o.s.jdbc.datasource.DataSourceUtils      : Resetting read-only flag of JDBC Connection [HikariProxyConnection@197203138 wrapping conn0: url=jdbc:h2:mem:records-management user=SA]
2025-02-03T09:05:42.110+10:00  INFO 83060 --- [RecordsManagement] [http-nio-8080-exec-8] c.m.r.controller.StudentController       : getStudentsByPersonId(...)
2025-02-03T09:05:42.688+10:00  INFO 83060 --- [RecordsManagement] [http-nio-8080-exec-7] c.m.r.controller.PersonController        : viewPersonFullDetails(...) - Loading full details view for person ID: 1
2025-02-03T09:05:42.689+10:00 DEBUG 83060 --- [RecordsManagement] [http-nio-8080-exec-7] o.s.jdbc.datasource.DataSourceUtils      : Setting JDBC Connection [HikariProxyConnection@1512807180 wrapping conn0: url=jdbc:h2:mem:records-management user=SA] read-only
2025-02-03T09:05:42.690+10:00 DEBUG 83060 --- [RecordsManagement] [http-nio-8080-exec-7] o.s.jdbc.datasource.DataSourceUtils      : Resetting read-only flag of JDBC Connection [HikariProxyConnection@1512807180 wrapping conn0: url=jdbc:h2:mem:records-management user=SA]
2025-02-03T09:05:44.022+10:00  INFO 83060 --- [RecordsManagement] [http-nio-8080-exec-9] c.m.r.controller.PersonController        : editPersonFullDetails(...) - Loading full details view for person ID: 1
2025-02-03T09:05:44.022+10:00 DEBUG 83060 --- [RecordsManagement] [http-nio-8080-exec-9] o.s.jdbc.datasource.DataSourceUtils      : Setting JDBC Connection [HikariProxyConnection@140575187 wrapping conn0: url=jdbc:h2:mem:records-management user=SA] read-only
2025-02-03T09:05:44.024+10:00 DEBUG 83060 --- [RecordsManagement] [http-nio-8080-exec-9] o.s.jdbc.datasource.DataSourceUtils      : Resetting read-only flag of JDBC Connection [HikariProxyConnection@140575187 wrapping conn0: url=jdbc:h2:mem:records-management user=SA]
2025-02-03T09:05:47.645+10:00  INFO 83060 --- [RecordsManagement] [http-nio-8080-exec-6] c.m.r.controller.PersonController        : updatePersonFullDetails(...) - Updating details for person ID: 1
2025-02-03T09:05:47.645+10:00 DEBUG 83060 --- [RecordsManagement] [http-nio-8080-exec-6] o.s.jdbc.datasource.DataSourceUtils      : Setting JDBC Connection [HikariProxyConnection@716742484 wrapping conn0: url=jdbc:h2:mem:records-management user=SA] read-only
2025-02-03T09:05:47.646+10:00 DEBUG 83060 --- [RecordsManagement] [http-nio-8080-exec-6] o.s.jdbc.datasource.DataSourceUtils      : Resetting read-only flag of JDBC Connection [HikariProxyConnection@716742484 wrapping conn0: url=jdbc:h2:mem:records-management user=SA]
2025-02-03T09:05:47.648+10:00 DEBUG 83060 --- [RecordsManagement] [http-nio-8080-exec-6] o.s.jdbc.datasource.DataSourceUtils      : Setting JDBC Connection [HikariProxyConnection@716742484 wrapping conn0: url=jdbc:h2:mem:records-management user=SA] read-only
2025-02-03T09:05:47.648+10:00 DEBUG 83060 --- [RecordsManagement] [http-nio-8080-exec-6] o.s.jdbc.datasource.DataSourceUtils      : Resetting read-only flag of JDBC Connection [HikariProxyConnection@716742484 wrapping conn0: url=jdbc:h2:mem:records-management user=SA]
2025-02-03T09:05:55.576+10:00  INFO 83060 --- [RecordsManagement] [http-nio-8080-exec-10] c.m.r.controller.PersonController        : Saving email for personId: 1, emailId: null
2025-02-03T09:05:55.577+10:00 DEBUG 83060 --- [RecordsManagement] [http-nio-8080-exec-10] o.s.jdbc.datasource.DataSourceUtils      : Setting JDBC Connection [HikariProxyConnection@197168294 wrapping conn0: url=jdbc:h2:mem:records-management user=SA] read-only
2025-02-03T09:05:55.578+10:00 DEBUG 83060 --- [RecordsManagement] [http-nio-8080-exec-10] o.s.jdbc.datasource.DataSourceUtils      : Resetting read-only flag of JDBC Connection [HikariProxyConnection@197168294 wrapping conn0: url=jdbc:h2:mem:records-management user=SA]
2025-02-03T09:05:57.918+10:00  INFO 83060 --- [RecordsManagement] [http-nio-8080-exec-5] c.m.r.controller.PersonController        : hx-trigger id edit-email-3
2025-02-03T09:05:57.918+10:00 DEBUG 83060 --- [RecordsManagement] [http-nio-8080-exec-5] o.s.jdbc.datasource.DataSourceUtils      : Setting JDBC Connection [HikariProxyConnection@1510312273 wrapping conn0: url=jdbc:h2:mem:records-management user=SA] read-only
2025-02-03T09:05:57.920+10:00 DEBUG 83060 --- [RecordsManagement] [http-nio-8080-exec-5] o.s.jdbc.datasource.DataSourceUtils      : Resetting read-only flag of JDBC Connection [HikariProxyConnection@1510312273 wrapping conn0: url=jdbc:h2:mem:records-management user=SA]
2025-02-03T09:06:01.498+10:00  INFO 83060 --- [RecordsManagement] [http-nio-8080-exec-4] c.m.r.controller.PersonController        : Updating email for personId: 1, emailId: 3
2025-02-03T09:06:01.498+10:00  INFO 83060 --- [RecordsManagement] [http-nio-8080-exec-4] c.m.r.controller.PersonController        : email address = jps@mail.com
2025-02-03T09:06:01.498+10:00 DEBUG 83060 --- [RecordsManagement] [http-nio-8080-exec-4] o.s.jdbc.datasource.DataSourceUtils      : Setting JDBC Connection [HikariProxyConnection@1128837469 wrapping conn0: url=jdbc:h2:mem:records-management user=SA] read-only
2025-02-03T09:06:01.499+10:00 DEBUG 83060 --- [RecordsManagement] [http-nio-8080-exec-4] o.s.jdbc.datasource.DataSourceUtils      : Resetting read-only flag of JDBC Connection [HikariProxyConnection@1128837469 wrapping conn0: url=jdbc:h2:mem:records-management user=SA]
2025-02-03T09:06:02.873+10:00  INFO 83060 --- [RecordsManagement] [http-nio-8080-exec-2] c.m.r.controller.PersonController        : hx-trigger id edit-email-3
2025-02-03T09:06:02.873+10:00 DEBUG 83060 --- [RecordsManagement] [http-nio-8080-exec-2] o.s.jdbc.datasource.DataSourceUtils      : Setting JDBC Connection [HikariProxyConnection@837599109 wrapping conn0: url=jdbc:h2:mem:records-management user=SA] read-only
2025-02-03T09:06:02.874+10:00 DEBUG 83060 --- [RecordsManagement] [http-nio-8080-exec-2] o.s.jdbc.datasource.DataSourceUtils      : Resetting read-only flag of JDBC Connection [HikariProxyConnection@837599109 wrapping conn0: url=jdbc:h2:mem:records-management user=SA]
2025-02-03T09:06:04.386+10:00  INFO 83060 --- [RecordsManagement] [http-nio-8080-exec-3] c.m.r.controller.PersonController        : Updating email for personId: 1, emailId: 3
2025-02-03T09:06:04.386+10:00  INFO 83060 --- [RecordsManagement] [http-nio-8080-exec-3] c.m.r.controller.PersonController        : email address = jps@mail.com
2025-02-03T09:06:04.386+10:00 DEBUG 83060 --- [RecordsManagement] [http-nio-8080-exec-3] o.s.jdbc.datasource.DataSourceUtils      : Setting JDBC Connection [HikariProxyConnection@79158778 wrapping conn0: url=jdbc:h2:mem:records-management user=SA] read-only
2025-02-03T09:06:04.387+10:00 DEBUG 83060 --- [RecordsManagement] [http-nio-8080-exec-3] o.s.jdbc.datasource.DataSourceUtils      : Resetting read-only flag of JDBC Connection [HikariProxyConnection@79158778 wrapping conn0: url=jdbc:h2:mem:records-management user=SA]
2025-02-03T09:06:07.602+10:00  INFO 83060 --- [RecordsManagement] [http-nio-8080-exec-8] c.m.r.controller.PersonController        : deleteEmail(...) - emailId 1
2025-02-03T09:06:07.608+10:00  INFO 83060 --- [RecordsManagement] [http-nio-8080-exec-8] c.m.r.controller.PersonController        : completed call to delete email
2025-02-03T09:06:31.080+10:00  INFO 83060 --- [RecordsManagement] [http-nio-8080-exec-2] c.m.r.controller.PersonController        : Saving email for personId: 1, emailId: null
2025-02-03T09:06:31.081+10:00 DEBUG 83060 --- [RecordsManagement] [http-nio-8080-exec-2] o.s.jdbc.datasource.DataSourceUtils      : Setting JDBC Connection [HikariProxyConnection@507879087 wrapping conn0: url=jdbc:h2:mem:records-management user=SA] read-only
2025-02-03T09:06:31.082+10:00 DEBUG 83060 --- [RecordsManagement] [http-nio-8080-exec-2] o.s.jdbc.datasource.DataSourceUtils      : Resetting read-only flag of JDBC Connection [HikariProxyConnection@507879087 wrapping conn0: url=jdbc:h2:mem:records-management user=SA]
2025-02-03T09:06:34.910+10:00  INFO 83060 --- [RecordsManagement] [http-nio-8080-exec-3] c.m.r.controller.PersonController        : hx-trigger id edit-email-4
2025-02-03T09:06:34.910+10:00 DEBUG 83060 --- [RecordsManagement] [http-nio-8080-exec-3] o.s.jdbc.datasource.DataSourceUtils      : Setting JDBC Connection [HikariProxyConnection@1632963159 wrapping conn0: url=jdbc:h2:mem:records-management user=SA] read-only
2025-02-03T09:06:34.911+10:00 DEBUG 83060 --- [RecordsManagement] [http-nio-8080-exec-3] o.s.jdbc.datasource.DataSourceUtils      : Resetting read-only flag of JDBC Connection [HikariProxyConnection@1632963159 wrapping conn0: url=jdbc:h2:mem:records-management user=SA]
2025-02-03T09:06:36.033+10:00  INFO 83060 --- [RecordsManagement] [http-nio-8080-exec-6] c.m.r.controller.PersonController        : Updating email for personId: 1, emailId: 4
2025-02-03T09:06:36.033+10:00  INFO 83060 --- [RecordsManagement] [http-nio-8080-exec-6] c.m.r.controller.PersonController        : email address = jp@mail.com
2025-02-03T09:06:36.033+10:00 DEBUG 83060 --- [RecordsManagement] [http-nio-8080-exec-6] o.s.jdbc.datasource.DataSourceUtils      : Setting JDBC Connection [HikariProxyConnection@419621920 wrapping conn0: url=jdbc:h2:mem:records-management user=SA] read-only
2025-02-03T09:06:36.034+10:00 DEBUG 83060 --- [RecordsManagement] [http-nio-8080-exec-6] o.s.jdbc.datasource.DataSourceUtils      : Resetting read-only flag of JDBC Connection [HikariProxyConnection@419621920 wrapping conn0: url=jdbc:h2:mem:records-management user=SA]
2025-02-03T09:06:47.208+10:00  INFO 83060 --- [RecordsManagement] [http-nio-8080-exec-10] c.m.r.controller.PersonController        : Saving email for personId: 1, emailId: null
2025-02-03T09:06:47.208+10:00 DEBUG 83060 --- [RecordsManagement] [http-nio-8080-exec-10] o.s.jdbc.datasource.DataSourceUtils      : Setting JDBC Connection [HikariProxyConnection@318693748 wrapping conn0: url=jdbc:h2:mem:records-management user=SA] read-only
2025-02-03T09:06:47.209+10:00 DEBUG 83060 --- [RecordsManagement] [http-nio-8080-exec-10] o.s.jdbc.datasource.DataSourceUtils      : Resetting read-only flag of JDBC Connection [HikariProxyConnection@318693748 wrapping conn0: url=jdbc:h2:mem:records-management user=SA]
2025-02-03T09:06:52.446+10:00  INFO 83060 --- [RecordsManagement] [http-nio-8080-exec-5] c.m.r.controller.PersonController        : deleteEmail(...) - emailId 4
2025-02-03T09:06:52.448+10:00  INFO 83060 --- [RecordsManagement] [http-nio-8080-exec-5] c.m.r.controller.PersonController        : completed call to delete email
2025-02-03T09:06:56.529+10:00  INFO 83060 --- [RecordsManagement] [http-nio-8080-exec-4] c.m.r.controller.PersonController        : deleteEmail(...) - emailId 3
2025-02-03T09:06:56.532+10:00  INFO 83060 --- [RecordsManagement] [http-nio-8080-exec-4] c.m.r.controller.PersonController        : completed call to delete email
2025-02-03T09:07:30.316+10:00  WARN 83060 --- [RecordsManagement] [SpringApplicationShutdownHook] o.s.b.f.support.DisposableBeanAdapter    : Invocation of destroy method failed on bean with name 'inMemoryDatabaseShutdownExecutor': org.h2.jdbc.JdbcSQLNonTransientConnectionException: Database is already closed (to disable automatic closing at VM shutdown, add ";DB_CLOSE_ON_EXIT=FALSE" to the db URL) [90121-224]
