2025-01-30T10:36:58.175+10:00 DEBUG 15041 --- [RecordsManagement] [main] com.zaxxer.hikari.HikariConfig           : Driver class org.h2.Driver found in Thread context class loader jdk.internal.loader.ClassLoaders$AppClassLoader@1cf4f579
2025-01-30T10:36:58.567+10:00 DEBUG 15041 --- [RecordsManagement] [main] com.zaxxer.hikari.HikariConfig           : HikariPool-1 - configuration:
2025-01-30T10:36:58.571+10:00 DEBUG 15041 --- [RecordsManagement] [main] com.zaxxer.hikari.HikariConfig           : allowPoolSuspension.............false
2025-01-30T10:36:58.572+10:00 DEBUG 15041 --- [RecordsManagement] [main] com.zaxxer.hikari.HikariConfig           : autoCommit......................true
2025-01-30T10:36:58.572+10:00 DEBUG 15041 --- [RecordsManagement] [main] com.zaxxer.hikari.HikariConfig           : catalog.........................none
2025-01-30T10:36:58.573+10:00 DEBUG 15041 --- [RecordsManagement] [main] com.zaxxer.hikari.HikariConfig           : connectionInitSql...............none
2025-01-30T10:36:58.573+10:00 DEBUG 15041 --- [RecordsManagement] [main] com.zaxxer.hikari.HikariConfig           : connectionTestQuery.............none
2025-01-30T10:36:58.574+10:00 DEBUG 15041 --- [RecordsManagement] [main] com.zaxxer.hikari.HikariConfig           : connectionTimeout...............30000
2025-01-30T10:36:58.574+10:00 DEBUG 15041 --- [RecordsManagement] [main] com.zaxxer.hikari.HikariConfig           : dataSource......................none
2025-01-30T10:36:58.574+10:00 DEBUG 15041 --- [RecordsManagement] [main] com.zaxxer.hikari.HikariConfig           : dataSourceClassName.............none
2025-01-30T10:36:58.574+10:00 DEBUG 15041 --- [RecordsManagement] [main] com.zaxxer.hikari.HikariConfig           : dataSourceJNDI..................none
2025-01-30T10:36:58.575+10:00 DEBUG 15041 --- [RecordsManagement] [main] com.zaxxer.hikari.HikariConfig           : dataSourceProperties............{password=<masked>}
2025-01-30T10:36:58.575+10:00 DEBUG 15041 --- [RecordsManagement] [main] com.zaxxer.hikari.HikariConfig           : driverClassName................."org.h2.Driver"
2025-01-30T10:36:58.575+10:00 DEBUG 15041 --- [RecordsManagement] [main] com.zaxxer.hikari.HikariConfig           : exceptionOverrideClassName......none
2025-01-30T10:36:58.576+10:00 DEBUG 15041 --- [RecordsManagement] [main] com.zaxxer.hikari.HikariConfig           : healthCheckProperties...........{}
2025-01-30T10:36:58.576+10:00 DEBUG 15041 --- [RecordsManagement] [main] com.zaxxer.hikari.HikariConfig           : healthCheckRegistry.............none
2025-01-30T10:36:58.576+10:00 DEBUG 15041 --- [RecordsManagement] [main] com.zaxxer.hikari.HikariConfig           : idleTimeout.....................600000
2025-01-30T10:36:58.576+10:00 DEBUG 15041 --- [RecordsManagement] [main] com.zaxxer.hikari.HikariConfig           : initializationFailTimeout.......1
2025-01-30T10:36:58.577+10:00 DEBUG 15041 --- [RecordsManagement] [main] com.zaxxer.hikari.HikariConfig           : isolateInternalQueries..........false
2025-01-30T10:36:58.577+10:00 DEBUG 15041 --- [RecordsManagement] [main] com.zaxxer.hikari.HikariConfig           : jdbcUrl.........................jdbc:h2:mem:records-management
2025-01-30T10:36:58.577+10:00 DEBUG 15041 --- [RecordsManagement] [main] com.zaxxer.hikari.HikariConfig           : keepaliveTime...................0
2025-01-30T10:36:58.577+10:00 DEBUG 15041 --- [RecordsManagement] [main] com.zaxxer.hikari.HikariConfig           : leakDetectionThreshold..........0
2025-01-30T10:36:58.577+10:00 DEBUG 15041 --- [RecordsManagement] [main] com.zaxxer.hikari.HikariConfig           : maxLifetime.....................1800000
2025-01-30T10:36:58.578+10:00 DEBUG 15041 --- [RecordsManagement] [main] com.zaxxer.hikari.HikariConfig           : maximumPoolSize.................10
2025-01-30T10:36:58.578+10:00 DEBUG 15041 --- [RecordsManagement] [main] com.zaxxer.hikari.HikariConfig           : metricRegistry..................none
2025-01-30T10:36:58.578+10:00 DEBUG 15041 --- [RecordsManagement] [main] com.zaxxer.hikari.HikariConfig           : metricsTrackerFactory...........none
2025-01-30T10:36:58.579+10:00 DEBUG 15041 --- [RecordsManagement] [main] com.zaxxer.hikari.HikariConfig           : minimumIdle.....................10
2025-01-30T10:36:58.579+10:00 DEBUG 15041 --- [RecordsManagement] [main] com.zaxxer.hikari.HikariConfig           : password........................<masked>
2025-01-30T10:36:58.579+10:00 DEBUG 15041 --- [RecordsManagement] [main] com.zaxxer.hikari.HikariConfig           : poolName........................"HikariPool-1"
2025-01-30T10:36:58.579+10:00 DEBUG 15041 --- [RecordsManagement] [main] com.zaxxer.hikari.HikariConfig           : readOnly........................false
2025-01-30T10:36:58.579+10:00 DEBUG 15041 --- [RecordsManagement] [main] com.zaxxer.hikari.HikariConfig           : registerMbeans..................false
2025-01-30T10:36:58.580+10:00 DEBUG 15041 --- [RecordsManagement] [main] com.zaxxer.hikari.HikariConfig           : scheduledExecutor...............none
2025-01-30T10:36:58.580+10:00 DEBUG 15041 --- [RecordsManagement] [main] com.zaxxer.hikari.HikariConfig           : schema..........................none
2025-01-30T10:36:58.580+10:00 DEBUG 15041 --- [RecordsManagement] [main] com.zaxxer.hikari.HikariConfig           : threadFactory...................internal
2025-01-30T10:36:58.581+10:00 DEBUG 15041 --- [RecordsManagement] [main] com.zaxxer.hikari.HikariConfig           : transactionIsolation............default
2025-01-30T10:36:58.581+10:00 DEBUG 15041 --- [RecordsManagement] [main] com.zaxxer.hikari.HikariConfig           : username........................"sa"
2025-01-30T10:36:58.581+10:00 DEBUG 15041 --- [RecordsManagement] [main] com.zaxxer.hikari.HikariConfig           : validationTimeout...............5000
2025-01-30T10:36:59.955+10:00  WARN 15041 --- [RecordsManagement] [main] JpaBaseConfiguration$JpaWebConfiguration : spring.jpa.open-in-view is enabled by default. Therefore, database queries may be performed during view rendering. Explicitly configure spring.jpa.open-in-view to disable this warning
2025-01-30T10:37:04.119+10:00 DEBUG 15048 --- [RecordsManagement] [restartedMain] com.zaxxer.hikari.HikariConfig           : Driver class org.h2.Driver found in Thread context class loader org.springframework.boot.devtools.restart.classloader.RestartClassLoader@68da7f3f
2025-01-30T10:37:04.394+10:00 DEBUG 15048 --- [RecordsManagement] [restartedMain] com.zaxxer.hikari.HikariConfig           : HikariPool-1 - configuration:
2025-01-30T10:37:04.398+10:00 DEBUG 15048 --- [RecordsManagement] [restartedMain] com.zaxxer.hikari.HikariConfig           : allowPoolSuspension.............false
2025-01-30T10:37:04.398+10:00 DEBUG 15048 --- [RecordsManagement] [restartedMain] com.zaxxer.hikari.HikariConfig           : autoCommit......................true
2025-01-30T10:37:04.398+10:00 DEBUG 15048 --- [RecordsManagement] [restartedMain] com.zaxxer.hikari.HikariConfig           : catalog.........................none
2025-01-30T10:37:04.398+10:00 DEBUG 15048 --- [RecordsManagement] [restartedMain] com.zaxxer.hikari.HikariConfig           : connectionInitSql...............none
2025-01-30T10:37:04.399+10:00 DEBUG 15048 --- [RecordsManagement] [restartedMain] com.zaxxer.hikari.HikariConfig           : connectionTestQuery.............none
2025-01-30T10:37:04.400+10:00 DEBUG 15048 --- [RecordsManagement] [restartedMain] com.zaxxer.hikari.HikariConfig           : connectionTimeout...............30000
2025-01-30T10:37:04.401+10:00 DEBUG 15048 --- [RecordsManagement] [restartedMain] com.zaxxer.hikari.HikariConfig           : dataSource......................none
2025-01-30T10:37:04.401+10:00 DEBUG 15048 --- [RecordsManagement] [restartedMain] com.zaxxer.hikari.HikariConfig           : dataSourceClassName.............none
2025-01-30T10:37:04.401+10:00 DEBUG 15048 --- [RecordsManagement] [restartedMain] com.zaxxer.hikari.HikariConfig           : dataSourceJNDI..................none
2025-01-30T10:37:04.412+10:00 DEBUG 15048 --- [RecordsManagement] [restartedMain] com.zaxxer.hikari.HikariConfig           : dataSourceProperties............{password=<masked>}
2025-01-30T10:37:04.413+10:00 DEBUG 15048 --- [RecordsManagement] [restartedMain] com.zaxxer.hikari.HikariConfig           : driverClassName................."org.h2.Driver"
2025-01-30T10:37:04.413+10:00 DEBUG 15048 --- [RecordsManagement] [restartedMain] com.zaxxer.hikari.HikariConfig           : exceptionOverrideClassName......none
2025-01-30T10:37:04.413+10:00 DEBUG 15048 --- [RecordsManagement] [restartedMain] com.zaxxer.hikari.HikariConfig           : healthCheckProperties...........{}
2025-01-30T10:37:04.420+10:00 DEBUG 15048 --- [RecordsManagement] [restartedMain] com.zaxxer.hikari.HikariConfig           : healthCheckRegistry.............none
2025-01-30T10:37:04.420+10:00 DEBUG 15048 --- [RecordsManagement] [restartedMain] com.zaxxer.hikari.HikariConfig           : idleTimeout.....................600000
2025-01-30T10:37:04.420+10:00 DEBUG 15048 --- [RecordsManagement] [restartedMain] com.zaxxer.hikari.HikariConfig           : initializationFailTimeout.......1
2025-01-30T10:37:04.420+10:00 DEBUG 15048 --- [RecordsManagement] [restartedMain] com.zaxxer.hikari.HikariConfig           : isolateInternalQueries..........false
2025-01-30T10:37:04.427+10:00 DEBUG 15048 --- [RecordsManagement] [restartedMain] com.zaxxer.hikari.HikariConfig           : jdbcUrl.........................jdbc:h2:mem:records-management
2025-01-30T10:37:04.427+10:00 DEBUG 15048 --- [RecordsManagement] [restartedMain] com.zaxxer.hikari.HikariConfig           : keepaliveTime...................0
2025-01-30T10:37:04.427+10:00 DEBUG 15048 --- [RecordsManagement] [restartedMain] com.zaxxer.hikari.HikariConfig           : leakDetectionThreshold..........0
2025-01-30T10:37:04.427+10:00 DEBUG 15048 --- [RecordsManagement] [restartedMain] com.zaxxer.hikari.HikariConfig           : maxLifetime.....................1800000
2025-01-30T10:37:04.434+10:00 DEBUG 15048 --- [RecordsManagement] [restartedMain] com.zaxxer.hikari.HikariConfig           : maximumPoolSize.................10
2025-01-30T10:37:04.435+10:00 DEBUG 15048 --- [RecordsManagement] [restartedMain] com.zaxxer.hikari.HikariConfig           : metricRegistry..................none
2025-01-30T10:37:04.435+10:00 DEBUG 15048 --- [RecordsManagement] [restartedMain] com.zaxxer.hikari.HikariConfig           : metricsTrackerFactory...........none
2025-01-30T10:37:04.435+10:00 DEBUG 15048 --- [RecordsManagement] [restartedMain] com.zaxxer.hikari.HikariConfig           : minimumIdle.....................10
2025-01-30T10:37:04.441+10:00 DEBUG 15048 --- [RecordsManagement] [restartedMain] com.zaxxer.hikari.HikariConfig           : password........................<masked>
2025-01-30T10:37:04.441+10:00 DEBUG 15048 --- [RecordsManagement] [restartedMain] com.zaxxer.hikari.HikariConfig           : poolName........................"HikariPool-1"
2025-01-30T10:37:04.442+10:00 DEBUG 15048 --- [RecordsManagement] [restartedMain] com.zaxxer.hikari.HikariConfig           : readOnly........................false
2025-01-30T10:37:04.442+10:00 DEBUG 15048 --- [RecordsManagement] [restartedMain] com.zaxxer.hikari.HikariConfig           : registerMbeans..................false
2025-01-30T10:37:04.448+10:00 DEBUG 15048 --- [RecordsManagement] [restartedMain] com.zaxxer.hikari.HikariConfig           : scheduledExecutor...............none
2025-01-30T10:37:04.448+10:00 DEBUG 15048 --- [RecordsManagement] [restartedMain] com.zaxxer.hikari.HikariConfig           : schema..........................none
2025-01-30T10:37:04.449+10:00 DEBUG 15048 --- [RecordsManagement] [restartedMain] com.zaxxer.hikari.HikariConfig           : threadFactory...................internal
2025-01-30T10:37:04.449+10:00 DEBUG 15048 --- [RecordsManagement] [restartedMain] com.zaxxer.hikari.HikariConfig           : transactionIsolation............default
2025-01-30T10:37:04.455+10:00 DEBUG 15048 --- [RecordsManagement] [restartedMain] com.zaxxer.hikari.HikariConfig           : username........................"sa"
2025-01-30T10:37:04.455+10:00 DEBUG 15048 --- [RecordsManagement] [restartedMain] com.zaxxer.hikari.HikariConfig           : validationTimeout...............5000
2025-01-30T10:37:05.618+10:00  WARN 15048 --- [RecordsManagement] [restartedMain] JpaBaseConfiguration$JpaWebConfiguration : spring.jpa.open-in-view is enabled by default. Therefore, database queries may be performed during view rendering. Explicitly configure spring.jpa.open-in-view to disable this warning
2025-01-30T10:37:35.035+10:00  INFO 15048 --- [RecordsManagement] [http-nio-8080-exec-1] o.s.web.servlet.DispatcherServlet        : Initializing Servlet 'dispatcherServlet'
2025-01-30T10:37:35.036+10:00  INFO 15048 --- [RecordsManagement] [http-nio-8080-exec-1] o.s.web.servlet.DispatcherServlet        : Completed initialization in 1 ms
2025-01-30T10:37:47.804+10:00  INFO 15048 --- [RecordsManagement] [http-nio-8080-exec-4] c.m.r.controller.DashboardController     : getDashboard(...)
2025-01-30T10:37:47.805+10:00  INFO 15048 --- [RecordsManagement] [http-nio-8080-exec-4] c.m.r.controller.DashboardController     : getDashboard(...) - optionalUser is Present
2025-01-30T10:38:01.728+10:00  INFO 15048 --- [RecordsManagement] [http-nio-8080-exec-6] c.m.r.controller.PersonController        : viewPersonFullDetails(...) - Loading full details view for person ID: 1
2025-01-30T10:38:01.731+10:00 DEBUG 15048 --- [RecordsManagement] [http-nio-8080-exec-6] o.s.jdbc.datasource.DataSourceUtils      : Setting JDBC Connection [HikariProxyConnection@273778912 wrapping conn0: url=jdbc:h2:mem:records-management user=SA] read-only
2025-01-30T10:38:01.734+10:00 DEBUG 15048 --- [RecordsManagement] [http-nio-8080-exec-6] o.s.jdbc.datasource.DataSourceUtils      : Resetting read-only flag of JDBC Connection [HikariProxyConnection@273778912 wrapping conn0: url=jdbc:h2:mem:records-management user=SA]
2025-01-30T10:38:03.876+10:00  INFO 15048 --- [RecordsManagement] [http-nio-8080-exec-1] c.m.r.controller.PersonController        : editPersonFullDetails(...) - Loading full details view for person ID: 1
2025-01-30T10:38:03.876+10:00 DEBUG 15048 --- [RecordsManagement] [http-nio-8080-exec-1] o.s.jdbc.datasource.DataSourceUtils      : Setting JDBC Connection [HikariProxyConnection@1871774078 wrapping conn0: url=jdbc:h2:mem:records-management user=SA] read-only
2025-01-30T10:38:03.878+10:00 DEBUG 15048 --- [RecordsManagement] [http-nio-8080-exec-1] o.s.jdbc.datasource.DataSourceUtils      : Resetting read-only flag of JDBC Connection [HikariProxyConnection@1871774078 wrapping conn0: url=jdbc:h2:mem:records-management user=SA]
2025-01-30T10:38:04.837+10:00  INFO 15048 --- [RecordsManagement] [http-nio-8080-exec-4] c.m.r.controller.PersonController        : viewPersonInfo(...) - returning to the person-info form from cancel
2025-01-30T10:38:04.837+10:00 DEBUG 15048 --- [RecordsManagement] [http-nio-8080-exec-4] o.s.jdbc.datasource.DataSourceUtils      : Setting JDBC Connection [HikariProxyConnection@1526163333 wrapping conn0: url=jdbc:h2:mem:records-management user=SA] read-only
2025-01-30T10:38:04.839+10:00 DEBUG 15048 --- [RecordsManagement] [http-nio-8080-exec-4] o.s.jdbc.datasource.DataSourceUtils      : Resetting read-only flag of JDBC Connection [HikariProxyConnection@1526163333 wrapping conn0: url=jdbc:h2:mem:records-management user=SA]
2025-01-30T10:38:06.023+10:00  INFO 15048 --- [RecordsManagement] [http-nio-8080-exec-8] c.m.r.controller.PersonController        : editPersonFullDetails(...) - Loading full details view for person ID: 1
2025-01-30T10:38:06.023+10:00 DEBUG 15048 --- [RecordsManagement] [http-nio-8080-exec-8] o.s.jdbc.datasource.DataSourceUtils      : Setting JDBC Connection [HikariProxyConnection@1416046696 wrapping conn0: url=jdbc:h2:mem:records-management user=SA] read-only
2025-01-30T10:38:06.024+10:00 DEBUG 15048 --- [RecordsManagement] [http-nio-8080-exec-8] o.s.jdbc.datasource.DataSourceUtils      : Resetting read-only flag of JDBC Connection [HikariProxyConnection@1416046696 wrapping conn0: url=jdbc:h2:mem:records-management user=SA]
2025-01-30T10:38:08.447+10:00  INFO 15048 --- [RecordsManagement] [http-nio-8080-exec-5] c.m.r.controller.PersonController        : updatePersonFullDetails(...) - Updating details for person ID: 1
2025-01-30T10:38:08.447+10:00 DEBUG 15048 --- [RecordsManagement] [http-nio-8080-exec-5] o.s.jdbc.datasource.DataSourceUtils      : Setting JDBC Connection [HikariProxyConnection@421516149 wrapping conn0: url=jdbc:h2:mem:records-management user=SA] read-only
2025-01-30T10:38:08.448+10:00 DEBUG 15048 --- [RecordsManagement] [http-nio-8080-exec-5] o.s.jdbc.datasource.DataSourceUtils      : Resetting read-only flag of JDBC Connection [HikariProxyConnection@421516149 wrapping conn0: url=jdbc:h2:mem:records-management user=SA]
2025-01-30T10:38:08.457+10:00  INFO 15048 --- [RecordsManagement] [http-nio-8080-exec-9] c.m.r.controller.PersonController        : viewPersonFullDetails(...) - Loading full details view for person ID: 1
2025-01-30T10:38:08.457+10:00 DEBUG 15048 --- [RecordsManagement] [http-nio-8080-exec-9] o.s.jdbc.datasource.DataSourceUtils      : Setting JDBC Connection [HikariProxyConnection@1757099688 wrapping conn0: url=jdbc:h2:mem:records-management user=SA] read-only
2025-01-30T10:38:08.458+10:00 DEBUG 15048 --- [RecordsManagement] [http-nio-8080-exec-9] o.s.jdbc.datasource.DataSourceUtils      : Resetting read-only flag of JDBC Connection [HikariProxyConnection@1757099688 wrapping conn0: url=jdbc:h2:mem:records-management user=SA]
2025-01-30T10:38:09.996+10:00  INFO 15048 --- [RecordsManagement] [http-nio-8080-exec-3] c.m.r.controller.PersonController        : editPersonFullDetails(...) - Loading full details view for person ID: 1
2025-01-30T10:38:09.996+10:00 DEBUG 15048 --- [RecordsManagement] [http-nio-8080-exec-3] o.s.jdbc.datasource.DataSourceUtils      : Setting JDBC Connection [HikariProxyConnection@467884501 wrapping conn0: url=jdbc:h2:mem:records-management user=SA] read-only
2025-01-30T10:38:09.997+10:00 DEBUG 15048 --- [RecordsManagement] [http-nio-8080-exec-3] o.s.jdbc.datasource.DataSourceUtils      : Resetting read-only flag of JDBC Connection [HikariProxyConnection@467884501 wrapping conn0: url=jdbc:h2:mem:records-management user=SA]
2025-01-30T10:38:10.963+10:00  INFO 15048 --- [RecordsManagement] [http-nio-8080-exec-1] c.m.r.controller.PersonController        : viewPersonInfo(...) - returning to the person-info form from cancel
2025-01-30T10:38:10.964+10:00 DEBUG 15048 --- [RecordsManagement] [http-nio-8080-exec-1] o.s.jdbc.datasource.DataSourceUtils      : Setting JDBC Connection [HikariProxyConnection@868684163 wrapping conn0: url=jdbc:h2:mem:records-management user=SA] read-only
2025-01-30T10:38:10.965+10:00 DEBUG 15048 --- [RecordsManagement] [http-nio-8080-exec-1] o.s.jdbc.datasource.DataSourceUtils      : Resetting read-only flag of JDBC Connection [HikariProxyConnection@868684163 wrapping conn0: url=jdbc:h2:mem:records-management user=SA]
2025-01-30T10:38:24.049+10:00  INFO 15048 --- [RecordsManagement] [http-nio-8080-exec-8] c.m.r.controller.PersonController        : Saving email for personId: 1, emailId: null
2025-01-30T10:38:24.049+10:00 DEBUG 15048 --- [RecordsManagement] [http-nio-8080-exec-8] o.s.jdbc.datasource.DataSourceUtils      : Setting JDBC Connection [HikariProxyConnection@1543490016 wrapping conn0: url=jdbc:h2:mem:records-management user=SA] read-only
2025-01-30T10:38:24.050+10:00 DEBUG 15048 --- [RecordsManagement] [http-nio-8080-exec-8] o.s.jdbc.datasource.DataSourceUtils      : Resetting read-only flag of JDBC Connection [HikariProxyConnection@1543490016 wrapping conn0: url=jdbc:h2:mem:records-management user=SA]
2025-01-30T10:38:27.546+10:00  INFO 15048 --- [RecordsManagement] [http-nio-8080-exec-5] c.m.r.controller.PersonController        : viewPersonFullDetails(...) - Loading full details view for person ID: 1
2025-01-30T10:38:27.546+10:00 DEBUG 15048 --- [RecordsManagement] [http-nio-8080-exec-5] o.s.jdbc.datasource.DataSourceUtils      : Setting JDBC Connection [HikariProxyConnection@1698793800 wrapping conn0: url=jdbc:h2:mem:records-management user=SA] read-only
2025-01-30T10:38:27.548+10:00 DEBUG 15048 --- [RecordsManagement] [http-nio-8080-exec-5] o.s.jdbc.datasource.DataSourceUtils      : Resetting read-only flag of JDBC Connection [HikariProxyConnection@1698793800 wrapping conn0: url=jdbc:h2:mem:records-management user=SA]
2025-01-30T10:40:14.497+10:00  WARN 15048 --- [RecordsManagement] [SpringApplicationShutdownHook] o.s.b.f.support.DisposableBeanAdapter    : Invocation of destroy method failed on bean with name 'inMemoryDatabaseShutdownExecutor': org.h2.jdbc.JdbcSQLNonTransientConnectionException: Database is already closed (to disable automatic closing at VM shutdown, add ";DB_CLOSE_ON_EXIT=FALSE" to the db URL) [90121-224]
2025-01-30T10:40:22.167+10:00 DEBUG 15306 --- [RecordsManagement] [main] com.zaxxer.hikari.HikariConfig           : Driver class org.h2.Driver found in Thread context class loader jdk.internal.loader.ClassLoaders$AppClassLoader@1cf4f579
2025-01-30T10:40:22.544+10:00 DEBUG 15306 --- [RecordsManagement] [main] com.zaxxer.hikari.HikariConfig           : HikariPool-1 - configuration:
2025-01-30T10:40:22.548+10:00 DEBUG 15306 --- [RecordsManagement] [main] com.zaxxer.hikari.HikariConfig           : allowPoolSuspension.............false
2025-01-30T10:40:22.548+10:00 DEBUG 15306 --- [RecordsManagement] [main] com.zaxxer.hikari.HikariConfig           : autoCommit......................true
2025-01-30T10:40:22.549+10:00 DEBUG 15306 --- [RecordsManagement] [main] com.zaxxer.hikari.HikariConfig           : catalog.........................none
2025-01-30T10:40:22.549+10:00 DEBUG 15306 --- [RecordsManagement] [main] com.zaxxer.hikari.HikariConfig           : connectionInitSql...............none
2025-01-30T10:40:22.549+10:00 DEBUG 15306 --- [RecordsManagement] [main] com.zaxxer.hikari.HikariConfig           : connectionTestQuery.............none
2025-01-30T10:40:22.550+10:00 DEBUG 15306 --- [RecordsManagement] [main] com.zaxxer.hikari.HikariConfig           : connectionTimeout...............30000
2025-01-30T10:40:22.550+10:00 DEBUG 15306 --- [RecordsManagement] [main] com.zaxxer.hikari.HikariConfig           : dataSource......................none
2025-01-30T10:40:22.550+10:00 DEBUG 15306 --- [RecordsManagement] [main] com.zaxxer.hikari.HikariConfig           : dataSourceClassName.............none
2025-01-30T10:40:22.551+10:00 DEBUG 15306 --- [RecordsManagement] [main] com.zaxxer.hikari.HikariConfig           : dataSourceJNDI..................none
2025-01-30T10:40:22.551+10:00 DEBUG 15306 --- [RecordsManagement] [main] com.zaxxer.hikari.HikariConfig           : dataSourceProperties............{password=<masked>}
2025-01-30T10:40:22.551+10:00 DEBUG 15306 --- [RecordsManagement] [main] com.zaxxer.hikari.HikariConfig           : driverClassName................."org.h2.Driver"
2025-01-30T10:40:22.552+10:00 DEBUG 15306 --- [RecordsManagement] [main] com.zaxxer.hikari.HikariConfig           : exceptionOverrideClassName......none
2025-01-30T10:40:22.552+10:00 DEBUG 15306 --- [RecordsManagement] [main] com.zaxxer.hikari.HikariConfig           : healthCheckProperties...........{}
2025-01-30T10:40:22.552+10:00 DEBUG 15306 --- [RecordsManagement] [main] com.zaxxer.hikari.HikariConfig           : healthCheckRegistry.............none
2025-01-30T10:40:22.552+10:00 DEBUG 15306 --- [RecordsManagement] [main] com.zaxxer.hikari.HikariConfig           : idleTimeout.....................600000
2025-01-30T10:40:22.552+10:00 DEBUG 15306 --- [RecordsManagement] [main] com.zaxxer.hikari.HikariConfig           : initializationFailTimeout.......1
2025-01-30T10:40:22.553+10:00 DEBUG 15306 --- [RecordsManagement] [main] com.zaxxer.hikari.HikariConfig           : isolateInternalQueries..........false
2025-01-30T10:40:22.553+10:00 DEBUG 15306 --- [RecordsManagement] [main] com.zaxxer.hikari.HikariConfig           : jdbcUrl.........................jdbc:h2:mem:records-management
2025-01-30T10:40:22.553+10:00 DEBUG 15306 --- [RecordsManagement] [main] com.zaxxer.hikari.HikariConfig           : keepaliveTime...................0
2025-01-30T10:40:22.553+10:00 DEBUG 15306 --- [RecordsManagement] [main] com.zaxxer.hikari.HikariConfig           : leakDetectionThreshold..........0
2025-01-30T10:40:22.554+10:00 DEBUG 15306 --- [RecordsManagement] [main] com.zaxxer.hikari.HikariConfig           : maxLifetime.....................1800000
2025-01-30T10:40:22.554+10:00 DEBUG 15306 --- [RecordsManagement] [main] com.zaxxer.hikari.HikariConfig           : maximumPoolSize.................10
2025-01-30T10:40:22.554+10:00 DEBUG 15306 --- [RecordsManagement] [main] com.zaxxer.hikari.HikariConfig           : metricRegistry..................none
2025-01-30T10:40:22.554+10:00 DEBUG 15306 --- [RecordsManagement] [main] com.zaxxer.hikari.HikariConfig           : metricsTrackerFactory...........none
2025-01-30T10:40:22.554+10:00 DEBUG 15306 --- [RecordsManagement] [main] com.zaxxer.hikari.HikariConfig           : minimumIdle.....................10
2025-01-30T10:40:22.555+10:00 DEBUG 15306 --- [RecordsManagement] [main] com.zaxxer.hikari.HikariConfig           : password........................<masked>
2025-01-30T10:40:22.555+10:00 DEBUG 15306 --- [RecordsManagement] [main] com.zaxxer.hikari.HikariConfig           : poolName........................"HikariPool-1"
2025-01-30T10:40:22.555+10:00 DEBUG 15306 --- [RecordsManagement] [main] com.zaxxer.hikari.HikariConfig           : readOnly........................false
2025-01-30T10:40:22.556+10:00 DEBUG 15306 --- [RecordsManagement] [main] com.zaxxer.hikari.HikariConfig           : registerMbeans..................false
2025-01-30T10:40:22.556+10:00 DEBUG 15306 --- [RecordsManagement] [main] com.zaxxer.hikari.HikariConfig           : scheduledExecutor...............none
2025-01-30T10:40:22.556+10:00 DEBUG 15306 --- [RecordsManagement] [main] com.zaxxer.hikari.HikariConfig           : schema..........................none
2025-01-30T10:40:22.556+10:00 DEBUG 15306 --- [RecordsManagement] [main] com.zaxxer.hikari.HikariConfig           : threadFactory...................internal
2025-01-30T10:40:22.557+10:00 DEBUG 15306 --- [RecordsManagement] [main] com.zaxxer.hikari.HikariConfig           : transactionIsolation............default
2025-01-30T10:40:22.557+10:00 DEBUG 15306 --- [RecordsManagement] [main] com.zaxxer.hikari.HikariConfig           : username........................"sa"
2025-01-30T10:40:22.557+10:00 DEBUG 15306 --- [RecordsManagement] [main] com.zaxxer.hikari.HikariConfig           : validationTimeout...............5000
2025-01-30T10:40:23.926+10:00  WARN 15306 --- [RecordsManagement] [main] JpaBaseConfiguration$JpaWebConfiguration : spring.jpa.open-in-view is enabled by default. Therefore, database queries may be performed during view rendering. Explicitly configure spring.jpa.open-in-view to disable this warning
2025-01-30T10:40:28.127+10:00 DEBUG 15319 --- [RecordsManagement] [restartedMain] com.zaxxer.hikari.HikariConfig           : Driver class org.h2.Driver found in Thread context class loader org.springframework.boot.devtools.restart.classloader.RestartClassLoader@68da7f3f
2025-01-30T10:40:28.411+10:00 DEBUG 15319 --- [RecordsManagement] [restartedMain] com.zaxxer.hikari.HikariConfig           : HikariPool-1 - configuration:
2025-01-30T10:40:28.415+10:00 DEBUG 15319 --- [RecordsManagement] [restartedMain] com.zaxxer.hikari.HikariConfig           : allowPoolSuspension.............false
2025-01-30T10:40:28.416+10:00 DEBUG 15319 --- [RecordsManagement] [restartedMain] com.zaxxer.hikari.HikariConfig           : autoCommit......................true
2025-01-30T10:40:28.416+10:00 DEBUG 15319 --- [RecordsManagement] [restartedMain] com.zaxxer.hikari.HikariConfig           : catalog.........................none
2025-01-30T10:40:28.416+10:00 DEBUG 15319 --- [RecordsManagement] [restartedMain] com.zaxxer.hikari.HikariConfig           : connectionInitSql...............none
2025-01-30T10:40:28.417+10:00 DEBUG 15319 --- [RecordsManagement] [restartedMain] com.zaxxer.hikari.HikariConfig           : connectionTestQuery.............none
2025-01-30T10:40:28.418+10:00 DEBUG 15319 --- [RecordsManagement] [restartedMain] com.zaxxer.hikari.HikariConfig           : connectionTimeout...............30000
2025-01-30T10:40:28.418+10:00 DEBUG 15319 --- [RecordsManagement] [restartedMain] com.zaxxer.hikari.HikariConfig           : dataSource......................none
2025-01-30T10:40:28.419+10:00 DEBUG 15319 --- [RecordsManagement] [restartedMain] com.zaxxer.hikari.HikariConfig           : dataSourceClassName.............none
2025-01-30T10:40:28.419+10:00 DEBUG 15319 --- [RecordsManagement] [restartedMain] com.zaxxer.hikari.HikariConfig           : dataSourceJNDI..................none
2025-01-30T10:40:28.423+10:00 DEBUG 15319 --- [RecordsManagement] [restartedMain] com.zaxxer.hikari.HikariConfig           : dataSourceProperties............{password=<masked>}
2025-01-30T10:40:28.423+10:00 DEBUG 15319 --- [RecordsManagement] [restartedMain] com.zaxxer.hikari.HikariConfig           : driverClassName................."org.h2.Driver"
2025-01-30T10:40:28.423+10:00 DEBUG 15319 --- [RecordsManagement] [restartedMain] com.zaxxer.hikari.HikariConfig           : exceptionOverrideClassName......none
2025-01-30T10:40:28.424+10:00 DEBUG 15319 --- [RecordsManagement] [restartedMain] com.zaxxer.hikari.HikariConfig           : healthCheckProperties...........{}
2025-01-30T10:40:28.427+10:00 DEBUG 15319 --- [RecordsManagement] [restartedMain] com.zaxxer.hikari.HikariConfig           : healthCheckRegistry.............none
2025-01-30T10:40:28.427+10:00 DEBUG 15319 --- [RecordsManagement] [restartedMain] com.zaxxer.hikari.HikariConfig           : idleTimeout.....................600000
2025-01-30T10:40:28.427+10:00 DEBUG 15319 --- [RecordsManagement] [restartedMain] com.zaxxer.hikari.HikariConfig           : initializationFailTimeout.......1
2025-01-30T10:40:28.428+10:00 DEBUG 15319 --- [RecordsManagement] [restartedMain] com.zaxxer.hikari.HikariConfig           : isolateInternalQueries..........false
2025-01-30T10:40:28.431+10:00 DEBUG 15319 --- [RecordsManagement] [restartedMain] com.zaxxer.hikari.HikariConfig           : jdbcUrl.........................jdbc:h2:mem:records-management
2025-01-30T10:40:28.431+10:00 DEBUG 15319 --- [RecordsManagement] [restartedMain] com.zaxxer.hikari.HikariConfig           : keepaliveTime...................0
2025-01-30T10:40:28.431+10:00 DEBUG 15319 --- [RecordsManagement] [restartedMain] com.zaxxer.hikari.HikariConfig           : leakDetectionThreshold..........0
2025-01-30T10:40:28.431+10:00 DEBUG 15319 --- [RecordsManagement] [restartedMain] com.zaxxer.hikari.HikariConfig           : maxLifetime.....................1800000
2025-01-30T10:40:28.436+10:00 DEBUG 15319 --- [RecordsManagement] [restartedMain] com.zaxxer.hikari.HikariConfig           : maximumPoolSize.................10
2025-01-30T10:40:28.436+10:00 DEBUG 15319 --- [RecordsManagement] [restartedMain] com.zaxxer.hikari.HikariConfig           : metricRegistry..................none
2025-01-30T10:40:28.436+10:00 DEBUG 15319 --- [RecordsManagement] [restartedMain] com.zaxxer.hikari.HikariConfig           : metricsTrackerFactory...........none
2025-01-30T10:40:28.436+10:00 DEBUG 15319 --- [RecordsManagement] [restartedMain] com.zaxxer.hikari.HikariConfig           : minimumIdle.....................10
2025-01-30T10:40:28.442+10:00 DEBUG 15319 --- [RecordsManagement] [restartedMain] com.zaxxer.hikari.HikariConfig           : password........................<masked>
2025-01-30T10:40:28.442+10:00 DEBUG 15319 --- [RecordsManagement] [restartedMain] com.zaxxer.hikari.HikariConfig           : poolName........................"HikariPool-1"
2025-01-30T10:40:28.443+10:00 DEBUG 15319 --- [RecordsManagement] [restartedMain] com.zaxxer.hikari.HikariConfig           : readOnly........................false
2025-01-30T10:40:28.443+10:00 DEBUG 15319 --- [RecordsManagement] [restartedMain] com.zaxxer.hikari.HikariConfig           : registerMbeans..................false
2025-01-30T10:40:28.446+10:00 DEBUG 15319 --- [RecordsManagement] [restartedMain] com.zaxxer.hikari.HikariConfig           : scheduledExecutor...............none
2025-01-30T10:40:28.446+10:00 DEBUG 15319 --- [RecordsManagement] [restartedMain] com.zaxxer.hikari.HikariConfig           : schema..........................none
2025-01-30T10:40:28.447+10:00 DEBUG 15319 --- [RecordsManagement] [restartedMain] com.zaxxer.hikari.HikariConfig           : threadFactory...................internal
2025-01-30T10:40:28.447+10:00 DEBUG 15319 --- [RecordsManagement] [restartedMain] com.zaxxer.hikari.HikariConfig           : transactionIsolation............default
2025-01-30T10:40:28.450+10:00 DEBUG 15319 --- [RecordsManagement] [restartedMain] com.zaxxer.hikari.HikariConfig           : username........................"sa"
2025-01-30T10:40:28.450+10:00 DEBUG 15319 --- [RecordsManagement] [restartedMain] com.zaxxer.hikari.HikariConfig           : validationTimeout...............5000
2025-01-30T10:40:29.622+10:00  WARN 15319 --- [RecordsManagement] [restartedMain] JpaBaseConfiguration$JpaWebConfiguration : spring.jpa.open-in-view is enabled by default. Therefore, database queries may be performed during view rendering. Explicitly configure spring.jpa.open-in-view to disable this warning
2025-01-30T10:42:00.208+10:00  INFO 15319 --- [RecordsManagement] [http-nio-8080-exec-1] o.s.web.servlet.DispatcherServlet        : Initializing Servlet 'dispatcherServlet'
2025-01-30T10:42:00.209+10:00  INFO 15319 --- [RecordsManagement] [http-nio-8080-exec-1] o.s.web.servlet.DispatcherServlet        : Completed initialization in 1 ms
2025-01-30T10:42:38.013+10:00  WARN 15319 --- [RecordsManagement] [SpringApplicationShutdownHook] o.s.b.f.support.DisposableBeanAdapter    : Invocation of destroy method failed on bean with name 'inMemoryDatabaseShutdownExecutor': org.h2.jdbc.JdbcSQLNonTransientConnectionException: Database is already closed (to disable automatic closing at VM shutdown, add ";DB_CLOSE_ON_EXIT=FALSE" to the db URL) [90121-224]
2025-01-30T11:00:36.768+10:00 DEBUG 17102 --- [RecordsManagement] [main] com.zaxxer.hikari.HikariConfig           : Driver class org.h2.Driver found in Thread context class loader jdk.internal.loader.ClassLoaders$AppClassLoader@1cf4f579
2025-01-30T11:00:37.197+10:00 DEBUG 17102 --- [RecordsManagement] [main] com.zaxxer.hikari.HikariConfig           : HikariPool-1 - configuration:
2025-01-30T11:00:37.202+10:00 DEBUG 17102 --- [RecordsManagement] [main] com.zaxxer.hikari.HikariConfig           : allowPoolSuspension.............false
2025-01-30T11:00:37.202+10:00 DEBUG 17102 --- [RecordsManagement] [main] com.zaxxer.hikari.HikariConfig           : autoCommit......................true
2025-01-30T11:00:37.202+10:00 DEBUG 17102 --- [RecordsManagement] [main] com.zaxxer.hikari.HikariConfig           : catalog.........................none
2025-01-30T11:00:37.203+10:00 DEBUG 17102 --- [RecordsManagement] [main] com.zaxxer.hikari.HikariConfig           : connectionInitSql...............none
2025-01-30T11:00:37.203+10:00 DEBUG 17102 --- [RecordsManagement] [main] com.zaxxer.hikari.HikariConfig           : connectionTestQuery.............none
2025-01-30T11:00:37.204+10:00 DEBUG 17102 --- [RecordsManagement] [main] com.zaxxer.hikari.HikariConfig           : connectionTimeout...............30000
2025-01-30T11:00:37.204+10:00 DEBUG 17102 --- [RecordsManagement] [main] com.zaxxer.hikari.HikariConfig           : dataSource......................none
2025-01-30T11:00:37.204+10:00 DEBUG 17102 --- [RecordsManagement] [main] com.zaxxer.hikari.HikariConfig           : dataSourceClassName.............none
2025-01-30T11:00:37.204+10:00 DEBUG 17102 --- [RecordsManagement] [main] com.zaxxer.hikari.HikariConfig           : dataSourceJNDI..................none
2025-01-30T11:00:37.205+10:00 DEBUG 17102 --- [RecordsManagement] [main] com.zaxxer.hikari.HikariConfig           : dataSourceProperties............{password=<masked>}
2025-01-30T11:00:37.205+10:00 DEBUG 17102 --- [RecordsManagement] [main] com.zaxxer.hikari.HikariConfig           : driverClassName................."org.h2.Driver"
2025-01-30T11:00:37.205+10:00 DEBUG 17102 --- [RecordsManagement] [main] com.zaxxer.hikari.HikariConfig           : exceptionOverrideClassName......none
2025-01-30T11:00:37.205+10:00 DEBUG 17102 --- [RecordsManagement] [main] com.zaxxer.hikari.HikariConfig           : healthCheckProperties...........{}
2025-01-30T11:00:37.206+10:00 DEBUG 17102 --- [RecordsManagement] [main] com.zaxxer.hikari.HikariConfig           : healthCheckRegistry.............none
2025-01-30T11:00:37.206+10:00 DEBUG 17102 --- [RecordsManagement] [main] com.zaxxer.hikari.HikariConfig           : idleTimeout.....................600000
2025-01-30T11:00:37.206+10:00 DEBUG 17102 --- [RecordsManagement] [main] com.zaxxer.hikari.HikariConfig           : initializationFailTimeout.......1
2025-01-30T11:00:37.207+10:00 DEBUG 17102 --- [RecordsManagement] [main] com.zaxxer.hikari.HikariConfig           : isolateInternalQueries..........false
2025-01-30T11:00:37.207+10:00 DEBUG 17102 --- [RecordsManagement] [main] com.zaxxer.hikari.HikariConfig           : jdbcUrl.........................jdbc:h2:mem:records-management
2025-01-30T11:00:37.207+10:00 DEBUG 17102 --- [RecordsManagement] [main] com.zaxxer.hikari.HikariConfig           : keepaliveTime...................0
2025-01-30T11:00:37.207+10:00 DEBUG 17102 --- [RecordsManagement] [main] com.zaxxer.hikari.HikariConfig           : leakDetectionThreshold..........0
2025-01-30T11:00:37.207+10:00 DEBUG 17102 --- [RecordsManagement] [main] com.zaxxer.hikari.HikariConfig           : maxLifetime.....................1800000
2025-01-30T11:00:37.208+10:00 DEBUG 17102 --- [RecordsManagement] [main] com.zaxxer.hikari.HikariConfig           : maximumPoolSize.................10
2025-01-30T11:00:37.208+10:00 DEBUG 17102 --- [RecordsManagement] [main] com.zaxxer.hikari.HikariConfig           : metricRegistry..................none
2025-01-30T11:00:37.208+10:00 DEBUG 17102 --- [RecordsManagement] [main] com.zaxxer.hikari.HikariConfig           : metricsTrackerFactory...........none
2025-01-30T11:00:37.208+10:00 DEBUG 17102 --- [RecordsManagement] [main] com.zaxxer.hikari.HikariConfig           : minimumIdle.....................10
2025-01-30T11:00:37.209+10:00 DEBUG 17102 --- [RecordsManagement] [main] com.zaxxer.hikari.HikariConfig           : password........................<masked>
2025-01-30T11:00:37.209+10:00 DEBUG 17102 --- [RecordsManagement] [main] com.zaxxer.hikari.HikariConfig           : poolName........................"HikariPool-1"
2025-01-30T11:00:37.209+10:00 DEBUG 17102 --- [RecordsManagement] [main] com.zaxxer.hikari.HikariConfig           : readOnly........................false
2025-01-30T11:00:37.209+10:00 DEBUG 17102 --- [RecordsManagement] [main] com.zaxxer.hikari.HikariConfig           : registerMbeans..................false
2025-01-30T11:00:37.210+10:00 DEBUG 17102 --- [RecordsManagement] [main] com.zaxxer.hikari.HikariConfig           : scheduledExecutor...............none
2025-01-30T11:00:37.210+10:00 DEBUG 17102 --- [RecordsManagement] [main] com.zaxxer.hikari.HikariConfig           : schema..........................none
2025-01-30T11:00:37.210+10:00 DEBUG 17102 --- [RecordsManagement] [main] com.zaxxer.hikari.HikariConfig           : threadFactory...................internal
2025-01-30T11:00:37.211+10:00 DEBUG 17102 --- [RecordsManagement] [main] com.zaxxer.hikari.HikariConfig           : transactionIsolation............default
2025-01-30T11:00:37.211+10:00 DEBUG 17102 --- [RecordsManagement] [main] com.zaxxer.hikari.HikariConfig           : username........................"sa"
2025-01-30T11:00:37.211+10:00 DEBUG 17102 --- [RecordsManagement] [main] com.zaxxer.hikari.HikariConfig           : validationTimeout...............5000
2025-01-30T11:00:38.584+10:00  WARN 17102 --- [RecordsManagement] [main] JpaBaseConfiguration$JpaWebConfiguration : spring.jpa.open-in-view is enabled by default. Therefore, database queries may be performed during view rendering. Explicitly configure spring.jpa.open-in-view to disable this warning
2025-01-30T11:00:42.664+10:00 DEBUG 17115 --- [RecordsManagement] [restartedMain] com.zaxxer.hikari.HikariConfig           : Driver class org.h2.Driver found in Thread context class loader org.springframework.boot.devtools.restart.classloader.RestartClassLoader@68da7f3f
2025-01-30T11:00:42.945+10:00 DEBUG 17115 --- [RecordsManagement] [restartedMain] com.zaxxer.hikari.HikariConfig           : HikariPool-1 - configuration:
2025-01-30T11:00:42.948+10:00 DEBUG 17115 --- [RecordsManagement] [restartedMain] com.zaxxer.hikari.HikariConfig           : allowPoolSuspension.............false
2025-01-30T11:00:42.949+10:00 DEBUG 17115 --- [RecordsManagement] [restartedMain] com.zaxxer.hikari.HikariConfig           : autoCommit......................true
2025-01-30T11:00:42.949+10:00 DEBUG 17115 --- [RecordsManagement] [restartedMain] com.zaxxer.hikari.HikariConfig           : catalog.........................none
2025-01-30T11:00:42.949+10:00 DEBUG 17115 --- [RecordsManagement] [restartedMain] com.zaxxer.hikari.HikariConfig           : connectionInitSql...............none
2025-01-30T11:00:42.949+10:00 DEBUG 17115 --- [RecordsManagement] [restartedMain] com.zaxxer.hikari.HikariConfig           : connectionTestQuery.............none
2025-01-30T11:00:42.950+10:00 DEBUG 17115 --- [RecordsManagement] [restartedMain] com.zaxxer.hikari.HikariConfig           : connectionTimeout...............30000
2025-01-30T11:00:42.950+10:00 DEBUG 17115 --- [RecordsManagement] [restartedMain] com.zaxxer.hikari.HikariConfig           : dataSource......................none
2025-01-30T11:00:42.951+10:00 DEBUG 17115 --- [RecordsManagement] [restartedMain] com.zaxxer.hikari.HikariConfig           : dataSourceClassName.............none
2025-01-30T11:00:42.951+10:00 DEBUG 17115 --- [RecordsManagement] [restartedMain] com.zaxxer.hikari.HikariConfig           : dataSourceJNDI..................none
2025-01-30T11:00:42.952+10:00 DEBUG 17115 --- [RecordsManagement] [restartedMain] com.zaxxer.hikari.HikariConfig           : dataSourceProperties............{password=<masked>}
2025-01-30T11:00:42.952+10:00 DEBUG 17115 --- [RecordsManagement] [restartedMain] com.zaxxer.hikari.HikariConfig           : driverClassName................."org.h2.Driver"
2025-01-30T11:00:42.953+10:00 DEBUG 17115 --- [RecordsManagement] [restartedMain] com.zaxxer.hikari.HikariConfig           : exceptionOverrideClassName......none
2025-01-30T11:00:42.953+10:00 DEBUG 17115 --- [RecordsManagement] [restartedMain] com.zaxxer.hikari.HikariConfig           : healthCheckProperties...........{}
2025-01-30T11:00:42.954+10:00 DEBUG 17115 --- [RecordsManagement] [restartedMain] com.zaxxer.hikari.HikariConfig           : healthCheckRegistry.............none
2025-01-30T11:00:42.954+10:00 DEBUG 17115 --- [RecordsManagement] [restartedMain] com.zaxxer.hikari.HikariConfig           : idleTimeout.....................600000
2025-01-30T11:00:42.954+10:00 DEBUG 17115 --- [RecordsManagement] [restartedMain] com.zaxxer.hikari.HikariConfig           : initializationFailTimeout.......1
2025-01-30T11:00:42.955+10:00 DEBUG 17115 --- [RecordsManagement] [restartedMain] com.zaxxer.hikari.HikariConfig           : isolateInternalQueries..........false
2025-01-30T11:00:42.956+10:00 DEBUG 17115 --- [RecordsManagement] [restartedMain] com.zaxxer.hikari.HikariConfig           : jdbcUrl.........................jdbc:h2:mem:records-management
2025-01-30T11:00:42.956+10:00 DEBUG 17115 --- [RecordsManagement] [restartedMain] com.zaxxer.hikari.HikariConfig           : keepaliveTime...................0
2025-01-30T11:00:42.956+10:00 DEBUG 17115 --- [RecordsManagement] [restartedMain] com.zaxxer.hikari.HikariConfig           : leakDetectionThreshold..........0
2025-01-30T11:00:42.957+10:00 DEBUG 17115 --- [RecordsManagement] [restartedMain] com.zaxxer.hikari.HikariConfig           : maxLifetime.....................1800000
2025-01-30T11:00:42.957+10:00 DEBUG 17115 --- [RecordsManagement] [restartedMain] com.zaxxer.hikari.HikariConfig           : maximumPoolSize.................10
2025-01-30T11:00:42.957+10:00 DEBUG 17115 --- [RecordsManagement] [restartedMain] com.zaxxer.hikari.HikariConfig           : metricRegistry..................none
2025-01-30T11:00:42.958+10:00 DEBUG 17115 --- [RecordsManagement] [restartedMain] com.zaxxer.hikari.HikariConfig           : metricsTrackerFactory...........none
2025-01-30T11:00:42.959+10:00 DEBUG 17115 --- [RecordsManagement] [restartedMain] com.zaxxer.hikari.HikariConfig           : minimumIdle.....................10
2025-01-30T11:00:42.959+10:00 DEBUG 17115 --- [RecordsManagement] [restartedMain] com.zaxxer.hikari.HikariConfig           : password........................<masked>
2025-01-30T11:00:42.959+10:00 DEBUG 17115 --- [RecordsManagement] [restartedMain] com.zaxxer.hikari.HikariConfig           : poolName........................"HikariPool-1"
2025-01-30T11:00:42.960+10:00 DEBUG 17115 --- [RecordsManagement] [restartedMain] com.zaxxer.hikari.HikariConfig           : readOnly........................false
2025-01-30T11:00:42.962+10:00 DEBUG 17115 --- [RecordsManagement] [restartedMain] com.zaxxer.hikari.HikariConfig           : registerMbeans..................false
2025-01-30T11:00:42.962+10:00 DEBUG 17115 --- [RecordsManagement] [restartedMain] com.zaxxer.hikari.HikariConfig           : scheduledExecutor...............none
2025-01-30T11:00:42.962+10:00 DEBUG 17115 --- [RecordsManagement] [restartedMain] com.zaxxer.hikari.HikariConfig           : schema..........................none
2025-01-30T11:00:42.963+10:00 DEBUG 17115 --- [RecordsManagement] [restartedMain] com.zaxxer.hikari.HikariConfig           : threadFactory...................internal
2025-01-30T11:00:42.964+10:00 DEBUG 17115 --- [RecordsManagement] [restartedMain] com.zaxxer.hikari.HikariConfig           : transactionIsolation............default
2025-01-30T11:00:42.964+10:00 DEBUG 17115 --- [RecordsManagement] [restartedMain] com.zaxxer.hikari.HikariConfig           : username........................"sa"
2025-01-30T11:00:42.964+10:00 DEBUG 17115 --- [RecordsManagement] [restartedMain] com.zaxxer.hikari.HikariConfig           : validationTimeout...............5000
2025-01-30T11:00:44.104+10:00  WARN 17115 --- [RecordsManagement] [restartedMain] JpaBaseConfiguration$JpaWebConfiguration : spring.jpa.open-in-view is enabled by default. Therefore, database queries may be performed during view rendering. Explicitly configure spring.jpa.open-in-view to disable this warning
2025-01-30T11:02:19.506+10:00  INFO 17115 --- [RecordsManagement] [http-nio-8080-exec-1] o.s.web.servlet.DispatcherServlet        : Initializing Servlet 'dispatcherServlet'
2025-01-30T11:02:19.508+10:00  INFO 17115 --- [RecordsManagement] [http-nio-8080-exec-1] o.s.web.servlet.DispatcherServlet        : Completed initialization in 1 ms
2025-01-30T11:02:31.433+10:00  INFO 17115 --- [RecordsManagement] [http-nio-8080-exec-4] c.m.r.controller.DashboardController     : getDashboard(...)
2025-01-30T11:02:31.433+10:00  INFO 17115 --- [RecordsManagement] [http-nio-8080-exec-4] c.m.r.controller.DashboardController     : getDashboard(...) - optionalUser is Present
2025-01-30T11:02:34.448+10:00  INFO 17115 --- [RecordsManagement] [http-nio-8080-exec-4] c.m.r.controller.PersonController        : viewPersonFullDetails(...) - Loading full details view for person ID: 1
2025-01-30T11:02:34.452+10:00 DEBUG 17115 --- [RecordsManagement] [http-nio-8080-exec-4] o.s.jdbc.datasource.DataSourceUtils      : Setting JDBC Connection [HikariProxyConnection@1217119780 wrapping conn0: url=jdbc:h2:mem:records-management user=SA] read-only
2025-01-30T11:02:34.457+10:00 DEBUG 17115 --- [RecordsManagement] [http-nio-8080-exec-4] o.s.jdbc.datasource.DataSourceUtils      : Resetting read-only flag of JDBC Connection [HikariProxyConnection@1217119780 wrapping conn0: url=jdbc:h2:mem:records-management user=SA]
2025-01-30T11:06:24.305+10:00  WARN 17115 --- [RecordsManagement] [SpringApplicationShutdownHook] o.s.b.f.support.DisposableBeanAdapter    : Invocation of destroy method failed on bean with name 'inMemoryDatabaseShutdownExecutor': org.h2.jdbc.JdbcSQLNonTransientConnectionException: Database is already closed (to disable automatic closing at VM shutdown, add ";DB_CLOSE_ON_EXIT=FALSE" to the db URL) [90121-224]
