2025-01-31T07:08:09.388+10:00 DEBUG 55264 --- [RecordsManagement] [main] com.zaxxer.hikari.HikariConfig           : Driver class org.h2.Driver found in Thread context class loader jdk.internal.loader.ClassLoaders$AppClassLoader@1cf4f579
2025-01-31T07:08:09.774+10:00 DEBUG 55264 --- [RecordsManagement] [main] com.zaxxer.hikari.HikariConfig           : HikariPool-1 - configuration:
2025-01-31T07:08:09.778+10:00 DEBUG 55264 --- [RecordsManagement] [main] com.zaxxer.hikari.HikariConfig           : allowPoolSuspension.............false
2025-01-31T07:08:09.778+10:00 DEBUG 55264 --- [RecordsManagement] [main] com.zaxxer.hikari.HikariConfig           : autoCommit......................true
2025-01-31T07:08:09.778+10:00 DEBUG 55264 --- [RecordsManagement] [main] com.zaxxer.hikari.HikariConfig           : catalog.........................none
2025-01-31T07:08:09.778+10:00 DEBUG 55264 --- [RecordsManagement] [main] com.zaxxer.hikari.HikariConfig           : connectionInitSql...............none
2025-01-31T07:08:09.778+10:00 DEBUG 55264 --- [RecordsManagement] [main] com.zaxxer.hikari.HikariConfig           : connectionTestQuery.............none
2025-01-31T07:08:09.779+10:00 DEBUG 55264 --- [RecordsManagement] [main] com.zaxxer.hikari.HikariConfig           : connectionTimeout...............30000
2025-01-31T07:08:09.780+10:00 DEBUG 55264 --- [RecordsManagement] [main] com.zaxxer.hikari.HikariConfig           : dataSource......................none
2025-01-31T07:08:09.780+10:00 DEBUG 55264 --- [RecordsManagement] [main] com.zaxxer.hikari.HikariConfig           : dataSourceClassName.............none
2025-01-31T07:08:09.780+10:00 DEBUG 55264 --- [RecordsManagement] [main] com.zaxxer.hikari.HikariConfig           : dataSourceJNDI..................none
2025-01-31T07:08:09.780+10:00 DEBUG 55264 --- [RecordsManagement] [main] com.zaxxer.hikari.HikariConfig           : dataSourceProperties............{password=<masked>}
2025-01-31T07:08:09.780+10:00 DEBUG 55264 --- [RecordsManagement] [main] com.zaxxer.hikari.HikariConfig           : driverClassName................."org.h2.Driver"
2025-01-31T07:08:09.781+10:00 DEBUG 55264 --- [RecordsManagement] [main] com.zaxxer.hikari.HikariConfig           : exceptionOverrideClassName......none
2025-01-31T07:08:09.781+10:00 DEBUG 55264 --- [RecordsManagement] [main] com.zaxxer.hikari.HikariConfig           : healthCheckProperties...........{}
2025-01-31T07:08:09.781+10:00 DEBUG 55264 --- [RecordsManagement] [main] com.zaxxer.hikari.HikariConfig           : healthCheckRegistry.............none
2025-01-31T07:08:09.781+10:00 DEBUG 55264 --- [RecordsManagement] [main] com.zaxxer.hikari.HikariConfig           : idleTimeout.....................600000
2025-01-31T07:08:09.782+10:00 DEBUG 55264 --- [RecordsManagement] [main] com.zaxxer.hikari.HikariConfig           : initializationFailTimeout.......1
2025-01-31T07:08:09.782+10:00 DEBUG 55264 --- [RecordsManagement] [main] com.zaxxer.hikari.HikariConfig           : isolateInternalQueries..........false
2025-01-31T07:08:09.782+10:00 DEBUG 55264 --- [RecordsManagement] [main] com.zaxxer.hikari.HikariConfig           : jdbcUrl.........................jdbc:h2:mem:records-management
2025-01-31T07:08:09.782+10:00 DEBUG 55264 --- [RecordsManagement] [main] com.zaxxer.hikari.HikariConfig           : keepaliveTime...................0
2025-01-31T07:08:09.782+10:00 DEBUG 55264 --- [RecordsManagement] [main] com.zaxxer.hikari.HikariConfig           : leakDetectionThreshold..........0
2025-01-31T07:08:09.783+10:00 DEBUG 55264 --- [RecordsManagement] [main] com.zaxxer.hikari.HikariConfig           : maxLifetime.....................1800000
2025-01-31T07:08:09.783+10:00 DEBUG 55264 --- [RecordsManagement] [main] com.zaxxer.hikari.HikariConfig           : maximumPoolSize.................10
2025-01-31T07:08:09.783+10:00 DEBUG 55264 --- [RecordsManagement] [main] com.zaxxer.hikari.HikariConfig           : metricRegistry..................none
2025-01-31T07:08:09.783+10:00 DEBUG 55264 --- [RecordsManagement] [main] com.zaxxer.hikari.HikariConfig           : metricsTrackerFactory...........none
2025-01-31T07:08:09.784+10:00 DEBUG 55264 --- [RecordsManagement] [main] com.zaxxer.hikari.HikariConfig           : minimumIdle.....................10
2025-01-31T07:08:09.784+10:00 DEBUG 55264 --- [RecordsManagement] [main] com.zaxxer.hikari.HikariConfig           : password........................<masked>
2025-01-31T07:08:09.784+10:00 DEBUG 55264 --- [RecordsManagement] [main] com.zaxxer.hikari.HikariConfig           : poolName........................"HikariPool-1"
2025-01-31T07:08:09.784+10:00 DEBUG 55264 --- [RecordsManagement] [main] com.zaxxer.hikari.HikariConfig           : readOnly........................false
2025-01-31T07:08:09.784+10:00 DEBUG 55264 --- [RecordsManagement] [main] com.zaxxer.hikari.HikariConfig           : registerMbeans..................false
2025-01-31T07:08:09.785+10:00 DEBUG 55264 --- [RecordsManagement] [main] com.zaxxer.hikari.HikariConfig           : scheduledExecutor...............none
2025-01-31T07:08:09.785+10:00 DEBUG 55264 --- [RecordsManagement] [main] com.zaxxer.hikari.HikariConfig           : schema..........................none
2025-01-31T07:08:09.785+10:00 DEBUG 55264 --- [RecordsManagement] [main] com.zaxxer.hikari.HikariConfig           : threadFactory...................internal
2025-01-31T07:08:09.785+10:00 DEBUG 55264 --- [RecordsManagement] [main] com.zaxxer.hikari.HikariConfig           : transactionIsolation............default
2025-01-31T07:08:09.785+10:00 DEBUG 55264 --- [RecordsManagement] [main] com.zaxxer.hikari.HikariConfig           : username........................"sa"
2025-01-31T07:08:09.786+10:00 DEBUG 55264 --- [RecordsManagement] [main] com.zaxxer.hikari.HikariConfig           : validationTimeout...............5000
2025-01-31T07:08:11.156+10:00  WARN 55264 --- [RecordsManagement] [main] JpaBaseConfiguration$JpaWebConfiguration : spring.jpa.open-in-view is enabled by default. Therefore, database queries may be performed during view rendering. Explicitly configure spring.jpa.open-in-view to disable this warning
2025-01-31T07:08:15.702+10:00 DEBUG 55268 --- [RecordsManagement] [restartedMain] com.zaxxer.hikari.HikariConfig           : Driver class org.h2.Driver found in Thread context class loader org.springframework.boot.devtools.restart.classloader.RestartClassLoader@68da7f3f
2025-01-31T07:08:16.011+10:00 DEBUG 55268 --- [RecordsManagement] [restartedMain] com.zaxxer.hikari.HikariConfig           : HikariPool-1 - configuration:
2025-01-31T07:08:16.013+10:00 DEBUG 55268 --- [RecordsManagement] [restartedMain] com.zaxxer.hikari.HikariConfig           : allowPoolSuspension.............false
2025-01-31T07:08:16.014+10:00 DEBUG 55268 --- [RecordsManagement] [restartedMain] com.zaxxer.hikari.HikariConfig           : autoCommit......................true
2025-01-31T07:08:16.014+10:00 DEBUG 55268 --- [RecordsManagement] [restartedMain] com.zaxxer.hikari.HikariConfig           : catalog.........................none
2025-01-31T07:08:16.014+10:00 DEBUG 55268 --- [RecordsManagement] [restartedMain] com.zaxxer.hikari.HikariConfig           : connectionInitSql...............none
2025-01-31T07:08:16.014+10:00 DEBUG 55268 --- [RecordsManagement] [restartedMain] com.zaxxer.hikari.HikariConfig           : connectionTestQuery.............none
2025-01-31T07:08:16.015+10:00 DEBUG 55268 --- [RecordsManagement] [restartedMain] com.zaxxer.hikari.HikariConfig           : connectionTimeout...............30000
2025-01-31T07:08:16.016+10:00 DEBUG 55268 --- [RecordsManagement] [restartedMain] com.zaxxer.hikari.HikariConfig           : dataSource......................none
2025-01-31T07:08:16.016+10:00 DEBUG 55268 --- [RecordsManagement] [restartedMain] com.zaxxer.hikari.HikariConfig           : dataSourceClassName.............none
2025-01-31T07:08:16.016+10:00 DEBUG 55268 --- [RecordsManagement] [restartedMain] com.zaxxer.hikari.HikariConfig           : dataSourceJNDI..................none
2025-01-31T07:08:16.021+10:00 DEBUG 55268 --- [RecordsManagement] [restartedMain] com.zaxxer.hikari.HikariConfig           : dataSourceProperties............{password=<masked>}
2025-01-31T07:08:16.021+10:00 DEBUG 55268 --- [RecordsManagement] [restartedMain] com.zaxxer.hikari.HikariConfig           : driverClassName................."org.h2.Driver"
2025-01-31T07:08:16.022+10:00 DEBUG 55268 --- [RecordsManagement] [restartedMain] com.zaxxer.hikari.HikariConfig           : exceptionOverrideClassName......none
2025-01-31T07:08:16.022+10:00 DEBUG 55268 --- [RecordsManagement] [restartedMain] com.zaxxer.hikari.HikariConfig           : healthCheckProperties...........{}
2025-01-31T07:08:16.024+10:00 DEBUG 55268 --- [RecordsManagement] [restartedMain] com.zaxxer.hikari.HikariConfig           : healthCheckRegistry.............none
2025-01-31T07:08:16.025+10:00 DEBUG 55268 --- [RecordsManagement] [restartedMain] com.zaxxer.hikari.HikariConfig           : idleTimeout.....................600000
2025-01-31T07:08:16.028+10:00 DEBUG 55268 --- [RecordsManagement] [restartedMain] com.zaxxer.hikari.HikariConfig           : initializationFailTimeout.......1
2025-01-31T07:08:16.029+10:00 DEBUG 55268 --- [RecordsManagement] [restartedMain] com.zaxxer.hikari.HikariConfig           : isolateInternalQueries..........false
2025-01-31T07:08:16.029+10:00 DEBUG 55268 --- [RecordsManagement] [restartedMain] com.zaxxer.hikari.HikariConfig           : jdbcUrl.........................jdbc:h2:mem:records-management
2025-01-31T07:08:16.029+10:00 DEBUG 55268 --- [RecordsManagement] [restartedMain] com.zaxxer.hikari.HikariConfig           : keepaliveTime...................0
2025-01-31T07:08:16.030+10:00 DEBUG 55268 --- [RecordsManagement] [restartedMain] com.zaxxer.hikari.HikariConfig           : leakDetectionThreshold..........0
2025-01-31T07:08:16.030+10:00 DEBUG 55268 --- [RecordsManagement] [restartedMain] com.zaxxer.hikari.HikariConfig           : maxLifetime.....................1800000
2025-01-31T07:08:16.030+10:00 DEBUG 55268 --- [RecordsManagement] [restartedMain] com.zaxxer.hikari.HikariConfig           : maximumPoolSize.................10
2025-01-31T07:08:16.030+10:00 DEBUG 55268 --- [RecordsManagement] [restartedMain] com.zaxxer.hikari.HikariConfig           : metricRegistry..................none
2025-01-31T07:08:16.034+10:00 DEBUG 55268 --- [RecordsManagement] [restartedMain] com.zaxxer.hikari.HikariConfig           : metricsTrackerFactory...........none
2025-01-31T07:08:16.034+10:00 DEBUG 55268 --- [RecordsManagement] [restartedMain] com.zaxxer.hikari.HikariConfig           : minimumIdle.....................10
2025-01-31T07:08:16.034+10:00 DEBUG 55268 --- [RecordsManagement] [restartedMain] com.zaxxer.hikari.HikariConfig           : password........................<masked>
2025-01-31T07:08:16.034+10:00 DEBUG 55268 --- [RecordsManagement] [restartedMain] com.zaxxer.hikari.HikariConfig           : poolName........................"HikariPool-1"
2025-01-31T07:08:16.037+10:00 DEBUG 55268 --- [RecordsManagement] [restartedMain] com.zaxxer.hikari.HikariConfig           : readOnly........................false
2025-01-31T07:08:16.037+10:00 DEBUG 55268 --- [RecordsManagement] [restartedMain] com.zaxxer.hikari.HikariConfig           : registerMbeans..................false
2025-01-31T07:08:16.038+10:00 DEBUG 55268 --- [RecordsManagement] [restartedMain] com.zaxxer.hikari.HikariConfig           : scheduledExecutor...............none
2025-01-31T07:08:16.038+10:00 DEBUG 55268 --- [RecordsManagement] [restartedMain] com.zaxxer.hikari.HikariConfig           : schema..........................none
2025-01-31T07:08:16.040+10:00 DEBUG 55268 --- [RecordsManagement] [restartedMain] com.zaxxer.hikari.HikariConfig           : threadFactory...................internal
2025-01-31T07:08:16.040+10:00 DEBUG 55268 --- [RecordsManagement] [restartedMain] com.zaxxer.hikari.HikariConfig           : transactionIsolation............default
2025-01-31T07:08:16.040+10:00 DEBUG 55268 --- [RecordsManagement] [restartedMain] com.zaxxer.hikari.HikariConfig           : username........................"sa"
2025-01-31T07:08:16.040+10:00 DEBUG 55268 --- [RecordsManagement] [restartedMain] com.zaxxer.hikari.HikariConfig           : validationTimeout...............5000
2025-01-31T07:08:17.229+10:00  WARN 55268 --- [RecordsManagement] [restartedMain] JpaBaseConfiguration$JpaWebConfiguration : spring.jpa.open-in-view is enabled by default. Therefore, database queries may be performed during view rendering. Explicitly configure spring.jpa.open-in-view to disable this warning
2025-01-31T07:08:25.971+10:00  INFO 55268 --- [RecordsManagement] [http-nio-8080-exec-1] o.s.web.servlet.DispatcherServlet        : Initializing Servlet 'dispatcherServlet'
2025-01-31T07:08:25.972+10:00  INFO 55268 --- [RecordsManagement] [http-nio-8080-exec-1] o.s.web.servlet.DispatcherServlet        : Completed initialization in 1 ms
2025-01-31T07:08:38.557+10:00  INFO 55268 --- [RecordsManagement] [http-nio-8080-exec-9] c.m.r.controller.DashboardController     : getDashboard(...)
2025-01-31T07:08:38.557+10:00  INFO 55268 --- [RecordsManagement] [http-nio-8080-exec-9] c.m.r.controller.DashboardController     : getDashboard(...) - optionalUser is Present
2025-01-31T07:08:41.650+10:00  INFO 55268 --- [RecordsManagement] [http-nio-8080-exec-3] c.m.r.controller.PersonController        : getPersonDetails(...)
2025-01-31T07:08:41.654+10:00 DEBUG 55268 --- [RecordsManagement] [http-nio-8080-exec-3] o.s.jdbc.datasource.DataSourceUtils      : Setting JDBC Connection [HikariProxyConnection@2118601175 wrapping conn0: url=jdbc:h2:mem:records-management user=SA] read-only
2025-01-31T07:08:41.657+10:00 DEBUG 55268 --- [RecordsManagement] [http-nio-8080-exec-3] o.s.jdbc.datasource.DataSourceUtils      : Resetting read-only flag of JDBC Connection [HikariProxyConnection@2118601175 wrapping conn0: url=jdbc:h2:mem:records-management user=SA]
2025-01-31T07:08:42.649+10:00  INFO 55268 --- [RecordsManagement] [http-nio-8080-exec-6] c.m.r.controller.StudentController       : getStudentsByPersonId(...)
2025-01-31T07:08:43.456+10:00  INFO 55268 --- [RecordsManagement] [http-nio-8080-exec-5] c.m.r.controller.PersonController        : viewPersonFullDetails(...) - Loading full details view for person ID: 1
2025-01-31T07:08:43.456+10:00 DEBUG 55268 --- [RecordsManagement] [http-nio-8080-exec-5] o.s.jdbc.datasource.DataSourceUtils      : Setting JDBC Connection [HikariProxyConnection@2071518749 wrapping conn0: url=jdbc:h2:mem:records-management user=SA] read-only
2025-01-31T07:08:43.457+10:00 DEBUG 55268 --- [RecordsManagement] [http-nio-8080-exec-5] o.s.jdbc.datasource.DataSourceUtils      : Resetting read-only flag of JDBC Connection [HikariProxyConnection@2071518749 wrapping conn0: url=jdbc:h2:mem:records-management user=SA]
2025-01-31T07:08:47.898+10:00  INFO 55268 --- [RecordsManagement] [http-nio-8080-exec-8] c.m.r.controller.PersonController        : viewPersonFullDetails(...) - Loading full details view for person ID: 1
2025-01-31T07:08:47.899+10:00 DEBUG 55268 --- [RecordsManagement] [http-nio-8080-exec-8] o.s.jdbc.datasource.DataSourceUtils      : Setting JDBC Connection [HikariProxyConnection@1278256195 wrapping conn0: url=jdbc:h2:mem:records-management user=SA] read-only
2025-01-31T07:08:47.900+10:00 DEBUG 55268 --- [RecordsManagement] [http-nio-8080-exec-8] o.s.jdbc.datasource.DataSourceUtils      : Resetting read-only flag of JDBC Connection [HikariProxyConnection@1278256195 wrapping conn0: url=jdbc:h2:mem:records-management user=SA]
2025-01-31T07:09:01.321+10:00  INFO 55268 --- [RecordsManagement] [http-nio-8080-exec-10] c.m.r.controller.PersonController        : Saving email for personId: 1, emailId: null
2025-01-31T07:09:01.321+10:00 DEBUG 55268 --- [RecordsManagement] [http-nio-8080-exec-10] o.s.jdbc.datasource.DataSourceUtils      : Setting JDBC Connection [HikariProxyConnection@565029731 wrapping conn0: url=jdbc:h2:mem:records-management user=SA] read-only
2025-01-31T07:09:01.323+10:00 DEBUG 55268 --- [RecordsManagement] [http-nio-8080-exec-10] o.s.jdbc.datasource.DataSourceUtils      : Resetting read-only flag of JDBC Connection [HikariProxyConnection@565029731 wrapping conn0: url=jdbc:h2:mem:records-management user=SA]
2025-01-31T07:09:09.426+10:00  INFO 55268 --- [RecordsManagement] [http-nio-8080-exec-2] c.m.r.controller.PersonController        : editPersonFullDetails(...) - Loading full details view for person ID: 1
2025-01-31T07:09:09.426+10:00 DEBUG 55268 --- [RecordsManagement] [http-nio-8080-exec-2] o.s.jdbc.datasource.DataSourceUtils      : Setting JDBC Connection [HikariProxyConnection@1384503023 wrapping conn0: url=jdbc:h2:mem:records-management user=SA] read-only
2025-01-31T07:09:09.427+10:00 DEBUG 55268 --- [RecordsManagement] [http-nio-8080-exec-2] o.s.jdbc.datasource.DataSourceUtils      : Resetting read-only flag of JDBC Connection [HikariProxyConnection@1384503023 wrapping conn0: url=jdbc:h2:mem:records-management user=SA]
2025-01-31T07:09:11.681+10:00  INFO 55268 --- [RecordsManagement] [http-nio-8080-exec-1] c.m.r.controller.PersonController        : updatePersonFullDetails(...) - Updating details for person ID: 1
2025-01-31T07:09:11.682+10:00 DEBUG 55268 --- [RecordsManagement] [http-nio-8080-exec-1] o.s.jdbc.datasource.DataSourceUtils      : Setting JDBC Connection [HikariProxyConnection@645798692 wrapping conn0: url=jdbc:h2:mem:records-management user=SA] read-only
2025-01-31T07:09:11.683+10:00 DEBUG 55268 --- [RecordsManagement] [http-nio-8080-exec-1] o.s.jdbc.datasource.DataSourceUtils      : Resetting read-only flag of JDBC Connection [HikariProxyConnection@645798692 wrapping conn0: url=jdbc:h2:mem:records-management user=SA]
2025-01-31T07:09:11.693+10:00  INFO 55268 --- [RecordsManagement] [http-nio-8080-exec-4] c.m.r.controller.PersonController        : viewPersonFullDetails(...) - Loading full details view for person ID: 1
2025-01-31T07:09:11.694+10:00 DEBUG 55268 --- [RecordsManagement] [http-nio-8080-exec-4] o.s.jdbc.datasource.DataSourceUtils      : Setting JDBC Connection [HikariProxyConnection@1628813685 wrapping conn0: url=jdbc:h2:mem:records-management user=SA] read-only
2025-01-31T07:09:11.695+10:00 DEBUG 55268 --- [RecordsManagement] [http-nio-8080-exec-4] o.s.jdbc.datasource.DataSourceUtils      : Resetting read-only flag of JDBC Connection [HikariProxyConnection@1628813685 wrapping conn0: url=jdbc:h2:mem:records-management user=SA]
2025-01-31T07:09:23.025+10:00  INFO 55268 --- [RecordsManagement] [http-nio-8080-exec-3] c.m.r.controller.PersonController        : editPersonFullDetails(...) - Loading full details view for person ID: 1
2025-01-31T07:09:23.026+10:00 DEBUG 55268 --- [RecordsManagement] [http-nio-8080-exec-3] o.s.jdbc.datasource.DataSourceUtils      : Setting JDBC Connection [HikariProxyConnection@1390992341 wrapping conn0: url=jdbc:h2:mem:records-management user=SA] read-only
2025-01-31T07:09:23.027+10:00 DEBUG 55268 --- [RecordsManagement] [http-nio-8080-exec-3] o.s.jdbc.datasource.DataSourceUtils      : Resetting read-only flag of JDBC Connection [HikariProxyConnection@1390992341 wrapping conn0: url=jdbc:h2:mem:records-management user=SA]
2025-01-31T07:38:39.282+10:00  WARN 55268 --- [RecordsManagement] [SpringApplicationShutdownHook] o.s.b.f.support.DisposableBeanAdapter    : Invocation of destroy method failed on bean with name 'inMemoryDatabaseShutdownExecutor': org.h2.jdbc.JdbcSQLNonTransientConnectionException: Database is already closed (to disable automatic closing at VM shutdown, add ";DB_CLOSE_ON_EXIT=FALSE" to the db URL) [90121-224]
2025-01-31T07:59:03.204+10:00 DEBUG 61455 --- [RecordsManagement] [main] com.zaxxer.hikari.HikariConfig           : Driver class org.h2.Driver found in Thread context class loader jdk.internal.loader.ClassLoaders$AppClassLoader@1cf4f579
2025-01-31T07:59:03.606+10:00 DEBUG 61455 --- [RecordsManagement] [main] com.zaxxer.hikari.HikariConfig           : HikariPool-1 - configuration:
2025-01-31T07:59:03.611+10:00 DEBUG 61455 --- [RecordsManagement] [main] com.zaxxer.hikari.HikariConfig           : allowPoolSuspension.............false
2025-01-31T07:59:03.611+10:00 DEBUG 61455 --- [RecordsManagement] [main] com.zaxxer.hikari.HikariConfig           : autoCommit......................true
2025-01-31T07:59:03.611+10:00 DEBUG 61455 --- [RecordsManagement] [main] com.zaxxer.hikari.HikariConfig           : catalog.........................none
2025-01-31T07:59:03.611+10:00 DEBUG 61455 --- [RecordsManagement] [main] com.zaxxer.hikari.HikariConfig           : connectionInitSql...............none
2025-01-31T07:59:03.612+10:00 DEBUG 61455 --- [RecordsManagement] [main] com.zaxxer.hikari.HikariConfig           : connectionTestQuery.............none
2025-01-31T07:59:03.613+10:00 DEBUG 61455 --- [RecordsManagement] [main] com.zaxxer.hikari.HikariConfig           : connectionTimeout...............30000
2025-01-31T07:59:03.613+10:00 DEBUG 61455 --- [RecordsManagement] [main] com.zaxxer.hikari.HikariConfig           : dataSource......................none
2025-01-31T07:59:03.613+10:00 DEBUG 61455 --- [RecordsManagement] [main] com.zaxxer.hikari.HikariConfig           : dataSourceClassName.............none
2025-01-31T07:59:03.614+10:00 DEBUG 61455 --- [RecordsManagement] [main] com.zaxxer.hikari.HikariConfig           : dataSourceJNDI..................none
2025-01-31T07:59:03.614+10:00 DEBUG 61455 --- [RecordsManagement] [main] com.zaxxer.hikari.HikariConfig           : dataSourceProperties............{password=<masked>}
2025-01-31T07:59:03.614+10:00 DEBUG 61455 --- [RecordsManagement] [main] com.zaxxer.hikari.HikariConfig           : driverClassName................."org.h2.Driver"
2025-01-31T07:59:03.615+10:00 DEBUG 61455 --- [RecordsManagement] [main] com.zaxxer.hikari.HikariConfig           : exceptionOverrideClassName......none
2025-01-31T07:59:03.615+10:00 DEBUG 61455 --- [RecordsManagement] [main] com.zaxxer.hikari.HikariConfig           : healthCheckProperties...........{}
2025-01-31T07:59:03.615+10:00 DEBUG 61455 --- [RecordsManagement] [main] com.zaxxer.hikari.HikariConfig           : healthCheckRegistry.............none
2025-01-31T07:59:03.615+10:00 DEBUG 61455 --- [RecordsManagement] [main] com.zaxxer.hikari.HikariConfig           : idleTimeout.....................600000
2025-01-31T07:59:03.616+10:00 DEBUG 61455 --- [RecordsManagement] [main] com.zaxxer.hikari.HikariConfig           : initializationFailTimeout.......1
2025-01-31T07:59:03.616+10:00 DEBUG 61455 --- [RecordsManagement] [main] com.zaxxer.hikari.HikariConfig           : isolateInternalQueries..........false
2025-01-31T07:59:03.616+10:00 DEBUG 61455 --- [RecordsManagement] [main] com.zaxxer.hikari.HikariConfig           : jdbcUrl.........................jdbc:h2:mem:records-management
2025-01-31T07:59:03.616+10:00 DEBUG 61455 --- [RecordsManagement] [main] com.zaxxer.hikari.HikariConfig           : keepaliveTime...................0
2025-01-31T07:59:03.616+10:00 DEBUG 61455 --- [RecordsManagement] [main] com.zaxxer.hikari.HikariConfig           : leakDetectionThreshold..........0
2025-01-31T07:59:03.617+10:00 DEBUG 61455 --- [RecordsManagement] [main] com.zaxxer.hikari.HikariConfig           : maxLifetime.....................1800000
2025-01-31T07:59:03.617+10:00 DEBUG 61455 --- [RecordsManagement] [main] com.zaxxer.hikari.HikariConfig           : maximumPoolSize.................10
2025-01-31T07:59:03.617+10:00 DEBUG 61455 --- [RecordsManagement] [main] com.zaxxer.hikari.HikariConfig           : metricRegistry..................none
2025-01-31T07:59:03.617+10:00 DEBUG 61455 --- [RecordsManagement] [main] com.zaxxer.hikari.HikariConfig           : metricsTrackerFactory...........none
2025-01-31T07:59:03.618+10:00 DEBUG 61455 --- [RecordsManagement] [main] com.zaxxer.hikari.HikariConfig           : minimumIdle.....................10
2025-01-31T07:59:03.618+10:00 DEBUG 61455 --- [RecordsManagement] [main] com.zaxxer.hikari.HikariConfig           : password........................<masked>
2025-01-31T07:59:03.618+10:00 DEBUG 61455 --- [RecordsManagement] [main] com.zaxxer.hikari.HikariConfig           : poolName........................"HikariPool-1"
2025-01-31T07:59:03.618+10:00 DEBUG 61455 --- [RecordsManagement] [main] com.zaxxer.hikari.HikariConfig           : readOnly........................false
2025-01-31T07:59:03.619+10:00 DEBUG 61455 --- [RecordsManagement] [main] com.zaxxer.hikari.HikariConfig           : registerMbeans..................false
2025-01-31T07:59:03.619+10:00 DEBUG 61455 --- [RecordsManagement] [main] com.zaxxer.hikari.HikariConfig           : scheduledExecutor...............none
2025-01-31T07:59:03.619+10:00 DEBUG 61455 --- [RecordsManagement] [main] com.zaxxer.hikari.HikariConfig           : schema..........................none
2025-01-31T07:59:03.619+10:00 DEBUG 61455 --- [RecordsManagement] [main] com.zaxxer.hikari.HikariConfig           : threadFactory...................internal
2025-01-31T07:59:03.620+10:00 DEBUG 61455 --- [RecordsManagement] [main] com.zaxxer.hikari.HikariConfig           : transactionIsolation............default
2025-01-31T07:59:03.620+10:00 DEBUG 61455 --- [RecordsManagement] [main] com.zaxxer.hikari.HikariConfig           : username........................"sa"
2025-01-31T07:59:03.620+10:00 DEBUG 61455 --- [RecordsManagement] [main] com.zaxxer.hikari.HikariConfig           : validationTimeout...............5000
2025-01-31T07:59:05.019+10:00  WARN 61455 --- [RecordsManagement] [main] JpaBaseConfiguration$JpaWebConfiguration : spring.jpa.open-in-view is enabled by default. Therefore, database queries may be performed during view rendering. Explicitly configure spring.jpa.open-in-view to disable this warning
2025-01-31T08:49:24.109+10:00 DEBUG 64923 --- [RecordsManagement] [main] com.zaxxer.hikari.HikariConfig           : Driver class org.h2.Driver found in Thread context class loader jdk.internal.loader.ClassLoaders$AppClassLoader@1cf4f579
2025-01-31T08:49:24.471+10:00 DEBUG 64923 --- [RecordsManagement] [main] com.zaxxer.hikari.HikariConfig           : HikariPool-1 - configuration:
2025-01-31T08:49:24.475+10:00 DEBUG 64923 --- [RecordsManagement] [main] com.zaxxer.hikari.HikariConfig           : allowPoolSuspension.............false
2025-01-31T08:49:24.475+10:00 DEBUG 64923 --- [RecordsManagement] [main] com.zaxxer.hikari.HikariConfig           : autoCommit......................true
2025-01-31T08:49:24.475+10:00 DEBUG 64923 --- [RecordsManagement] [main] com.zaxxer.hikari.HikariConfig           : catalog.........................none
2025-01-31T08:49:24.476+10:00 DEBUG 64923 --- [RecordsManagement] [main] com.zaxxer.hikari.HikariConfig           : connectionInitSql...............none
2025-01-31T08:49:24.476+10:00 DEBUG 64923 --- [RecordsManagement] [main] com.zaxxer.hikari.HikariConfig           : connectionTestQuery.............none
2025-01-31T08:49:24.477+10:00 DEBUG 64923 --- [RecordsManagement] [main] com.zaxxer.hikari.HikariConfig           : connectionTimeout...............30000
2025-01-31T08:49:24.477+10:00 DEBUG 64923 --- [RecordsManagement] [main] com.zaxxer.hikari.HikariConfig           : dataSource......................none
2025-01-31T08:49:24.477+10:00 DEBUG 64923 --- [RecordsManagement] [main] com.zaxxer.hikari.HikariConfig           : dataSourceClassName.............none
2025-01-31T08:49:24.477+10:00 DEBUG 64923 --- [RecordsManagement] [main] com.zaxxer.hikari.HikariConfig           : dataSourceJNDI..................none
2025-01-31T08:49:24.478+10:00 DEBUG 64923 --- [RecordsManagement] [main] com.zaxxer.hikari.HikariConfig           : dataSourceProperties............{password=<masked>}
2025-01-31T08:49:24.478+10:00 DEBUG 64923 --- [RecordsManagement] [main] com.zaxxer.hikari.HikariConfig           : driverClassName................."org.h2.Driver"
2025-01-31T08:49:24.478+10:00 DEBUG 64923 --- [RecordsManagement] [main] com.zaxxer.hikari.HikariConfig           : exceptionOverrideClassName......none
2025-01-31T08:49:24.478+10:00 DEBUG 64923 --- [RecordsManagement] [main] com.zaxxer.hikari.HikariConfig           : healthCheckProperties...........{}
2025-01-31T08:49:24.478+10:00 DEBUG 64923 --- [RecordsManagement] [main] com.zaxxer.hikari.HikariConfig           : healthCheckRegistry.............none
2025-01-31T08:49:24.479+10:00 DEBUG 64923 --- [RecordsManagement] [main] com.zaxxer.hikari.HikariConfig           : idleTimeout.....................600000
2025-01-31T08:49:24.479+10:00 DEBUG 64923 --- [RecordsManagement] [main] com.zaxxer.hikari.HikariConfig           : initializationFailTimeout.......1
2025-01-31T08:49:24.479+10:00 DEBUG 64923 --- [RecordsManagement] [main] com.zaxxer.hikari.HikariConfig           : isolateInternalQueries..........false
2025-01-31T08:49:24.479+10:00 DEBUG 64923 --- [RecordsManagement] [main] com.zaxxer.hikari.HikariConfig           : jdbcUrl.........................jdbc:h2:mem:records-management
2025-01-31T08:49:24.480+10:00 DEBUG 64923 --- [RecordsManagement] [main] com.zaxxer.hikari.HikariConfig           : keepaliveTime...................0
2025-01-31T08:49:24.480+10:00 DEBUG 64923 --- [RecordsManagement] [main] com.zaxxer.hikari.HikariConfig           : leakDetectionThreshold..........0
2025-01-31T08:49:24.480+10:00 DEBUG 64923 --- [RecordsManagement] [main] com.zaxxer.hikari.HikariConfig           : maxLifetime.....................1800000
2025-01-31T08:49:24.480+10:00 DEBUG 64923 --- [RecordsManagement] [main] com.zaxxer.hikari.HikariConfig           : maximumPoolSize.................10
2025-01-31T08:49:24.480+10:00 DEBUG 64923 --- [RecordsManagement] [main] com.zaxxer.hikari.HikariConfig           : metricRegistry..................none
2025-01-31T08:49:24.481+10:00 DEBUG 64923 --- [RecordsManagement] [main] com.zaxxer.hikari.HikariConfig           : metricsTrackerFactory...........none
2025-01-31T08:49:24.481+10:00 DEBUG 64923 --- [RecordsManagement] [main] com.zaxxer.hikari.HikariConfig           : minimumIdle.....................10
2025-01-31T08:49:24.481+10:00 DEBUG 64923 --- [RecordsManagement] [main] com.zaxxer.hikari.HikariConfig           : password........................<masked>
2025-01-31T08:49:24.481+10:00 DEBUG 64923 --- [RecordsManagement] [main] com.zaxxer.hikari.HikariConfig           : poolName........................"HikariPool-1"
2025-01-31T08:49:24.481+10:00 DEBUG 64923 --- [RecordsManagement] [main] com.zaxxer.hikari.HikariConfig           : readOnly........................false
2025-01-31T08:49:24.482+10:00 DEBUG 64923 --- [RecordsManagement] [main] com.zaxxer.hikari.HikariConfig           : registerMbeans..................false
2025-01-31T08:49:24.482+10:00 DEBUG 64923 --- [RecordsManagement] [main] com.zaxxer.hikari.HikariConfig           : scheduledExecutor...............none
2025-01-31T08:49:24.482+10:00 DEBUG 64923 --- [RecordsManagement] [main] com.zaxxer.hikari.HikariConfig           : schema..........................none
2025-01-31T08:49:24.482+10:00 DEBUG 64923 --- [RecordsManagement] [main] com.zaxxer.hikari.HikariConfig           : threadFactory...................internal
2025-01-31T08:49:24.483+10:00 DEBUG 64923 --- [RecordsManagement] [main] com.zaxxer.hikari.HikariConfig           : transactionIsolation............default
2025-01-31T08:49:24.483+10:00 DEBUG 64923 --- [RecordsManagement] [main] com.zaxxer.hikari.HikariConfig           : username........................"sa"
2025-01-31T08:49:24.483+10:00 DEBUG 64923 --- [RecordsManagement] [main] com.zaxxer.hikari.HikariConfig           : validationTimeout...............5000
2025-01-31T08:49:25.785+10:00  WARN 64923 --- [RecordsManagement] [main] JpaBaseConfiguration$JpaWebConfiguration : spring.jpa.open-in-view is enabled by default. Therefore, database queries may be performed during view rendering. Explicitly configure spring.jpa.open-in-view to disable this warning
2025-01-31T12:21:06.954+10:00 DEBUG 76770 --- [RecordsManagement] [main] com.zaxxer.hikari.HikariConfig           : Driver class org.h2.Driver found in Thread context class loader jdk.internal.loader.ClassLoaders$AppClassLoader@1cf4f579
2025-01-31T12:21:07.340+10:00 DEBUG 76770 --- [RecordsManagement] [main] com.zaxxer.hikari.HikariConfig           : HikariPool-1 - configuration:
2025-01-31T12:21:07.343+10:00 DEBUG 76770 --- [RecordsManagement] [main] com.zaxxer.hikari.HikariConfig           : allowPoolSuspension.............false
2025-01-31T12:21:07.344+10:00 DEBUG 76770 --- [RecordsManagement] [main] com.zaxxer.hikari.HikariConfig           : autoCommit......................true
2025-01-31T12:21:07.344+10:00 DEBUG 76770 --- [RecordsManagement] [main] com.zaxxer.hikari.HikariConfig           : catalog.........................none
2025-01-31T12:21:07.344+10:00 DEBUG 76770 --- [RecordsManagement] [main] com.zaxxer.hikari.HikariConfig           : connectionInitSql...............none
2025-01-31T12:21:07.344+10:00 DEBUG 76770 --- [RecordsManagement] [main] com.zaxxer.hikari.HikariConfig           : connectionTestQuery.............none
2025-01-31T12:21:07.345+10:00 DEBUG 76770 --- [RecordsManagement] [main] com.zaxxer.hikari.HikariConfig           : connectionTimeout...............30000
2025-01-31T12:21:07.345+10:00 DEBUG 76770 --- [RecordsManagement] [main] com.zaxxer.hikari.HikariConfig           : dataSource......................none
2025-01-31T12:21:07.346+10:00 DEBUG 76770 --- [RecordsManagement] [main] com.zaxxer.hikari.HikariConfig           : dataSourceClassName.............none
2025-01-31T12:21:07.346+10:00 DEBUG 76770 --- [RecordsManagement] [main] com.zaxxer.hikari.HikariConfig           : dataSourceJNDI..................none
2025-01-31T12:21:07.346+10:00 DEBUG 76770 --- [RecordsManagement] [main] com.zaxxer.hikari.HikariConfig           : dataSourceProperties............{password=<masked>}
2025-01-31T12:21:07.346+10:00 DEBUG 76770 --- [RecordsManagement] [main] com.zaxxer.hikari.HikariConfig           : driverClassName................."org.h2.Driver"
2025-01-31T12:21:07.347+10:00 DEBUG 76770 --- [RecordsManagement] [main] com.zaxxer.hikari.HikariConfig           : exceptionOverrideClassName......none
2025-01-31T12:21:07.347+10:00 DEBUG 76770 --- [RecordsManagement] [main] com.zaxxer.hikari.HikariConfig           : healthCheckProperties...........{}
2025-01-31T12:21:07.347+10:00 DEBUG 76770 --- [RecordsManagement] [main] com.zaxxer.hikari.HikariConfig           : healthCheckRegistry.............none
2025-01-31T12:21:07.347+10:00 DEBUG 76770 --- [RecordsManagement] [main] com.zaxxer.hikari.HikariConfig           : idleTimeout.....................600000
2025-01-31T12:21:07.347+10:00 DEBUG 76770 --- [RecordsManagement] [main] com.zaxxer.hikari.HikariConfig           : initializationFailTimeout.......1
2025-01-31T12:21:07.348+10:00 DEBUG 76770 --- [RecordsManagement] [main] com.zaxxer.hikari.HikariConfig           : isolateInternalQueries..........false
2025-01-31T12:21:07.348+10:00 DEBUG 76770 --- [RecordsManagement] [main] com.zaxxer.hikari.HikariConfig           : jdbcUrl.........................jdbc:h2:mem:records-management
2025-01-31T12:21:07.348+10:00 DEBUG 76770 --- [RecordsManagement] [main] com.zaxxer.hikari.HikariConfig           : keepaliveTime...................0
2025-01-31T12:21:07.348+10:00 DEBUG 76770 --- [RecordsManagement] [main] com.zaxxer.hikari.HikariConfig           : leakDetectionThreshold..........0
2025-01-31T12:21:07.348+10:00 DEBUG 76770 --- [RecordsManagement] [main] com.zaxxer.hikari.HikariConfig           : maxLifetime.....................1800000
2025-01-31T12:21:07.349+10:00 DEBUG 76770 --- [RecordsManagement] [main] com.zaxxer.hikari.HikariConfig           : maximumPoolSize.................10
2025-01-31T12:21:07.349+10:00 DEBUG 76770 --- [RecordsManagement] [main] com.zaxxer.hikari.HikariConfig           : metricRegistry..................none
2025-01-31T12:21:07.349+10:00 DEBUG 76770 --- [RecordsManagement] [main] com.zaxxer.hikari.HikariConfig           : metricsTrackerFactory...........none
2025-01-31T12:21:07.349+10:00 DEBUG 76770 --- [RecordsManagement] [main] com.zaxxer.hikari.HikariConfig           : minimumIdle.....................10
2025-01-31T12:21:07.349+10:00 DEBUG 76770 --- [RecordsManagement] [main] com.zaxxer.hikari.HikariConfig           : password........................<masked>
2025-01-31T12:21:07.350+10:00 DEBUG 76770 --- [RecordsManagement] [main] com.zaxxer.hikari.HikariConfig           : poolName........................"HikariPool-1"
2025-01-31T12:21:07.350+10:00 DEBUG 76770 --- [RecordsManagement] [main] com.zaxxer.hikari.HikariConfig           : readOnly........................false
2025-01-31T12:21:07.350+10:00 DEBUG 76770 --- [RecordsManagement] [main] com.zaxxer.hikari.HikariConfig           : registerMbeans..................false
2025-01-31T12:21:07.350+10:00 DEBUG 76770 --- [RecordsManagement] [main] com.zaxxer.hikari.HikariConfig           : scheduledExecutor...............none
2025-01-31T12:21:07.351+10:00 DEBUG 76770 --- [RecordsManagement] [main] com.zaxxer.hikari.HikariConfig           : schema..........................none
2025-01-31T12:21:07.351+10:00 DEBUG 76770 --- [RecordsManagement] [main] com.zaxxer.hikari.HikariConfig           : threadFactory...................internal
2025-01-31T12:21:07.351+10:00 DEBUG 76770 --- [RecordsManagement] [main] com.zaxxer.hikari.HikariConfig           : transactionIsolation............default
2025-01-31T12:21:07.351+10:00 DEBUG 76770 --- [RecordsManagement] [main] com.zaxxer.hikari.HikariConfig           : username........................"sa"
2025-01-31T12:21:07.351+10:00 DEBUG 76770 --- [RecordsManagement] [main] com.zaxxer.hikari.HikariConfig           : validationTimeout...............5000
2025-01-31T12:21:08.674+10:00  WARN 76770 --- [RecordsManagement] [main] JpaBaseConfiguration$JpaWebConfiguration : spring.jpa.open-in-view is enabled by default. Therefore, database queries may be performed during view rendering. Explicitly configure spring.jpa.open-in-view to disable this warning
2025-01-31T12:21:12.645+10:00 DEBUG 76774 --- [RecordsManagement] [restartedMain] com.zaxxer.hikari.HikariConfig           : Driver class org.h2.Driver found in Thread context class loader org.springframework.boot.devtools.restart.classloader.RestartClassLoader@68da7f3f
2025-01-31T12:21:12.909+10:00 DEBUG 76774 --- [RecordsManagement] [restartedMain] com.zaxxer.hikari.HikariConfig           : HikariPool-1 - configuration:
2025-01-31T12:21:12.913+10:00 DEBUG 76774 --- [RecordsManagement] [restartedMain] com.zaxxer.hikari.HikariConfig           : allowPoolSuspension.............false
2025-01-31T12:21:12.913+10:00 DEBUG 76774 --- [RecordsManagement] [restartedMain] com.zaxxer.hikari.HikariConfig           : autoCommit......................true
2025-01-31T12:21:12.913+10:00 DEBUG 76774 --- [RecordsManagement] [restartedMain] com.zaxxer.hikari.HikariConfig           : catalog.........................none
2025-01-31T12:21:12.913+10:00 DEBUG 76774 --- [RecordsManagement] [restartedMain] com.zaxxer.hikari.HikariConfig           : connectionInitSql...............none
2025-01-31T12:21:12.914+10:00 DEBUG 76774 --- [RecordsManagement] [restartedMain] com.zaxxer.hikari.HikariConfig           : connectionTestQuery.............none
2025-01-31T12:21:12.915+10:00 DEBUG 76774 --- [RecordsManagement] [restartedMain] com.zaxxer.hikari.HikariConfig           : connectionTimeout...............30000
2025-01-31T12:21:12.915+10:00 DEBUG 76774 --- [RecordsManagement] [restartedMain] com.zaxxer.hikari.HikariConfig           : dataSource......................none
2025-01-31T12:21:12.915+10:00 DEBUG 76774 --- [RecordsManagement] [restartedMain] com.zaxxer.hikari.HikariConfig           : dataSourceClassName.............none
2025-01-31T12:21:12.915+10:00 DEBUG 76774 --- [RecordsManagement] [restartedMain] com.zaxxer.hikari.HikariConfig           : dataSourceJNDI..................none
2025-01-31T12:21:12.917+10:00 DEBUG 76774 --- [RecordsManagement] [restartedMain] com.zaxxer.hikari.HikariConfig           : dataSourceProperties............{password=<masked>}
2025-01-31T12:21:12.917+10:00 DEBUG 76774 --- [RecordsManagement] [restartedMain] com.zaxxer.hikari.HikariConfig           : driverClassName................."org.h2.Driver"
2025-01-31T12:21:12.917+10:00 DEBUG 76774 --- [RecordsManagement] [restartedMain] com.zaxxer.hikari.HikariConfig           : exceptionOverrideClassName......none
2025-01-31T12:21:12.918+10:00 DEBUG 76774 --- [RecordsManagement] [restartedMain] com.zaxxer.hikari.HikariConfig           : healthCheckProperties...........{}
2025-01-31T12:21:12.919+10:00 DEBUG 76774 --- [RecordsManagement] [restartedMain] com.zaxxer.hikari.HikariConfig           : healthCheckRegistry.............none
2025-01-31T12:21:12.920+10:00 DEBUG 76774 --- [RecordsManagement] [restartedMain] com.zaxxer.hikari.HikariConfig           : idleTimeout.....................600000
2025-01-31T12:21:12.920+10:00 DEBUG 76774 --- [RecordsManagement] [restartedMain] com.zaxxer.hikari.HikariConfig           : initializationFailTimeout.......1
2025-01-31T12:21:12.920+10:00 DEBUG 76774 --- [RecordsManagement] [restartedMain] com.zaxxer.hikari.HikariConfig           : isolateInternalQueries..........false
2025-01-31T12:21:12.922+10:00 DEBUG 76774 --- [RecordsManagement] [restartedMain] com.zaxxer.hikari.HikariConfig           : jdbcUrl.........................jdbc:h2:mem:records-management
2025-01-31T12:21:12.922+10:00 DEBUG 76774 --- [RecordsManagement] [restartedMain] com.zaxxer.hikari.HikariConfig           : keepaliveTime...................0
2025-01-31T12:21:12.922+10:00 DEBUG 76774 --- [RecordsManagement] [restartedMain] com.zaxxer.hikari.HikariConfig           : leakDetectionThreshold..........0
2025-01-31T12:21:12.923+10:00 DEBUG 76774 --- [RecordsManagement] [restartedMain] com.zaxxer.hikari.HikariConfig           : maxLifetime.....................1800000
2025-01-31T12:21:12.924+10:00 DEBUG 76774 --- [RecordsManagement] [restartedMain] com.zaxxer.hikari.HikariConfig           : maximumPoolSize.................10
2025-01-31T12:21:12.924+10:00 DEBUG 76774 --- [RecordsManagement] [restartedMain] com.zaxxer.hikari.HikariConfig           : metricRegistry..................none
2025-01-31T12:21:12.925+10:00 DEBUG 76774 --- [RecordsManagement] [restartedMain] com.zaxxer.hikari.HikariConfig           : metricsTrackerFactory...........none
2025-01-31T12:21:12.925+10:00 DEBUG 76774 --- [RecordsManagement] [restartedMain] com.zaxxer.hikari.HikariConfig           : minimumIdle.....................10
2025-01-31T12:21:12.927+10:00 DEBUG 76774 --- [RecordsManagement] [restartedMain] com.zaxxer.hikari.HikariConfig           : password........................<masked>
2025-01-31T12:21:12.927+10:00 DEBUG 76774 --- [RecordsManagement] [restartedMain] com.zaxxer.hikari.HikariConfig           : poolName........................"HikariPool-1"
2025-01-31T12:21:12.927+10:00 DEBUG 76774 --- [RecordsManagement] [restartedMain] com.zaxxer.hikari.HikariConfig           : readOnly........................false
2025-01-31T12:21:12.927+10:00 DEBUG 76774 --- [RecordsManagement] [restartedMain] com.zaxxer.hikari.HikariConfig           : registerMbeans..................false
2025-01-31T12:21:12.929+10:00 DEBUG 76774 --- [RecordsManagement] [restartedMain] com.zaxxer.hikari.HikariConfig           : scheduledExecutor...............none
2025-01-31T12:21:12.929+10:00 DEBUG 76774 --- [RecordsManagement] [restartedMain] com.zaxxer.hikari.HikariConfig           : schema..........................none
2025-01-31T12:21:12.929+10:00 DEBUG 76774 --- [RecordsManagement] [restartedMain] com.zaxxer.hikari.HikariConfig           : threadFactory...................internal
2025-01-31T12:21:12.929+10:00 DEBUG 76774 --- [RecordsManagement] [restartedMain] com.zaxxer.hikari.HikariConfig           : transactionIsolation............default
2025-01-31T12:21:12.932+10:00 DEBUG 76774 --- [RecordsManagement] [restartedMain] com.zaxxer.hikari.HikariConfig           : username........................"sa"
2025-01-31T12:21:12.932+10:00 DEBUG 76774 --- [RecordsManagement] [restartedMain] com.zaxxer.hikari.HikariConfig           : validationTimeout...............5000
2025-01-31T12:21:14.067+10:00  WARN 76774 --- [RecordsManagement] [restartedMain] JpaBaseConfiguration$JpaWebConfiguration : spring.jpa.open-in-view is enabled by default. Therefore, database queries may be performed during view rendering. Explicitly configure spring.jpa.open-in-view to disable this warning
2025-01-31T12:21:16.699+10:00  WARN 76774 --- [RecordsManagement] [SpringApplicationShutdownHook] o.s.b.f.support.DisposableBeanAdapter    : Invocation of destroy method failed on bean with name 'inMemoryDatabaseShutdownExecutor': org.h2.jdbc.JdbcSQLNonTransientConnectionException: Database is already closed (to disable automatic closing at VM shutdown, add ";DB_CLOSE_ON_EXIT=FALSE" to the db URL) [90121-224]
2025-01-31T12:22:33.200+10:00 DEBUG 76859 --- [RecordsManagement] [restartedMain] com.zaxxer.hikari.HikariConfig           : Driver class org.h2.Driver found in Thread context class loader org.springframework.boot.devtools.restart.classloader.RestartClassLoader@68da7f3f
2025-01-31T12:22:33.510+10:00 DEBUG 76859 --- [RecordsManagement] [restartedMain] com.zaxxer.hikari.HikariConfig           : HikariPool-1 - configuration:
2025-01-31T12:22:33.514+10:00 DEBUG 76859 --- [RecordsManagement] [restartedMain] com.zaxxer.hikari.HikariConfig           : allowPoolSuspension.............false
2025-01-31T12:22:33.514+10:00 DEBUG 76859 --- [RecordsManagement] [restartedMain] com.zaxxer.hikari.HikariConfig           : autoCommit......................true
2025-01-31T12:22:33.514+10:00 DEBUG 76859 --- [RecordsManagement] [restartedMain] com.zaxxer.hikari.HikariConfig           : catalog.........................none
2025-01-31T12:22:33.514+10:00 DEBUG 76859 --- [RecordsManagement] [restartedMain] com.zaxxer.hikari.HikariConfig           : connectionInitSql...............none
2025-01-31T12:22:33.515+10:00 DEBUG 76859 --- [RecordsManagement] [restartedMain] com.zaxxer.hikari.HikariConfig           : connectionTestQuery.............none
2025-01-31T12:22:33.515+10:00 DEBUG 76859 --- [RecordsManagement] [restartedMain] com.zaxxer.hikari.HikariConfig           : connectionTimeout...............30000
2025-01-31T12:22:33.515+10:00 DEBUG 76859 --- [RecordsManagement] [restartedMain] com.zaxxer.hikari.HikariConfig           : dataSource......................none
2025-01-31T12:22:33.515+10:00 DEBUG 76859 --- [RecordsManagement] [restartedMain] com.zaxxer.hikari.HikariConfig           : dataSourceClassName.............none
2025-01-31T12:22:33.516+10:00 DEBUG 76859 --- [RecordsManagement] [restartedMain] com.zaxxer.hikari.HikariConfig           : dataSourceJNDI..................none
2025-01-31T12:22:33.517+10:00 DEBUG 76859 --- [RecordsManagement] [restartedMain] com.zaxxer.hikari.HikariConfig           : dataSourceProperties............{password=<masked>}
2025-01-31T12:22:33.517+10:00 DEBUG 76859 --- [RecordsManagement] [restartedMain] com.zaxxer.hikari.HikariConfig           : driverClassName................."org.h2.Driver"
2025-01-31T12:22:33.517+10:00 DEBUG 76859 --- [RecordsManagement] [restartedMain] com.zaxxer.hikari.HikariConfig           : exceptionOverrideClassName......none
2025-01-31T12:22:33.518+10:00 DEBUG 76859 --- [RecordsManagement] [restartedMain] com.zaxxer.hikari.HikariConfig           : healthCheckProperties...........{}
2025-01-31T12:22:33.518+10:00 DEBUG 76859 --- [RecordsManagement] [restartedMain] com.zaxxer.hikari.HikariConfig           : healthCheckRegistry.............none
2025-01-31T12:22:33.519+10:00 DEBUG 76859 --- [RecordsManagement] [restartedMain] com.zaxxer.hikari.HikariConfig           : idleTimeout.....................600000
2025-01-31T12:22:33.519+10:00 DEBUG 76859 --- [RecordsManagement] [restartedMain] com.zaxxer.hikari.HikariConfig           : initializationFailTimeout.......1
2025-01-31T12:22:33.519+10:00 DEBUG 76859 --- [RecordsManagement] [restartedMain] com.zaxxer.hikari.HikariConfig           : isolateInternalQueries..........false
2025-01-31T12:22:33.520+10:00 DEBUG 76859 --- [RecordsManagement] [restartedMain] com.zaxxer.hikari.HikariConfig           : jdbcUrl.........................jdbc:h2:mem:records-management
2025-01-31T12:22:33.520+10:00 DEBUG 76859 --- [RecordsManagement] [restartedMain] com.zaxxer.hikari.HikariConfig           : keepaliveTime...................0
2025-01-31T12:22:33.520+10:00 DEBUG 76859 --- [RecordsManagement] [restartedMain] com.zaxxer.hikari.HikariConfig           : leakDetectionThreshold..........0
2025-01-31T12:22:33.521+10:00 DEBUG 76859 --- [RecordsManagement] [restartedMain] com.zaxxer.hikari.HikariConfig           : maxLifetime.....................1800000
2025-01-31T12:22:33.522+10:00 DEBUG 76859 --- [RecordsManagement] [restartedMain] com.zaxxer.hikari.HikariConfig           : maximumPoolSize.................10
2025-01-31T12:22:33.522+10:00 DEBUG 76859 --- [RecordsManagement] [restartedMain] com.zaxxer.hikari.HikariConfig           : metricRegistry..................none
2025-01-31T12:22:33.522+10:00 DEBUG 76859 --- [RecordsManagement] [restartedMain] com.zaxxer.hikari.HikariConfig           : metricsTrackerFactory...........none
2025-01-31T12:22:33.522+10:00 DEBUG 76859 --- [RecordsManagement] [restartedMain] com.zaxxer.hikari.HikariConfig           : minimumIdle.....................10
2025-01-31T12:22:33.523+10:00 DEBUG 76859 --- [RecordsManagement] [restartedMain] com.zaxxer.hikari.HikariConfig           : password........................<masked>
2025-01-31T12:22:33.524+10:00 DEBUG 76859 --- [RecordsManagement] [restartedMain] com.zaxxer.hikari.HikariConfig           : poolName........................"HikariPool-1"
2025-01-31T12:22:33.524+10:00 DEBUG 76859 --- [RecordsManagement] [restartedMain] com.zaxxer.hikari.HikariConfig           : readOnly........................false
2025-01-31T12:22:33.524+10:00 DEBUG 76859 --- [RecordsManagement] [restartedMain] com.zaxxer.hikari.HikariConfig           : registerMbeans..................false
2025-01-31T12:22:33.525+10:00 DEBUG 76859 --- [RecordsManagement] [restartedMain] com.zaxxer.hikari.HikariConfig           : scheduledExecutor...............none
2025-01-31T12:22:33.525+10:00 DEBUG 76859 --- [RecordsManagement] [restartedMain] com.zaxxer.hikari.HikariConfig           : schema..........................none
2025-01-31T12:22:33.526+10:00 DEBUG 76859 --- [RecordsManagement] [restartedMain] com.zaxxer.hikari.HikariConfig           : threadFactory...................internal
2025-01-31T12:22:33.526+10:00 DEBUG 76859 --- [RecordsManagement] [restartedMain] com.zaxxer.hikari.HikariConfig           : transactionIsolation............default
2025-01-31T12:22:33.527+10:00 DEBUG 76859 --- [RecordsManagement] [restartedMain] com.zaxxer.hikari.HikariConfig           : username........................"sa"
2025-01-31T12:22:33.528+10:00 DEBUG 76859 --- [RecordsManagement] [restartedMain] com.zaxxer.hikari.HikariConfig           : validationTimeout...............5000
2025-01-31T12:22:34.759+10:00  WARN 76859 --- [RecordsManagement] [restartedMain] JpaBaseConfiguration$JpaWebConfiguration : spring.jpa.open-in-view is enabled by default. Therefore, database queries may be performed during view rendering. Explicitly configure spring.jpa.open-in-view to disable this warning
2025-01-31T12:22:35.897+10:00  WARN 76859 --- [RecordsManagement] [SpringApplicationShutdownHook] o.s.b.f.support.DisposableBeanAdapter    : Invocation of destroy method failed on bean with name 'inMemoryDatabaseShutdownExecutor': org.h2.jdbc.JdbcSQLNonTransientConnectionException: Database is already closed (to disable automatic closing at VM shutdown, add ";DB_CLOSE_ON_EXIT=FALSE" to the db URL) [90121-224]
2025-01-31T12:23:17.453+10:00 DEBUG 76919 --- [RecordsManagement] [restartedMain] com.zaxxer.hikari.HikariConfig           : Driver class org.h2.Driver found in Thread context class loader org.springframework.boot.devtools.restart.classloader.RestartClassLoader@68da7f3f
2025-01-31T12:23:17.740+10:00 DEBUG 76919 --- [RecordsManagement] [restartedMain] com.zaxxer.hikari.HikariConfig           : HikariPool-1 - configuration:
2025-01-31T12:23:17.743+10:00 DEBUG 76919 --- [RecordsManagement] [restartedMain] com.zaxxer.hikari.HikariConfig           : allowPoolSuspension.............false
2025-01-31T12:23:17.744+10:00 DEBUG 76919 --- [RecordsManagement] [restartedMain] com.zaxxer.hikari.HikariConfig           : autoCommit......................true
2025-01-31T12:23:17.744+10:00 DEBUG 76919 --- [RecordsManagement] [restartedMain] com.zaxxer.hikari.HikariConfig           : catalog.........................none
2025-01-31T12:23:17.744+10:00 DEBUG 76919 --- [RecordsManagement] [restartedMain] com.zaxxer.hikari.HikariConfig           : connectionInitSql...............none
2025-01-31T12:23:17.745+10:00 DEBUG 76919 --- [RecordsManagement] [restartedMain] com.zaxxer.hikari.HikariConfig           : connectionTestQuery.............none
2025-01-31T12:23:17.746+10:00 DEBUG 76919 --- [RecordsManagement] [restartedMain] com.zaxxer.hikari.HikariConfig           : connectionTimeout...............30000
2025-01-31T12:23:17.746+10:00 DEBUG 76919 --- [RecordsManagement] [restartedMain] com.zaxxer.hikari.HikariConfig           : dataSource......................none
2025-01-31T12:23:17.746+10:00 DEBUG 76919 --- [RecordsManagement] [restartedMain] com.zaxxer.hikari.HikariConfig           : dataSourceClassName.............none
2025-01-31T12:23:17.748+10:00 DEBUG 76919 --- [RecordsManagement] [restartedMain] com.zaxxer.hikari.HikariConfig           : dataSourceJNDI..................none
2025-01-31T12:23:17.748+10:00 DEBUG 76919 --- [RecordsManagement] [restartedMain] com.zaxxer.hikari.HikariConfig           : dataSourceProperties............{password=<masked>}
2025-01-31T12:23:17.748+10:00 DEBUG 76919 --- [RecordsManagement] [restartedMain] com.zaxxer.hikari.HikariConfig           : driverClassName................."org.h2.Driver"
2025-01-31T12:23:17.749+10:00 DEBUG 76919 --- [RecordsManagement] [restartedMain] com.zaxxer.hikari.HikariConfig           : exceptionOverrideClassName......none
2025-01-31T12:23:17.750+10:00 DEBUG 76919 --- [RecordsManagement] [restartedMain] com.zaxxer.hikari.HikariConfig           : healthCheckProperties...........{}
2025-01-31T12:23:17.751+10:00 DEBUG 76919 --- [RecordsManagement] [restartedMain] com.zaxxer.hikari.HikariConfig           : healthCheckRegistry.............none
2025-01-31T12:23:17.751+10:00 DEBUG 76919 --- [RecordsManagement] [restartedMain] com.zaxxer.hikari.HikariConfig           : idleTimeout.....................600000
2025-01-31T12:23:17.751+10:00 DEBUG 76919 --- [RecordsManagement] [restartedMain] com.zaxxer.hikari.HikariConfig           : initializationFailTimeout.......1
2025-01-31T12:23:17.753+10:00 DEBUG 76919 --- [RecordsManagement] [restartedMain] com.zaxxer.hikari.HikariConfig           : isolateInternalQueries..........false
2025-01-31T12:23:17.753+10:00 DEBUG 76919 --- [RecordsManagement] [restartedMain] com.zaxxer.hikari.HikariConfig           : jdbcUrl.........................jdbc:h2:mem:records-management
2025-01-31T12:23:17.753+10:00 DEBUG 76919 --- [RecordsManagement] [restartedMain] com.zaxxer.hikari.HikariConfig           : keepaliveTime...................0
2025-01-31T12:23:17.753+10:00 DEBUG 76919 --- [RecordsManagement] [restartedMain] com.zaxxer.hikari.HikariConfig           : leakDetectionThreshold..........0
2025-01-31T12:23:17.756+10:00 DEBUG 76919 --- [RecordsManagement] [restartedMain] com.zaxxer.hikari.HikariConfig           : maxLifetime.....................1800000
2025-01-31T12:23:17.756+10:00 DEBUG 76919 --- [RecordsManagement] [restartedMain] com.zaxxer.hikari.HikariConfig           : maximumPoolSize.................10
2025-01-31T12:23:17.756+10:00 DEBUG 76919 --- [RecordsManagement] [restartedMain] com.zaxxer.hikari.HikariConfig           : metricRegistry..................none
2025-01-31T12:23:17.756+10:00 DEBUG 76919 --- [RecordsManagement] [restartedMain] com.zaxxer.hikari.HikariConfig           : metricsTrackerFactory...........none
2025-01-31T12:23:17.758+10:00 DEBUG 76919 --- [RecordsManagement] [restartedMain] com.zaxxer.hikari.HikariConfig           : minimumIdle.....................10
2025-01-31T12:23:17.758+10:00 DEBUG 76919 --- [RecordsManagement] [restartedMain] com.zaxxer.hikari.HikariConfig           : password........................<masked>
2025-01-31T12:23:17.758+10:00 DEBUG 76919 --- [RecordsManagement] [restartedMain] com.zaxxer.hikari.HikariConfig           : poolName........................"HikariPool-1"
2025-01-31T12:23:17.758+10:00 DEBUG 76919 --- [RecordsManagement] [restartedMain] com.zaxxer.hikari.HikariConfig           : readOnly........................false
2025-01-31T12:23:17.760+10:00 DEBUG 76919 --- [RecordsManagement] [restartedMain] com.zaxxer.hikari.HikariConfig           : registerMbeans..................false
2025-01-31T12:23:17.760+10:00 DEBUG 76919 --- [RecordsManagement] [restartedMain] com.zaxxer.hikari.HikariConfig           : scheduledExecutor...............none
2025-01-31T12:23:17.760+10:00 DEBUG 76919 --- [RecordsManagement] [restartedMain] com.zaxxer.hikari.HikariConfig           : schema..........................none
2025-01-31T12:23:17.760+10:00 DEBUG 76919 --- [RecordsManagement] [restartedMain] com.zaxxer.hikari.HikariConfig           : threadFactory...................internal
2025-01-31T12:23:17.762+10:00 DEBUG 76919 --- [RecordsManagement] [restartedMain] com.zaxxer.hikari.HikariConfig           : transactionIsolation............default
2025-01-31T12:23:17.762+10:00 DEBUG 76919 --- [RecordsManagement] [restartedMain] com.zaxxer.hikari.HikariConfig           : username........................"sa"
2025-01-31T12:23:17.762+10:00 DEBUG 76919 --- [RecordsManagement] [restartedMain] com.zaxxer.hikari.HikariConfig           : validationTimeout...............5000
2025-01-31T12:23:18.989+10:00  WARN 76919 --- [RecordsManagement] [restartedMain] JpaBaseConfiguration$JpaWebConfiguration : spring.jpa.open-in-view is enabled by default. Therefore, database queries may be performed during view rendering. Explicitly configure spring.jpa.open-in-view to disable this warning
2025-01-31T12:23:21.411+10:00  INFO 76919 --- [RecordsManagement] [http-nio-8080-exec-1] o.s.web.servlet.DispatcherServlet        : Initializing Servlet 'dispatcherServlet'
2025-01-31T12:23:21.412+10:00  INFO 76919 --- [RecordsManagement] [http-nio-8080-exec-1] o.s.web.servlet.DispatcherServlet        : Completed initialization in 1 ms
2025-01-31T12:24:28.235+10:00  INFO 76919 --- [RecordsManagement] [http-nio-8080-exec-8] c.m.r.controller.DashboardController     : getDashboard(...)
2025-01-31T12:24:28.236+10:00  INFO 76919 --- [RecordsManagement] [http-nio-8080-exec-8] c.m.r.controller.DashboardController     : getDashboard(...) - optionalUser is Present
2025-01-31T12:24:55.000+10:00  INFO 76919 --- [RecordsManagement] [http-nio-8080-exec-4] c.m.r.controller.DashboardController     : getDashboard(...)
2025-01-31T12:24:55.000+10:00  INFO 76919 --- [RecordsManagement] [http-nio-8080-exec-4] c.m.r.controller.DashboardController     : getDashboard(...) - optionalUser is Present
2025-01-31T12:24:57.049+10:00  INFO 76919 --- [RecordsManagement] [http-nio-8080-exec-9] c.m.r.controller.StudentController       : getStudentsByPersonId(...)
2025-01-31T12:24:57.049+10:00  INFO 76919 --- [RecordsManagement] [http-nio-8080-exec-1] c.m.r.controller.PersonController        : getPersonDetails(...)
2025-01-31T12:24:57.057+10:00 DEBUG 76919 --- [RecordsManagement] [http-nio-8080-exec-1] o.s.jdbc.datasource.DataSourceUtils      : Setting JDBC Connection [HikariProxyConnection@1285157004 wrapping conn0: url=jdbc:h2:mem:records-management user=SA] read-only
2025-01-31T12:24:57.061+10:00 DEBUG 76919 --- [RecordsManagement] [http-nio-8080-exec-1] o.s.jdbc.datasource.DataSourceUtils      : Resetting read-only flag of JDBC Connection [HikariProxyConnection@1285157004 wrapping conn0: url=jdbc:h2:mem:records-management user=SA]
2025-01-31T12:26:15.538+10:00  INFO 76919 --- [RecordsManagement] [http-nio-8080-exec-8] c.m.r.controller.PersonController        : viewPersonFullDetails(...) - Loading full details view for person ID: 1
2025-01-31T12:26:15.539+10:00 DEBUG 76919 --- [RecordsManagement] [http-nio-8080-exec-8] o.s.jdbc.datasource.DataSourceUtils      : Setting JDBC Connection [HikariProxyConnection@741945622 wrapping conn0: url=jdbc:h2:mem:records-management user=SA] read-only
2025-01-31T12:26:15.540+10:00 DEBUG 76919 --- [RecordsManagement] [http-nio-8080-exec-8] o.s.jdbc.datasource.DataSourceUtils      : Resetting read-only flag of JDBC Connection [HikariProxyConnection@741945622 wrapping conn0: url=jdbc:h2:mem:records-management user=SA]
2025-01-31T12:26:24.487+10:00  INFO 76919 --- [RecordsManagement] [http-nio-8080-exec-6] c.m.r.controller.PersonController        : viewPersonFullDetails(...) - Loading full details view for person ID: 1
2025-01-31T12:26:24.487+10:00 DEBUG 76919 --- [RecordsManagement] [http-nio-8080-exec-6] o.s.jdbc.datasource.DataSourceUtils      : Setting JDBC Connection [HikariProxyConnection@1539360442 wrapping conn0: url=jdbc:h2:mem:records-management user=SA] read-only
2025-01-31T12:26:24.488+10:00 DEBUG 76919 --- [RecordsManagement] [http-nio-8080-exec-6] o.s.jdbc.datasource.DataSourceUtils      : Resetting read-only flag of JDBC Connection [HikariProxyConnection@1539360442 wrapping conn0: url=jdbc:h2:mem:records-management user=SA]
2025-01-31T12:26:26.920+10:00  INFO 76919 --- [RecordsManagement] [http-nio-8080-exec-1] c.m.r.controller.PersonController        : viewPersonFullDetails(...) - Loading full details view for person ID: 1
2025-01-31T12:26:26.921+10:00 DEBUG 76919 --- [RecordsManagement] [http-nio-8080-exec-1] o.s.jdbc.datasource.DataSourceUtils      : Setting JDBC Connection [HikariProxyConnection@1994971220 wrapping conn0: url=jdbc:h2:mem:records-management user=SA] read-only
2025-01-31T12:26:26.922+10:00 DEBUG 76919 --- [RecordsManagement] [http-nio-8080-exec-1] o.s.jdbc.datasource.DataSourceUtils      : Resetting read-only flag of JDBC Connection [HikariProxyConnection@1994971220 wrapping conn0: url=jdbc:h2:mem:records-management user=SA]
2025-01-31T12:27:04.820+10:00  WARN 76919 --- [RecordsManagement] [SpringApplicationShutdownHook] o.s.b.f.support.DisposableBeanAdapter    : Invocation of destroy method failed on bean with name 'inMemoryDatabaseShutdownExecutor': org.h2.jdbc.JdbcSQLNonTransientConnectionException: Database is already closed (to disable automatic closing at VM shutdown, add ";DB_CLOSE_ON_EXIT=FALSE" to the db URL) [90121-224]
2025-01-31T12:27:10.701+10:00 DEBUG 77114 --- [RecordsManagement] [restartedMain] com.zaxxer.hikari.HikariConfig           : Driver class org.h2.Driver found in Thread context class loader org.springframework.boot.devtools.restart.classloader.RestartClassLoader@68da7f3f
2025-01-31T12:27:11.002+10:00 DEBUG 77114 --- [RecordsManagement] [restartedMain] com.zaxxer.hikari.HikariConfig           : HikariPool-1 - configuration:
2025-01-31T12:27:11.006+10:00 DEBUG 77114 --- [RecordsManagement] [restartedMain] com.zaxxer.hikari.HikariConfig           : allowPoolSuspension.............false
2025-01-31T12:27:11.006+10:00 DEBUG 77114 --- [RecordsManagement] [restartedMain] com.zaxxer.hikari.HikariConfig           : autoCommit......................true
2025-01-31T12:27:11.007+10:00 DEBUG 77114 --- [RecordsManagement] [restartedMain] com.zaxxer.hikari.HikariConfig           : catalog.........................none
2025-01-31T12:27:11.007+10:00 DEBUG 77114 --- [RecordsManagement] [restartedMain] com.zaxxer.hikari.HikariConfig           : connectionInitSql...............none
2025-01-31T12:27:11.007+10:00 DEBUG 77114 --- [RecordsManagement] [restartedMain] com.zaxxer.hikari.HikariConfig           : connectionTestQuery.............none
2025-01-31T12:27:11.008+10:00 DEBUG 77114 --- [RecordsManagement] [restartedMain] com.zaxxer.hikari.HikariConfig           : connectionTimeout...............30000
2025-01-31T12:27:11.008+10:00 DEBUG 77114 --- [RecordsManagement] [restartedMain] com.zaxxer.hikari.HikariConfig           : dataSource......................none
2025-01-31T12:27:11.008+10:00 DEBUG 77114 --- [RecordsManagement] [restartedMain] com.zaxxer.hikari.HikariConfig           : dataSourceClassName.............none
2025-01-31T12:27:11.009+10:00 DEBUG 77114 --- [RecordsManagement] [restartedMain] com.zaxxer.hikari.HikariConfig           : dataSourceJNDI..................none
2025-01-31T12:27:11.009+10:00 DEBUG 77114 --- [RecordsManagement] [restartedMain] com.zaxxer.hikari.HikariConfig           : dataSourceProperties............{password=<masked>}
2025-01-31T12:27:11.009+10:00 DEBUG 77114 --- [RecordsManagement] [restartedMain] com.zaxxer.hikari.HikariConfig           : driverClassName................."org.h2.Driver"
2025-01-31T12:27:11.010+10:00 DEBUG 77114 --- [RecordsManagement] [restartedMain] com.zaxxer.hikari.HikariConfig           : exceptionOverrideClassName......none
2025-01-31T12:27:11.011+10:00 DEBUG 77114 --- [RecordsManagement] [restartedMain] com.zaxxer.hikari.HikariConfig           : healthCheckProperties...........{}
2025-01-31T12:27:11.011+10:00 DEBUG 77114 --- [RecordsManagement] [restartedMain] com.zaxxer.hikari.HikariConfig           : healthCheckRegistry.............none
2025-01-31T12:27:11.011+10:00 DEBUG 77114 --- [RecordsManagement] [restartedMain] com.zaxxer.hikari.HikariConfig           : idleTimeout.....................600000
2025-01-31T12:27:11.011+10:00 DEBUG 77114 --- [RecordsManagement] [restartedMain] com.zaxxer.hikari.HikariConfig           : initializationFailTimeout.......1
2025-01-31T12:27:11.012+10:00 DEBUG 77114 --- [RecordsManagement] [restartedMain] com.zaxxer.hikari.HikariConfig           : isolateInternalQueries..........false
2025-01-31T12:27:11.013+10:00 DEBUG 77114 --- [RecordsManagement] [restartedMain] com.zaxxer.hikari.HikariConfig           : jdbcUrl.........................jdbc:h2:mem:records-management
2025-01-31T12:27:11.013+10:00 DEBUG 77114 --- [RecordsManagement] [restartedMain] com.zaxxer.hikari.HikariConfig           : keepaliveTime...................0
2025-01-31T12:27:11.013+10:00 DEBUG 77114 --- [RecordsManagement] [restartedMain] com.zaxxer.hikari.HikariConfig           : leakDetectionThreshold..........0
2025-01-31T12:27:11.014+10:00 DEBUG 77114 --- [RecordsManagement] [restartedMain] com.zaxxer.hikari.HikariConfig           : maxLifetime.....................1800000
2025-01-31T12:27:11.015+10:00 DEBUG 77114 --- [RecordsManagement] [restartedMain] com.zaxxer.hikari.HikariConfig           : maximumPoolSize.................10
2025-01-31T12:27:11.015+10:00 DEBUG 77114 --- [RecordsManagement] [restartedMain] com.zaxxer.hikari.HikariConfig           : metricRegistry..................none
2025-01-31T12:27:11.015+10:00 DEBUG 77114 --- [RecordsManagement] [restartedMain] com.zaxxer.hikari.HikariConfig           : metricsTrackerFactory...........none
2025-01-31T12:27:11.016+10:00 DEBUG 77114 --- [RecordsManagement] [restartedMain] com.zaxxer.hikari.HikariConfig           : minimumIdle.....................10
2025-01-31T12:27:11.016+10:00 DEBUG 77114 --- [RecordsManagement] [restartedMain] com.zaxxer.hikari.HikariConfig           : password........................<masked>
2025-01-31T12:27:11.016+10:00 DEBUG 77114 --- [RecordsManagement] [restartedMain] com.zaxxer.hikari.HikariConfig           : poolName........................"HikariPool-1"
2025-01-31T12:27:11.017+10:00 DEBUG 77114 --- [RecordsManagement] [restartedMain] com.zaxxer.hikari.HikariConfig           : readOnly........................false
2025-01-31T12:27:11.018+10:00 DEBUG 77114 --- [RecordsManagement] [restartedMain] com.zaxxer.hikari.HikariConfig           : registerMbeans..................false
2025-01-31T12:27:11.018+10:00 DEBUG 77114 --- [RecordsManagement] [restartedMain] com.zaxxer.hikari.HikariConfig           : scheduledExecutor...............none
2025-01-31T12:27:11.019+10:00 DEBUG 77114 --- [RecordsManagement] [restartedMain] com.zaxxer.hikari.HikariConfig           : schema..........................none
2025-01-31T12:27:11.019+10:00 DEBUG 77114 --- [RecordsManagement] [restartedMain] com.zaxxer.hikari.HikariConfig           : threadFactory...................internal
2025-01-31T12:27:11.020+10:00 DEBUG 77114 --- [RecordsManagement] [restartedMain] com.zaxxer.hikari.HikariConfig           : transactionIsolation............default
2025-01-31T12:27:11.020+10:00 DEBUG 77114 --- [RecordsManagement] [restartedMain] com.zaxxer.hikari.HikariConfig           : username........................"sa"
2025-01-31T12:27:11.020+10:00 DEBUG 77114 --- [RecordsManagement] [restartedMain] com.zaxxer.hikari.HikariConfig           : validationTimeout...............5000
2025-01-31T12:27:12.256+10:00  WARN 77114 --- [RecordsManagement] [restartedMain] JpaBaseConfiguration$JpaWebConfiguration : spring.jpa.open-in-view is enabled by default. Therefore, database queries may be performed during view rendering. Explicitly configure spring.jpa.open-in-view to disable this warning
2025-01-31T12:27:18.232+10:00  INFO 77114 --- [RecordsManagement] [http-nio-8080-exec-1] o.s.web.servlet.DispatcherServlet        : Initializing Servlet 'dispatcherServlet'
2025-01-31T12:27:18.233+10:00  INFO 77114 --- [RecordsManagement] [http-nio-8080-exec-1] o.s.web.servlet.DispatcherServlet        : Completed initialization in 1 ms
2025-01-31T12:27:18.323+10:00  INFO 77114 --- [RecordsManagement] [http-nio-8080-exec-1] c.m.r.controller.DashboardController     : getDashboard(...)
2025-01-31T12:27:18.323+10:00  INFO 77114 --- [RecordsManagement] [http-nio-8080-exec-1] c.m.r.controller.DashboardController     : getDashboard(...) - optionalUser is Present
2025-01-31T12:27:21.003+10:00  INFO 77114 --- [RecordsManagement] [http-nio-8080-exec-6] c.m.r.controller.StudentController       : getStudentsByPersonId(...)
2025-01-31T12:27:21.003+10:00  INFO 77114 --- [RecordsManagement] [http-nio-8080-exec-5] c.m.r.controller.PersonController        : getPersonDetails(...)
2025-01-31T12:27:21.006+10:00 DEBUG 77114 --- [RecordsManagement] [http-nio-8080-exec-5] o.s.jdbc.datasource.DataSourceUtils      : Setting JDBC Connection [HikariProxyConnection@34807501 wrapping conn0: url=jdbc:h2:mem:records-management user=SA] read-only
2025-01-31T12:27:21.011+10:00 DEBUG 77114 --- [RecordsManagement] [http-nio-8080-exec-5] o.s.jdbc.datasource.DataSourceUtils      : Resetting read-only flag of JDBC Connection [HikariProxyConnection@34807501 wrapping conn0: url=jdbc:h2:mem:records-management user=SA]
2025-01-31T12:27:21.831+10:00  INFO 77114 --- [RecordsManagement] [http-nio-8080-exec-7] c.m.r.controller.PersonController        : viewPersonFullDetails(...) - Loading full details view for person ID: 1
2025-01-31T12:27:21.832+10:00 DEBUG 77114 --- [RecordsManagement] [http-nio-8080-exec-7] o.s.jdbc.datasource.DataSourceUtils      : Setting JDBC Connection [HikariProxyConnection@553965853 wrapping conn0: url=jdbc:h2:mem:records-management user=SA] read-only
2025-01-31T12:27:21.834+10:00 DEBUG 77114 --- [RecordsManagement] [http-nio-8080-exec-7] o.s.jdbc.datasource.DataSourceUtils      : Resetting read-only flag of JDBC Connection [HikariProxyConnection@553965853 wrapping conn0: url=jdbc:h2:mem:records-management user=SA]
2025-01-31T12:27:39.454+10:00  INFO 77114 --- [RecordsManagement] [http-nio-8080-exec-9] c.m.r.controller.PersonController        : viewPersonFullDetails(...) - Loading full details view for person ID: 1
2025-01-31T12:27:39.455+10:00 DEBUG 77114 --- [RecordsManagement] [http-nio-8080-exec-9] o.s.jdbc.datasource.DataSourceUtils      : Setting JDBC Connection [HikariProxyConnection@2040708040 wrapping conn0: url=jdbc:h2:mem:records-management user=SA] read-only
2025-01-31T12:27:39.456+10:00 DEBUG 77114 --- [RecordsManagement] [http-nio-8080-exec-9] o.s.jdbc.datasource.DataSourceUtils      : Resetting read-only flag of JDBC Connection [HikariProxyConnection@2040708040 wrapping conn0: url=jdbc:h2:mem:records-management user=SA]
2025-01-31T12:27:41.858+10:00  INFO 77114 --- [RecordsManagement] [http-nio-8080-exec-1] c.m.r.controller.PersonController        : viewPersonFullDetails(...) - Loading full details view for person ID: 1
2025-01-31T12:27:41.859+10:00 DEBUG 77114 --- [RecordsManagement] [http-nio-8080-exec-1] o.s.jdbc.datasource.DataSourceUtils      : Setting JDBC Connection [HikariProxyConnection@1906266455 wrapping conn0: url=jdbc:h2:mem:records-management user=SA] read-only
2025-01-31T12:27:41.860+10:00 DEBUG 77114 --- [RecordsManagement] [http-nio-8080-exec-1] o.s.jdbc.datasource.DataSourceUtils      : Resetting read-only flag of JDBC Connection [HikariProxyConnection@1906266455 wrapping conn0: url=jdbc:h2:mem:records-management user=SA]
2025-01-31T12:30:30.633+10:00  INFO 77114 --- [RecordsManagement] [http-nio-8080-exec-6] c.m.r.controller.DashboardController     : getDashboard(...)
2025-01-31T12:30:30.633+10:00  INFO 77114 --- [RecordsManagement] [http-nio-8080-exec-6] c.m.r.controller.DashboardController     : getDashboard(...) - optionalUser is Present
2025-01-31T12:30:32.677+10:00  INFO 77114 --- [RecordsManagement] [http-nio-8080-exec-10] c.m.r.controller.StudentController       : getStudentsByPersonId(...)
2025-01-31T12:30:32.677+10:00  INFO 77114 --- [RecordsManagement] [http-nio-8080-exec-9] c.m.r.controller.PersonController        : getPersonDetails(...)
2025-01-31T12:30:32.677+10:00 DEBUG 77114 --- [RecordsManagement] [http-nio-8080-exec-9] o.s.jdbc.datasource.DataSourceUtils      : Setting JDBC Connection [HikariProxyConnection@1655677291 wrapping conn0: url=jdbc:h2:mem:records-management user=SA] read-only
2025-01-31T12:30:32.678+10:00 DEBUG 77114 --- [RecordsManagement] [http-nio-8080-exec-9] o.s.jdbc.datasource.DataSourceUtils      : Resetting read-only flag of JDBC Connection [HikariProxyConnection@1655677291 wrapping conn0: url=jdbc:h2:mem:records-management user=SA]
2025-01-31T12:32:23.317+10:00  WARN 77114 --- [RecordsManagement] [SpringApplicationShutdownHook] o.s.b.f.support.DisposableBeanAdapter    : Invocation of destroy method failed on bean with name 'inMemoryDatabaseShutdownExecutor': org.h2.jdbc.JdbcSQLNonTransientConnectionException: Database is already closed (to disable automatic closing at VM shutdown, add ";DB_CLOSE_ON_EXIT=FALSE" to the db URL) [90121-224]
2025-01-31T12:32:30.223+10:00 DEBUG 77370 --- [RecordsManagement] [restartedMain] com.zaxxer.hikari.HikariConfig           : Driver class org.h2.Driver found in Thread context class loader org.springframework.boot.devtools.restart.classloader.RestartClassLoader@68da7f3f
2025-01-31T12:32:30.513+10:00 DEBUG 77370 --- [RecordsManagement] [restartedMain] com.zaxxer.hikari.HikariConfig           : HikariPool-1 - configuration:
2025-01-31T12:32:30.516+10:00 DEBUG 77370 --- [RecordsManagement] [restartedMain] com.zaxxer.hikari.HikariConfig           : allowPoolSuspension.............false
2025-01-31T12:32:30.517+10:00 DEBUG 77370 --- [RecordsManagement] [restartedMain] com.zaxxer.hikari.HikariConfig           : autoCommit......................true
2025-01-31T12:32:30.517+10:00 DEBUG 77370 --- [RecordsManagement] [restartedMain] com.zaxxer.hikari.HikariConfig           : catalog.........................none
2025-01-31T12:32:30.517+10:00 DEBUG 77370 --- [RecordsManagement] [restartedMain] com.zaxxer.hikari.HikariConfig           : connectionInitSql...............none
2025-01-31T12:32:30.517+10:00 DEBUG 77370 --- [RecordsManagement] [restartedMain] com.zaxxer.hikari.HikariConfig           : connectionTestQuery.............none
2025-01-31T12:32:30.518+10:00 DEBUG 77370 --- [RecordsManagement] [restartedMain] com.zaxxer.hikari.HikariConfig           : connectionTimeout...............30000
2025-01-31T12:32:30.518+10:00 DEBUG 77370 --- [RecordsManagement] [restartedMain] com.zaxxer.hikari.HikariConfig           : dataSource......................none
2025-01-31T12:32:30.518+10:00 DEBUG 77370 --- [RecordsManagement] [restartedMain] com.zaxxer.hikari.HikariConfig           : dataSourceClassName.............none
2025-01-31T12:32:30.518+10:00 DEBUG 77370 --- [RecordsManagement] [restartedMain] com.zaxxer.hikari.HikariConfig           : dataSourceJNDI..................none
2025-01-31T12:32:30.520+10:00 DEBUG 77370 --- [RecordsManagement] [restartedMain] com.zaxxer.hikari.HikariConfig           : dataSourceProperties............{password=<masked>}
2025-01-31T12:32:30.520+10:00 DEBUG 77370 --- [RecordsManagement] [restartedMain] com.zaxxer.hikari.HikariConfig           : driverClassName................."org.h2.Driver"
2025-01-31T12:32:30.520+10:00 DEBUG 77370 --- [RecordsManagement] [restartedMain] com.zaxxer.hikari.HikariConfig           : exceptionOverrideClassName......none
2025-01-31T12:32:30.520+10:00 DEBUG 77370 --- [RecordsManagement] [restartedMain] com.zaxxer.hikari.HikariConfig           : healthCheckProperties...........{}
2025-01-31T12:32:30.522+10:00 DEBUG 77370 --- [RecordsManagement] [restartedMain] com.zaxxer.hikari.HikariConfig           : healthCheckRegistry.............none
2025-01-31T12:32:30.522+10:00 DEBUG 77370 --- [RecordsManagement] [restartedMain] com.zaxxer.hikari.HikariConfig           : idleTimeout.....................600000
2025-01-31T12:32:30.522+10:00 DEBUG 77370 --- [RecordsManagement] [restartedMain] com.zaxxer.hikari.HikariConfig           : initializationFailTimeout.......1
2025-01-31T12:32:30.522+10:00 DEBUG 77370 --- [RecordsManagement] [restartedMain] com.zaxxer.hikari.HikariConfig           : isolateInternalQueries..........false
2025-01-31T12:32:30.524+10:00 DEBUG 77370 --- [RecordsManagement] [restartedMain] com.zaxxer.hikari.HikariConfig           : jdbcUrl.........................jdbc:h2:mem:records-management
2025-01-31T12:32:30.524+10:00 DEBUG 77370 --- [RecordsManagement] [restartedMain] com.zaxxer.hikari.HikariConfig           : keepaliveTime...................0
2025-01-31T12:32:30.524+10:00 DEBUG 77370 --- [RecordsManagement] [restartedMain] com.zaxxer.hikari.HikariConfig           : leakDetectionThreshold..........0
2025-01-31T12:32:30.524+10:00 DEBUG 77370 --- [RecordsManagement] [restartedMain] com.zaxxer.hikari.HikariConfig           : maxLifetime.....................1800000
2025-01-31T12:32:30.526+10:00 DEBUG 77370 --- [RecordsManagement] [restartedMain] com.zaxxer.hikari.HikariConfig           : maximumPoolSize.................10
2025-01-31T12:32:30.527+10:00 DEBUG 77370 --- [RecordsManagement] [restartedMain] com.zaxxer.hikari.HikariConfig           : metricRegistry..................none
2025-01-31T12:32:30.527+10:00 DEBUG 77370 --- [RecordsManagement] [restartedMain] com.zaxxer.hikari.HikariConfig           : metricsTrackerFactory...........none
2025-01-31T12:32:30.527+10:00 DEBUG 77370 --- [RecordsManagement] [restartedMain] com.zaxxer.hikari.HikariConfig           : minimumIdle.....................10
2025-01-31T12:32:30.529+10:00 DEBUG 77370 --- [RecordsManagement] [restartedMain] com.zaxxer.hikari.HikariConfig           : password........................<masked>
2025-01-31T12:32:30.529+10:00 DEBUG 77370 --- [RecordsManagement] [restartedMain] com.zaxxer.hikari.HikariConfig           : poolName........................"HikariPool-1"
2025-01-31T12:32:30.529+10:00 DEBUG 77370 --- [RecordsManagement] [restartedMain] com.zaxxer.hikari.HikariConfig           : readOnly........................false
2025-01-31T12:32:30.529+10:00 DEBUG 77370 --- [RecordsManagement] [restartedMain] com.zaxxer.hikari.HikariConfig           : registerMbeans..................false
2025-01-31T12:32:30.531+10:00 DEBUG 77370 --- [RecordsManagement] [restartedMain] com.zaxxer.hikari.HikariConfig           : scheduledExecutor...............none
2025-01-31T12:32:30.531+10:00 DEBUG 77370 --- [RecordsManagement] [restartedMain] com.zaxxer.hikari.HikariConfig           : schema..........................none
2025-01-31T12:32:30.531+10:00 DEBUG 77370 --- [RecordsManagement] [restartedMain] com.zaxxer.hikari.HikariConfig           : threadFactory...................internal
2025-01-31T12:32:30.532+10:00 DEBUG 77370 --- [RecordsManagement] [restartedMain] com.zaxxer.hikari.HikariConfig           : transactionIsolation............default
2025-01-31T12:32:30.534+10:00 DEBUG 77370 --- [RecordsManagement] [restartedMain] com.zaxxer.hikari.HikariConfig           : username........................"sa"
2025-01-31T12:32:30.534+10:00 DEBUG 77370 --- [RecordsManagement] [restartedMain] com.zaxxer.hikari.HikariConfig           : validationTimeout...............5000
2025-01-31T12:32:31.780+10:00  WARN 77370 --- [RecordsManagement] [restartedMain] JpaBaseConfiguration$JpaWebConfiguration : spring.jpa.open-in-view is enabled by default. Therefore, database queries may be performed during view rendering. Explicitly configure spring.jpa.open-in-view to disable this warning
2025-01-31T12:32:44.151+10:00  INFO 77370 --- [RecordsManagement] [http-nio-8080-exec-1] o.s.web.servlet.DispatcherServlet        : Initializing Servlet 'dispatcherServlet'
2025-01-31T12:32:44.152+10:00  INFO 77370 --- [RecordsManagement] [http-nio-8080-exec-1] o.s.web.servlet.DispatcherServlet        : Completed initialization in 1 ms
2025-01-31T12:32:44.240+10:00  INFO 77370 --- [RecordsManagement] [http-nio-8080-exec-1] c.m.r.controller.DashboardController     : getDashboard(...)
2025-01-31T12:32:44.240+10:00  INFO 77370 --- [RecordsManagement] [http-nio-8080-exec-1] c.m.r.controller.DashboardController     : getDashboard(...) - optionalUser is Present
2025-01-31T12:32:46.015+10:00  INFO 77370 --- [RecordsManagement] [http-nio-8080-exec-5] c.m.r.controller.DashboardController     : getDashboard(...)
2025-01-31T12:32:46.015+10:00  INFO 77370 --- [RecordsManagement] [http-nio-8080-exec-5] c.m.r.controller.DashboardController     : getDashboard(...) - optionalUser is Present
2025-01-31T12:32:48.065+10:00  INFO 77370 --- [RecordsManagement] [http-nio-8080-exec-10] c.m.r.controller.StudentController       : getStudentsByPersonId(...)
2025-01-31T12:32:48.065+10:00  INFO 77370 --- [RecordsManagement] [http-nio-8080-exec-9] c.m.r.controller.PersonController        : getPersonDetails(...)
2025-01-31T12:32:48.069+10:00 DEBUG 77370 --- [RecordsManagement] [http-nio-8080-exec-9] o.s.jdbc.datasource.DataSourceUtils      : Setting JDBC Connection [HikariProxyConnection@262322544 wrapping conn0: url=jdbc:h2:mem:records-management user=SA] read-only
2025-01-31T12:32:48.073+10:00 DEBUG 77370 --- [RecordsManagement] [http-nio-8080-exec-9] o.s.jdbc.datasource.DataSourceUtils      : Resetting read-only flag of JDBC Connection [HikariProxyConnection@262322544 wrapping conn0: url=jdbc:h2:mem:records-management user=SA]
2025-01-31T12:32:49.286+10:00  INFO 77370 --- [RecordsManagement] [http-nio-8080-exec-1] c.m.r.controller.PersonController        : viewPersonFullDetails(...) - Loading full details view for person ID: 1
2025-01-31T12:32:49.286+10:00 DEBUG 77370 --- [RecordsManagement] [http-nio-8080-exec-1] o.s.jdbc.datasource.DataSourceUtils      : Setting JDBC Connection [HikariProxyConnection@319442694 wrapping conn0: url=jdbc:h2:mem:records-management user=SA] read-only
2025-01-31T12:32:49.288+10:00 DEBUG 77370 --- [RecordsManagement] [http-nio-8080-exec-1] o.s.jdbc.datasource.DataSourceUtils      : Resetting read-only flag of JDBC Connection [HikariProxyConnection@319442694 wrapping conn0: url=jdbc:h2:mem:records-management user=SA]
2025-01-31T12:32:57.174+10:00  INFO 77370 --- [RecordsManagement] [http-nio-8080-exec-4] c.m.r.controller.DashboardController     : getDashboard(...)
2025-01-31T12:32:57.174+10:00  INFO 77370 --- [RecordsManagement] [http-nio-8080-exec-4] c.m.r.controller.DashboardController     : getDashboard(...) - optionalUser is Present
2025-01-31T12:32:59.214+10:00  INFO 77370 --- [RecordsManagement] [http-nio-8080-exec-6] c.m.r.controller.StudentController       : getStudentsByPersonId(...)
2025-01-31T12:32:59.214+10:00  INFO 77370 --- [RecordsManagement] [http-nio-8080-exec-7] c.m.r.controller.PersonController        : getPersonDetails(...)
2025-01-31T12:32:59.214+10:00 DEBUG 77370 --- [RecordsManagement] [http-nio-8080-exec-7] o.s.jdbc.datasource.DataSourceUtils      : Setting JDBC Connection [HikariProxyConnection@668841395 wrapping conn0: url=jdbc:h2:mem:records-management user=SA] read-only
2025-01-31T12:32:59.215+10:00 DEBUG 77370 --- [RecordsManagement] [http-nio-8080-exec-7] o.s.jdbc.datasource.DataSourceUtils      : Resetting read-only flag of JDBC Connection [HikariProxyConnection@668841395 wrapping conn0: url=jdbc:h2:mem:records-management user=SA]
2025-01-31T12:47:58.972+10:00  WARN 77370 --- [RecordsManagement] [SpringApplicationShutdownHook] o.s.b.f.support.DisposableBeanAdapter    : Invocation of destroy method failed on bean with name 'inMemoryDatabaseShutdownExecutor': org.h2.jdbc.JdbcSQLNonTransientConnectionException: Database is already closed (to disable automatic closing at VM shutdown, add ";DB_CLOSE_ON_EXIT=FALSE" to the db URL) [90121-224]
2025-01-31T12:48:07.675+10:00 DEBUG 78126 --- [RecordsManagement] [restartedMain] com.zaxxer.hikari.HikariConfig           : Driver class org.h2.Driver found in Thread context class loader org.springframework.boot.devtools.restart.classloader.RestartClassLoader@68da7f3f
2025-01-31T12:48:08.013+10:00 DEBUG 78126 --- [RecordsManagement] [restartedMain] com.zaxxer.hikari.HikariConfig           : HikariPool-1 - configuration:
2025-01-31T12:48:08.016+10:00 DEBUG 78126 --- [RecordsManagement] [restartedMain] com.zaxxer.hikari.HikariConfig           : allowPoolSuspension.............false
2025-01-31T12:48:08.017+10:00 DEBUG 78126 --- [RecordsManagement] [restartedMain] com.zaxxer.hikari.HikariConfig           : autoCommit......................true
2025-01-31T12:48:08.017+10:00 DEBUG 78126 --- [RecordsManagement] [restartedMain] com.zaxxer.hikari.HikariConfig           : catalog.........................none
2025-01-31T12:48:08.017+10:00 DEBUG 78126 --- [RecordsManagement] [restartedMain] com.zaxxer.hikari.HikariConfig           : connectionInitSql...............none
2025-01-31T12:48:08.017+10:00 DEBUG 78126 --- [RecordsManagement] [restartedMain] com.zaxxer.hikari.HikariConfig           : connectionTestQuery.............none
2025-01-31T12:48:08.018+10:00 DEBUG 78126 --- [RecordsManagement] [restartedMain] com.zaxxer.hikari.HikariConfig           : connectionTimeout...............30000
2025-01-31T12:48:08.018+10:00 DEBUG 78126 --- [RecordsManagement] [restartedMain] com.zaxxer.hikari.HikariConfig           : dataSource......................none
2025-01-31T12:48:08.018+10:00 DEBUG 78126 --- [RecordsManagement] [restartedMain] com.zaxxer.hikari.HikariConfig           : dataSourceClassName.............none
2025-01-31T12:48:08.019+10:00 DEBUG 78126 --- [RecordsManagement] [restartedMain] com.zaxxer.hikari.HikariConfig           : dataSourceJNDI..................none
2025-01-31T12:48:08.020+10:00 DEBUG 78126 --- [RecordsManagement] [restartedMain] com.zaxxer.hikari.HikariConfig           : dataSourceProperties............{password=<masked>}
2025-01-31T12:48:08.020+10:00 DEBUG 78126 --- [RecordsManagement] [restartedMain] com.zaxxer.hikari.HikariConfig           : driverClassName................."org.h2.Driver"
2025-01-31T12:48:08.020+10:00 DEBUG 78126 --- [RecordsManagement] [restartedMain] com.zaxxer.hikari.HikariConfig           : exceptionOverrideClassName......none
2025-01-31T12:48:08.022+10:00 DEBUG 78126 --- [RecordsManagement] [restartedMain] com.zaxxer.hikari.HikariConfig           : healthCheckProperties...........{}
2025-01-31T12:48:08.022+10:00 DEBUG 78126 --- [RecordsManagement] [restartedMain] com.zaxxer.hikari.HikariConfig           : healthCheckRegistry.............none
2025-01-31T12:48:08.022+10:00 DEBUG 78126 --- [RecordsManagement] [restartedMain] com.zaxxer.hikari.HikariConfig           : idleTimeout.....................600000
2025-01-31T12:48:08.022+10:00 DEBUG 78126 --- [RecordsManagement] [restartedMain] com.zaxxer.hikari.HikariConfig           : initializationFailTimeout.......1
2025-01-31T12:48:08.024+10:00 DEBUG 78126 --- [RecordsManagement] [restartedMain] com.zaxxer.hikari.HikariConfig           : isolateInternalQueries..........false
2025-01-31T12:48:08.024+10:00 DEBUG 78126 --- [RecordsManagement] [restartedMain] com.zaxxer.hikari.HikariConfig           : jdbcUrl.........................jdbc:h2:mem:records-management
2025-01-31T12:48:08.024+10:00 DEBUG 78126 --- [RecordsManagement] [restartedMain] com.zaxxer.hikari.HikariConfig           : keepaliveTime...................0
2025-01-31T12:48:08.024+10:00 DEBUG 78126 --- [RecordsManagement] [restartedMain] com.zaxxer.hikari.HikariConfig           : leakDetectionThreshold..........0
2025-01-31T12:48:08.026+10:00 DEBUG 78126 --- [RecordsManagement] [restartedMain] com.zaxxer.hikari.HikariConfig           : maxLifetime.....................1800000
2025-01-31T12:48:08.027+10:00 DEBUG 78126 --- [RecordsManagement] [restartedMain] com.zaxxer.hikari.HikariConfig           : maximumPoolSize.................10
2025-01-31T12:48:08.027+10:00 DEBUG 78126 --- [RecordsManagement] [restartedMain] com.zaxxer.hikari.HikariConfig           : metricRegistry..................none
2025-01-31T12:48:08.027+10:00 DEBUG 78126 --- [RecordsManagement] [restartedMain] com.zaxxer.hikari.HikariConfig           : metricsTrackerFactory...........none
2025-01-31T12:48:08.029+10:00 DEBUG 78126 --- [RecordsManagement] [restartedMain] com.zaxxer.hikari.HikariConfig           : minimumIdle.....................10
2025-01-31T12:48:08.029+10:00 DEBUG 78126 --- [RecordsManagement] [restartedMain] com.zaxxer.hikari.HikariConfig           : password........................<masked>
2025-01-31T12:48:08.029+10:00 DEBUG 78126 --- [RecordsManagement] [restartedMain] com.zaxxer.hikari.HikariConfig           : poolName........................"HikariPool-1"
2025-01-31T12:48:08.029+10:00 DEBUG 78126 --- [RecordsManagement] [restartedMain] com.zaxxer.hikari.HikariConfig           : readOnly........................false
2025-01-31T12:48:08.033+10:00 DEBUG 78126 --- [RecordsManagement] [restartedMain] com.zaxxer.hikari.HikariConfig           : registerMbeans..................false
2025-01-31T12:48:08.033+10:00 DEBUG 78126 --- [RecordsManagement] [restartedMain] com.zaxxer.hikari.HikariConfig           : scheduledExecutor...............none
2025-01-31T12:48:08.033+10:00 DEBUG 78126 --- [RecordsManagement] [restartedMain] com.zaxxer.hikari.HikariConfig           : schema..........................none
2025-01-31T12:48:08.033+10:00 DEBUG 78126 --- [RecordsManagement] [restartedMain] com.zaxxer.hikari.HikariConfig           : threadFactory...................internal
2025-01-31T12:48:08.035+10:00 DEBUG 78126 --- [RecordsManagement] [restartedMain] com.zaxxer.hikari.HikariConfig           : transactionIsolation............default
2025-01-31T12:48:08.035+10:00 DEBUG 78126 --- [RecordsManagement] [restartedMain] com.zaxxer.hikari.HikariConfig           : username........................"sa"
2025-01-31T12:48:08.035+10:00 DEBUG 78126 --- [RecordsManagement] [restartedMain] com.zaxxer.hikari.HikariConfig           : validationTimeout...............5000
2025-01-31T12:48:09.248+10:00  WARN 78126 --- [RecordsManagement] [restartedMain] JpaBaseConfiguration$JpaWebConfiguration : spring.jpa.open-in-view is enabled by default. Therefore, database queries may be performed during view rendering. Explicitly configure spring.jpa.open-in-view to disable this warning
2025-01-31T12:48:16.608+10:00  INFO 78126 --- [RecordsManagement] [http-nio-8080-exec-1] o.s.web.servlet.DispatcherServlet        : Initializing Servlet 'dispatcherServlet'
2025-01-31T12:48:16.615+10:00  INFO 78126 --- [RecordsManagement] [http-nio-8080-exec-1] o.s.web.servlet.DispatcherServlet        : Completed initialization in 1 ms
2025-01-31T12:48:16.702+10:00  INFO 78126 --- [RecordsManagement] [http-nio-8080-exec-1] c.m.r.controller.DashboardController     : getDashboard(...)
2025-01-31T12:48:16.702+10:00  INFO 78126 --- [RecordsManagement] [http-nio-8080-exec-1] c.m.r.controller.DashboardController     : getDashboard(...) - optionalUser is Present
2025-01-31T12:48:19.362+10:00  INFO 78126 --- [RecordsManagement] [http-nio-8080-exec-6] c.m.r.controller.StudentController       : getStudentsByPersonId(...)
2025-01-31T12:48:19.362+10:00  INFO 78126 --- [RecordsManagement] [http-nio-8080-exec-5] c.m.r.controller.PersonController        : getPersonDetails(...)
2025-01-31T12:48:19.365+10:00 DEBUG 78126 --- [RecordsManagement] [http-nio-8080-exec-5] o.s.jdbc.datasource.DataSourceUtils      : Setting JDBC Connection [HikariProxyConnection@690615413 wrapping conn0: url=jdbc:h2:mem:records-management user=SA] read-only
2025-01-31T12:48:19.369+10:00 DEBUG 78126 --- [RecordsManagement] [http-nio-8080-exec-5] o.s.jdbc.datasource.DataSourceUtils      : Resetting read-only flag of JDBC Connection [HikariProxyConnection@690615413 wrapping conn0: url=jdbc:h2:mem:records-management user=SA]
2025-01-31T12:48:25.109+10:00  INFO 78126 --- [RecordsManagement] [http-nio-8080-exec-7] c.m.r.controller.PersonController        : viewPersonFullDetails(...) - Loading full details view for person ID: 1
2025-01-31T12:48:25.109+10:00 DEBUG 78126 --- [RecordsManagement] [http-nio-8080-exec-7] o.s.jdbc.datasource.DataSourceUtils      : Setting JDBC Connection [HikariProxyConnection@1903393210 wrapping conn0: url=jdbc:h2:mem:records-management user=SA] read-only
2025-01-31T12:48:25.111+10:00 DEBUG 78126 --- [RecordsManagement] [http-nio-8080-exec-7] o.s.jdbc.datasource.DataSourceUtils      : Resetting read-only flag of JDBC Connection [HikariProxyConnection@1903393210 wrapping conn0: url=jdbc:h2:mem:records-management user=SA]
2025-01-31T12:49:11.392+10:00  INFO 78126 --- [RecordsManagement] [http-nio-8080-exec-9] c.m.r.controller.PersonController        : Saving email for personId: 1, emailId: null
2025-01-31T12:49:11.393+10:00 DEBUG 78126 --- [RecordsManagement] [http-nio-8080-exec-9] o.s.jdbc.datasource.DataSourceUtils      : Setting JDBC Connection [HikariProxyConnection@149223190 wrapping conn0: url=jdbc:h2:mem:records-management user=SA] read-only
2025-01-31T12:49:11.394+10:00 DEBUG 78126 --- [RecordsManagement] [http-nio-8080-exec-9] o.s.jdbc.datasource.DataSourceUtils      : Resetting read-only flag of JDBC Connection [HikariProxyConnection@149223190 wrapping conn0: url=jdbc:h2:mem:records-management user=SA]
