2025-02-02T21:44:43.088+10:00 DEBUG 49456 --- [RecordsManagement] [restartedMain] com.zaxxer.hikari.HikariConfig           : Driver class org.h2.Driver found in Thread context class loader org.springframework.boot.devtools.restart.classloader.RestartClassLoader@68da7f3f
2025-02-02T21:44:43.363+10:00 DEBUG 49456 --- [RecordsManagement] [restartedMain] com.zaxxer.hikari.HikariConfig           : HikariPool-1 - configuration:
2025-02-02T21:44:43.367+10:00 DEBUG 49456 --- [RecordsManagement] [restartedMain] com.zaxxer.hikari.HikariConfig           : allowPoolSuspension.............false
2025-02-02T21:44:43.367+10:00 DEBUG 49456 --- [RecordsManagement] [restartedMain] com.zaxxer.hikari.HikariConfig           : autoCommit......................true
2025-02-02T21:44:43.367+10:00 DEBUG 49456 --- [RecordsManagement] [restartedMain] com.zaxxer.hikari.HikariConfig           : catalog.........................none
2025-02-02T21:44:43.368+10:00 DEBUG 49456 --- [RecordsManagement] [restartedMain] com.zaxxer.hikari.HikariConfig           : connectionInitSql...............none
2025-02-02T21:44:43.368+10:00 DEBUG 49456 --- [RecordsManagement] [restartedMain] com.zaxxer.hikari.HikariConfig           : connectionTestQuery.............none
2025-02-02T21:44:43.369+10:00 DEBUG 49456 --- [RecordsManagement] [restartedMain] com.zaxxer.hikari.HikariConfig           : connectionTimeout...............30000
2025-02-02T21:44:43.369+10:00 DEBUG 49456 --- [RecordsManagement] [restartedMain] com.zaxxer.hikari.HikariConfig           : dataSource......................none
2025-02-02T21:44:43.369+10:00 DEBUG 49456 --- [RecordsManagement] [restartedMain] com.zaxxer.hikari.HikariConfig           : dataSourceClassName.............none
2025-02-02T21:44:43.369+10:00 DEBUG 49456 --- [RecordsManagement] [restartedMain] com.zaxxer.hikari.HikariConfig           : dataSourceJNDI..................none
2025-02-02T21:44:43.371+10:00 DEBUG 49456 --- [RecordsManagement] [restartedMain] com.zaxxer.hikari.HikariConfig           : dataSourceProperties............{password=<masked>}
2025-02-02T21:44:43.372+10:00 DEBUG 49456 --- [RecordsManagement] [restartedMain] com.zaxxer.hikari.HikariConfig           : driverClassName................."org.h2.Driver"
2025-02-02T21:44:43.372+10:00 DEBUG 49456 --- [RecordsManagement] [restartedMain] com.zaxxer.hikari.HikariConfig           : exceptionOverrideClassName......none
2025-02-02T21:44:43.372+10:00 DEBUG 49456 --- [RecordsManagement] [restartedMain] com.zaxxer.hikari.HikariConfig           : healthCheckProperties...........{}
2025-02-02T21:44:43.374+10:00 DEBUG 49456 --- [RecordsManagement] [restartedMain] com.zaxxer.hikari.HikariConfig           : healthCheckRegistry.............none
2025-02-02T21:44:43.374+10:00 DEBUG 49456 --- [RecordsManagement] [restartedMain] com.zaxxer.hikari.HikariConfig           : idleTimeout.....................600000
2025-02-02T21:44:43.374+10:00 DEBUG 49456 --- [RecordsManagement] [restartedMain] com.zaxxer.hikari.HikariConfig           : initializationFailTimeout.......1
2025-02-02T21:44:43.375+10:00 DEBUG 49456 --- [RecordsManagement] [restartedMain] com.zaxxer.hikari.HikariConfig           : isolateInternalQueries..........false
2025-02-02T21:44:43.378+10:00 DEBUG 49456 --- [RecordsManagement] [restartedMain] com.zaxxer.hikari.HikariConfig           : jdbcUrl.........................jdbc:h2:mem:records-management
2025-02-02T21:44:43.378+10:00 DEBUG 49456 --- [RecordsManagement] [restartedMain] com.zaxxer.hikari.HikariConfig           : keepaliveTime...................0
2025-02-02T21:44:43.378+10:00 DEBUG 49456 --- [RecordsManagement] [restartedMain] com.zaxxer.hikari.HikariConfig           : leakDetectionThreshold..........0
2025-02-02T21:44:43.378+10:00 DEBUG 49456 --- [RecordsManagement] [restartedMain] com.zaxxer.hikari.HikariConfig           : maxLifetime.....................1800000
2025-02-02T21:44:43.380+10:00 DEBUG 49456 --- [RecordsManagement] [restartedMain] com.zaxxer.hikari.HikariConfig           : maximumPoolSize.................10
2025-02-02T21:44:43.380+10:00 DEBUG 49456 --- [RecordsManagement] [restartedMain] com.zaxxer.hikari.HikariConfig           : metricRegistry..................none
2025-02-02T21:44:43.380+10:00 DEBUG 49456 --- [RecordsManagement] [restartedMain] com.zaxxer.hikari.HikariConfig           : metricsTrackerFactory...........none
2025-02-02T21:44:43.381+10:00 DEBUG 49456 --- [RecordsManagement] [restartedMain] com.zaxxer.hikari.HikariConfig           : minimumIdle.....................10
2025-02-02T21:44:43.382+10:00 DEBUG 49456 --- [RecordsManagement] [restartedMain] com.zaxxer.hikari.HikariConfig           : password........................<masked>
2025-02-02T21:44:43.382+10:00 DEBUG 49456 --- [RecordsManagement] [restartedMain] com.zaxxer.hikari.HikariConfig           : poolName........................"HikariPool-1"
2025-02-02T21:44:43.382+10:00 DEBUG 49456 --- [RecordsManagement] [restartedMain] com.zaxxer.hikari.HikariConfig           : readOnly........................false
2025-02-02T21:44:43.383+10:00 DEBUG 49456 --- [RecordsManagement] [restartedMain] com.zaxxer.hikari.HikariConfig           : registerMbeans..................false
2025-02-02T21:44:43.384+10:00 DEBUG 49456 --- [RecordsManagement] [restartedMain] com.zaxxer.hikari.HikariConfig           : scheduledExecutor...............none
2025-02-02T21:44:43.385+10:00 DEBUG 49456 --- [RecordsManagement] [restartedMain] com.zaxxer.hikari.HikariConfig           : schema..........................none
2025-02-02T21:44:43.385+10:00 DEBUG 49456 --- [RecordsManagement] [restartedMain] com.zaxxer.hikari.HikariConfig           : threadFactory...................internal
2025-02-02T21:44:43.385+10:00 DEBUG 49456 --- [RecordsManagement] [restartedMain] com.zaxxer.hikari.HikariConfig           : transactionIsolation............default
2025-02-02T21:44:43.387+10:00 DEBUG 49456 --- [RecordsManagement] [restartedMain] com.zaxxer.hikari.HikariConfig           : username........................"sa"
2025-02-02T21:44:43.387+10:00 DEBUG 49456 --- [RecordsManagement] [restartedMain] com.zaxxer.hikari.HikariConfig           : validationTimeout...............5000
2025-02-02T21:44:44.605+10:00  WARN 49456 --- [RecordsManagement] [restartedMain] JpaBaseConfiguration$JpaWebConfiguration : spring.jpa.open-in-view is enabled by default. Therefore, database queries may be performed during view rendering. Explicitly configure spring.jpa.open-in-view to disable this warning
2025-02-02T21:45:06.207+10:00  INFO 49456 --- [RecordsManagement] [http-nio-8080-exec-1] o.s.web.servlet.DispatcherServlet        : Initializing Servlet 'dispatcherServlet'
2025-02-02T21:45:06.208+10:00  INFO 49456 --- [RecordsManagement] [http-nio-8080-exec-1] o.s.web.servlet.DispatcherServlet        : Completed initialization in 1 ms
2025-02-02T21:45:21.024+10:00  INFO 49456 --- [RecordsManagement] [http-nio-8080-exec-3] c.m.r.controller.DashboardController     : getDashboard(...)
2025-02-02T21:45:21.024+10:00  INFO 49456 --- [RecordsManagement] [http-nio-8080-exec-3] c.m.r.controller.DashboardController     : getDashboard(...) - optionalUser is Present
2025-02-02T21:45:28.376+10:00  INFO 49456 --- [RecordsManagement] [http-nio-8080-exec-8] c.m.r.controller.PersonController        : viewPersonFullDetails(...) - Loading full details view for person ID: 1
2025-02-02T21:45:28.378+10:00 DEBUG 49456 --- [RecordsManagement] [http-nio-8080-exec-8] o.s.jdbc.datasource.DataSourceUtils      : Setting JDBC Connection [HikariProxyConnection@1804933873 wrapping conn0: url=jdbc:h2:mem:records-management user=SA] read-only
2025-02-02T21:45:28.382+10:00 DEBUG 49456 --- [RecordsManagement] [http-nio-8080-exec-8] o.s.jdbc.datasource.DataSourceUtils      : Resetting read-only flag of JDBC Connection [HikariProxyConnection@1804933873 wrapping conn0: url=jdbc:h2:mem:records-management user=SA]
2025-02-02T21:45:32.342+10:00  INFO 49456 --- [RecordsManagement] [http-nio-8080-exec-9] c.m.r.controller.DashboardController     : getDashboard(...)
2025-02-02T21:45:32.342+10:00  INFO 49456 --- [RecordsManagement] [http-nio-8080-exec-9] c.m.r.controller.DashboardController     : getDashboard(...) - optionalUser is Present
2025-02-02T21:45:32.896+10:00  INFO 49456 --- [RecordsManagement] [http-nio-8080-exec-10] c.m.r.controller.PersonController        : getPersonDetails(...)
2025-02-02T21:45:32.896+10:00 DEBUG 49456 --- [RecordsManagement] [http-nio-8080-exec-10] o.s.jdbc.datasource.DataSourceUtils      : Setting JDBC Connection [HikariProxyConnection@1917918481 wrapping conn0: url=jdbc:h2:mem:records-management user=SA] read-only
2025-02-02T21:45:32.897+10:00 DEBUG 49456 --- [RecordsManagement] [http-nio-8080-exec-10] o.s.jdbc.datasource.DataSourceUtils      : Resetting read-only flag of JDBC Connection [HikariProxyConnection@1917918481 wrapping conn0: url=jdbc:h2:mem:records-management user=SA]
2025-02-02T21:45:33.395+10:00  INFO 49456 --- [RecordsManagement] [http-nio-8080-exec-1] c.m.r.controller.StudentController       : getStudentsByPersonId(...)
2025-02-02T21:45:35.761+10:00  INFO 49456 --- [RecordsManagement] [http-nio-8080-exec-2] c.m.r.controller.PersonController        : viewPersonFullDetails(...) - Loading full details view for person ID: 1
2025-02-02T21:45:35.761+10:00 DEBUG 49456 --- [RecordsManagement] [http-nio-8080-exec-2] o.s.jdbc.datasource.DataSourceUtils      : Setting JDBC Connection [HikariProxyConnection@1114796394 wrapping conn0: url=jdbc:h2:mem:records-management user=SA] read-only
2025-02-02T21:45:35.762+10:00 DEBUG 49456 --- [RecordsManagement] [http-nio-8080-exec-2] o.s.jdbc.datasource.DataSourceUtils      : Resetting read-only flag of JDBC Connection [HikariProxyConnection@1114796394 wrapping conn0: url=jdbc:h2:mem:records-management user=SA]
2025-02-02T21:45:37.457+10:00  INFO 49456 --- [RecordsManagement] [http-nio-8080-exec-3] c.m.r.controller.PersonController        : editPersonFullDetails(...) - Loading full details view for person ID: 1
2025-02-02T21:45:37.458+10:00 DEBUG 49456 --- [RecordsManagement] [http-nio-8080-exec-3] o.s.jdbc.datasource.DataSourceUtils      : Setting JDBC Connection [HikariProxyConnection@1052121410 wrapping conn0: url=jdbc:h2:mem:records-management user=SA] read-only
2025-02-02T21:45:37.459+10:00 DEBUG 49456 --- [RecordsManagement] [http-nio-8080-exec-3] o.s.jdbc.datasource.DataSourceUtils      : Resetting read-only flag of JDBC Connection [HikariProxyConnection@1052121410 wrapping conn0: url=jdbc:h2:mem:records-management user=SA]
2025-02-02T21:45:41.076+10:00  INFO 49456 --- [RecordsManagement] [http-nio-8080-exec-5] c.m.r.controller.PersonController        : updatePersonFullDetails(...) - Updating details for person ID: 1
2025-02-02T21:45:41.076+10:00 DEBUG 49456 --- [RecordsManagement] [http-nio-8080-exec-5] o.s.jdbc.datasource.DataSourceUtils      : Setting JDBC Connection [HikariProxyConnection@945709376 wrapping conn0: url=jdbc:h2:mem:records-management user=SA] read-only
2025-02-02T21:45:41.078+10:00 DEBUG 49456 --- [RecordsManagement] [http-nio-8080-exec-5] o.s.jdbc.datasource.DataSourceUtils      : Resetting read-only flag of JDBC Connection [HikariProxyConnection@945709376 wrapping conn0: url=jdbc:h2:mem:records-management user=SA]
2025-02-02T21:45:41.079+10:00 DEBUG 49456 --- [RecordsManagement] [http-nio-8080-exec-5] o.s.jdbc.datasource.DataSourceUtils      : Setting JDBC Connection [HikariProxyConnection@945709376 wrapping conn0: url=jdbc:h2:mem:records-management user=SA] read-only
2025-02-02T21:45:41.105+10:00 DEBUG 49456 --- [RecordsManagement] [http-nio-8080-exec-5] o.s.jdbc.datasource.DataSourceUtils      : Resetting read-only flag of JDBC Connection [HikariProxyConnection@945709376 wrapping conn0: url=jdbc:h2:mem:records-management user=SA]
2025-02-02T21:45:43.422+10:00  INFO 49456 --- [RecordsManagement] [http-nio-8080-exec-8] c.m.r.controller.PersonController        : hx-trigger id edit-email-1
2025-02-02T21:45:43.423+10:00 DEBUG 49456 --- [RecordsManagement] [http-nio-8080-exec-8] o.s.jdbc.datasource.DataSourceUtils      : Setting JDBC Connection [HikariProxyConnection@1898266961 wrapping conn0: url=jdbc:h2:mem:records-management user=SA] read-only
2025-02-02T21:45:43.424+10:00 DEBUG 49456 --- [RecordsManagement] [http-nio-8080-exec-8] o.s.jdbc.datasource.DataSourceUtils      : Resetting read-only flag of JDBC Connection [HikariProxyConnection@1898266961 wrapping conn0: url=jdbc:h2:mem:records-management user=SA]
2025-02-02T21:45:45.370+10:00  INFO 49456 --- [RecordsManagement] [http-nio-8080-exec-9] c.m.r.controller.PersonController        : Updating email for personId: 1, emailId: 1
2025-02-02T21:45:45.370+10:00  INFO 49456 --- [RecordsManagement] [http-nio-8080-exec-9] c.m.r.controller.PersonController        : email address = john.jacobs.work@mail.com
2025-02-02T21:45:45.370+10:00 DEBUG 49456 --- [RecordsManagement] [http-nio-8080-exec-9] o.s.jdbc.datasource.DataSourceUtils      : Setting JDBC Connection [HikariProxyConnection@303377725 wrapping conn0: url=jdbc:h2:mem:records-management user=SA] read-only
2025-02-02T21:45:45.372+10:00 DEBUG 49456 --- [RecordsManagement] [http-nio-8080-exec-9] o.s.jdbc.datasource.DataSourceUtils      : Resetting read-only flag of JDBC Connection [HikariProxyConnection@303377725 wrapping conn0: url=jdbc:h2:mem:records-management user=SA]
2025-02-02T21:45:51.029+10:00  INFO 49456 --- [RecordsManagement] [http-nio-8080-exec-4] c.m.r.controller.PersonController        : deleteEmail(...) - emailId 1
2025-02-02T21:45:51.036+10:00  INFO 49456 --- [RecordsManagement] [http-nio-8080-exec-4] c.m.r.controller.PersonController        : completed call to delete email
2025-02-02T21:46:00.027+10:00  INFO 49456 --- [RecordsManagement] [http-nio-8080-exec-6] c.m.r.controller.PersonController        : Saving email for personId: 1, emailId: null
2025-02-02T21:46:00.027+10:00 DEBUG 49456 --- [RecordsManagement] [http-nio-8080-exec-6] o.s.jdbc.datasource.DataSourceUtils      : Setting JDBC Connection [HikariProxyConnection@628801897 wrapping conn0: url=jdbc:h2:mem:records-management user=SA] read-only
2025-02-02T21:46:00.028+10:00 DEBUG 49456 --- [RecordsManagement] [http-nio-8080-exec-6] o.s.jdbc.datasource.DataSourceUtils      : Resetting read-only flag of JDBC Connection [HikariProxyConnection@628801897 wrapping conn0: url=jdbc:h2:mem:records-management user=SA]
2025-02-02T21:46:04.575+10:00 DEBUG 49456 --- [RecordsManagement] [http-nio-8080-exec-10] o.s.jdbc.datasource.DataSourceUtils      : Setting JDBC Connection [HikariProxyConnection@911852947 wrapping conn0: url=jdbc:h2:mem:records-management user=SA] read-only
2025-02-02T21:46:04.577+10:00 DEBUG 49456 --- [RecordsManagement] [http-nio-8080-exec-10] o.s.jdbc.datasource.DataSourceUtils      : Resetting read-only flag of JDBC Connection [HikariProxyConnection@911852947 wrapping conn0: url=jdbc:h2:mem:records-management user=SA]
2025-02-02T21:46:08.514+10:00  INFO 49456 --- [RecordsManagement] [http-nio-8080-exec-1] c.m.r.controller.PersonController        : Saving phone for personId: 1, phoneId: 1
2025-02-02T21:46:08.514+10:00 DEBUG 49456 --- [RecordsManagement] [http-nio-8080-exec-1] o.s.jdbc.datasource.DataSourceUtils      : Setting JDBC Connection [HikariProxyConnection@426360955 wrapping conn0: url=jdbc:h2:mem:records-management user=SA] read-only
2025-02-02T21:46:08.515+10:00 DEBUG 49456 --- [RecordsManagement] [http-nio-8080-exec-1] o.s.jdbc.datasource.DataSourceUtils      : Resetting read-only flag of JDBC Connection [HikariProxyConnection@426360955 wrapping conn0: url=jdbc:h2:mem:records-management user=SA]
2025-02-02T21:46:08.525+10:00  INFO 49456 --- [RecordsManagement] [http-nio-8080-exec-2] c.m.r.controller.PersonController        : viewPersonFullDetails(...) - Loading full details view for person ID: 1
2025-02-02T21:46:08.525+10:00 DEBUG 49456 --- [RecordsManagement] [http-nio-8080-exec-2] o.s.jdbc.datasource.DataSourceUtils      : Setting JDBC Connection [HikariProxyConnection@179781363 wrapping conn0: url=jdbc:h2:mem:records-management user=SA] read-only
2025-02-02T21:46:08.526+10:00 DEBUG 49456 --- [RecordsManagement] [http-nio-8080-exec-2] o.s.jdbc.datasource.DataSourceUtils      : Resetting read-only flag of JDBC Connection [HikariProxyConnection@179781363 wrapping conn0: url=jdbc:h2:mem:records-management user=SA]
2025-02-02T21:46:12.935+10:00  INFO 49456 --- [RecordsManagement] [http-nio-8080-exec-5] c.m.r.controller.PersonController        : viewPersonFullDetails(...) - Loading full details view for person ID: 1
2025-02-02T21:46:12.936+10:00 DEBUG 49456 --- [RecordsManagement] [http-nio-8080-exec-5] o.s.jdbc.datasource.DataSourceUtils      : Setting JDBC Connection [HikariProxyConnection@904046484 wrapping conn0: url=jdbc:h2:mem:records-management user=SA] read-only
2025-02-02T21:46:12.937+10:00 DEBUG 49456 --- [RecordsManagement] [http-nio-8080-exec-5] o.s.jdbc.datasource.DataSourceUtils      : Resetting read-only flag of JDBC Connection [HikariProxyConnection@904046484 wrapping conn0: url=jdbc:h2:mem:records-management user=SA]
2025-02-02T21:46:25.657+10:00  INFO 49456 --- [RecordsManagement] [http-nio-8080-exec-5] c.m.r.controller.PersonController        : Saving phone for personId: 1, phoneId: null
2025-02-02T21:46:25.658+10:00 DEBUG 49456 --- [RecordsManagement] [http-nio-8080-exec-5] o.s.jdbc.datasource.DataSourceUtils      : Setting JDBC Connection [HikariProxyConnection@194568343 wrapping conn0: url=jdbc:h2:mem:records-management user=SA] read-only
2025-02-02T21:46:25.659+10:00 DEBUG 49456 --- [RecordsManagement] [http-nio-8080-exec-5] o.s.jdbc.datasource.DataSourceUtils      : Resetting read-only flag of JDBC Connection [HikariProxyConnection@194568343 wrapping conn0: url=jdbc:h2:mem:records-management user=SA]
2025-02-02T21:46:25.664+10:00  INFO 49456 --- [RecordsManagement] [http-nio-8080-exec-8] c.m.r.controller.PersonController        : viewPersonFullDetails(...) - Loading full details view for person ID: 1
2025-02-02T21:46:25.665+10:00 DEBUG 49456 --- [RecordsManagement] [http-nio-8080-exec-8] o.s.jdbc.datasource.DataSourceUtils      : Setting JDBC Connection [HikariProxyConnection@1838901327 wrapping conn0: url=jdbc:h2:mem:records-management user=SA] read-only
2025-02-02T21:46:25.665+10:00 DEBUG 49456 --- [RecordsManagement] [http-nio-8080-exec-8] o.s.jdbc.datasource.DataSourceUtils      : Resetting read-only flag of JDBC Connection [HikariProxyConnection@1838901327 wrapping conn0: url=jdbc:h2:mem:records-management user=SA]
2025-02-02T21:46:28.332+10:00  INFO 49456 --- [RecordsManagement] [http-nio-8080-exec-6] c.m.r.controller.PersonController        : viewPersonFullDetails(...) - Loading full details view for person ID: 1
2025-02-02T21:46:28.332+10:00 DEBUG 49456 --- [RecordsManagement] [http-nio-8080-exec-6] o.s.jdbc.datasource.DataSourceUtils      : Setting JDBC Connection [HikariProxyConnection@2018674097 wrapping conn0: url=jdbc:h2:mem:records-management user=SA] read-only
2025-02-02T21:46:28.333+10:00 DEBUG 49456 --- [RecordsManagement] [http-nio-8080-exec-6] o.s.jdbc.datasource.DataSourceUtils      : Resetting read-only flag of JDBC Connection [HikariProxyConnection@2018674097 wrapping conn0: url=jdbc:h2:mem:records-management user=SA]
2025-02-02T21:48:33.452+10:00  INFO 49456 --- [RecordsManagement] [http-nio-8080-exec-9] c.m.r.controller.DashboardController     : getDashboard(...)
2025-02-02T21:48:33.452+10:00  INFO 49456 --- [RecordsManagement] [http-nio-8080-exec-9] c.m.r.controller.DashboardController     : getDashboard(...) - optionalUser is Present
2025-02-02T21:48:34.009+10:00  INFO 49456 --- [RecordsManagement] [http-nio-8080-exec-3] c.m.r.controller.PersonController        : getPersonDetails(...)
2025-02-02T21:48:34.009+10:00 DEBUG 49456 --- [RecordsManagement] [http-nio-8080-exec-3] o.s.jdbc.datasource.DataSourceUtils      : Setting JDBC Connection [HikariProxyConnection@1349071403 wrapping conn0: url=jdbc:h2:mem:records-management user=SA] read-only
2025-02-02T21:48:34.011+10:00 DEBUG 49456 --- [RecordsManagement] [http-nio-8080-exec-3] o.s.jdbc.datasource.DataSourceUtils      : Resetting read-only flag of JDBC Connection [HikariProxyConnection@1349071403 wrapping conn0: url=jdbc:h2:mem:records-management user=SA]
2025-02-02T21:48:34.510+10:00  INFO 49456 --- [RecordsManagement] [http-nio-8080-exec-5] c.m.r.controller.StudentController       : getStudentsByPersonId(...)
2025-02-02T22:19:31.022+10:00  WARN 49456 --- [RecordsManagement] [SpringApplicationShutdownHook] o.s.b.f.support.DisposableBeanAdapter    : Invocation of destroy method failed on bean with name 'inMemoryDatabaseShutdownExecutor': org.h2.jdbc.JdbcSQLNonTransientConnectionException: Database is already closed (to disable automatic closing at VM shutdown, add ";DB_CLOSE_ON_EXIT=FALSE" to the db URL) [90121-224]
