2025-02-03T21:38:02.871+10:00 DEBUG 23422 --- [RecordsManagement] [restartedMain] com.zaxxer.hikari.HikariConfig           : Driver class org.h2.Driver found in Thread context class loader org.springframework.boot.devtools.restart.classloader.RestartClassLoader@49cf4520
2025-02-03T21:38:03.176+10:00 DEBUG 23422 --- [RecordsManagement] [restartedMain] com.zaxxer.hikari.HikariConfig           : HikariPool-1 - configuration:
2025-02-03T21:38:03.179+10:00 DEBUG 23422 --- [RecordsManagement] [restartedMain] com.zaxxer.hikari.HikariConfig           : allowPoolSuspension.............false
2025-02-03T21:38:03.180+10:00 DEBUG 23422 --- [RecordsManagement] [restartedMain] com.zaxxer.hikari.HikariConfig           : autoCommit......................true
2025-02-03T21:38:03.180+10:00 DEBUG 23422 --- [RecordsManagement] [restartedMain] com.zaxxer.hikari.HikariConfig           : catalog.........................none
2025-02-03T21:38:03.180+10:00 DEBUG 23422 --- [RecordsManagement] [restartedMain] com.zaxxer.hikari.HikariConfig           : connectionInitSql...............none
2025-02-03T21:38:03.180+10:00 DEBUG 23422 --- [RecordsManagement] [restartedMain] com.zaxxer.hikari.HikariConfig           : connectionTestQuery.............none
2025-02-03T21:38:03.181+10:00 DEBUG 23422 --- [RecordsManagement] [restartedMain] com.zaxxer.hikari.HikariConfig           : connectionTimeout...............30000
2025-02-03T21:38:03.182+10:00 DEBUG 23422 --- [RecordsManagement] [restartedMain] com.zaxxer.hikari.HikariConfig           : dataSource......................none
2025-02-03T21:38:03.182+10:00 DEBUG 23422 --- [RecordsManagement] [restartedMain] com.zaxxer.hikari.HikariConfig           : dataSourceClassName.............none
2025-02-03T21:38:03.182+10:00 DEBUG 23422 --- [RecordsManagement] [restartedMain] com.zaxxer.hikari.HikariConfig           : dataSourceJNDI..................none
2025-02-03T21:38:03.186+10:00 DEBUG 23422 --- [RecordsManagement] [restartedMain] com.zaxxer.hikari.HikariConfig           : dataSourceProperties............{password=<masked>}
2025-02-03T21:38:03.186+10:00 DEBUG 23422 --- [RecordsManagement] [restartedMain] com.zaxxer.hikari.HikariConfig           : driverClassName................."org.h2.Driver"
2025-02-03T21:38:03.187+10:00 DEBUG 23422 --- [RecordsManagement] [restartedMain] com.zaxxer.hikari.HikariConfig           : exceptionOverrideClassName......none
2025-02-03T21:38:03.187+10:00 DEBUG 23422 --- [RecordsManagement] [restartedMain] com.zaxxer.hikari.HikariConfig           : healthCheckProperties...........{}
2025-02-03T21:38:03.189+10:00 DEBUG 23422 --- [RecordsManagement] [restartedMain] com.zaxxer.hikari.HikariConfig           : healthCheckRegistry.............none
2025-02-03T21:38:03.190+10:00 DEBUG 23422 --- [RecordsManagement] [restartedMain] com.zaxxer.hikari.HikariConfig           : idleTimeout.....................600000
2025-02-03T21:38:03.190+10:00 DEBUG 23422 --- [RecordsManagement] [restartedMain] com.zaxxer.hikari.HikariConfig           : initializationFailTimeout.......1
2025-02-03T21:38:03.190+10:00 DEBUG 23422 --- [RecordsManagement] [restartedMain] com.zaxxer.hikari.HikariConfig           : isolateInternalQueries..........false
2025-02-03T21:38:03.192+10:00 DEBUG 23422 --- [RecordsManagement] [restartedMain] com.zaxxer.hikari.HikariConfig           : jdbcUrl.........................jdbc:h2:mem:records-management
2025-02-03T21:38:03.193+10:00 DEBUG 23422 --- [RecordsManagement] [restartedMain] com.zaxxer.hikari.HikariConfig           : keepaliveTime...................0
2025-02-03T21:38:03.193+10:00 DEBUG 23422 --- [RecordsManagement] [restartedMain] com.zaxxer.hikari.HikariConfig           : leakDetectionThreshold..........0
2025-02-03T21:38:03.193+10:00 DEBUG 23422 --- [RecordsManagement] [restartedMain] com.zaxxer.hikari.HikariConfig           : maxLifetime.....................1800000
2025-02-03T21:38:03.195+10:00 DEBUG 23422 --- [RecordsManagement] [restartedMain] com.zaxxer.hikari.HikariConfig           : maximumPoolSize.................10
2025-02-03T21:38:03.196+10:00 DEBUG 23422 --- [RecordsManagement] [restartedMain] com.zaxxer.hikari.HikariConfig           : metricRegistry..................none
2025-02-03T21:38:03.196+10:00 DEBUG 23422 --- [RecordsManagement] [restartedMain] com.zaxxer.hikari.HikariConfig           : metricsTrackerFactory...........none
2025-02-03T21:38:03.196+10:00 DEBUG 23422 --- [RecordsManagement] [restartedMain] com.zaxxer.hikari.HikariConfig           : minimumIdle.....................10
2025-02-03T21:38:03.199+10:00 DEBUG 23422 --- [RecordsManagement] [restartedMain] com.zaxxer.hikari.HikariConfig           : password........................<masked>
2025-02-03T21:38:03.199+10:00 DEBUG 23422 --- [RecordsManagement] [restartedMain] com.zaxxer.hikari.HikariConfig           : poolName........................"HikariPool-1"
2025-02-03T21:38:03.199+10:00 DEBUG 23422 --- [RecordsManagement] [restartedMain] com.zaxxer.hikari.HikariConfig           : readOnly........................false
2025-02-03T21:38:03.200+10:00 DEBUG 23422 --- [RecordsManagement] [restartedMain] com.zaxxer.hikari.HikariConfig           : registerMbeans..................false
2025-02-03T21:38:03.202+10:00 DEBUG 23422 --- [RecordsManagement] [restartedMain] com.zaxxer.hikari.HikariConfig           : scheduledExecutor...............none
2025-02-03T21:38:03.202+10:00 DEBUG 23422 --- [RecordsManagement] [restartedMain] com.zaxxer.hikari.HikariConfig           : schema..........................none
2025-02-03T21:38:03.203+10:00 DEBUG 23422 --- [RecordsManagement] [restartedMain] com.zaxxer.hikari.HikariConfig           : threadFactory...................internal
2025-02-03T21:38:03.203+10:00 DEBUG 23422 --- [RecordsManagement] [restartedMain] com.zaxxer.hikari.HikariConfig           : transactionIsolation............default
2025-02-03T21:38:03.207+10:00 DEBUG 23422 --- [RecordsManagement] [restartedMain] com.zaxxer.hikari.HikariConfig           : username........................"sa"
2025-02-03T21:38:03.208+10:00 DEBUG 23422 --- [RecordsManagement] [restartedMain] com.zaxxer.hikari.HikariConfig           : validationTimeout...............5000
2025-02-03T21:38:04.448+10:00  WARN 23422 --- [RecordsManagement] [restartedMain] JpaBaseConfiguration$JpaWebConfiguration : spring.jpa.open-in-view is enabled by default. Therefore, database queries may be performed during view rendering. Explicitly configure spring.jpa.open-in-view to disable this warning
2025-02-03T21:38:13.355+10:00  INFO 23422 --- [RecordsManagement] [http-nio-8080-exec-1] o.s.web.servlet.DispatcherServlet        : Initializing Servlet 'dispatcherServlet'
2025-02-03T21:38:13.356+10:00  INFO 23422 --- [RecordsManagement] [http-nio-8080-exec-1] o.s.web.servlet.DispatcherServlet        : Completed initialization in 1 ms
2025-02-03T21:38:31.058+10:00  INFO 23422 --- [RecordsManagement] [http-nio-8080-exec-8] c.m.r.controller.DashboardController     : getDashboard(...)
2025-02-03T21:38:31.058+10:00  INFO 23422 --- [RecordsManagement] [http-nio-8080-exec-8] c.m.r.controller.DashboardController     : getDashboard(...) - optionalUser is Present
2025-02-03T21:38:31.633+10:00  INFO 23422 --- [RecordsManagement] [http-nio-8080-exec-3] c.m.r.controller.PersonController        : getPersonDetails(...)
2025-02-03T21:38:31.637+10:00 DEBUG 23422 --- [RecordsManagement] [http-nio-8080-exec-3] o.s.jdbc.datasource.DataSourceUtils      : Setting JDBC Connection [HikariProxyConnection@1984396077 wrapping conn0: url=jdbc:h2:mem:records-management user=SA] read-only
2025-02-03T21:38:31.640+10:00 DEBUG 23422 --- [RecordsManagement] [http-nio-8080-exec-3] o.s.jdbc.datasource.DataSourceUtils      : Resetting read-only flag of JDBC Connection [HikariProxyConnection@1984396077 wrapping conn0: url=jdbc:h2:mem:records-management user=SA]
2025-02-03T21:38:32.131+10:00  INFO 23422 --- [RecordsManagement] [http-nio-8080-exec-5] c.m.r.controller.StudentController       : getStudentsByPersonId(...)
2025-02-03T21:38:37.584+10:00  INFO 23422 --- [RecordsManagement] [http-nio-8080-exec-1] c.m.r.controller.DashboardController     : getDashboard(...)
2025-02-03T21:38:37.584+10:00  INFO 23422 --- [RecordsManagement] [http-nio-8080-exec-1] c.m.r.controller.DashboardController     : getDashboard(...) - optionalUser is Present
2025-02-03T21:38:38.139+10:00  INFO 23422 --- [RecordsManagement] [http-nio-8080-exec-6] c.m.r.controller.PersonController        : getPersonDetails(...)
2025-02-03T21:38:38.139+10:00 DEBUG 23422 --- [RecordsManagement] [http-nio-8080-exec-6] o.s.jdbc.datasource.DataSourceUtils      : Setting JDBC Connection [HikariProxyConnection@784473933 wrapping conn0: url=jdbc:h2:mem:records-management user=SA] read-only
2025-02-03T21:38:38.141+10:00 DEBUG 23422 --- [RecordsManagement] [http-nio-8080-exec-6] o.s.jdbc.datasource.DataSourceUtils      : Resetting read-only flag of JDBC Connection [HikariProxyConnection@784473933 wrapping conn0: url=jdbc:h2:mem:records-management user=SA]
2025-02-03T21:38:38.639+10:00  INFO 23422 --- [RecordsManagement] [http-nio-8080-exec-7] c.m.r.controller.StudentController       : getStudentsByPersonId(...)
2025-02-03T21:38:42.507+10:00  INFO 23422 --- [RecordsManagement] [http-nio-8080-exec-8] c.m.r.controller.PersonController        : viewPersonFullDetails(...) - Loading full details view for person ID: 1
2025-02-03T21:38:42.507+10:00 DEBUG 23422 --- [RecordsManagement] [http-nio-8080-exec-8] o.s.jdbc.datasource.DataSourceUtils      : Setting JDBC Connection [HikariProxyConnection@1131618272 wrapping conn0: url=jdbc:h2:mem:records-management user=SA] read-only
2025-02-03T21:38:42.508+10:00 DEBUG 23422 --- [RecordsManagement] [http-nio-8080-exec-8] o.s.jdbc.datasource.DataSourceUtils      : Resetting read-only flag of JDBC Connection [HikariProxyConnection@1131618272 wrapping conn0: url=jdbc:h2:mem:records-management user=SA]
2025-02-03T21:38:44.459+10:00  INFO 23422 --- [RecordsManagement] [http-nio-8080-exec-10] c.m.r.controller.PersonController        : editPersonFullDetails(...) - Loading full details view for person ID: 1
2025-02-03T21:38:44.459+10:00 DEBUG 23422 --- [RecordsManagement] [http-nio-8080-exec-10] o.s.jdbc.datasource.DataSourceUtils      : Setting JDBC Connection [HikariProxyConnection@1713335035 wrapping conn0: url=jdbc:h2:mem:records-management user=SA] read-only
2025-02-03T21:38:44.460+10:00 DEBUG 23422 --- [RecordsManagement] [http-nio-8080-exec-10] o.s.jdbc.datasource.DataSourceUtils      : Resetting read-only flag of JDBC Connection [HikariProxyConnection@1713335035 wrapping conn0: url=jdbc:h2:mem:records-management user=SA]
2025-02-03T21:38:48.138+10:00  INFO 23422 --- [RecordsManagement] [http-nio-8080-exec-1] c.m.r.controller.PersonController        : updatePersonFullDetails(...) - Updating details for person ID: 1
2025-02-03T21:38:48.138+10:00 DEBUG 23422 --- [RecordsManagement] [http-nio-8080-exec-1] o.s.jdbc.datasource.DataSourceUtils      : Setting JDBC Connection [HikariProxyConnection@1444479538 wrapping conn0: url=jdbc:h2:mem:records-management user=SA] read-only
2025-02-03T21:38:48.139+10:00 DEBUG 23422 --- [RecordsManagement] [http-nio-8080-exec-1] o.s.jdbc.datasource.DataSourceUtils      : Resetting read-only flag of JDBC Connection [HikariProxyConnection@1444479538 wrapping conn0: url=jdbc:h2:mem:records-management user=SA]
2025-02-03T21:38:48.141+10:00 DEBUG 23422 --- [RecordsManagement] [http-nio-8080-exec-1] o.s.jdbc.datasource.DataSourceUtils      : Setting JDBC Connection [HikariProxyConnection@1444479538 wrapping conn0: url=jdbc:h2:mem:records-management user=SA] read-only
2025-02-03T21:38:48.141+10:00 DEBUG 23422 --- [RecordsManagement] [http-nio-8080-exec-1] o.s.jdbc.datasource.DataSourceUtils      : Resetting read-only flag of JDBC Connection [HikariProxyConnection@1444479538 wrapping conn0: url=jdbc:h2:mem:records-management user=SA]
2025-02-03T21:38:56.460+10:00  INFO 23422 --- [RecordsManagement] [http-nio-8080-exec-2] c.m.r.controller.PersonController        : Saving email for personId: 1, emailId: null
2025-02-03T21:38:56.460+10:00 DEBUG 23422 --- [RecordsManagement] [http-nio-8080-exec-2] o.s.jdbc.datasource.DataSourceUtils      : Setting JDBC Connection [HikariProxyConnection@2096083324 wrapping conn0: url=jdbc:h2:mem:records-management user=SA] read-only
2025-02-03T21:38:56.461+10:00 DEBUG 23422 --- [RecordsManagement] [http-nio-8080-exec-2] o.s.jdbc.datasource.DataSourceUtils      : Resetting read-only flag of JDBC Connection [HikariProxyConnection@2096083324 wrapping conn0: url=jdbc:h2:mem:records-management user=SA]
2025-02-03T21:39:01.657+10:00  INFO 23422 --- [RecordsManagement] [http-nio-8080-exec-9] c.m.r.controller.PersonController        : deleteEmail(...) - emailId 1
2025-02-03T21:39:01.664+10:00  INFO 23422 --- [RecordsManagement] [http-nio-8080-exec-9] c.m.r.controller.PersonController        : completed call to delete email
2025-02-03T21:39:02.553+10:00  INFO 23422 --- [RecordsManagement] [http-nio-8080-exec-4] c.m.r.controller.PersonController        : hx-trigger id edit-email-3
2025-02-03T21:39:02.554+10:00 DEBUG 23422 --- [RecordsManagement] [http-nio-8080-exec-4] o.s.jdbc.datasource.DataSourceUtils      : Setting JDBC Connection [HikariProxyConnection@1743929811 wrapping conn0: url=jdbc:h2:mem:records-management user=SA] read-only
2025-02-03T21:39:02.555+10:00 DEBUG 23422 --- [RecordsManagement] [http-nio-8080-exec-4] o.s.jdbc.datasource.DataSourceUtils      : Resetting read-only flag of JDBC Connection [HikariProxyConnection@1743929811 wrapping conn0: url=jdbc:h2:mem:records-management user=SA]
2025-02-03T21:39:03.905+10:00  INFO 23422 --- [RecordsManagement] [http-nio-8080-exec-5] c.m.r.controller.PersonController        : Updating email for personId: 1, emailId: 3
2025-02-03T21:39:03.906+10:00  INFO 23422 --- [RecordsManagement] [http-nio-8080-exec-5] c.m.r.controller.PersonController        : email address = jp@email.com
2025-02-03T21:39:03.906+10:00 DEBUG 23422 --- [RecordsManagement] [http-nio-8080-exec-5] o.s.jdbc.datasource.DataSourceUtils      : Setting JDBC Connection [HikariProxyConnection@1826710820 wrapping conn0: url=jdbc:h2:mem:records-management user=SA] read-only
2025-02-03T21:39:03.907+10:00 DEBUG 23422 --- [RecordsManagement] [http-nio-8080-exec-5] o.s.jdbc.datasource.DataSourceUtils      : Resetting read-only flag of JDBC Connection [HikariProxyConnection@1826710820 wrapping conn0: url=jdbc:h2:mem:records-management user=SA]
2025-02-03T21:39:03.919+10:00  INFO 23422 --- [RecordsManagement] [http-nio-8080-exec-5] c.m.r.controller.PersonController        : emailExists = true
2025-02-03T21:39:13.002+10:00  INFO 23422 --- [RecordsManagement] [http-nio-8080-exec-6] c.m.r.controller.PersonController        : Updating email for personId: 1, emailId: 3
2025-02-03T21:39:13.002+10:00  INFO 23422 --- [RecordsManagement] [http-nio-8080-exec-6] c.m.r.controller.PersonController        : email address = jp@email2.com
2025-02-03T21:39:13.003+10:00 DEBUG 23422 --- [RecordsManagement] [http-nio-8080-exec-6] o.s.jdbc.datasource.DataSourceUtils      : Setting JDBC Connection [HikariProxyConnection@1678346469 wrapping conn0: url=jdbc:h2:mem:records-management user=SA] read-only
2025-02-03T21:39:13.004+10:00 DEBUG 23422 --- [RecordsManagement] [http-nio-8080-exec-6] o.s.jdbc.datasource.DataSourceUtils      : Resetting read-only flag of JDBC Connection [HikariProxyConnection@1678346469 wrapping conn0: url=jdbc:h2:mem:records-management user=SA]
2025-02-03T21:39:19.268+10:00  INFO 23422 --- [RecordsManagement] [http-nio-8080-exec-8] c.m.r.controller.PersonController        : Saving phone for personId: 1, phoneId: null
2025-02-03T21:39:19.269+10:00 DEBUG 23422 --- [RecordsManagement] [http-nio-8080-exec-8] o.s.jdbc.datasource.DataSourceUtils      : Setting JDBC Connection [HikariProxyConnection@455511728 wrapping conn0: url=jdbc:h2:mem:records-management user=SA] read-only
2025-02-03T21:39:19.270+10:00 DEBUG 23422 --- [RecordsManagement] [http-nio-8080-exec-8] o.s.jdbc.datasource.DataSourceUtils      : Resetting read-only flag of JDBC Connection [HikariProxyConnection@455511728 wrapping conn0: url=jdbc:h2:mem:records-management user=SA]
2025-02-03T21:39:19.270+10:00  INFO 23422 --- [RecordsManagement] [http-nio-8080-exec-8] c.m.r.controller.PersonController        : Phone number is blank
2025-02-03T21:39:25.981+10:00  INFO 23422 --- [RecordsManagement] [http-nio-8080-exec-10] c.m.r.controller.PersonController        : Saving phone for personId: 1, phoneId: null
2025-02-03T21:39:25.982+10:00 DEBUG 23422 --- [RecordsManagement] [http-nio-8080-exec-10] o.s.jdbc.datasource.DataSourceUtils      : Setting JDBC Connection [HikariProxyConnection@105492932 wrapping conn0: url=jdbc:h2:mem:records-management user=SA] read-only
2025-02-03T21:39:25.983+10:00 DEBUG 23422 --- [RecordsManagement] [http-nio-8080-exec-10] o.s.jdbc.datasource.DataSourceUtils      : Resetting read-only flag of JDBC Connection [HikariProxyConnection@105492932 wrapping conn0: url=jdbc:h2:mem:records-management user=SA]
2025-02-03T21:39:39.834+10:00  INFO 23422 --- [RecordsManagement] [http-nio-8080-exec-4] c.m.r.controller.PersonController        : Saving phone for personId: 1, phoneId: null
2025-02-03T21:39:39.834+10:00 DEBUG 23422 --- [RecordsManagement] [http-nio-8080-exec-4] o.s.jdbc.datasource.DataSourceUtils      : Setting JDBC Connection [HikariProxyConnection@1339446177 wrapping conn0: url=jdbc:h2:mem:records-management user=SA] read-only
2025-02-03T21:39:39.835+10:00 DEBUG 23422 --- [RecordsManagement] [http-nio-8080-exec-4] o.s.jdbc.datasource.DataSourceUtils      : Resetting read-only flag of JDBC Connection [HikariProxyConnection@1339446177 wrapping conn0: url=jdbc:h2:mem:records-management user=SA]
2025-02-03T21:39:45.860+10:00 DEBUG 23422 --- [RecordsManagement] [http-nio-8080-exec-5] o.s.jdbc.datasource.DataSourceUtils      : Setting JDBC Connection [HikariProxyConnection@212781602 wrapping conn0: url=jdbc:h2:mem:records-management user=SA] read-only
2025-02-03T21:39:45.862+10:00 DEBUG 23422 --- [RecordsManagement] [http-nio-8080-exec-5] o.s.jdbc.datasource.DataSourceUtils      : Resetting read-only flag of JDBC Connection [HikariProxyConnection@212781602 wrapping conn0: url=jdbc:h2:mem:records-management user=SA]
2025-02-03T21:39:47.626+10:00  INFO 23422 --- [RecordsManagement] [http-nio-8080-exec-6] c.m.r.controller.PersonController        : Saving phone for personId: 1, phoneId: 4
2025-02-03T21:39:47.626+10:00 DEBUG 23422 --- [RecordsManagement] [http-nio-8080-exec-6] o.s.jdbc.datasource.DataSourceUtils      : Setting JDBC Connection [HikariProxyConnection@1547837203 wrapping conn0: url=jdbc:h2:mem:records-management user=SA] read-only
2025-02-03T21:39:47.627+10:00 DEBUG 23422 --- [RecordsManagement] [http-nio-8080-exec-6] o.s.jdbc.datasource.DataSourceUtils      : Resetting read-only flag of JDBC Connection [HikariProxyConnection@1547837203 wrapping conn0: url=jdbc:h2:mem:records-management user=SA]
2025-02-03T21:39:47.629+10:00  INFO 23422 --- [RecordsManagement] [http-nio-8080-exec-6] c.m.r.controller.PersonController        : Duplicate phone number detected
2025-02-03T21:39:54.159+10:00  INFO 23422 --- [RecordsManagement] [http-nio-8080-exec-7] c.m.r.controller.PersonController        : Saving phone for personId: 1, phoneId: 4
2025-02-03T21:39:54.159+10:00 DEBUG 23422 --- [RecordsManagement] [http-nio-8080-exec-7] o.s.jdbc.datasource.DataSourceUtils      : Setting JDBC Connection [HikariProxyConnection@216455501 wrapping conn0: url=jdbc:h2:mem:records-management user=SA] read-only
2025-02-03T21:39:54.160+10:00 DEBUG 23422 --- [RecordsManagement] [http-nio-8080-exec-7] o.s.jdbc.datasource.DataSourceUtils      : Resetting read-only flag of JDBC Connection [HikariProxyConnection@216455501 wrapping conn0: url=jdbc:h2:mem:records-management user=SA]
2025-02-03T21:39:54.161+10:00  INFO 23422 --- [RecordsManagement] [http-nio-8080-exec-7] c.m.r.controller.PersonController        : Duplicate phone number detected
2025-02-03T21:39:56.078+10:00  INFO 23422 --- [RecordsManagement] [http-nio-8080-exec-8] c.m.r.controller.PersonController        : viewPersonFullDetails(...) - Loading full details view for person ID: 1
2025-02-03T21:39:56.078+10:00 DEBUG 23422 --- [RecordsManagement] [http-nio-8080-exec-8] o.s.jdbc.datasource.DataSourceUtils      : Setting JDBC Connection [HikariProxyConnection@501026791 wrapping conn0: url=jdbc:h2:mem:records-management user=SA] read-only
2025-02-03T21:39:56.079+10:00 DEBUG 23422 --- [RecordsManagement] [http-nio-8080-exec-8] o.s.jdbc.datasource.DataSourceUtils      : Resetting read-only flag of JDBC Connection [HikariProxyConnection@501026791 wrapping conn0: url=jdbc:h2:mem:records-management user=SA]
2025-02-03T21:40:08.841+10:00  INFO 23422 --- [RecordsManagement] [http-nio-8080-exec-1] c.m.r.controller.PersonController        : viewPersonFullDetails(...) - Loading full details view for person ID: 1
2025-02-03T21:40:08.841+10:00 DEBUG 23422 --- [RecordsManagement] [http-nio-8080-exec-1] o.s.jdbc.datasource.DataSourceUtils      : Setting JDBC Connection [HikariProxyConnection@1815644929 wrapping conn0: url=jdbc:h2:mem:records-management user=SA] read-only
2025-02-03T21:40:08.842+10:00 DEBUG 23422 --- [RecordsManagement] [http-nio-8080-exec-1] o.s.jdbc.datasource.DataSourceUtils      : Resetting read-only flag of JDBC Connection [HikariProxyConnection@1815644929 wrapping conn0: url=jdbc:h2:mem:records-management user=SA]
2025-02-03T21:40:44.287+10:00  INFO 23422 --- [RecordsManagement] [http-nio-8080-exec-2] c.m.r.controller.PersonController        : viewPersonFullDetails(...) - Loading full details view for person ID: 1
2025-02-03T21:40:44.288+10:00 DEBUG 23422 --- [RecordsManagement] [http-nio-8080-exec-2] o.s.jdbc.datasource.DataSourceUtils      : Setting JDBC Connection [HikariProxyConnection@1357858888 wrapping conn0: url=jdbc:h2:mem:records-management user=SA] read-only
2025-02-03T21:40:44.289+10:00 DEBUG 23422 --- [RecordsManagement] [http-nio-8080-exec-2] o.s.jdbc.datasource.DataSourceUtils      : Resetting read-only flag of JDBC Connection [HikariProxyConnection@1357858888 wrapping conn0: url=jdbc:h2:mem:records-management user=SA]
2025-02-03T21:43:05.189+10:00  WARN 23422 --- [RecordsManagement] [SpringApplicationShutdownHook] o.s.b.f.support.DisposableBeanAdapter    : Invocation of destroy method failed on bean with name 'inMemoryDatabaseShutdownExecutor': org.h2.jdbc.JdbcSQLNonTransientConnectionException: Database is already closed (to disable automatic closing at VM shutdown, add ";DB_CLOSE_ON_EXIT=FALSE" to the db URL) [90121-224]
2025-02-03T21:43:12.079+10:00 DEBUG 23705 --- [RecordsManagement] [restartedMain] com.zaxxer.hikari.HikariConfig           : Driver class org.h2.Driver found in Thread context class loader org.springframework.boot.devtools.restart.classloader.RestartClassLoader@49cf4520
2025-02-03T21:43:12.357+10:00 DEBUG 23705 --- [RecordsManagement] [restartedMain] com.zaxxer.hikari.HikariConfig           : HikariPool-1 - configuration:
2025-02-03T21:43:12.362+10:00 DEBUG 23705 --- [RecordsManagement] [restartedMain] com.zaxxer.hikari.HikariConfig           : allowPoolSuspension.............false
2025-02-03T21:43:12.362+10:00 DEBUG 23705 --- [RecordsManagement] [restartedMain] com.zaxxer.hikari.HikariConfig           : autoCommit......................true
2025-02-03T21:43:12.362+10:00 DEBUG 23705 --- [RecordsManagement] [restartedMain] com.zaxxer.hikari.HikariConfig           : catalog.........................none
2025-02-03T21:43:12.363+10:00 DEBUG 23705 --- [RecordsManagement] [restartedMain] com.zaxxer.hikari.HikariConfig           : connectionInitSql...............none
2025-02-03T21:43:12.363+10:00 DEBUG 23705 --- [RecordsManagement] [restartedMain] com.zaxxer.hikari.HikariConfig           : connectionTestQuery.............none
2025-02-03T21:43:12.364+10:00 DEBUG 23705 --- [RecordsManagement] [restartedMain] com.zaxxer.hikari.HikariConfig           : connectionTimeout...............30000
2025-02-03T21:43:12.364+10:00 DEBUG 23705 --- [RecordsManagement] [restartedMain] com.zaxxer.hikari.HikariConfig           : dataSource......................none
2025-02-03T21:43:12.364+10:00 DEBUG 23705 --- [RecordsManagement] [restartedMain] com.zaxxer.hikari.HikariConfig           : dataSourceClassName.............none
2025-02-03T21:43:12.364+10:00 DEBUG 23705 --- [RecordsManagement] [restartedMain] com.zaxxer.hikari.HikariConfig           : dataSourceJNDI..................none
2025-02-03T21:43:12.366+10:00 DEBUG 23705 --- [RecordsManagement] [restartedMain] com.zaxxer.hikari.HikariConfig           : dataSourceProperties............{password=<masked>}
2025-02-03T21:43:12.366+10:00 DEBUG 23705 --- [RecordsManagement] [restartedMain] com.zaxxer.hikari.HikariConfig           : driverClassName................."org.h2.Driver"
2025-02-03T21:43:12.366+10:00 DEBUG 23705 --- [RecordsManagement] [restartedMain] com.zaxxer.hikari.HikariConfig           : exceptionOverrideClassName......none
2025-02-03T21:43:12.366+10:00 DEBUG 23705 --- [RecordsManagement] [restartedMain] com.zaxxer.hikari.HikariConfig           : healthCheckProperties...........{}
2025-02-03T21:43:12.368+10:00 DEBUG 23705 --- [RecordsManagement] [restartedMain] com.zaxxer.hikari.HikariConfig           : healthCheckRegistry.............none
2025-02-03T21:43:12.368+10:00 DEBUG 23705 --- [RecordsManagement] [restartedMain] com.zaxxer.hikari.HikariConfig           : idleTimeout.....................600000
2025-02-03T21:43:12.368+10:00 DEBUG 23705 --- [RecordsManagement] [restartedMain] com.zaxxer.hikari.HikariConfig           : initializationFailTimeout.......1
2025-02-03T21:43:12.368+10:00 DEBUG 23705 --- [RecordsManagement] [restartedMain] com.zaxxer.hikari.HikariConfig           : isolateInternalQueries..........false
2025-02-03T21:43:12.370+10:00 DEBUG 23705 --- [RecordsManagement] [restartedMain] com.zaxxer.hikari.HikariConfig           : jdbcUrl.........................jdbc:h2:mem:records-management
2025-02-03T21:43:12.370+10:00 DEBUG 23705 --- [RecordsManagement] [restartedMain] com.zaxxer.hikari.HikariConfig           : keepaliveTime...................0
2025-02-03T21:43:12.370+10:00 DEBUG 23705 --- [RecordsManagement] [restartedMain] com.zaxxer.hikari.HikariConfig           : leakDetectionThreshold..........0
2025-02-03T21:43:12.370+10:00 DEBUG 23705 --- [RecordsManagement] [restartedMain] com.zaxxer.hikari.HikariConfig           : maxLifetime.....................1800000
2025-02-03T21:43:12.372+10:00 DEBUG 23705 --- [RecordsManagement] [restartedMain] com.zaxxer.hikari.HikariConfig           : maximumPoolSize.................10
2025-02-03T21:43:12.372+10:00 DEBUG 23705 --- [RecordsManagement] [restartedMain] com.zaxxer.hikari.HikariConfig           : metricRegistry..................none
2025-02-03T21:43:12.373+10:00 DEBUG 23705 --- [RecordsManagement] [restartedMain] com.zaxxer.hikari.HikariConfig           : metricsTrackerFactory...........none
2025-02-03T21:43:12.373+10:00 DEBUG 23705 --- [RecordsManagement] [restartedMain] com.zaxxer.hikari.HikariConfig           : minimumIdle.....................10
2025-02-03T21:43:12.375+10:00 DEBUG 23705 --- [RecordsManagement] [restartedMain] com.zaxxer.hikari.HikariConfig           : password........................<masked>
2025-02-03T21:43:12.375+10:00 DEBUG 23705 --- [RecordsManagement] [restartedMain] com.zaxxer.hikari.HikariConfig           : poolName........................"HikariPool-1"
2025-02-03T21:43:12.375+10:00 DEBUG 23705 --- [RecordsManagement] [restartedMain] com.zaxxer.hikari.HikariConfig           : readOnly........................false
2025-02-03T21:43:12.375+10:00 DEBUG 23705 --- [RecordsManagement] [restartedMain] com.zaxxer.hikari.HikariConfig           : registerMbeans..................false
2025-02-03T21:43:12.377+10:00 DEBUG 23705 --- [RecordsManagement] [restartedMain] com.zaxxer.hikari.HikariConfig           : scheduledExecutor...............none
2025-02-03T21:43:12.377+10:00 DEBUG 23705 --- [RecordsManagement] [restartedMain] com.zaxxer.hikari.HikariConfig           : schema..........................none
2025-02-03T21:43:12.378+10:00 DEBUG 23705 --- [RecordsManagement] [restartedMain] com.zaxxer.hikari.HikariConfig           : threadFactory...................internal
2025-02-03T21:43:12.378+10:00 DEBUG 23705 --- [RecordsManagement] [restartedMain] com.zaxxer.hikari.HikariConfig           : transactionIsolation............default
2025-02-03T21:43:12.381+10:00 DEBUG 23705 --- [RecordsManagement] [restartedMain] com.zaxxer.hikari.HikariConfig           : username........................"sa"
2025-02-03T21:43:12.381+10:00 DEBUG 23705 --- [RecordsManagement] [restartedMain] com.zaxxer.hikari.HikariConfig           : validationTimeout...............5000
2025-02-03T21:43:13.531+10:00  WARN 23705 --- [RecordsManagement] [restartedMain] JpaBaseConfiguration$JpaWebConfiguration : spring.jpa.open-in-view is enabled by default. Therefore, database queries may be performed during view rendering. Explicitly configure spring.jpa.open-in-view to disable this warning
2025-02-03T21:45:42.404+10:00  INFO 23705 --- [RecordsManagement] [http-nio-8080-exec-1] o.s.web.servlet.DispatcherServlet        : Initializing Servlet 'dispatcherServlet'
2025-02-03T21:45:42.405+10:00  INFO 23705 --- [RecordsManagement] [http-nio-8080-exec-1] o.s.web.servlet.DispatcherServlet        : Completed initialization in 1 ms
2025-02-03T21:45:42.497+10:00  INFO 23705 --- [RecordsManagement] [http-nio-8080-exec-1] c.m.r.controller.DashboardController     : getDashboard(...)
2025-02-03T21:45:42.497+10:00  INFO 23705 --- [RecordsManagement] [http-nio-8080-exec-1] c.m.r.controller.DashboardController     : getDashboard(...) - optionalUser is Present
2025-02-03T21:45:45.133+10:00  INFO 23705 --- [RecordsManagement] [http-nio-8080-exec-2] c.m.r.controller.PersonController        : viewPersonFullDetails(...) - Loading full details view for person ID: 1
2025-02-03T21:45:45.136+10:00 DEBUG 23705 --- [RecordsManagement] [http-nio-8080-exec-2] o.s.jdbc.datasource.DataSourceUtils      : Setting JDBC Connection [HikariProxyConnection@1885996226 wrapping conn0: url=jdbc:h2:mem:records-management user=SA] read-only
2025-02-03T21:45:45.141+10:00 DEBUG 23705 --- [RecordsManagement] [http-nio-8080-exec-2] o.s.jdbc.datasource.DataSourceUtils      : Resetting read-only flag of JDBC Connection [HikariProxyConnection@1885996226 wrapping conn0: url=jdbc:h2:mem:records-management user=SA]
2025-02-03T21:45:49.320+10:00  INFO 23705 --- [RecordsManagement] [http-nio-8080-exec-6] c.m.r.controller.PersonController        : viewPersonFullDetails(...) - Loading full details view for person ID: 1
2025-02-03T21:45:49.320+10:00 DEBUG 23705 --- [RecordsManagement] [http-nio-8080-exec-6] o.s.jdbc.datasource.DataSourceUtils      : Setting JDBC Connection [HikariProxyConnection@278484931 wrapping conn0: url=jdbc:h2:mem:records-management user=SA] read-only
2025-02-03T21:45:49.322+10:00 DEBUG 23705 --- [RecordsManagement] [http-nio-8080-exec-6] o.s.jdbc.datasource.DataSourceUtils      : Resetting read-only flag of JDBC Connection [HikariProxyConnection@278484931 wrapping conn0: url=jdbc:h2:mem:records-management user=SA]
2025-02-03T21:45:59.075+10:00  INFO 23705 --- [RecordsManagement] [http-nio-8080-exec-3] c.m.r.controller.PersonController        : Saving phone for personId: 1, phoneId: null
2025-02-03T21:45:59.076+10:00 DEBUG 23705 --- [RecordsManagement] [http-nio-8080-exec-3] o.s.jdbc.datasource.DataSourceUtils      : Setting JDBC Connection [HikariProxyConnection@632886382 wrapping conn0: url=jdbc:h2:mem:records-management user=SA] read-only
2025-02-03T21:45:59.077+10:00 DEBUG 23705 --- [RecordsManagement] [http-nio-8080-exec-3] o.s.jdbc.datasource.DataSourceUtils      : Resetting read-only flag of JDBC Connection [HikariProxyConnection@632886382 wrapping conn0: url=jdbc:h2:mem:records-management user=SA]
2025-02-03T21:46:02.394+10:00  INFO 23705 --- [RecordsManagement] [http-nio-8080-exec-9] c.m.r.controller.PersonController        : viewPersonFullDetails(...) - Loading full details view for person ID: 1
2025-02-03T21:46:02.394+10:00 DEBUG 23705 --- [RecordsManagement] [http-nio-8080-exec-9] o.s.jdbc.datasource.DataSourceUtils      : Setting JDBC Connection [HikariProxyConnection@103341462 wrapping conn0: url=jdbc:h2:mem:records-management user=SA] read-only
2025-02-03T21:46:02.395+10:00 DEBUG 23705 --- [RecordsManagement] [http-nio-8080-exec-9] o.s.jdbc.datasource.DataSourceUtils      : Resetting read-only flag of JDBC Connection [HikariProxyConnection@103341462 wrapping conn0: url=jdbc:h2:mem:records-management user=SA]
2025-02-03T21:46:07.927+10:00  INFO 23705 --- [RecordsManagement] [http-nio-8080-exec-5] c.m.r.controller.PersonController        : viewPersonFullDetails(...) - Loading full details view for person ID: 1
2025-02-03T21:46:07.927+10:00 DEBUG 23705 --- [RecordsManagement] [http-nio-8080-exec-5] o.s.jdbc.datasource.DataSourceUtils      : Setting JDBC Connection [HikariProxyConnection@532987087 wrapping conn0: url=jdbc:h2:mem:records-management user=SA] read-only
2025-02-03T21:46:07.929+10:00 DEBUG 23705 --- [RecordsManagement] [http-nio-8080-exec-5] o.s.jdbc.datasource.DataSourceUtils      : Resetting read-only flag of JDBC Connection [HikariProxyConnection@532987087 wrapping conn0: url=jdbc:h2:mem:records-management user=SA]
2025-02-03T22:03:11.513+10:00  WARN 23705 --- [RecordsManagement] [SpringApplicationShutdownHook] o.s.b.f.support.DisposableBeanAdapter    : Invocation of destroy method failed on bean with name 'inMemoryDatabaseShutdownExecutor': org.h2.jdbc.JdbcSQLNonTransientConnectionException: Database is already closed (to disable automatic closing at VM shutdown, add ";DB_CLOSE_ON_EXIT=FALSE" to the db URL) [90121-224]
